[0.212s] DEBUG:colcon:Command line arguments: ['/usr/bin/colcon', 'build']
[0.212s] DEBUG:colcon:Parsed command line arguments: Namespace(allow_overriding=[], ament_cmake_args=None, base_paths=['.'], build_base='build', catkin_cmake_args=None, catkin_skip_building_tests=False, cmake_args=None, cmake_clean_cache=False, cmake_clean_first=False, cmake_force_configure=False, cmake_target=None, cmake_target_skip_unavailable=False, continue_on_error=False, event_handlers=None, executor='parallel', ignore_user_meta=False, install_base='install', log_base=None, log_level=None, main=<bound method BuildVerb.main of <colcon_core.verb.build.BuildVerb object at 0x7f54044341c0>>, merge_install=False, metas=['./colcon.meta'], mixin=None, mixin_files=None, mixin_verb=('build',), packages_above=None, packages_above_and_dependencies=None, packages_above_depth=None, packages_end=None, packages_ignore=None, packages_ignore_regex=None, packages_select=None, packages_select_build_failed=False, packages_select_by_dep=None, packages_select_regex=None, packages_select_test_failures=False, packages_skip=None, packages_skip_build_finished=False, packages_skip_by_dep=None, packages_skip_regex=None, packages_skip_test_passed=False, packages_skip_up_to=None, packages_start=None, packages_up_to=None, packages_up_to_regex=None, parallel_workers=16, paths=None, symlink_install=False, test_result_base=None, verb_extension=<colcon_core.verb.build.BuildVerb object at 0x7f54044341c0>, verb_name='build', verb_parser=<colcon_mixin.mixin.mixin_argument.MixinArgumentDecorator object at 0x7f5404386820>)
[0.321s] Level 1:colcon.colcon_core.package_discovery:discover_packages(colcon_meta) check parameters
[0.321s] Level 1:colcon.colcon_core.package_discovery:discover_packages(recursive) check parameters
[0.321s] Level 1:colcon.colcon_core.package_discovery:discover_packages(ignore) check parameters
[0.321s] Level 1:colcon.colcon_core.package_discovery:discover_packages(path) check parameters
[0.321s] Level 1:colcon.colcon_core.package_discovery:discover_packages(colcon_meta) discover
[0.321s] Level 1:colcon.colcon_core.package_discovery:discover_packages(recursive) discover
[0.321s] INFO:colcon.colcon_core.package_discovery:Crawling recursively for packages in '/root/Projeto_Final'
[0.321s] Level 1:colcon.colcon_core.package_identification:_identify(.) by extensions ['ignore', 'ignore_ament_install']
[0.321s] Level 1:colcon.colcon_core.package_identification:_identify(.) by extension 'ignore'
[0.321s] Level 1:colcon.colcon_core.package_identification:_identify(.) by extension 'ignore_ament_install'
[0.322s] Level 1:colcon.colcon_core.package_identification:_identify(.) by extensions ['colcon_pkg']
[0.322s] Level 1:colcon.colcon_core.package_identification:_identify(.) by extension 'colcon_pkg'
[0.322s] Level 1:colcon.colcon_core.package_identification:_identify(.) by extensions ['colcon_meta']
[0.322s] Level 1:colcon.colcon_core.package_identification:_identify(.) by extension 'colcon_meta'
[0.322s] Level 1:colcon.colcon_core.package_identification:_identify(.) by extensions ['ros']
[0.322s] Level 1:colcon.colcon_core.package_identification:_identify(.) by extension 'ros'
[0.332s] Level 1:colcon.colcon_core.package_identification:_identify(.) by extensions ['cmake', 'python']
[0.332s] Level 1:colcon.colcon_core.package_identification:_identify(.) by extension 'cmake'
[0.332s] Level 1:colcon.colcon_core.package_identification:_identify(.) by extension 'python'
[0.332s] Level 1:colcon.colcon_core.package_identification:_identify(.) by extensions ['python_setup_py']
[0.332s] Level 1:colcon.colcon_core.package_identification:_identify(.) by extension 'python_setup_py'
[0.332s] Level 1:colcon.colcon_core.package_identification:_identify(build) by extensions ['ignore', 'ignore_ament_install']
[0.332s] Level 1:colcon.colcon_core.package_identification:_identify(build) by extension 'ignore'
[0.332s] Level 1:colcon.colcon_core.package_identification:_identify(build) ignored
[0.333s] Level 1:colcon.colcon_core.package_identification:_identify(install) by extensions ['ignore', 'ignore_ament_install']
[0.333s] Level 1:colcon.colcon_core.package_identification:_identify(install) by extension 'ignore'
[0.333s] Level 1:colcon.colcon_core.package_identification:_identify(install) ignored
[0.333s] Level 1:colcon.colcon_core.package_identification:_identify(log) by extensions ['ignore', 'ignore_ament_install']
[0.333s] Level 1:colcon.colcon_core.package_identification:_identify(log) by extension 'ignore'
[0.333s] Level 1:colcon.colcon_core.package_identification:_identify(log) ignored
[0.333s] Level 1:colcon.colcon_core.package_identification:_identify(src) by extensions ['ignore', 'ignore_ament_install']
[0.333s] Level 1:colcon.colcon_core.package_identification:_identify(src) by extension 'ignore'
[0.333s] Level 1:colcon.colcon_core.package_identification:_identify(src) by extension 'ignore_ament_install'
[0.333s] Level 1:colcon.colcon_core.package_identification:_identify(src) by extensions ['colcon_pkg']
[0.333s] Level 1:colcon.colcon_core.package_identification:_identify(src) by extension 'colcon_pkg'
[0.333s] Level 1:colcon.colcon_core.package_identification:_identify(src) by extensions ['colcon_meta']
[0.333s] Level 1:colcon.colcon_core.package_identification:_identify(src) by extension 'colcon_meta'
[0.333s] Level 1:colcon.colcon_core.package_identification:_identify(src) by extensions ['ros']
[0.333s] Level 1:colcon.colcon_core.package_identification:_identify(src) by extension 'ros'
[0.333s] Level 1:colcon.colcon_core.package_identification:_identify(src) by extensions ['cmake', 'python']
[0.333s] Level 1:colcon.colcon_core.package_identification:_identify(src) by extension 'cmake'
[0.333s] Level 1:colcon.colcon_core.package_identification:_identify(src) by extension 'python'
[0.333s] Level 1:colcon.colcon_core.package_identification:_identify(src) by extensions ['python_setup_py']
[0.333s] Level 1:colcon.colcon_core.package_identification:_identify(src) by extension 'python_setup_py'
[0.333s] Level 1:colcon.colcon_core.package_identification:_identify(src/custom_interfaces) by extensions ['ignore', 'ignore_ament_install']
[0.334s] Level 1:colcon.colcon_core.package_identification:_identify(src/custom_interfaces) by extension 'ignore'
[0.334s] Level 1:colcon.colcon_core.package_identification:_identify(src/custom_interfaces) by extension 'ignore_ament_install'
[0.334s] Level 1:colcon.colcon_core.package_identification:_identify(src/custom_interfaces) by extensions ['colcon_pkg']
[0.334s] Level 1:colcon.colcon_core.package_identification:_identify(src/custom_interfaces) by extension 'colcon_pkg'
[0.334s] Level 1:colcon.colcon_core.package_identification:_identify(src/custom_interfaces) by extensions ['colcon_meta']
[0.334s] Level 1:colcon.colcon_core.package_identification:_identify(src/custom_interfaces) by extension 'colcon_meta'
[0.334s] Level 1:colcon.colcon_core.package_identification:_identify(src/custom_interfaces) by extensions ['ros']
[0.334s] Level 1:colcon.colcon_core.package_identification:_identify(src/custom_interfaces) by extension 'ros'
[0.336s] DEBUG:colcon.colcon_core.package_identification:Package 'src/custom_interfaces' with type 'ros.ament_cmake' and name 'custom_interfaces'
[0.336s] Level 1:colcon.colcon_core.package_identification:_identify(src/rm_localization) by extensions ['ignore', 'ignore_ament_install']
[0.337s] Level 1:colcon.colcon_core.package_identification:_identify(src/rm_localization) by extension 'ignore'
[0.337s] Level 1:colcon.colcon_core.package_identification:_identify(src/rm_localization) by extension 'ignore_ament_install'
[0.337s] Level 1:colcon.colcon_core.package_identification:_identify(src/rm_localization) by extensions ['colcon_pkg']
[0.337s] Level 1:colcon.colcon_core.package_identification:_identify(src/rm_localization) by extension 'colcon_pkg'
[0.337s] Level 1:colcon.colcon_core.package_identification:_identify(src/rm_localization) by extensions ['colcon_meta']
[0.337s] Level 1:colcon.colcon_core.package_identification:_identify(src/rm_localization) by extension 'colcon_meta'
[0.337s] Level 1:colcon.colcon_core.package_identification:_identify(src/rm_localization) by extensions ['ros']
[0.337s] Level 1:colcon.colcon_core.package_identification:_identify(src/rm_localization) by extension 'ros'
[0.337s] DEBUG:colcon.colcon_core.package_identification:Package 'src/rm_localization' with type 'ros.ament_cmake' and name 'rm_localization'
[0.337s] Level 1:colcon.colcon_core.package_identification:_identify(src/rm_navigation) by extensions ['ignore', 'ignore_ament_install']
[0.337s] Level 1:colcon.colcon_core.package_identification:_identify(src/rm_navigation) by extension 'ignore'
[0.337s] Level 1:colcon.colcon_core.package_identification:_identify(src/rm_navigation) by extension 'ignore_ament_install'
[0.337s] Level 1:colcon.colcon_core.package_identification:_identify(src/rm_navigation) by extensions ['colcon_pkg']
[0.338s] Level 1:colcon.colcon_core.package_identification:_identify(src/rm_navigation) by extension 'colcon_pkg'
[0.338s] Level 1:colcon.colcon_core.package_identification:_identify(src/rm_navigation) by extensions ['colcon_meta']
[0.338s] Level 1:colcon.colcon_core.package_identification:_identify(src/rm_navigation) by extension 'colcon_meta'
[0.338s] Level 1:colcon.colcon_core.package_identification:_identify(src/rm_navigation) by extensions ['ros']
[0.338s] Level 1:colcon.colcon_core.package_identification:_identify(src/rm_navigation) by extension 'ros'
[0.338s] DEBUG:colcon.colcon_core.package_identification:Package 'src/rm_navigation' with type 'ros.ament_python' and name 'rm_navigation'
[0.338s] Level 1:colcon.colcon_core.package_identification:_identify(src/robot_description) by extensions ['ignore', 'ignore_ament_install']
[0.338s] Level 1:colcon.colcon_core.package_identification:_identify(src/robot_description) by extension 'ignore'
[0.338s] Level 1:colcon.colcon_core.package_identification:_identify(src/robot_description) by extension 'ignore_ament_install'
[0.338s] Level 1:colcon.colcon_core.package_identification:_identify(src/robot_description) by extensions ['colcon_pkg']
[0.338s] Level 1:colcon.colcon_core.package_identification:_identify(src/robot_description) by extension 'colcon_pkg'
[0.338s] Level 1:colcon.colcon_core.package_identification:_identify(src/robot_description) by extensions ['colcon_meta']
[0.338s] Level 1:colcon.colcon_core.package_identification:_identify(src/robot_description) by extension 'colcon_meta'
[0.338s] Level 1:colcon.colcon_core.package_identification:_identify(src/robot_description) by extensions ['ros']
[0.338s] Level 1:colcon.colcon_core.package_identification:_identify(src/robot_description) by extension 'ros'
[0.339s] DEBUG:colcon.colcon_core.package_identification:Package 'src/robot_description' with type 'ros.ament_cmake' and name 'robot_description'
[0.339s] Level 1:colcon.colcon_core.package_identification:_identify(src/waypoint_navigation_pkg) by extensions ['ignore', 'ignore_ament_install']
[0.339s] Level 1:colcon.colcon_core.package_identification:_identify(src/waypoint_navigation_pkg) by extension 'ignore'
[0.339s] Level 1:colcon.colcon_core.package_identification:_identify(src/waypoint_navigation_pkg) by extension 'ignore_ament_install'
[0.339s] Level 1:colcon.colcon_core.package_identification:_identify(src/waypoint_navigation_pkg) by extensions ['colcon_pkg']
[0.339s] Level 1:colcon.colcon_core.package_identification:_identify(src/waypoint_navigation_pkg) by extension 'colcon_pkg'
[0.339s] Level 1:colcon.colcon_core.package_identification:_identify(src/waypoint_navigation_pkg) by extensions ['colcon_meta']
[0.339s] Level 1:colcon.colcon_core.package_identification:_identify(src/waypoint_navigation_pkg) by extension 'colcon_meta'
[0.339s] Level 1:colcon.colcon_core.package_identification:_identify(src/waypoint_navigation_pkg) by extensions ['ros']
[0.339s] Level 1:colcon.colcon_core.package_identification:_identify(src/waypoint_navigation_pkg) by extension 'ros'
[0.340s] DEBUG:colcon.colcon_core.package_identification:Package 'src/waypoint_navigation_pkg' with type 'ros.ament_python' and name 'waypoint_navigation_pkg'
[0.340s] Level 1:colcon.colcon_core.package_discovery:discover_packages(recursive) using defaults
[0.340s] Level 1:colcon.colcon_core.package_discovery:discover_packages(ignore) discover
[0.340s] Level 1:colcon.colcon_core.package_discovery:discover_packages(ignore) using defaults
[0.340s] Level 1:colcon.colcon_core.package_discovery:discover_packages(path) discover
[0.340s] Level 1:colcon.colcon_core.package_discovery:discover_packages(path) using defaults
[0.355s] Level 1:colcon.colcon_core.package_discovery:discover_packages(prefix_path) check parameters
[0.355s] Level 1:colcon.colcon_core.package_discovery:discover_packages(prefix_path) discover
[0.357s] DEBUG:colcon.colcon_installed_package_information.package_discovery:Found 5 installed packages in /root/Projeto_Final/install
[0.358s] DEBUG:colcon.colcon_installed_package_information.package_discovery:Found 375 installed packages in /opt/ros/foxy
[0.371s] Level 1:colcon.colcon_core.package_discovery:discover_packages(prefix_path) using defaults
[0.426s] Level 5:colcon.colcon_core.verb:set package 'custom_interfaces' build argument 'cmake_args' from command line to 'None'
[0.426s] Level 5:colcon.colcon_core.verb:set package 'custom_interfaces' build argument 'cmake_target' from command line to 'None'
[0.426s] Level 5:colcon.colcon_core.verb:set package 'custom_interfaces' build argument 'cmake_target_skip_unavailable' from command line to 'False'
[0.426s] Level 5:colcon.colcon_core.verb:set package 'custom_interfaces' build argument 'cmake_clean_cache' from command line to 'False'
[0.426s] Level 5:colcon.colcon_core.verb:set package 'custom_interfaces' build argument 'cmake_clean_first' from command line to 'False'
[0.426s] Level 5:colcon.colcon_core.verb:set package 'custom_interfaces' build argument 'cmake_force_configure' from command line to 'False'
[0.426s] Level 5:colcon.colcon_core.verb:set package 'custom_interfaces' build argument 'ament_cmake_args' from command line to 'None'
[0.426s] Level 5:colcon.colcon_core.verb:set package 'custom_interfaces' build argument 'catkin_cmake_args' from command line to 'None'
[0.426s] Level 5:colcon.colcon_core.verb:set package 'custom_interfaces' build argument 'catkin_skip_building_tests' from command line to 'False'
[0.426s] DEBUG:colcon.colcon_core.verb:Building package 'custom_interfaces' with the following arguments: {'ament_cmake_args': None, 'build_base': '/root/Projeto_Final/build/custom_interfaces', 'catkin_cmake_args': None, 'catkin_skip_building_tests': False, 'cmake_args': None, 'cmake_clean_cache': False, 'cmake_clean_first': False, 'cmake_force_configure': False, 'cmake_target': None, 'cmake_target_skip_unavailable': False, 'install_base': '/root/Projeto_Final/install/custom_interfaces', 'merge_install': False, 'path': '/root/Projeto_Final/src/custom_interfaces', 'symlink_install': False, 'test_result_base': None}
[0.426s] Level 5:colcon.colcon_core.verb:set package 'rm_localization' build argument 'cmake_args' from command line to 'None'
[0.426s] Level 5:colcon.colcon_core.verb:set package 'rm_localization' build argument 'cmake_target' from command line to 'None'
[0.427s] Level 5:colcon.colcon_core.verb:set package 'rm_localization' build argument 'cmake_target_skip_unavailable' from command line to 'False'
[0.427s] Level 5:colcon.colcon_core.verb:set package 'rm_localization' build argument 'cmake_clean_cache' from command line to 'False'
[0.427s] Level 5:colcon.colcon_core.verb:set package 'rm_localization' build argument 'cmake_clean_first' from command line to 'False'
[0.427s] Level 5:colcon.colcon_core.verb:set package 'rm_localization' build argument 'cmake_force_configure' from command line to 'False'
[0.427s] Level 5:colcon.colcon_core.verb:set package 'rm_localization' build argument 'ament_cmake_args' from command line to 'None'
[0.427s] Level 5:colcon.colcon_core.verb:set package 'rm_localization' build argument 'catkin_cmake_args' from command line to 'None'
[0.427s] Level 5:colcon.colcon_core.verb:set package 'rm_localization' build argument 'catkin_skip_building_tests' from command line to 'False'
[0.427s] DEBUG:colcon.colcon_core.verb:Building package 'rm_localization' with the following arguments: {'ament_cmake_args': None, 'build_base': '/root/Projeto_Final/build/rm_localization', 'catkin_cmake_args': None, 'catkin_skip_building_tests': False, 'cmake_args': None, 'cmake_clean_cache': False, 'cmake_clean_first': False, 'cmake_force_configure': False, 'cmake_target': None, 'cmake_target_skip_unavailable': False, 'install_base': '/root/Projeto_Final/install/rm_localization', 'merge_install': False, 'path': '/root/Projeto_Final/src/rm_localization', 'symlink_install': False, 'test_result_base': None}
[0.427s] Level 5:colcon.colcon_core.verb:set package 'rm_navigation' build argument 'cmake_args' from command line to 'None'
[0.427s] Level 5:colcon.colcon_core.verb:set package 'rm_navigation' build argument 'cmake_target' from command line to 'None'
[0.427s] Level 5:colcon.colcon_core.verb:set package 'rm_navigation' build argument 'cmake_target_skip_unavailable' from command line to 'False'
[0.427s] Level 5:colcon.colcon_core.verb:set package 'rm_navigation' build argument 'cmake_clean_cache' from command line to 'False'
[0.427s] Level 5:colcon.colcon_core.verb:set package 'rm_navigation' build argument 'cmake_clean_first' from command line to 'False'
[0.427s] Level 5:colcon.colcon_core.verb:set package 'rm_navigation' build argument 'cmake_force_configure' from command line to 'False'
[0.427s] Level 5:colcon.colcon_core.verb:set package 'rm_navigation' build argument 'ament_cmake_args' from command line to 'None'
[0.427s] Level 5:colcon.colcon_core.verb:set package 'rm_navigation' build argument 'catkin_cmake_args' from command line to 'None'
[0.427s] Level 5:colcon.colcon_core.verb:set package 'rm_navigation' build argument 'catkin_skip_building_tests' from command line to 'False'
[0.427s] DEBUG:colcon.colcon_core.verb:Building package 'rm_navigation' with the following arguments: {'ament_cmake_args': None, 'build_base': '/root/Projeto_Final/build/rm_navigation', 'catkin_cmake_args': None, 'catkin_skip_building_tests': False, 'cmake_args': None, 'cmake_clean_cache': False, 'cmake_clean_first': False, 'cmake_force_configure': False, 'cmake_target': None, 'cmake_target_skip_unavailable': False, 'install_base': '/root/Projeto_Final/install/rm_navigation', 'merge_install': False, 'path': '/root/Projeto_Final/src/rm_navigation', 'symlink_install': False, 'test_result_base': None}
[0.427s] Level 5:colcon.colcon_core.verb:set package 'robot_description' build argument 'cmake_args' from command line to 'None'
[0.427s] Level 5:colcon.colcon_core.verb:set package 'robot_description' build argument 'cmake_target' from command line to 'None'
[0.427s] Level 5:colcon.colcon_core.verb:set package 'robot_description' build argument 'cmake_target_skip_unavailable' from command line to 'False'
[0.427s] Level 5:colcon.colcon_core.verb:set package 'robot_description' build argument 'cmake_clean_cache' from command line to 'False'
[0.427s] Level 5:colcon.colcon_core.verb:set package 'robot_description' build argument 'cmake_clean_first' from command line to 'False'
[0.427s] Level 5:colcon.colcon_core.verb:set package 'robot_description' build argument 'cmake_force_configure' from command line to 'False'
[0.427s] Level 5:colcon.colcon_core.verb:set package 'robot_description' build argument 'ament_cmake_args' from command line to 'None'
[0.427s] Level 5:colcon.colcon_core.verb:set package 'robot_description' build argument 'catkin_cmake_args' from command line to 'None'
[0.427s] Level 5:colcon.colcon_core.verb:set package 'robot_description' build argument 'catkin_skip_building_tests' from command line to 'False'
[0.428s] DEBUG:colcon.colcon_core.verb:Building package 'robot_description' with the following arguments: {'ament_cmake_args': None, 'build_base': '/root/Projeto_Final/build/robot_description', 'catkin_cmake_args': None, 'catkin_skip_building_tests': False, 'cmake_args': None, 'cmake_clean_cache': False, 'cmake_clean_first': False, 'cmake_force_configure': False, 'cmake_target': None, 'cmake_target_skip_unavailable': False, 'install_base': '/root/Projeto_Final/install/robot_description', 'merge_install': False, 'path': '/root/Projeto_Final/src/robot_description', 'symlink_install': False, 'test_result_base': None}
[0.428s] Level 5:colcon.colcon_core.verb:set package 'waypoint_navigation_pkg' build argument 'cmake_args' from command line to 'None'
[0.428s] Level 5:colcon.colcon_core.verb:set package 'waypoint_navigation_pkg' build argument 'cmake_target' from command line to 'None'
[0.428s] Level 5:colcon.colcon_core.verb:set package 'waypoint_navigation_pkg' build argument 'cmake_target_skip_unavailable' from command line to 'False'
[0.428s] Level 5:colcon.colcon_core.verb:set package 'waypoint_navigation_pkg' build argument 'cmake_clean_cache' from command line to 'False'
[0.428s] Level 5:colcon.colcon_core.verb:set package 'waypoint_navigation_pkg' build argument 'cmake_clean_first' from command line to 'False'
[0.428s] Level 5:colcon.colcon_core.verb:set package 'waypoint_navigation_pkg' build argument 'cmake_force_configure' from command line to 'False'
[0.428s] Level 5:colcon.colcon_core.verb:set package 'waypoint_navigation_pkg' build argument 'ament_cmake_args' from command line to 'None'
[0.428s] Level 5:colcon.colcon_core.verb:set package 'waypoint_navigation_pkg' build argument 'catkin_cmake_args' from command line to 'None'
[0.428s] Level 5:colcon.colcon_core.verb:set package 'waypoint_navigation_pkg' build argument 'catkin_skip_building_tests' from command line to 'False'
[0.428s] DEBUG:colcon.colcon_core.verb:Building package 'waypoint_navigation_pkg' with the following arguments: {'ament_cmake_args': None, 'build_base': '/root/Projeto_Final/build/waypoint_navigation_pkg', 'catkin_cmake_args': None, 'catkin_skip_building_tests': False, 'cmake_args': None, 'cmake_clean_cache': False, 'cmake_clean_first': False, 'cmake_force_configure': False, 'cmake_target': None, 'cmake_target_skip_unavailable': False, 'install_base': '/root/Projeto_Final/install/waypoint_navigation_pkg', 'merge_install': False, 'path': '/root/Projeto_Final/src/waypoint_navigation_pkg', 'symlink_install': False, 'test_result_base': None}
[0.428s] INFO:colcon.colcon_core.executor:Executing jobs using 'parallel' executor
[0.429s] DEBUG:colcon.colcon_parallel_executor.executor.parallel:run_until_complete
[0.430s] INFO:colcon.colcon_ros.task.ament_cmake.build:Building ROS package in '/root/Projeto_Final/src/custom_interfaces' with build type 'ament_cmake'
[0.430s] INFO:colcon.colcon_cmake.task.cmake.build:Building CMake package in '/root/Projeto_Final/src/custom_interfaces'
[0.433s] INFO:colcon.colcon_core.plugin_system:Skipping extension 'colcon_core.shell.bat': Not used on non-Windows systems
[0.433s] INFO:colcon.colcon_core.shell:Skip shell extension 'powershell' for command environment: Not usable outside of PowerShell
[0.433s] DEBUG:colcon.colcon_core.shell:Skip shell extension 'dsv' for command environment
[0.438s] INFO:colcon.colcon_ros.task.ament_cmake.build:Building ROS package in '/root/Projeto_Final/src/rm_localization' with build type 'ament_cmake'
[0.439s] INFO:colcon.colcon_cmake.task.cmake.build:Building CMake package in '/root/Projeto_Final/src/rm_localization'
[0.440s] INFO:colcon.colcon_core.shell:Skip shell extension 'powershell' for command environment: Not usable outside of PowerShell
[0.440s] DEBUG:colcon.colcon_core.shell:Skip shell extension 'dsv' for command environment
[0.445s] INFO:colcon.colcon_ros.task.ament_python.build:Building ROS package in '/root/Projeto_Final/src/rm_navigation' with build type 'ament_python'
[0.445s] Level 1:colcon.colcon_core.shell:create_environment_hook('rm_navigation', 'ament_prefix_path')
[0.446s] INFO:colcon.colcon_core.shell:Creating environment hook '/root/Projeto_Final/install/rm_navigation/share/rm_navigation/hook/ament_prefix_path.ps1'
[0.447s] INFO:colcon.colcon_core.shell:Creating environment descriptor '/root/Projeto_Final/install/rm_navigation/share/rm_navigation/hook/ament_prefix_path.dsv'
[0.448s] INFO:colcon.colcon_core.shell:Creating environment hook '/root/Projeto_Final/install/rm_navigation/share/rm_navigation/hook/ament_prefix_path.sh'
[0.449s] INFO:colcon.colcon_core.shell:Skip shell extension 'powershell' for command environment: Not usable outside of PowerShell
[0.449s] DEBUG:colcon.colcon_core.shell:Skip shell extension 'dsv' for command environment
[0.453s] INFO:colcon.colcon_ros.task.ament_cmake.build:Building ROS package in '/root/Projeto_Final/src/robot_description' with build type 'ament_cmake'
[0.454s] INFO:colcon.colcon_cmake.task.cmake.build:Building CMake package in '/root/Projeto_Final/src/robot_description'
[0.455s] INFO:colcon.colcon_core.shell:Skip shell extension 'powershell' for command environment: Not usable outside of PowerShell
[0.456s] DEBUG:colcon.colcon_core.shell:Skip shell extension 'dsv' for command environment
[0.481s] DEBUG:colcon.colcon_core.event_handler.log_command:Invoking command in '/root/Projeto_Final/build/custom_interfaces': CMAKE_PREFIX_PATH=${CMAKE_PREFIX_PATH}:/root/Projeto_Final/install/waypoint_navigation_pkg:/root/Projeto_Final/install/rm_navigation:/opt/ros/foxy /usr/bin/cmake --build /root/Projeto_Final/build/custom_interfaces -- -j16 -l16
[0.491s] DEBUG:colcon.colcon_core.event_handler.log_command:Invoking command in '/root/Projeto_Final/build/rm_localization': CMAKE_PREFIX_PATH=${CMAKE_PREFIX_PATH}:/root/Projeto_Final/install/waypoint_navigation_pkg:/root/Projeto_Final/install/rm_navigation:/opt/ros/foxy /usr/bin/cmake --build /root/Projeto_Final/build/rm_localization -- -j16 -l16
[0.726s] INFO:colcon.colcon_core.task.python.build:Building Python package in '/root/Projeto_Final/src/rm_navigation'
[0.726s] INFO:colcon.colcon_core.shell:Skip shell extension 'powershell' for command environment: Not usable outside of PowerShell
[0.726s] DEBUG:colcon.colcon_core.shell:Skip shell extension 'dsv' for command environment
[0.746s] DEBUG:colcon.colcon_core.event_handler.log_command:Invoking command in '/root/Projeto_Final/build/robot_description': CMAKE_PREFIX_PATH=${CMAKE_PREFIX_PATH}:/root/Projeto_Final/install/waypoint_navigation_pkg:/root/Projeto_Final/install/rm_navigation:/opt/ros/foxy /usr/bin/cmake --build /root/Projeto_Final/build/robot_description -- -j16 -l16
[0.749s] DEBUG:colcon.colcon_core.event_handler.log_command:Invoked command in '/root/Projeto_Final/build/custom_interfaces' returned '0': CMAKE_PREFIX_PATH=${CMAKE_PREFIX_PATH}:/root/Projeto_Final/install/waypoint_navigation_pkg:/root/Projeto_Final/install/rm_navigation:/opt/ros/foxy /usr/bin/cmake --build /root/Projeto_Final/build/custom_interfaces -- -j16 -l16
[0.761s] DEBUG:colcon.colcon_core.event_handler.log_command:Invoking command in '/root/Projeto_Final/build/custom_interfaces': CMAKE_PREFIX_PATH=${CMAKE_PREFIX_PATH}:/root/Projeto_Final/install/waypoint_navigation_pkg:/root/Projeto_Final/install/rm_navigation:/opt/ros/foxy /usr/bin/cmake --install /root/Projeto_Final/build/custom_interfaces
[0.762s] DEBUG:colcon.colcon_core.event_handler.log_command:Invoked command in '/root/Projeto_Final/build/rm_localization' returned '0': CMAKE_PREFIX_PATH=${CMAKE_PREFIX_PATH}:/root/Projeto_Final/install/waypoint_navigation_pkg:/root/Projeto_Final/install/rm_navigation:/opt/ros/foxy /usr/bin/cmake --build /root/Projeto_Final/build/rm_localization -- -j16 -l16
[0.767s] DEBUG:colcon.colcon_core.event_handler.log_command:Invoking command in '/root/Projeto_Final/build/rm_localization': CMAKE_PREFIX_PATH=${CMAKE_PREFIX_PATH}:/root/Projeto_Final/install/waypoint_navigation_pkg:/root/Projeto_Final/install/rm_navigation:/opt/ros/foxy /usr/bin/cmake --install /root/Projeto_Final/build/rm_localization
[0.785s] Level 1:colcon.colcon_core.environment:create_environment_scripts_only(rm_localization)
[0.798s] DEBUG:colcon.colcon_core.event_handler.log_command:Invoked command in '/root/Projeto_Final/build/rm_localization' returned '0': CMAKE_PREFIX_PATH=${CMAKE_PREFIX_PATH}:/root/Projeto_Final/install/waypoint_navigation_pkg:/root/Projeto_Final/install/rm_navigation:/opt/ros/foxy /usr/bin/cmake --install /root/Projeto_Final/build/rm_localization
[0.800s] Level 1:colcon.colcon_core.environment:checking '/root/Projeto_Final/install/rm_localization' for CMake module files
[0.801s] Level 1:colcon.colcon_core.environment:checking '/root/Projeto_Final/install/rm_localization' for CMake config files
[0.801s] Level 1:colcon.colcon_core.shell:create_environment_hook('rm_localization', 'cmake_prefix_path')
[0.802s] INFO:colcon.colcon_core.shell:Creating environment hook '/root/Projeto_Final/install/rm_localization/share/rm_localization/hook/cmake_prefix_path.ps1'
[0.803s] INFO:colcon.colcon_core.shell:Creating environment descriptor '/root/Projeto_Final/install/rm_localization/share/rm_localization/hook/cmake_prefix_path.dsv'
[0.803s] INFO:colcon.colcon_core.shell:Creating environment hook '/root/Projeto_Final/install/rm_localization/share/rm_localization/hook/cmake_prefix_path.sh'
[0.804s] Level 1:colcon.colcon_core.environment:checking '/root/Projeto_Final/install/rm_localization/bin'
[0.804s] Level 1:colcon.colcon_core.environment:checking '/root/Projeto_Final/install/rm_localization/lib/pkgconfig/rm_localization.pc'
[0.805s] Level 1:colcon.colcon_core.environment:checking '/root/Projeto_Final/install/rm_localization/lib/python3.8/site-packages'
[0.805s] Level 1:colcon.colcon_core.environment:checking '/root/Projeto_Final/install/rm_localization/bin'
[0.806s] INFO:colcon.colcon_core.shell:Creating package script '/root/Projeto_Final/install/rm_localization/share/rm_localization/package.ps1'
[0.807s] INFO:colcon.colcon_core.shell:Creating package descriptor '/root/Projeto_Final/install/rm_localization/share/rm_localization/package.dsv'
[0.808s] INFO:colcon.colcon_core.shell:Creating package script '/root/Projeto_Final/install/rm_localization/share/rm_localization/package.sh'
[0.811s] INFO:colcon.colcon_core.shell:Creating package script '/root/Projeto_Final/install/rm_localization/share/rm_localization/package.bash'
[0.813s] INFO:colcon.colcon_core.shell:Creating package script '/root/Projeto_Final/install/rm_localization/share/rm_localization/package.zsh'
[0.817s] Level 1:colcon.colcon_core.environment:create_file_with_runtime_dependencies(/root/Projeto_Final/install/rm_localization/share/colcon-core/packages/rm_localization)
[0.820s] Level 1:colcon.colcon_core.environment:create_environment_scripts_only(rm_localization)
[0.822s] Level 1:colcon.colcon_core.environment:checking '/root/Projeto_Final/install/rm_localization' for CMake module files
[0.825s] Level 1:colcon.colcon_core.environment:checking '/root/Projeto_Final/install/rm_localization' for CMake config files
[0.825s] Level 1:colcon.colcon_core.shell:create_environment_hook('rm_localization', 'cmake_prefix_path')
[0.826s] INFO:colcon.colcon_core.shell:Creating environment hook '/root/Projeto_Final/install/rm_localization/share/rm_localization/hook/cmake_prefix_path.ps1'
[0.826s] INFO:colcon.colcon_core.shell:Creating environment descriptor '/root/Projeto_Final/install/rm_localization/share/rm_localization/hook/cmake_prefix_path.dsv'
[0.827s] INFO:colcon.colcon_core.shell:Creating environment hook '/root/Projeto_Final/install/rm_localization/share/rm_localization/hook/cmake_prefix_path.sh'
[0.827s] Level 1:colcon.colcon_core.environment:checking '/root/Projeto_Final/install/rm_localization/bin'
[0.827s] Level 1:colcon.colcon_core.environment:checking '/root/Projeto_Final/install/rm_localization/lib/pkgconfig/rm_localization.pc'
[0.828s] Level 1:colcon.colcon_core.environment:checking '/root/Projeto_Final/install/rm_localization/lib/python3.8/site-packages'
[0.828s] Level 1:colcon.colcon_core.environment:checking '/root/Projeto_Final/install/rm_localization/bin'
[0.828s] INFO:colcon.colcon_core.shell:Creating package script '/root/Projeto_Final/install/rm_localization/share/rm_localization/package.ps1'
[0.829s] INFO:colcon.colcon_core.shell:Creating package descriptor '/root/Projeto_Final/install/rm_localization/share/rm_localization/package.dsv'
[0.829s] INFO:colcon.colcon_core.shell:Creating package script '/root/Projeto_Final/install/rm_localization/share/rm_localization/package.sh'
[0.830s] INFO:colcon.colcon_core.shell:Creating package script '/root/Projeto_Final/install/rm_localization/share/rm_localization/package.bash'
[0.830s] INFO:colcon.colcon_core.shell:Creating package script '/root/Projeto_Final/install/rm_localization/share/rm_localization/package.zsh'
[0.830s] Level 1:colcon.colcon_core.environment:create_file_with_runtime_dependencies(/root/Projeto_Final/install/rm_localization/share/colcon-core/packages/rm_localization)
[0.837s] Level 1:colcon.colcon_core.environment:create_environment_scripts_only(custom_interfaces)
[0.838s] DEBUG:colcon.colcon_core.event_handler.log_command:Invoked command in '/root/Projeto_Final/build/robot_description' returned '0': CMAKE_PREFIX_PATH=${CMAKE_PREFIX_PATH}:/root/Projeto_Final/install/waypoint_navigation_pkg:/root/Projeto_Final/install/rm_navigation:/opt/ros/foxy /usr/bin/cmake --build /root/Projeto_Final/build/robot_description -- -j16 -l16
[0.838s] Level 1:colcon.colcon_core.environment:checking '/root/Projeto_Final/install/custom_interfaces' for CMake module files
[0.842s] DEBUG:colcon.colcon_core.event_handler.log_command:Invoking command in '/root/Projeto_Final/build/robot_description': CMAKE_PREFIX_PATH=${CMAKE_PREFIX_PATH}:/root/Projeto_Final/install/waypoint_navigation_pkg:/root/Projeto_Final/install/rm_navigation:/opt/ros/foxy /usr/bin/cmake --install /root/Projeto_Final/build/robot_description
[0.843s] DEBUG:colcon.colcon_core.event_handler.log_command:Invoked command in '/root/Projeto_Final/build/custom_interfaces' returned '0': CMAKE_PREFIX_PATH=${CMAKE_PREFIX_PATH}:/root/Projeto_Final/install/waypoint_navigation_pkg:/root/Projeto_Final/install/rm_navigation:/opt/ros/foxy /usr/bin/cmake --install /root/Projeto_Final/build/custom_interfaces
[0.843s] Level 1:colcon.colcon_core.environment:checking '/root/Projeto_Final/install/custom_interfaces' for CMake config files
[0.844s] Level 1:colcon.colcon_core.shell:create_environment_hook('custom_interfaces', 'cmake_prefix_path')
[0.844s] INFO:colcon.colcon_core.shell:Creating environment hook '/root/Projeto_Final/install/custom_interfaces/share/custom_interfaces/hook/cmake_prefix_path.ps1'
[0.846s] INFO:colcon.colcon_core.shell:Creating environment descriptor '/root/Projeto_Final/install/custom_interfaces/share/custom_interfaces/hook/cmake_prefix_path.dsv'
[0.852s] INFO:colcon.colcon_core.shell:Creating environment hook '/root/Projeto_Final/install/custom_interfaces/share/custom_interfaces/hook/cmake_prefix_path.sh'
[0.855s] Level 1:colcon.colcon_core.environment:checking '/root/Projeto_Final/install/custom_interfaces/lib'
[0.857s] Level 1:colcon.colcon_core.shell:create_environment_hook('custom_interfaces', 'ld_library_path_lib')
[0.858s] INFO:colcon.colcon_core.shell:Creating environment hook '/root/Projeto_Final/install/custom_interfaces/share/custom_interfaces/hook/ld_library_path_lib.ps1'
[0.858s] INFO:colcon.colcon_core.shell:Creating environment descriptor '/root/Projeto_Final/install/custom_interfaces/share/custom_interfaces/hook/ld_library_path_lib.dsv'
[0.859s] INFO:colcon.colcon_core.shell:Creating environment hook '/root/Projeto_Final/install/custom_interfaces/share/custom_interfaces/hook/ld_library_path_lib.sh'
[0.859s] Level 1:colcon.colcon_core.environment:checking '/root/Projeto_Final/install/custom_interfaces/bin'
[0.859s] Level 1:colcon.colcon_core.environment:checking '/root/Projeto_Final/install/custom_interfaces/lib/pkgconfig/custom_interfaces.pc'
[0.859s] Level 1:colcon.colcon_core.environment:checking '/root/Projeto_Final/install/custom_interfaces/lib/python3.8/site-packages'
[0.859s] Level 1:colcon.colcon_core.shell:create_environment_hook('custom_interfaces', 'pythonpath')
[0.860s] INFO:colcon.colcon_core.shell:Creating environment hook '/root/Projeto_Final/install/custom_interfaces/share/custom_interfaces/hook/pythonpath.ps1'
[0.860s] INFO:colcon.colcon_core.shell:Creating environment descriptor '/root/Projeto_Final/install/custom_interfaces/share/custom_interfaces/hook/pythonpath.dsv'
[0.860s] INFO:colcon.colcon_core.shell:Creating environment hook '/root/Projeto_Final/install/custom_interfaces/share/custom_interfaces/hook/pythonpath.sh'
[0.861s] Level 1:colcon.colcon_core.environment:checking '/root/Projeto_Final/install/custom_interfaces/bin'
[0.861s] INFO:colcon.colcon_core.shell:Creating package script '/root/Projeto_Final/install/custom_interfaces/share/custom_interfaces/package.ps1'
[0.862s] INFO:colcon.colcon_core.shell:Creating package descriptor '/root/Projeto_Final/install/custom_interfaces/share/custom_interfaces/package.dsv'
[0.862s] INFO:colcon.colcon_core.shell:Creating package script '/root/Projeto_Final/install/custom_interfaces/share/custom_interfaces/package.sh'
[0.863s] INFO:colcon.colcon_core.shell:Creating package script '/root/Projeto_Final/install/custom_interfaces/share/custom_interfaces/package.bash'
[0.863s] INFO:colcon.colcon_core.shell:Creating package script '/root/Projeto_Final/install/custom_interfaces/share/custom_interfaces/package.zsh'
[0.863s] Level 1:colcon.colcon_core.environment:create_file_with_runtime_dependencies(/root/Projeto_Final/install/custom_interfaces/share/colcon-core/packages/custom_interfaces)
[0.864s] Level 1:colcon.colcon_core.environment:create_environment_scripts_only(custom_interfaces)
[0.865s] Level 1:colcon.colcon_core.environment:checking '/root/Projeto_Final/install/custom_interfaces' for CMake module files
[0.866s] Level 1:colcon.colcon_core.environment:checking '/root/Projeto_Final/install/custom_interfaces' for CMake config files
[0.866s] Level 1:colcon.colcon_core.shell:create_environment_hook('custom_interfaces', 'cmake_prefix_path')
[0.867s] INFO:colcon.colcon_core.shell:Creating environment hook '/root/Projeto_Final/install/custom_interfaces/share/custom_interfaces/hook/cmake_prefix_path.ps1'
[0.868s] INFO:colcon.colcon_core.shell:Creating environment descriptor '/root/Projeto_Final/install/custom_interfaces/share/custom_interfaces/hook/cmake_prefix_path.dsv'
[0.869s] INFO:colcon.colcon_core.shell:Creating environment hook '/root/Projeto_Final/install/custom_interfaces/share/custom_interfaces/hook/cmake_prefix_path.sh'
[0.869s] Level 1:colcon.colcon_core.environment:checking '/root/Projeto_Final/install/custom_interfaces/lib'
[0.869s] Level 1:colcon.colcon_core.shell:create_environment_hook('custom_interfaces', 'ld_library_path_lib')
[0.870s] INFO:colcon.colcon_core.shell:Creating environment hook '/root/Projeto_Final/install/custom_interfaces/share/custom_interfaces/hook/ld_library_path_lib.ps1'
[0.870s] INFO:colcon.colcon_core.shell:Creating environment descriptor '/root/Projeto_Final/install/custom_interfaces/share/custom_interfaces/hook/ld_library_path_lib.dsv'
[0.870s] INFO:colcon.colcon_core.shell:Creating environment hook '/root/Projeto_Final/install/custom_interfaces/share/custom_interfaces/hook/ld_library_path_lib.sh'
[0.871s] Level 1:colcon.colcon_core.environment:checking '/root/Projeto_Final/install/custom_interfaces/bin'
[0.871s] Level 1:colcon.colcon_core.environment:checking '/root/Projeto_Final/install/custom_interfaces/lib/pkgconfig/custom_interfaces.pc'
[0.871s] Level 1:colcon.colcon_core.environment:checking '/root/Projeto_Final/install/custom_interfaces/lib/python3.8/site-packages'
[0.871s] Level 1:colcon.colcon_core.shell:create_environment_hook('custom_interfaces', 'pythonpath')
[0.871s] INFO:colcon.colcon_core.shell:Creating environment hook '/root/Projeto_Final/install/custom_interfaces/share/custom_interfaces/hook/pythonpath.ps1'
[0.872s] INFO:colcon.colcon_core.shell:Creating environment descriptor '/root/Projeto_Final/install/custom_interfaces/share/custom_interfaces/hook/pythonpath.dsv'
[0.872s] INFO:colcon.colcon_core.shell:Creating environment hook '/root/Projeto_Final/install/custom_interfaces/share/custom_interfaces/hook/pythonpath.sh'
[0.872s] Level 1:colcon.colcon_core.environment:checking '/root/Projeto_Final/install/custom_interfaces/bin'
[0.873s] INFO:colcon.colcon_core.shell:Creating package script '/root/Projeto_Final/install/custom_interfaces/share/custom_interfaces/package.ps1'
[0.873s] INFO:colcon.colcon_core.shell:Creating package descriptor '/root/Projeto_Final/install/custom_interfaces/share/custom_interfaces/package.dsv'
[0.874s] INFO:colcon.colcon_core.shell:Creating package script '/root/Projeto_Final/install/custom_interfaces/share/custom_interfaces/package.sh'
[0.875s] INFO:colcon.colcon_core.shell:Creating package script '/root/Projeto_Final/install/custom_interfaces/share/custom_interfaces/package.bash'
[0.875s] INFO:colcon.colcon_core.shell:Creating package script '/root/Projeto_Final/install/custom_interfaces/share/custom_interfaces/package.zsh'
[0.876s] Level 1:colcon.colcon_core.environment:create_file_with_runtime_dependencies(/root/Projeto_Final/install/custom_interfaces/share/colcon-core/packages/custom_interfaces)
[0.877s] INFO:colcon.colcon_ros.task.ament_python.build:Building ROS package in '/root/Projeto_Final/src/waypoint_navigation_pkg' with build type 'ament_python'
[0.878s] Level 1:colcon.colcon_core.shell:create_environment_hook('waypoint_navigation_pkg', 'ament_prefix_path')
[0.878s] INFO:colcon.colcon_core.shell:Creating environment hook '/root/Projeto_Final/install/waypoint_navigation_pkg/share/waypoint_navigation_pkg/hook/ament_prefix_path.ps1'
[0.879s] INFO:colcon.colcon_core.shell:Creating environment descriptor '/root/Projeto_Final/install/waypoint_navigation_pkg/share/waypoint_navigation_pkg/hook/ament_prefix_path.dsv'
[0.879s] INFO:colcon.colcon_core.shell:Creating environment hook '/root/Projeto_Final/install/waypoint_navigation_pkg/share/waypoint_navigation_pkg/hook/ament_prefix_path.sh'
[0.880s] INFO:colcon.colcon_core.shell:Skip shell extension 'powershell' for command environment: Not usable outside of PowerShell
[0.880s] DEBUG:colcon.colcon_core.shell:Skip shell extension 'dsv' for command environment
[0.888s] Level 1:colcon.colcon_core.environment:create_environment_scripts_only(robot_description)
[0.889s] Level 1:colcon.colcon_core.environment:checking '/root/Projeto_Final/install/robot_description' for CMake module files
[0.890s] DEBUG:colcon.colcon_core.event_handler.log_command:Invoked command in '/root/Projeto_Final/build/robot_description' returned '0': CMAKE_PREFIX_PATH=${CMAKE_PREFIX_PATH}:/root/Projeto_Final/install/waypoint_navigation_pkg:/root/Projeto_Final/install/rm_navigation:/opt/ros/foxy /usr/bin/cmake --install /root/Projeto_Final/build/robot_description
[0.890s] Level 1:colcon.colcon_core.environment:checking '/root/Projeto_Final/install/robot_description' for CMake config files
[0.891s] Level 1:colcon.colcon_core.shell:create_environment_hook('robot_description', 'cmake_prefix_path')
[0.891s] INFO:colcon.colcon_core.shell:Creating environment hook '/root/Projeto_Final/install/robot_description/share/robot_description/hook/cmake_prefix_path.ps1'
[0.892s] INFO:colcon.colcon_core.shell:Creating environment descriptor '/root/Projeto_Final/install/robot_description/share/robot_description/hook/cmake_prefix_path.dsv'
[0.893s] INFO:colcon.colcon_core.shell:Creating environment hook '/root/Projeto_Final/install/robot_description/share/robot_description/hook/cmake_prefix_path.sh'
[0.894s] Level 1:colcon.colcon_core.environment:checking '/root/Projeto_Final/install/robot_description/bin'
[0.894s] Level 1:colcon.colcon_core.environment:checking '/root/Projeto_Final/install/robot_description/lib/pkgconfig/robot_description.pc'
[0.894s] Level 1:colcon.colcon_core.environment:checking '/root/Projeto_Final/install/robot_description/lib/python3.8/site-packages'
[0.894s] Level 1:colcon.colcon_core.environment:checking '/root/Projeto_Final/install/robot_description/bin'
[0.895s] INFO:colcon.colcon_core.shell:Creating package script '/root/Projeto_Final/install/robot_description/share/robot_description/package.ps1'
[0.896s] INFO:colcon.colcon_core.shell:Creating package descriptor '/root/Projeto_Final/install/robot_description/share/robot_description/package.dsv'
[0.896s] INFO:colcon.colcon_core.shell:Creating package script '/root/Projeto_Final/install/robot_description/share/robot_description/package.sh'
[0.897s] INFO:colcon.colcon_core.shell:Creating package script '/root/Projeto_Final/install/robot_description/share/robot_description/package.bash'
[0.897s] INFO:colcon.colcon_core.shell:Creating package script '/root/Projeto_Final/install/robot_description/share/robot_description/package.zsh'
[0.898s] Level 1:colcon.colcon_core.environment:create_file_with_runtime_dependencies(/root/Projeto_Final/install/robot_description/share/colcon-core/packages/robot_description)
[0.899s] Level 1:colcon.colcon_core.environment:create_environment_scripts_only(robot_description)
[0.899s] Level 1:colcon.colcon_core.environment:checking '/root/Projeto_Final/install/robot_description' for CMake module files
[0.899s] Level 1:colcon.colcon_core.environment:checking '/root/Projeto_Final/install/robot_description' for CMake config files
[0.900s] Level 1:colcon.colcon_core.shell:create_environment_hook('robot_description', 'cmake_prefix_path')
[0.900s] INFO:colcon.colcon_core.shell:Creating environment hook '/root/Projeto_Final/install/robot_description/share/robot_description/hook/cmake_prefix_path.ps1'
[0.901s] INFO:colcon.colcon_core.shell:Creating environment descriptor '/root/Projeto_Final/install/robot_description/share/robot_description/hook/cmake_prefix_path.dsv'
[0.901s] INFO:colcon.colcon_core.shell:Creating environment hook '/root/Projeto_Final/install/robot_description/share/robot_description/hook/cmake_prefix_path.sh'
[0.902s] Level 1:colcon.colcon_core.environment:checking '/root/Projeto_Final/install/robot_description/bin'
[0.902s] Level 1:colcon.colcon_core.environment:checking '/root/Projeto_Final/install/robot_description/lib/pkgconfig/robot_description.pc'
[0.903s] Level 1:colcon.colcon_core.environment:checking '/root/Projeto_Final/install/robot_description/lib/python3.8/site-packages'
[0.903s] Level 1:colcon.colcon_core.environment:checking '/root/Projeto_Final/install/robot_description/bin'
[0.903s] INFO:colcon.colcon_core.shell:Creating package script '/root/Projeto_Final/install/robot_description/share/robot_description/package.ps1'
[0.904s] INFO:colcon.colcon_core.shell:Creating package descriptor '/root/Projeto_Final/install/robot_description/share/robot_description/package.dsv'
[0.905s] INFO:colcon.colcon_core.shell:Creating package script '/root/Projeto_Final/install/robot_description/share/robot_description/package.sh'
[0.905s] INFO:colcon.colcon_core.shell:Creating package script '/root/Projeto_Final/install/robot_description/share/robot_description/package.bash'
[0.906s] INFO:colcon.colcon_core.shell:Creating package script '/root/Projeto_Final/install/robot_description/share/robot_description/package.zsh'
[0.906s] Level 1:colcon.colcon_core.environment:create_file_with_runtime_dependencies(/root/Projeto_Final/install/robot_description/share/colcon-core/packages/robot_description)
[1.177s] INFO:colcon.colcon_core.task.python.build:Building Python package in '/root/Projeto_Final/src/waypoint_navigation_pkg'
[1.178s] INFO:colcon.colcon_core.shell:Skip shell extension 'powershell' for command environment: Not usable outside of PowerShell
[1.178s] DEBUG:colcon.colcon_core.shell:Skip shell extension 'dsv' for command environment
[1.189s] DEBUG:colcon.colcon_core.event_handler.log_command:Invoking command in '/root/Projeto_Final/src/rm_navigation': PYTHONPATH=/root/Projeto_Final/build/rm_navigation/prefix_override:/usr/lib/python3/dist-packages/colcon_core/task/python/colcon_distutils_commands:/root/Projeto_Final/install/rm_navigation/lib/python3.8/site-packages:${PYTHONPATH} /usr/bin/python3 -W ignore:setup.py install is deprecated -W ignore:easy_install command is deprecated setup.py egg_info --egg-base ../../build/rm_navigation build --build-base /root/Projeto_Final/build/rm_navigation/build install --record /root/Projeto_Final/build/rm_navigation/install.log --install-scripts $base/lib/rm_navigation --single-version-externally-managed install_data
[1.449s] Level 1:colcon.colcon_core.environment:checking '/root/Projeto_Final/install/rm_navigation' for CMake module files
[1.450s] DEBUG:colcon.colcon_core.event_handler.log_command:Invoked command in '/root/Projeto_Final/src/rm_navigation' returned '0': PYTHONPATH=/root/Projeto_Final/build/rm_navigation/prefix_override:/usr/lib/python3/dist-packages/colcon_core/task/python/colcon_distutils_commands:/root/Projeto_Final/install/rm_navigation/lib/python3.8/site-packages:${PYTHONPATH} /usr/bin/python3 -W ignore:setup.py install is deprecated -W ignore:easy_install command is deprecated setup.py egg_info --egg-base ../../build/rm_navigation build --build-base /root/Projeto_Final/build/rm_navigation/build install --record /root/Projeto_Final/build/rm_navigation/install.log --install-scripts $base/lib/rm_navigation --single-version-externally-managed install_data
[1.450s] Level 1:colcon.colcon_core.environment:checking '/root/Projeto_Final/install/rm_navigation' for CMake config files
[1.451s] Level 1:colcon.colcon_core.environment:checking '/root/Projeto_Final/install/rm_navigation/lib'
[1.451s] Level 1:colcon.colcon_core.environment:checking '/root/Projeto_Final/install/rm_navigation/bin'
[1.451s] Level 1:colcon.colcon_core.environment:checking '/root/Projeto_Final/install/rm_navigation/lib/pkgconfig/rm_navigation.pc'
[1.451s] Level 1:colcon.colcon_core.environment:checking '/root/Projeto_Final/install/rm_navigation/lib/python3.8/site-packages'
[1.451s] Level 1:colcon.colcon_core.shell:create_environment_hook('rm_navigation', 'pythonpath')
[1.452s] INFO:colcon.colcon_core.shell:Creating environment hook '/root/Projeto_Final/install/rm_navigation/share/rm_navigation/hook/pythonpath.ps1'
[1.452s] INFO:colcon.colcon_core.shell:Creating environment descriptor '/root/Projeto_Final/install/rm_navigation/share/rm_navigation/hook/pythonpath.dsv'
[1.453s] INFO:colcon.colcon_core.shell:Creating environment hook '/root/Projeto_Final/install/rm_navigation/share/rm_navigation/hook/pythonpath.sh'
[1.453s] Level 1:colcon.colcon_core.environment:checking '/root/Projeto_Final/install/rm_navigation/bin'
[1.453s] Level 1:colcon.colcon_core.environment:create_environment_scripts_only(rm_navigation)
[1.453s] INFO:colcon.colcon_core.shell:Creating package script '/root/Projeto_Final/install/rm_navigation/share/rm_navigation/package.ps1'
[1.454s] INFO:colcon.colcon_core.shell:Creating package descriptor '/root/Projeto_Final/install/rm_navigation/share/rm_navigation/package.dsv'
[1.454s] INFO:colcon.colcon_core.shell:Creating package script '/root/Projeto_Final/install/rm_navigation/share/rm_navigation/package.sh'
[1.455s] INFO:colcon.colcon_core.shell:Creating package script '/root/Projeto_Final/install/rm_navigation/share/rm_navigation/package.bash'
[1.455s] INFO:colcon.colcon_core.shell:Creating package script '/root/Projeto_Final/install/rm_navigation/share/rm_navigation/package.zsh'
[1.456s] Level 1:colcon.colcon_core.environment:create_file_with_runtime_dependencies(/root/Projeto_Final/install/rm_navigation/share/colcon-core/packages/rm_navigation)
[1.628s] DEBUG:colcon.colcon_core.event_handler.log_command:Invoking command in '/root/Projeto_Final/src/waypoint_navigation_pkg': CMAKE_PREFIX_PATH=/root/Projeto_Final/install/custom_interfaces:/root/Projeto_Final/install/robot_description:/root/Projeto_Final/install/rm_localization PYTHONPATH=/root/Projeto_Final/build/waypoint_navigation_pkg/prefix_override:/usr/lib/python3/dist-packages/colcon_core/task/python/colcon_distutils_commands:/root/Projeto_Final/install/waypoint_navigation_pkg/lib/python3.8/site-packages:/root/Projeto_Final/install/custom_interfaces/lib/python3.8/site-packages:/root/Projeto_Final/install/waypoint_navigation_pkg/lib/python3.8/site-packages:/root/Projeto_Final/install/rm_navigation/lib/python3.8/site-packages:/opt/ros/foxy/lib/python3.8/site-packages /usr/bin/python3 -W ignore:setup.py install is deprecated -W ignore:easy_install command is deprecated setup.py egg_info --egg-base ../../build/waypoint_navigation_pkg build --build-base /root/Projeto_Final/build/waypoint_navigation_pkg/build install --record /root/Projeto_Final/build/waypoint_navigation_pkg/install.log --install-scripts $base/lib/waypoint_navigation_pkg --single-version-externally-managed install_data
[1.870s] Level 1:colcon.colcon_core.environment:checking '/root/Projeto_Final/install/waypoint_navigation_pkg' for CMake module files
[1.871s] DEBUG:colcon.colcon_core.event_handler.log_command:Invoked command in '/root/Projeto_Final/src/waypoint_navigation_pkg' returned '0': CMAKE_PREFIX_PATH=/root/Projeto_Final/install/custom_interfaces:/root/Projeto_Final/install/robot_description:/root/Projeto_Final/install/rm_localization PYTHONPATH=/root/Projeto_Final/build/waypoint_navigation_pkg/prefix_override:/usr/lib/python3/dist-packages/colcon_core/task/python/colcon_distutils_commands:/root/Projeto_Final/install/waypoint_navigation_pkg/lib/python3.8/site-packages:/root/Projeto_Final/install/custom_interfaces/lib/python3.8/site-packages:/root/Projeto_Final/install/waypoint_navigation_pkg/lib/python3.8/site-packages:/root/Projeto_Final/install/rm_navigation/lib/python3.8/site-packages:/opt/ros/foxy/lib/python3.8/site-packages /usr/bin/python3 -W ignore:setup.py install is deprecated -W ignore:easy_install command is deprecated setup.py egg_info --egg-base ../../build/waypoint_navigation_pkg build --build-base /root/Projeto_Final/build/waypoint_navigation_pkg/build install --record /root/Projeto_Final/build/waypoint_navigation_pkg/install.log --install-scripts $base/lib/waypoint_navigation_pkg --single-version-externally-managed install_data
[1.872s] Level 1:colcon.colcon_core.environment:checking '/root/Projeto_Final/install/waypoint_navigation_pkg' for CMake config files
[1.872s] Level 1:colcon.colcon_core.environment:checking '/root/Projeto_Final/install/waypoint_navigation_pkg/lib'
[1.872s] Level 1:colcon.colcon_core.environment:checking '/root/Projeto_Final/install/waypoint_navigation_pkg/bin'
[1.872s] Level 1:colcon.colcon_core.environment:checking '/root/Projeto_Final/install/waypoint_navigation_pkg/lib/pkgconfig/waypoint_navigation_pkg.pc'
[1.873s] Level 1:colcon.colcon_core.environment:checking '/root/Projeto_Final/install/waypoint_navigation_pkg/lib/python3.8/site-packages'
[1.873s] Level 1:colcon.colcon_core.shell:create_environment_hook('waypoint_navigation_pkg', 'pythonpath')
[1.873s] INFO:colcon.colcon_core.shell:Creating environment hook '/root/Projeto_Final/install/waypoint_navigation_pkg/share/waypoint_navigation_pkg/hook/pythonpath.ps1'
[1.874s] INFO:colcon.colcon_core.shell:Creating environment descriptor '/root/Projeto_Final/install/waypoint_navigation_pkg/share/waypoint_navigation_pkg/hook/pythonpath.dsv'
[1.874s] INFO:colcon.colcon_core.shell:Creating environment hook '/root/Projeto_Final/install/waypoint_navigation_pkg/share/waypoint_navigation_pkg/hook/pythonpath.sh'
[1.875s] Level 1:colcon.colcon_core.environment:checking '/root/Projeto_Final/install/waypoint_navigation_pkg/bin'
[1.875s] Level 1:colcon.colcon_core.environment:create_environment_scripts_only(waypoint_navigation_pkg)
[1.875s] INFO:colcon.colcon_core.shell:Creating package script '/root/Projeto_Final/install/waypoint_navigation_pkg/share/waypoint_navigation_pkg/package.ps1'
[1.875s] INFO:colcon.colcon_core.shell:Creating package descriptor '/root/Projeto_Final/install/waypoint_navigation_pkg/share/waypoint_navigation_pkg/package.dsv'
[1.876s] INFO:colcon.colcon_core.shell:Creating package script '/root/Projeto_Final/install/waypoint_navigation_pkg/share/waypoint_navigation_pkg/package.sh'
[1.876s] INFO:colcon.colcon_core.shell:Creating package script '/root/Projeto_Final/install/waypoint_navigation_pkg/share/waypoint_navigation_pkg/package.bash'
[1.876s] INFO:colcon.colcon_core.shell:Creating package script '/root/Projeto_Final/install/waypoint_navigation_pkg/share/waypoint_navigation_pkg/package.zsh'
[1.877s] Level 1:colcon.colcon_core.environment:create_file_with_runtime_dependencies(/root/Projeto_Final/install/waypoint_navigation_pkg/share/colcon-core/packages/waypoint_navigation_pkg)
[1.877s] DEBUG:colcon.colcon_parallel_executor.executor.parallel:closing loop
[1.878s] DEBUG:colcon.colcon_parallel_executor.executor.parallel:loop closed
[1.878s] DEBUG:colcon.colcon_parallel_executor.executor.parallel:run_until_complete finished with '0'
[1.878s] DEBUG:colcon.colcon_core.event_reactor:joining thread
[1.909s] INFO:colcon.colcon_core.plugin_system:Skipping extension 'colcon_notification.desktop_notification.notify_send': Could not find 'notify-send'
[1.910s] INFO:colcon.colcon_core.plugin_system:Skipping extension 'colcon_notification.desktop_notification.terminal_notifier': Not used on non-Darwin systems
[1.910s] INFO:colcon.colcon_core.plugin_system:Skipping extension 'colcon_notification.desktop_notification.win32': Not used on non-Windows systems
[1.910s] INFO:colcon.colcon_notification.desktop_notification:Sending desktop notification using 'notify2'
[1.911s] DEBUG:colcon.colcon_notification.desktop_notification.notify2:Failed to initialize notify2: org.freedesktop.DBus.Error.ServiceUnknown: The name org.freedesktop.Notifications was not provided by any .service files
[1.912s] DEBUG:colcon.colcon_core.event_reactor:joined thread
[1.912s] INFO:colcon.colcon_core.shell:Creating prefix script '/root/Projeto_Final/install/local_setup.ps1'
[1.913s] INFO:colcon.colcon_core.shell:Creating prefix util module '/root/Projeto_Final/install/_local_setup_util_ps1.py'
[1.914s] INFO:colcon.colcon_core.shell:Creating prefix chain script '/root/Projeto_Final/install/setup.ps1'
[1.915s] INFO:colcon.colcon_core.shell:Creating prefix script '/root/Projeto_Final/install/local_setup.sh'
[1.916s] INFO:colcon.colcon_core.shell:Creating prefix util module '/root/Projeto_Final/install/_local_setup_util_sh.py'
[1.916s] INFO:colcon.colcon_core.shell:Creating prefix chain script '/root/Projeto_Final/install/setup.sh'
[1.917s] INFO:colcon.colcon_core.shell:Creating prefix script '/root/Projeto_Final/install/local_setup.bash'
[1.917s] INFO:colcon.colcon_core.shell:Creating prefix chain script '/root/Projeto_Final/install/setup.bash'
[1.918s] INFO:colcon.colcon_core.shell:Creating prefix script '/root/Projeto_Final/install/local_setup.zsh'
[1.919s] INFO:colcon.colcon_core.shell:Creating prefix chain script '/root/Projeto_Final/install/setup.zsh'
