[0.077s] Invoking command in '/root/Projeto_Final/build/rm_localization': CMAKE_PREFIX_PATH=${CMAKE_PREFIX_PATH}:/root/Projeto_Final/install/waypoint_navigation_pkg:/root/Projeto_Final/install/rm_navigation:/opt/ros/foxy /usr/bin/cmake --build /root/Projeto_Final/build/rm_localization -- -j16 -l16
[0.469s] Invoked command in '/root/Projeto_Final/build/rm_localization' returned '0': CMAKE_PREFIX_PATH=${CMAKE_PREFIX_PATH}:/root/Projeto_Final/install/waypoint_navigation_pkg:/root/Projeto_Final/install/rm_navigation:/opt/ros/foxy /usr/bin/cmake --build /root/Projeto_Final/build/rm_localization -- -j16 -l16
[0.471s] Invoking command in '/root/Projeto_Final/build/rm_localization': CMAKE_PREFIX_PATH=${CMAKE_PREFIX_PATH}:/root/Projeto_Final/install/waypoint_navigation_pkg:/root/Projeto_Final/install/rm_navigation:/opt/ros/foxy /usr/bin/cmake --install /root/Projeto_Final/build/rm_localization
[0.503s] -- Install configuration: ""
[0.505s] -- Up-to-date: /root/Projeto_Final/install/rm_localization/share/rm_localization//map
[0.505s] -- Up-to-date: /root/Projeto_Final/install/rm_localization/share/rm_localization//map/meu_mapa.yaml
[0.505s] -- Up-to-date: /root/Projeto_Final/install/rm_localization/share/rm_localization//map/meu_mapa.pgm
[0.506s] -- Up-to-date: /root/Projeto_Final/install/rm_localization/share/rm_localization//launch
[0.507s] -- Up-to-date: /root/Projeto_Final/install/rm_localization/share/rm_localization//launch/amcl.launch.py
[0.507s] -- Up-to-date: /root/Projeto_Final/install/rm_localization/share/rm_localization//launch/ekf.launch.py
[0.509s] -- Up-to-date: /root/Projeto_Final/install/rm_localization/share/rm_localization//launch/localization.launch.py
[0.510s] -- Up-to-date: /root/Projeto_Final/install/rm_localization/share/rm_localization//config
[0.511s] -- Up-to-date: /root/Projeto_Final/install/rm_localization/share/rm_localization//config/amcl_params.yaml
[0.512s] -- Up-to-date: /root/Projeto_Final/install/rm_localization/share/rm_localization//config/ekf_config.yaml
[0.513s] -- Up-to-date: /root/Projeto_Final/install/rm_localization/share/ament_index/resource_index/package_run_dependencies/rm_localization
[0.513s] -- Up-to-date: /root/Projeto_Final/install/rm_localization/share/ament_index/resource_index/parent_prefix_path/rm_localization
[0.514s] -- Up-to-date: /root/Projeto_Final/install/rm_localization/share/rm_localization/environment/ament_prefix_path.sh
[0.514s] -- Up-to-date: /root/Projeto_Final/install/rm_localization/share/rm_localization/environment/ament_prefix_path.dsv
[0.516s] -- Up-to-date: /root/Projeto_Final/install/rm_localization/share/rm_localization/environment/path.sh
[0.516s] -- Up-to-date: /root/Projeto_Final/install/rm_localization/share/rm_localization/environment/path.dsv
[0.516s] -- Up-to-date: /root/Projeto_Final/install/rm_localization/share/rm_localization/local_setup.bash
[0.517s] -- Up-to-date: /root/Projeto_Final/install/rm_localization/share/rm_localization/local_setup.sh
[0.519s] -- Up-to-date: /root/Projeto_Final/install/rm_localization/share/rm_localization/local_setup.zsh
[0.520s] -- Up-to-date: /root/Projeto_Final/install/rm_localization/share/rm_localization/local_setup.dsv
[0.521s] -- Installing: /root/Projeto_Final/install/rm_localization/share/rm_localization/package.dsv
[0.521s] -- Up-to-date: /root/Projeto_Final/install/rm_localization/share/ament_index/resource_index/packages/rm_localization
[0.522s] -- Up-to-date: /root/Projeto_Final/install/rm_localization/share/rm_localization/cmake/rm_localizationConfig.cmake
[0.522s] -- Up-to-date: /root/Projeto_Final/install/rm_localization/share/rm_localization/cmake/rm_localizationConfig-version.cmake
[0.522s] -- Up-to-date: /root/Projeto_Final/install/rm_localization/share/rm_localization/package.xml
[0.522s] Invoked command in '/root/Projeto_Final/build/rm_localization' returned '0': CMAKE_PREFIX_PATH=${CMAKE_PREFIX_PATH}:/root/Projeto_Final/install/waypoint_navigation_pkg:/root/Projeto_Final/install/rm_navigation:/opt/ros/foxy /usr/bin/cmake --install /root/Projeto_Final/build/rm_localization
