[0.082s] Invoking command in '/root/Projeto_Final/build/custom_interfaces': CMAKE_PREFIX_PATH=${CMAKE_PREFIX_PATH}:/root/Projeto_Final/install/waypoint_navigation_pkg:/root/Projeto_Final/install/rm_navigation:/opt/ros/foxy /usr/bin/cmake --build /root/Projeto_Final/build/custom_interfaces -- -j16 -l16
[0.472s] [  3%] Built target custom_interfaces__cpp
[0.473s] [ 12%] Built target custom_interfaces__rosidl_generator_c
[0.473s] [ 22%] Built target custom_interfaces__rosidl_typesupport_introspection_cpp
[0.473s] [ 32%] Built target custom_interfaces__rosidl_typesupport_introspection_c
[0.473s] [ 41%] Built target custom_interfaces__rosidl_typesupport_c
[0.474s] [ 51%] Built target custom_interfaces__rosidl_typesupport_fastrtps_cpp
[0.474s] [ 61%] Built target custom_interfaces__rosidl_typesupport_cpp
[0.474s] [ 70%] Built target custom_interfaces__rosidl_typesupport_fastrtps_c
[0.474s] [ 70%] Built target custom_interfaces
[0.474s] [ 74%] Built target custom_interfaces__py
[0.474s] [ 80%] Built target custom_interfaces__python
[0.474s] [ 93%] Built target custom_interfaces__rosidl_typesupport_introspection_c__pyext
[0.475s] [ 93%] Built target custom_interfaces__rosidl_typesupport_c__pyext
[0.475s] [100%] Built target custom_interfaces__rosidl_typesupport_fastrtps_c__pyext
[0.475s] Invoked command in '/root/Projeto_Final/build/custom_interfaces' returned '0': CMAKE_PREFIX_PATH=${CMAKE_PREFIX_PATH}:/root/Projeto_Final/install/waypoint_navigation_pkg:/root/Projeto_Final/install/rm_navigation:/opt/ros/foxy /usr/bin/cmake --build /root/Projeto_Final/build/custom_interfaces -- -j16 -l16
[0.486s] Invoking command in '/root/Projeto_Final/build/custom_interfaces': CMAKE_PREFIX_PATH=${CMAKE_PREFIX_PATH}:/root/Projeto_Final/install/waypoint_navigation_pkg:/root/Projeto_Final/install/rm_navigation:/opt/ros/foxy /usr/bin/cmake --install /root/Projeto_Final/build/custom_interfaces
[0.493s] -- Install configuration: ""
[0.495s] -- Up-to-date: /root/Projeto_Final/install/custom_interfaces/share/ament_index/resource_index/rosidl_interfaces/custom_interfaces
[0.495s] -- Up-to-date: /root/Projeto_Final/install/custom_interfaces/include/custom_interfaces
[0.495s] -- Up-to-date: /root/Projeto_Final/install/custom_interfaces/include/custom_interfaces/srv
[0.496s] -- Up-to-date: /root/Projeto_Final/install/custom_interfaces/include/custom_interfaces/srv/detail
[0.496s] -- Up-to-date: /root/Projeto_Final/install/custom_interfaces/include/custom_interfaces/srv/detail/start_mission__type_support.h
[0.496s] -- Up-to-date: /root/Projeto_Final/install/custom_interfaces/include/custom_interfaces/srv/detail/start_mission__functions.h
[0.496s] -- Up-to-date: /root/Projeto_Final/install/custom_interfaces/include/custom_interfaces/srv/detail/start_mission__struct.h
[0.497s] -- Up-to-date: /root/Projeto_Final/install/custom_interfaces/include/custom_interfaces/srv/detail/start_mission__functions.c
[0.497s] -- Up-to-date: /root/Projeto_Final/install/custom_interfaces/include/custom_interfaces/srv/start_mission.h
[0.497s] -- Up-to-date: /root/Projeto_Final/install/custom_interfaces/include/custom_interfaces/msg
[0.497s] -- Up-to-date: /root/Projeto_Final/install/custom_interfaces/include/custom_interfaces/msg/rosidl_generator_c__visibility_control.h
[0.498s] -- Up-to-date: /root/Projeto_Final/install/custom_interfaces/share/custom_interfaces/environment/library_path.sh
[0.498s] -- Up-to-date: /root/Projeto_Final/install/custom_interfaces/share/custom_interfaces/environment/library_path.dsv
[0.499s] -- Up-to-date: /root/Projeto_Final/install/custom_interfaces/lib/libcustom_interfaces__rosidl_generator_c.so
[0.499s] -- Up-to-date: /root/Projeto_Final/install/custom_interfaces/include/custom_interfaces
[0.499s] -- Up-to-date: /root/Projeto_Final/install/custom_interfaces/include/custom_interfaces/srv
[0.499s] -- Up-to-date: /root/Projeto_Final/install/custom_interfaces/include/custom_interfaces/srv/detail
[0.500s] -- Up-to-date: /root/Projeto_Final/install/custom_interfaces/include/custom_interfaces/srv/detail/start_mission__rosidl_typesupport_fastrtps_c.h
[0.502s] -- Up-to-date: /root/Projeto_Final/install/custom_interfaces/include/custom_interfaces/msg
[0.504s] -- Up-to-date: /root/Projeto_Final/install/custom_interfaces/include/custom_interfaces/msg/rosidl_typesupport_fastrtps_c__visibility_control.h
[0.506s] -- Up-to-date: /root/Projeto_Final/install/custom_interfaces/lib/libcustom_interfaces__rosidl_typesupport_fastrtps_c.so
[0.507s] -- Up-to-date: /root/Projeto_Final/install/custom_interfaces/include/custom_interfaces
[0.507s] -- Up-to-date: /root/Projeto_Final/install/custom_interfaces/include/custom_interfaces/srv
[0.508s] -- Up-to-date: /root/Projeto_Final/install/custom_interfaces/include/custom_interfaces/srv/detail
[0.509s] -- Up-to-date: /root/Projeto_Final/install/custom_interfaces/include/custom_interfaces/srv/detail/start_mission__rosidl_typesupport_fastrtps_cpp.hpp
[0.509s] -- Up-to-date: /root/Projeto_Final/install/custom_interfaces/include/custom_interfaces/srv/detail/dds_fastrtps
[0.510s] -- Up-to-date: /root/Projeto_Final/install/custom_interfaces/include/custom_interfaces/msg
[0.511s] -- Up-to-date: /root/Projeto_Final/install/custom_interfaces/include/custom_interfaces/msg/rosidl_typesupport_fastrtps_cpp__visibility_control.h
[0.512s] -- Up-to-date: /root/Projeto_Final/install/custom_interfaces/lib/libcustom_interfaces__rosidl_typesupport_fastrtps_cpp.so
[0.512s] -- Up-to-date: /root/Projeto_Final/install/custom_interfaces/include/custom_interfaces
[0.512s] -- Up-to-date: /root/Projeto_Final/install/custom_interfaces/include/custom_interfaces/srv
[0.512s] -- Up-to-date: /root/Projeto_Final/install/custom_interfaces/include/custom_interfaces/srv/detail
[0.513s] -- Up-to-date: /root/Projeto_Final/install/custom_interfaces/include/custom_interfaces/srv/detail/start_mission__type_support.c
[0.513s] -- Up-to-date: /root/Projeto_Final/install/custom_interfaces/include/custom_interfaces/srv/detail/start_mission__rosidl_typesupport_introspection_c.h
[0.513s] -- Up-to-date: /root/Projeto_Final/install/custom_interfaces/include/custom_interfaces/msg
[0.514s] -- Up-to-date: /root/Projeto_Final/install/custom_interfaces/include/custom_interfaces/msg/rosidl_typesupport_introspection_c__visibility_control.h
[0.514s] -- Up-to-date: /root/Projeto_Final/install/custom_interfaces/lib/libcustom_interfaces__rosidl_typesupport_introspection_c.so
[0.514s] -- Up-to-date: /root/Projeto_Final/install/custom_interfaces/lib/libcustom_interfaces__rosidl_typesupport_c.so
[0.515s] -- Up-to-date: /root/Projeto_Final/install/custom_interfaces/include/custom_interfaces
[0.515s] -- Up-to-date: /root/Projeto_Final/install/custom_interfaces/include/custom_interfaces/srv
[0.515s] -- Up-to-date: /root/Projeto_Final/install/custom_interfaces/include/custom_interfaces/srv/start_mission.hpp
[0.515s] -- Up-to-date: /root/Projeto_Final/install/custom_interfaces/include/custom_interfaces/srv/detail
[0.516s] -- Up-to-date: /root/Projeto_Final/install/custom_interfaces/include/custom_interfaces/srv/detail/start_mission__builder.hpp
[0.516s] -- Up-to-date: /root/Projeto_Final/install/custom_interfaces/include/custom_interfaces/srv/detail/start_mission__struct.hpp
[0.516s] -- Up-to-date: /root/Projeto_Final/install/custom_interfaces/include/custom_interfaces/srv/detail/start_mission__type_support.hpp
[0.517s] -- Up-to-date: /root/Projeto_Final/install/custom_interfaces/include/custom_interfaces/srv/detail/start_mission__traits.hpp
[0.517s] -- Up-to-date: /root/Projeto_Final/install/custom_interfaces/include/custom_interfaces/msg
[0.518s] -- Up-to-date: /root/Projeto_Final/install/custom_interfaces/include/custom_interfaces/msg/rosidl_generator_cpp__visibility_control.hpp
[0.518s] -- Up-to-date: /root/Projeto_Final/install/custom_interfaces/include/custom_interfaces
[0.518s] -- Up-to-date: /root/Projeto_Final/install/custom_interfaces/include/custom_interfaces/srv
[0.519s] -- Up-to-date: /root/Projeto_Final/install/custom_interfaces/include/custom_interfaces/srv/detail
[0.519s] -- Up-to-date: /root/Projeto_Final/install/custom_interfaces/include/custom_interfaces/srv/detail/start_mission__rosidl_typesupport_introspection_cpp.hpp
[0.521s] -- Up-to-date: /root/Projeto_Final/install/custom_interfaces/include/custom_interfaces/srv/detail/start_mission__type_support.cpp
[0.521s] -- Up-to-date: /root/Projeto_Final/install/custom_interfaces/lib/libcustom_interfaces__rosidl_typesupport_introspection_cpp.so
[0.522s] -- Up-to-date: /root/Projeto_Final/install/custom_interfaces/lib/libcustom_interfaces__rosidl_typesupport_cpp.so
[0.522s] -- Up-to-date: /root/Projeto_Final/install/custom_interfaces/share/custom_interfaces/environment/pythonpath.sh
[0.522s] -- Up-to-date: /root/Projeto_Final/install/custom_interfaces/share/custom_interfaces/environment/pythonpath.dsv
[0.522s] -- Up-to-date: /root/Projeto_Final/install/custom_interfaces/lib/python3.8/site-packages/custom_interfaces/__init__.py
[0.541s] -- Up-to-date: /root/Projeto_Final/install/custom_interfaces/lib/python3.8/site-packages/custom_interfaces/srv
[0.542s] -- Up-to-date: /root/Projeto_Final/install/custom_interfaces/lib/python3.8/site-packages/custom_interfaces/srv/_start_mission.py
[0.542s] -- Up-to-date: /root/Projeto_Final/install/custom_interfaces/lib/python3.8/site-packages/custom_interfaces/srv/__init__.py
[0.544s] -- Up-to-date: /root/Projeto_Final/install/custom_interfaces/lib/python3.8/site-packages/custom_interfaces/srv/_start_mission_s.c
[0.545s] -- Up-to-date: /root/Projeto_Final/install/custom_interfaces/lib/python3.8/site-packages/custom_interfaces/custom_interfaces_s__rosidl_typesupport_fastrtps_c.cpython-38-x86_64-linux-gnu.so
[0.546s] -- Up-to-date: /root/Projeto_Final/install/custom_interfaces/lib/python3.8/site-packages/custom_interfaces/custom_interfaces_s__rosidl_typesupport_introspection_c.cpython-38-x86_64-linux-gnu.so
[0.546s] -- Up-to-date: /root/Projeto_Final/install/custom_interfaces/lib/python3.8/site-packages/custom_interfaces/custom_interfaces_s__rosidl_typesupport_c.cpython-38-x86_64-linux-gnu.so
[0.547s] -- Up-to-date: /root/Projeto_Final/install/custom_interfaces/lib/libcustom_interfaces__python.so
[0.547s] -- Up-to-date: /root/Projeto_Final/install/custom_interfaces/share/custom_interfaces/srv/StartMission.idl
[0.548s] -- Up-to-date: /root/Projeto_Final/install/custom_interfaces/share/custom_interfaces/srv/StartMission.srv
[0.548s] -- Up-to-date: /root/Projeto_Final/install/custom_interfaces/share/custom_interfaces/srv/StartMission_Request.msg
[0.548s] -- Up-to-date: /root/Projeto_Final/install/custom_interfaces/share/custom_interfaces/srv/StartMission_Response.msg
[0.548s] -- Up-to-date: /root/Projeto_Final/install/custom_interfaces/share/ament_index/resource_index/package_run_dependencies/custom_interfaces
[0.549s] -- Up-to-date: /root/Projeto_Final/install/custom_interfaces/share/ament_index/resource_index/parent_prefix_path/custom_interfaces
[0.549s] -- Up-to-date: /root/Projeto_Final/install/custom_interfaces/share/custom_interfaces/environment/ament_prefix_path.sh
[0.549s] -- Up-to-date: /root/Projeto_Final/install/custom_interfaces/share/custom_interfaces/environment/ament_prefix_path.dsv
[0.549s] -- Up-to-date: /root/Projeto_Final/install/custom_interfaces/share/custom_interfaces/environment/path.sh
[0.549s] -- Up-to-date: /root/Projeto_Final/install/custom_interfaces/share/custom_interfaces/environment/path.dsv
[0.549s] -- Up-to-date: /root/Projeto_Final/install/custom_interfaces/share/custom_interfaces/local_setup.bash
[0.550s] -- Up-to-date: /root/Projeto_Final/install/custom_interfaces/share/custom_interfaces/local_setup.sh
[0.550s] -- Up-to-date: /root/Projeto_Final/install/custom_interfaces/share/custom_interfaces/local_setup.zsh
[0.550s] -- Up-to-date: /root/Projeto_Final/install/custom_interfaces/share/custom_interfaces/local_setup.dsv
[0.550s] -- Installing: /root/Projeto_Final/install/custom_interfaces/share/custom_interfaces/package.dsv
[0.550s] -- Up-to-date: /root/Projeto_Final/install/custom_interfaces/share/ament_index/resource_index/packages/custom_interfaces
[0.550s] -- Up-to-date: /root/Projeto_Final/install/custom_interfaces/share/custom_interfaces/cmake/custom_interfaces__rosidl_generator_cExport.cmake
[0.551s] -- Up-to-date: /root/Projeto_Final/install/custom_interfaces/share/custom_interfaces/cmake/custom_interfaces__rosidl_generator_cExport-noconfig.cmake
[0.551s] -- Up-to-date: /root/Projeto_Final/install/custom_interfaces/share/custom_interfaces/cmake/custom_interfaces__rosidl_typesupport_introspection_cExport.cmake
[0.551s] -- Up-to-date: /root/Projeto_Final/install/custom_interfaces/share/custom_interfaces/cmake/custom_interfaces__rosidl_typesupport_introspection_cExport-noconfig.cmake
[0.551s] -- Up-to-date: /root/Projeto_Final/install/custom_interfaces/share/custom_interfaces/cmake/custom_interfaces__rosidl_typesupport_cExport.cmake
[0.551s] -- Up-to-date: /root/Projeto_Final/install/custom_interfaces/share/custom_interfaces/cmake/custom_interfaces__rosidl_typesupport_cExport-noconfig.cmake
[0.551s] -- Up-to-date: /root/Projeto_Final/install/custom_interfaces/share/custom_interfaces/cmake/custom_interfaces__rosidl_generator_cppExport.cmake
[0.551s] -- Up-to-date: /root/Projeto_Final/install/custom_interfaces/share/custom_interfaces/cmake/custom_interfaces__rosidl_typesupport_introspection_cppExport.cmake
[0.551s] -- Up-to-date: /root/Projeto_Final/install/custom_interfaces/share/custom_interfaces/cmake/custom_interfaces__rosidl_typesupport_introspection_cppExport-noconfig.cmake
[0.552s] -- Up-to-date: /root/Projeto_Final/install/custom_interfaces/share/custom_interfaces/cmake/custom_interfaces__rosidl_typesupport_cppExport.cmake
[0.552s] -- Up-to-date: /root/Projeto_Final/install/custom_interfaces/share/custom_interfaces/cmake/custom_interfaces__rosidl_typesupport_cppExport-noconfig.cmake
[0.552s] -- Up-to-date: /root/Projeto_Final/install/custom_interfaces/share/custom_interfaces/cmake/rosidl_cmake-extras.cmake
[0.552s] -- Up-to-date: /root/Projeto_Final/install/custom_interfaces/share/custom_interfaces/cmake/ament_cmake_export_dependencies-extras.cmake
[0.552s] -- Up-to-date: /root/Projeto_Final/install/custom_interfaces/share/custom_interfaces/cmake/ament_cmake_export_libraries-extras.cmake
[0.552s] -- Up-to-date: /root/Projeto_Final/install/custom_interfaces/share/custom_interfaces/cmake/ament_cmake_export_targets-extras.cmake
[0.552s] -- Up-to-date: /root/Projeto_Final/install/custom_interfaces/share/custom_interfaces/cmake/ament_cmake_export_include_directories-extras.cmake
[0.553s] -- Up-to-date: /root/Projeto_Final/install/custom_interfaces/share/custom_interfaces/cmake/rosidl_cmake_export_typesupport_libraries-extras.cmake
[0.553s] -- Up-to-date: /root/Projeto_Final/install/custom_interfaces/share/custom_interfaces/cmake/rosidl_cmake_export_typesupport_targets-extras.cmake
[0.553s] -- Up-to-date: /root/Projeto_Final/install/custom_interfaces/share/custom_interfaces/cmake/custom_interfacesConfig.cmake
[0.553s] -- Up-to-date: /root/Projeto_Final/install/custom_interfaces/share/custom_interfaces/cmake/custom_interfacesConfig-version.cmake
[0.553s] -- Up-to-date: /root/Projeto_Final/install/custom_interfaces/share/custom_interfaces/package.xml
[0.571s] Invoked command in '/root/Projeto_Final/build/custom_interfaces' returned '0': CMAKE_PREFIX_PATH=${CMAKE_PREFIX_PATH}:/root/Projeto_Final/install/waypoint_navigation_pkg:/root/Projeto_Final/install/rm_navigation:/opt/ros/foxy /usr/bin/cmake --install /root/Projeto_Final/build/custom_interfaces
