[0.276s] Invoking command in '/root/Projeto_Final/build/robot_description': CMAKE_PREFIX_PATH=${CMAKE_PREFIX_PATH}:/root/Projeto_Final/install/waypoint_navigation_pkg:/root/Projeto_Final/install/rm_navigation:/opt/ros/foxy /usr/bin/cmake --build /root/Projeto_Final/build/robot_description -- -j16 -l16
[0.365s] Invoked command in '/root/Projeto_Final/build/robot_description' returned '0': CMAKE_PREFIX_PATH=${CMAKE_PREFIX_PATH}:/root/Projeto_Final/install/waypoint_navigation_pkg:/root/Projeto_Final/install/rm_navigation:/opt/ros/foxy /usr/bin/cmake --build /root/Projeto_Final/build/robot_description -- -j16 -l16
[0.369s] Invoking command in '/root/Projeto_Final/build/robot_description': CMAKE_PREFIX_PATH=${CMAKE_PREFIX_PATH}:/root/Projeto_Final/install/waypoint_navigation_pkg:/root/Projeto_Final/install/rm_navigation:/opt/ros/foxy /usr/bin/cmake --install /root/Projeto_Final/build/robot_description
[0.377s] -- Install configuration: ""
[0.378s] -- Up-to-date: /root/Projeto_Final/install/robot_description/share/robot_description//urdf
[0.378s] -- Up-to-date: /root/Projeto_Final/install/robot_description/share/robot_description//urdf/caster.xacro
[0.378s] -- Up-to-date: /root/Projeto_Final/install/robot_description/share/robot_description//urdf/wheels.xacro
[0.379s] -- Up-to-date: /root/Projeto_Final/install/robot_description/share/robot_description//urdf/differential_robot.xacro
[0.379s] -- Up-to-date: /root/Projeto_Final/install/robot_description/share/robot_description//urdf/robot_base.xacro
[0.379s] -- Up-to-date: /root/Projeto_Final/install/robot_description/share/robot_description//urdf/sensors.xacro
[0.379s] -- Up-to-date: /root/Projeto_Final/install/robot_description/share/robot_description//launch
[0.380s] -- Up-to-date: /root/Projeto_Final/install/robot_description/share/robot_description//launch/robot_simulation.py
[0.382s] -- Up-to-date: /root/Projeto_Final/install/robot_description/share/robot_description//launch/navigate.launch.py
[0.382s] -- Up-to-date: /root/Projeto_Final/install/robot_description/share/robot_description//launch/gazebo.launch.py
[0.383s] -- Up-to-date: /root/Projeto_Final/install/robot_description/share/robot_description//launch/robot_description.launch.py
[0.383s] -- Up-to-date: /root/Projeto_Final/install/robot_description/share/robot_description//launch/launch_file.launch.py
[0.384s] -- Up-to-date: /root/Projeto_Final/install/robot_description/share/robot_description//rviz
[0.384s] -- Up-to-date: /root/Projeto_Final/install/robot_description/share/robot_description//rviz/robot_vis.rviz
[0.384s] -- Up-to-date: /root/Projeto_Final/install/robot_description/share/robot_description//world
[0.385s] -- Up-to-date: /root/Projeto_Final/install/robot_description/share/robot_description//world/world.world
[0.387s] -- Up-to-date: /root/Projeto_Final/install/robot_description/share/robot_description//world/house
[0.387s] -- Up-to-date: /root/Projeto_Final/install/robot_description/share/robot_description//world/house/model.sdf
[0.388s] -- Up-to-date: /root/Projeto_Final/install/robot_description/share/robot_description//world/house/model.config
[0.388s] -- Up-to-date: /root/Projeto_Final/install/robot_description/share/robot_description//world/mundogustavo.world
[0.389s] -- Up-to-date: /root/Projeto_Final/install/robot_description/share/ament_index/resource_index/package_run_dependencies/robot_description
[0.390s] -- Up-to-date: /root/Projeto_Final/install/robot_description/share/ament_index/resource_index/parent_prefix_path/robot_description
[0.390s] -- Up-to-date: /root/Projeto_Final/install/robot_description/share/robot_description/environment/ament_prefix_path.sh
[0.390s] -- Up-to-date: /root/Projeto_Final/install/robot_description/share/robot_description/environment/ament_prefix_path.dsv
[0.390s] -- Up-to-date: /root/Projeto_Final/install/robot_description/share/robot_description/environment/path.sh
[0.392s] -- Up-to-date: /root/Projeto_Final/install/robot_description/share/robot_description/environment/path.dsv
[0.392s] -- Up-to-date: /root/Projeto_Final/install/robot_description/share/robot_description/local_setup.bash
[0.393s] -- Up-to-date: /root/Projeto_Final/install/robot_description/share/robot_description/local_setup.sh
[0.393s] -- Up-to-date: /root/Projeto_Final/install/robot_description/share/robot_description/local_setup.zsh
[0.393s] -- Up-to-date: /root/Projeto_Final/install/robot_description/share/robot_description/local_setup.dsv
[0.393s] -- Installing: /root/Projeto_Final/install/robot_description/share/robot_description/package.dsv
[0.393s] -- Up-to-date: /root/Projeto_Final/install/robot_description/share/ament_index/resource_index/packages/robot_description
[0.393s] -- Up-to-date: /root/Projeto_Final/install/robot_description/share/robot_description/cmake/robot_descriptionConfig.cmake
[0.393s] -- Up-to-date: /root/Projeto_Final/install/robot_description/share/robot_description/cmake/robot_descriptionConfig-version.cmake
[0.393s] -- Up-to-date: /root/Projeto_Final/install/robot_description/share/robot_description/package.xml
[0.400s] Invoked command in '/root/Projeto_Final/build/robot_description' returned '0': CMAKE_PREFIX_PATH=${CMAKE_PREFIX_PATH}:/root/Projeto_Final/install/waypoint_navigation_pkg:/root/Projeto_Final/install/rm_navigation:/opt/ros/foxy /usr/bin/cmake --install /root/Projeto_Final/build/robot_description
