[0.231s] DEBUG:colcon:Command line arguments: ['/usr/bin/colcon', 'build']
[0.231s] DEBUG:colcon:Parsed command line arguments: Namespace(allow_overriding=[], ament_cmake_args=None, base_paths=['.'], build_base='build', catkin_cmake_args=None, catkin_skip_building_tests=False, cmake_args=None, cmake_clean_cache=False, cmake_clean_first=False, cmake_force_configure=False, cmake_target=None, cmake_target_skip_unavailable=False, continue_on_error=False, event_handlers=None, executor='parallel', ignore_user_meta=False, install_base='install', log_base=None, log_level=None, main=<bound method BuildVerb.main of <colcon_core.verb.build.BuildVerb object at 0x7f58ae458100>>, merge_install=False, metas=['./colcon.meta'], mixin=None, mixin_files=None, mixin_verb=('build',), packages_above=None, packages_above_and_dependencies=None, packages_above_depth=None, packages_end=None, packages_ignore=None, packages_ignore_regex=None, packages_select=None, packages_select_build_failed=False, packages_select_by_dep=None, packages_select_regex=None, packages_select_test_failures=False, packages_skip=None, packages_skip_build_finished=False, packages_skip_by_dep=None, packages_skip_regex=None, packages_skip_test_passed=False, packages_skip_up_to=None, packages_start=None, packages_up_to=None, packages_up_to_regex=None, parallel_workers=16, paths=None, symlink_install=False, test_result_base=None, verb_extension=<colcon_core.verb.build.BuildVerb object at 0x7f58ae458100>, verb_name='build', verb_parser=<colcon_mixin.mixin.mixin_argument.MixinArgumentDecorator object at 0x7f58ae3a97f0>)
[0.359s] Level 1:colcon.colcon_core.package_discovery:discover_packages(colcon_meta) check parameters
[0.359s] Level 1:colcon.colcon_core.package_discovery:discover_packages(recursive) check parameters
[0.359s] Level 1:colcon.colcon_core.package_discovery:discover_packages(ignore) check parameters
[0.359s] Level 1:colcon.colcon_core.package_discovery:discover_packages(path) check parameters
[0.359s] Level 1:colcon.colcon_core.package_discovery:discover_packages(colcon_meta) discover
[0.359s] Level 1:colcon.colcon_core.package_discovery:discover_packages(recursive) discover
[0.359s] INFO:colcon.colcon_core.package_discovery:Crawling recursively for packages in '/root/Projeto_Final'
[0.359s] Level 1:colcon.colcon_core.package_identification:_identify(.) by extensions ['ignore', 'ignore_ament_install']
[0.359s] Level 1:colcon.colcon_core.package_identification:_identify(.) by extension 'ignore'
[0.360s] Level 1:colcon.colcon_core.package_identification:_identify(.) by extension 'ignore_ament_install'
[0.360s] Level 1:colcon.colcon_core.package_identification:_identify(.) by extensions ['colcon_pkg']
[0.360s] Level 1:colcon.colcon_core.package_identification:_identify(.) by extension 'colcon_pkg'
[0.360s] Level 1:colcon.colcon_core.package_identification:_identify(.) by extensions ['colcon_meta']
[0.360s] Level 1:colcon.colcon_core.package_identification:_identify(.) by extension 'colcon_meta'
[0.360s] Level 1:colcon.colcon_core.package_identification:_identify(.) by extensions ['ros']
[0.360s] Level 1:colcon.colcon_core.package_identification:_identify(.) by extension 'ros'
[0.370s] Level 1:colcon.colcon_core.package_identification:_identify(.) by extensions ['cmake', 'python']
[0.370s] Level 1:colcon.colcon_core.package_identification:_identify(.) by extension 'cmake'
[0.370s] Level 1:colcon.colcon_core.package_identification:_identify(.) by extension 'python'
[0.370s] Level 1:colcon.colcon_core.package_identification:_identify(.) by extensions ['python_setup_py']
[0.370s] Level 1:colcon.colcon_core.package_identification:_identify(.) by extension 'python_setup_py'
[0.370s] Level 1:colcon.colcon_core.package_identification:_identify(build) by extensions ['ignore', 'ignore_ament_install']
[0.371s] Level 1:colcon.colcon_core.package_identification:_identify(build) by extension 'ignore'
[0.371s] Level 1:colcon.colcon_core.package_identification:_identify(build) ignored
[0.371s] Level 1:colcon.colcon_core.package_identification:_identify(install) by extensions ['ignore', 'ignore_ament_install']
[0.371s] Level 1:colcon.colcon_core.package_identification:_identify(install) by extension 'ignore'
[0.371s] Level 1:colcon.colcon_core.package_identification:_identify(install) ignored
[0.371s] Level 1:colcon.colcon_core.package_identification:_identify(log) by extensions ['ignore', 'ignore_ament_install']
[0.371s] Level 1:colcon.colcon_core.package_identification:_identify(log) by extension 'ignore'
[0.371s] Level 1:colcon.colcon_core.package_identification:_identify(log) ignored
[0.371s] Level 1:colcon.colcon_core.package_identification:_identify(src) by extensions ['ignore', 'ignore_ament_install']
[0.372s] Level 1:colcon.colcon_core.package_identification:_identify(src) by extension 'ignore'
[0.372s] Level 1:colcon.colcon_core.package_identification:_identify(src) by extension 'ignore_ament_install'
[0.372s] Level 1:colcon.colcon_core.package_identification:_identify(src) by extensions ['colcon_pkg']
[0.372s] Level 1:colcon.colcon_core.package_identification:_identify(src) by extension 'colcon_pkg'
[0.372s] Level 1:colcon.colcon_core.package_identification:_identify(src) by extensions ['colcon_meta']
[0.372s] Level 1:colcon.colcon_core.package_identification:_identify(src) by extension 'colcon_meta'
[0.372s] Level 1:colcon.colcon_core.package_identification:_identify(src) by extensions ['ros']
[0.372s] Level 1:colcon.colcon_core.package_identification:_identify(src) by extension 'ros'
[0.372s] Level 1:colcon.colcon_core.package_identification:_identify(src) by extensions ['cmake', 'python']
[0.372s] Level 1:colcon.colcon_core.package_identification:_identify(src) by extension 'cmake'
[0.372s] Level 1:colcon.colcon_core.package_identification:_identify(src) by extension 'python'
[0.372s] Level 1:colcon.colcon_core.package_identification:_identify(src) by extensions ['python_setup_py']
[0.372s] Level 1:colcon.colcon_core.package_identification:_identify(src) by extension 'python_setup_py'
[0.372s] Level 1:colcon.colcon_core.package_identification:_identify(src/rm_localization) by extensions ['ignore', 'ignore_ament_install']
[0.372s] Level 1:colcon.colcon_core.package_identification:_identify(src/rm_localization) by extension 'ignore'
[0.373s] Level 1:colcon.colcon_core.package_identification:_identify(src/rm_localization) by extension 'ignore_ament_install'
[0.373s] Level 1:colcon.colcon_core.package_identification:_identify(src/rm_localization) by extensions ['colcon_pkg']
[0.373s] Level 1:colcon.colcon_core.package_identification:_identify(src/rm_localization) by extension 'colcon_pkg'
[0.373s] Level 1:colcon.colcon_core.package_identification:_identify(src/rm_localization) by extensions ['colcon_meta']
[0.373s] Level 1:colcon.colcon_core.package_identification:_identify(src/rm_localization) by extension 'colcon_meta'
[0.373s] Level 1:colcon.colcon_core.package_identification:_identify(src/rm_localization) by extensions ['ros']
[0.373s] Level 1:colcon.colcon_core.package_identification:_identify(src/rm_localization) by extension 'ros'
[0.376s] DEBUG:colcon.colcon_core.package_identification:Package 'src/rm_localization' with type 'ros.ament_cmake' and name 'rm_localization'
[0.377s] Level 1:colcon.colcon_core.package_identification:_identify(src/rm_navigation) by extensions ['ignore', 'ignore_ament_install']
[0.377s] Level 1:colcon.colcon_core.package_identification:_identify(src/rm_navigation) by extension 'ignore'
[0.377s] Level 1:colcon.colcon_core.package_identification:_identify(src/rm_navigation) by extension 'ignore_ament_install'
[0.377s] Level 1:colcon.colcon_core.package_identification:_identify(src/rm_navigation) by extensions ['colcon_pkg']
[0.377s] Level 1:colcon.colcon_core.package_identification:_identify(src/rm_navigation) by extension 'colcon_pkg'
[0.377s] Level 1:colcon.colcon_core.package_identification:_identify(src/rm_navigation) by extensions ['colcon_meta']
[0.377s] Level 1:colcon.colcon_core.package_identification:_identify(src/rm_navigation) by extension 'colcon_meta'
[0.377s] Level 1:colcon.colcon_core.package_identification:_identify(src/rm_navigation) by extensions ['ros']
[0.377s] Level 1:colcon.colcon_core.package_identification:_identify(src/rm_navigation) by extension 'ros'
[0.378s] DEBUG:colcon.colcon_core.package_identification:Package 'src/rm_navigation' with type 'ros.ament_python' and name 'rm_navigation'
[0.378s] Level 1:colcon.colcon_core.package_identification:_identify(src/robot_description) by extensions ['ignore', 'ignore_ament_install']
[0.378s] Level 1:colcon.colcon_core.package_identification:_identify(src/robot_description) by extension 'ignore'
[0.378s] Level 1:colcon.colcon_core.package_identification:_identify(src/robot_description) by extension 'ignore_ament_install'
[0.378s] Level 1:colcon.colcon_core.package_identification:_identify(src/robot_description) by extensions ['colcon_pkg']
[0.378s] Level 1:colcon.colcon_core.package_identification:_identify(src/robot_description) by extension 'colcon_pkg'
[0.378s] Level 1:colcon.colcon_core.package_identification:_identify(src/robot_description) by extensions ['colcon_meta']
[0.378s] Level 1:colcon.colcon_core.package_identification:_identify(src/robot_description) by extension 'colcon_meta'
[0.378s] Level 1:colcon.colcon_core.package_identification:_identify(src/robot_description) by extensions ['ros']
[0.378s] Level 1:colcon.colcon_core.package_identification:_identify(src/robot_description) by extension 'ros'
[0.379s] DEBUG:colcon.colcon_core.package_identification:Package 'src/robot_description' with type 'ros.ament_cmake' and name 'robot_description'
[0.379s] Level 1:colcon.colcon_core.package_discovery:discover_packages(recursive) using defaults
[0.379s] Level 1:colcon.colcon_core.package_discovery:discover_packages(ignore) discover
[0.379s] Level 1:colcon.colcon_core.package_discovery:discover_packages(ignore) using defaults
[0.379s] Level 1:colcon.colcon_core.package_discovery:discover_packages(path) discover
[0.379s] Level 1:colcon.colcon_core.package_discovery:discover_packages(path) using defaults
[0.396s] Level 1:colcon.colcon_core.package_discovery:discover_packages(prefix_path) check parameters
[0.396s] Level 1:colcon.colcon_core.package_discovery:discover_packages(prefix_path) discover
[0.398s] DEBUG:colcon.colcon_installed_package_information.package_discovery:Found 3 installed packages in /root/Projeto_Final/install
[0.399s] DEBUG:colcon.colcon_installed_package_information.package_discovery:Found 375 installed packages in /opt/ros/foxy
[0.415s] Level 1:colcon.colcon_core.package_discovery:discover_packages(prefix_path) using defaults
[0.472s] Level 5:colcon.colcon_core.verb:set package 'rm_localization' build argument 'cmake_args' from command line to 'None'
[0.472s] Level 5:colcon.colcon_core.verb:set package 'rm_localization' build argument 'cmake_target' from command line to 'None'
[0.472s] Level 5:colcon.colcon_core.verb:set package 'rm_localization' build argument 'cmake_target_skip_unavailable' from command line to 'False'
[0.472s] Level 5:colcon.colcon_core.verb:set package 'rm_localization' build argument 'cmake_clean_cache' from command line to 'False'
[0.472s] Level 5:colcon.colcon_core.verb:set package 'rm_localization' build argument 'cmake_clean_first' from command line to 'False'
[0.472s] Level 5:colcon.colcon_core.verb:set package 'rm_localization' build argument 'cmake_force_configure' from command line to 'False'
[0.472s] Level 5:colcon.colcon_core.verb:set package 'rm_localization' build argument 'ament_cmake_args' from command line to 'None'
[0.472s] Level 5:colcon.colcon_core.verb:set package 'rm_localization' build argument 'catkin_cmake_args' from command line to 'None'
[0.472s] Level 5:colcon.colcon_core.verb:set package 'rm_localization' build argument 'catkin_skip_building_tests' from command line to 'False'
[0.472s] DEBUG:colcon.colcon_core.verb:Building package 'rm_localization' with the following arguments: {'ament_cmake_args': None, 'build_base': '/root/Projeto_Final/build/rm_localization', 'catkin_cmake_args': None, 'catkin_skip_building_tests': False, 'cmake_args': None, 'cmake_clean_cache': False, 'cmake_clean_first': False, 'cmake_force_configure': False, 'cmake_target': None, 'cmake_target_skip_unavailable': False, 'install_base': '/root/Projeto_Final/install/rm_localization', 'merge_install': False, 'path': '/root/Projeto_Final/src/rm_localization', 'symlink_install': False, 'test_result_base': None}
[0.473s] Level 5:colcon.colcon_core.verb:set package 'rm_navigation' build argument 'cmake_args' from command line to 'None'
[0.473s] Level 5:colcon.colcon_core.verb:set package 'rm_navigation' build argument 'cmake_target' from command line to 'None'
[0.473s] Level 5:colcon.colcon_core.verb:set package 'rm_navigation' build argument 'cmake_target_skip_unavailable' from command line to 'False'
[0.473s] Level 5:colcon.colcon_core.verb:set package 'rm_navigation' build argument 'cmake_clean_cache' from command line to 'False'
[0.473s] Level 5:colcon.colcon_core.verb:set package 'rm_navigation' build argument 'cmake_clean_first' from command line to 'False'
[0.473s] Level 5:colcon.colcon_core.verb:set package 'rm_navigation' build argument 'cmake_force_configure' from command line to 'False'
[0.473s] Level 5:colcon.colcon_core.verb:set package 'rm_navigation' build argument 'ament_cmake_args' from command line to 'None'
[0.473s] Level 5:colcon.colcon_core.verb:set package 'rm_navigation' build argument 'catkin_cmake_args' from command line to 'None'
[0.473s] Level 5:colcon.colcon_core.verb:set package 'rm_navigation' build argument 'catkin_skip_building_tests' from command line to 'False'
[0.473s] DEBUG:colcon.colcon_core.verb:Building package 'rm_navigation' with the following arguments: {'ament_cmake_args': None, 'build_base': '/root/Projeto_Final/build/rm_navigation', 'catkin_cmake_args': None, 'catkin_skip_building_tests': False, 'cmake_args': None, 'cmake_clean_cache': False, 'cmake_clean_first': False, 'cmake_force_configure': False, 'cmake_target': None, 'cmake_target_skip_unavailable': False, 'install_base': '/root/Projeto_Final/install/rm_navigation', 'merge_install': False, 'path': '/root/Projeto_Final/src/rm_navigation', 'symlink_install': False, 'test_result_base': None}
[0.473s] Level 5:colcon.colcon_core.verb:set package 'robot_description' build argument 'cmake_args' from command line to 'None'
[0.473s] Level 5:colcon.colcon_core.verb:set package 'robot_description' build argument 'cmake_target' from command line to 'None'
[0.473s] Level 5:colcon.colcon_core.verb:set package 'robot_description' build argument 'cmake_target_skip_unavailable' from command line to 'False'
[0.473s] Level 5:colcon.colcon_core.verb:set package 'robot_description' build argument 'cmake_clean_cache' from command line to 'False'
[0.473s] Level 5:colcon.colcon_core.verb:set package 'robot_description' build argument 'cmake_clean_first' from command line to 'False'
[0.473s] Level 5:colcon.colcon_core.verb:set package 'robot_description' build argument 'cmake_force_configure' from command line to 'False'
[0.473s] Level 5:colcon.colcon_core.verb:set package 'robot_description' build argument 'ament_cmake_args' from command line to 'None'
[0.473s] Level 5:colcon.colcon_core.verb:set package 'robot_description' build argument 'catkin_cmake_args' from command line to 'None'
[0.473s] Level 5:colcon.colcon_core.verb:set package 'robot_description' build argument 'catkin_skip_building_tests' from command line to 'False'
[0.473s] DEBUG:colcon.colcon_core.verb:Building package 'robot_description' with the following arguments: {'ament_cmake_args': None, 'build_base': '/root/Projeto_Final/build/robot_description', 'catkin_cmake_args': None, 'catkin_skip_building_tests': False, 'cmake_args': None, 'cmake_clean_cache': False, 'cmake_clean_first': False, 'cmake_force_configure': False, 'cmake_target': None, 'cmake_target_skip_unavailable': False, 'install_base': '/root/Projeto_Final/install/robot_description', 'merge_install': False, 'path': '/root/Projeto_Final/src/robot_description', 'symlink_install': False, 'test_result_base': None}
[0.473s] INFO:colcon.colcon_core.executor:Executing jobs using 'parallel' executor
[0.475s] DEBUG:colcon.colcon_parallel_executor.executor.parallel:run_until_complete
[0.475s] INFO:colcon.colcon_ros.task.ament_cmake.build:Building ROS package in '/root/Projeto_Final/src/rm_localization' with build type 'ament_cmake'
[0.476s] INFO:colcon.colcon_cmake.task.cmake.build:Building CMake package in '/root/Projeto_Final/src/rm_localization'
[0.478s] INFO:colcon.colcon_core.plugin_system:Skipping extension 'colcon_core.shell.bat': Not used on non-Windows systems
[0.478s] INFO:colcon.colcon_core.shell:Skip shell extension 'powershell' for command environment: Not usable outside of PowerShell
[0.479s] DEBUG:colcon.colcon_core.shell:Skip shell extension 'dsv' for command environment
[0.483s] INFO:colcon.colcon_ros.task.ament_python.build:Building ROS package in '/root/Projeto_Final/src/rm_navigation' with build type 'ament_python'
[0.483s] Level 1:colcon.colcon_core.shell:create_environment_hook('rm_navigation', 'ament_prefix_path')
[0.484s] INFO:colcon.colcon_core.shell:Creating environment hook '/root/Projeto_Final/install/rm_navigation/share/rm_navigation/hook/ament_prefix_path.ps1'
[0.485s] INFO:colcon.colcon_core.shell:Creating environment descriptor '/root/Projeto_Final/install/rm_navigation/share/rm_navigation/hook/ament_prefix_path.dsv'
[0.486s] INFO:colcon.colcon_core.shell:Creating environment hook '/root/Projeto_Final/install/rm_navigation/share/rm_navigation/hook/ament_prefix_path.sh'
[0.487s] INFO:colcon.colcon_core.shell:Skip shell extension 'powershell' for command environment: Not usable outside of PowerShell
[0.487s] DEBUG:colcon.colcon_core.shell:Skip shell extension 'dsv' for command environment
[0.491s] INFO:colcon.colcon_ros.task.ament_cmake.build:Building ROS package in '/root/Projeto_Final/src/robot_description' with build type 'ament_cmake'
[0.491s] INFO:colcon.colcon_cmake.task.cmake.build:Building CMake package in '/root/Projeto_Final/src/robot_description'
[0.492s] INFO:colcon.colcon_core.shell:Skip shell extension 'powershell' for command environment: Not usable outside of PowerShell
[0.492s] DEBUG:colcon.colcon_core.shell:Skip shell extension 'dsv' for command environment
[0.511s] DEBUG:colcon.colcon_core.event_handler.log_command:Invoking command in '/root/Projeto_Final/build/rm_localization': CMAKE_PREFIX_PATH=${CMAKE_PREFIX_PATH}:/root/Projeto_Final/install/rm_navigation:/opt/ros/foxy /usr/bin/cmake --build /root/Projeto_Final/build/rm_localization -- -j16 -l16
[0.694s] INFO:colcon.colcon_core.task.python.build:Building Python package in '/root/Projeto_Final/src/rm_navigation'
[0.695s] INFO:colcon.colcon_core.shell:Skip shell extension 'powershell' for command environment: Not usable outside of PowerShell
[0.695s] DEBUG:colcon.colcon_core.shell:Skip shell extension 'dsv' for command environment
[0.713s] DEBUG:colcon.colcon_core.event_handler.log_command:Invoking command in '/root/Projeto_Final/build/robot_description': CMAKE_PREFIX_PATH=${CMAKE_PREFIX_PATH}:/root/Projeto_Final/install/rm_navigation:/opt/ros/foxy /usr/bin/cmake --build /root/Projeto_Final/build/robot_description -- -j16 -l16
[0.720s] DEBUG:colcon.colcon_core.event_handler.log_command:Invoked command in '/root/Projeto_Final/build/rm_localization' returned '0': CMAKE_PREFIX_PATH=${CMAKE_PREFIX_PATH}:/root/Projeto_Final/install/rm_navigation:/opt/ros/foxy /usr/bin/cmake --build /root/Projeto_Final/build/rm_localization -- -j16 -l16
[0.736s] DEBUG:colcon.colcon_core.event_handler.log_command:Invoking command in '/root/Projeto_Final/build/rm_localization': CMAKE_PREFIX_PATH=${CMAKE_PREFIX_PATH}:/root/Projeto_Final/install/rm_navigation:/opt/ros/foxy /usr/bin/cmake --install /root/Projeto_Final/build/rm_localization
[0.750s] Level 1:colcon.colcon_core.environment:create_environment_scripts_only(rm_localization)
[0.751s] DEBUG:colcon.colcon_core.event_handler.log_command:Invoked command in '/root/Projeto_Final/build/rm_localization' returned '0': CMAKE_PREFIX_PATH=${CMAKE_PREFIX_PATH}:/root/Projeto_Final/install/rm_navigation:/opt/ros/foxy /usr/bin/cmake --install /root/Projeto_Final/build/rm_localization
[0.753s] Level 1:colcon.colcon_core.environment:checking '/root/Projeto_Final/install/rm_localization' for CMake module files
[0.754s] Level 1:colcon.colcon_core.environment:checking '/root/Projeto_Final/install/rm_localization' for CMake config files
[0.754s] Level 1:colcon.colcon_core.shell:create_environment_hook('rm_localization', 'cmake_prefix_path')
[0.755s] INFO:colcon.colcon_core.shell:Creating environment hook '/root/Projeto_Final/install/rm_localization/share/rm_localization/hook/cmake_prefix_path.ps1'
[0.756s] INFO:colcon.colcon_core.shell:Creating environment descriptor '/root/Projeto_Final/install/rm_localization/share/rm_localization/hook/cmake_prefix_path.dsv'
[0.757s] INFO:colcon.colcon_core.shell:Creating environment hook '/root/Projeto_Final/install/rm_localization/share/rm_localization/hook/cmake_prefix_path.sh'
[0.759s] Level 1:colcon.colcon_core.environment:checking '/root/Projeto_Final/install/rm_localization/bin'
[0.759s] Level 1:colcon.colcon_core.environment:checking '/root/Projeto_Final/install/rm_localization/lib/pkgconfig/rm_localization.pc'
[0.759s] Level 1:colcon.colcon_core.environment:checking '/root/Projeto_Final/install/rm_localization/lib/python3.8/site-packages'
[0.759s] Level 1:colcon.colcon_core.environment:checking '/root/Projeto_Final/install/rm_localization/bin'
[0.760s] INFO:colcon.colcon_core.shell:Creating package script '/root/Projeto_Final/install/rm_localization/share/rm_localization/package.ps1'
[0.760s] INFO:colcon.colcon_core.shell:Creating package descriptor '/root/Projeto_Final/install/rm_localization/share/rm_localization/package.dsv'
[0.761s] INFO:colcon.colcon_core.shell:Creating package script '/root/Projeto_Final/install/rm_localization/share/rm_localization/package.sh'
[0.762s] INFO:colcon.colcon_core.shell:Creating package script '/root/Projeto_Final/install/rm_localization/share/rm_localization/package.bash'
[0.763s] INFO:colcon.colcon_core.shell:Creating package script '/root/Projeto_Final/install/rm_localization/share/rm_localization/package.zsh'
[0.763s] Level 1:colcon.colcon_core.environment:create_file_with_runtime_dependencies(/root/Projeto_Final/install/rm_localization/share/colcon-core/packages/rm_localization)
[0.764s] Level 1:colcon.colcon_core.environment:create_environment_scripts_only(rm_localization)
[0.764s] Level 1:colcon.colcon_core.environment:checking '/root/Projeto_Final/install/rm_localization' for CMake module files
[0.765s] Level 1:colcon.colcon_core.environment:checking '/root/Projeto_Final/install/rm_localization' for CMake config files
[0.765s] Level 1:colcon.colcon_core.shell:create_environment_hook('rm_localization', 'cmake_prefix_path')
[0.765s] INFO:colcon.colcon_core.shell:Creating environment hook '/root/Projeto_Final/install/rm_localization/share/rm_localization/hook/cmake_prefix_path.ps1'
[0.766s] INFO:colcon.colcon_core.shell:Creating environment descriptor '/root/Projeto_Final/install/rm_localization/share/rm_localization/hook/cmake_prefix_path.dsv'
[0.766s] INFO:colcon.colcon_core.shell:Creating environment hook '/root/Projeto_Final/install/rm_localization/share/rm_localization/hook/cmake_prefix_path.sh'
[0.767s] Level 1:colcon.colcon_core.environment:checking '/root/Projeto_Final/install/rm_localization/bin'
[0.767s] Level 1:colcon.colcon_core.environment:checking '/root/Projeto_Final/install/rm_localization/lib/pkgconfig/rm_localization.pc'
[0.767s] Level 1:colcon.colcon_core.environment:checking '/root/Projeto_Final/install/rm_localization/lib/python3.8/site-packages'
[0.767s] Level 1:colcon.colcon_core.environment:checking '/root/Projeto_Final/install/rm_localization/bin'
[0.768s] INFO:colcon.colcon_core.shell:Creating package script '/root/Projeto_Final/install/rm_localization/share/rm_localization/package.ps1'
[0.768s] INFO:colcon.colcon_core.shell:Creating package descriptor '/root/Projeto_Final/install/rm_localization/share/rm_localization/package.dsv'
[0.768s] INFO:colcon.colcon_core.shell:Creating package script '/root/Projeto_Final/install/rm_localization/share/rm_localization/package.sh'
[0.769s] INFO:colcon.colcon_core.shell:Creating package script '/root/Projeto_Final/install/rm_localization/share/rm_localization/package.bash'
[0.769s] INFO:colcon.colcon_core.shell:Creating package script '/root/Projeto_Final/install/rm_localization/share/rm_localization/package.zsh'
[0.770s] Level 1:colcon.colcon_core.environment:create_file_with_runtime_dependencies(/root/Projeto_Final/install/rm_localization/share/colcon-core/packages/rm_localization)
[0.774s] DEBUG:colcon.colcon_core.event_handler.log_command:Invoked command in '/root/Projeto_Final/build/robot_description' returned '0': CMAKE_PREFIX_PATH=${CMAKE_PREFIX_PATH}:/root/Projeto_Final/install/rm_navigation:/opt/ros/foxy /usr/bin/cmake --build /root/Projeto_Final/build/robot_description -- -j16 -l16
[0.777s] DEBUG:colcon.colcon_core.event_handler.log_command:Invoking command in '/root/Projeto_Final/build/robot_description': CMAKE_PREFIX_PATH=${CMAKE_PREFIX_PATH}:/root/Projeto_Final/install/rm_navigation:/opt/ros/foxy /usr/bin/cmake --install /root/Projeto_Final/build/robot_description
[0.788s] Level 1:colcon.colcon_core.environment:create_environment_scripts_only(robot_description)
[0.788s] Level 1:colcon.colcon_core.environment:checking '/root/Projeto_Final/install/robot_description' for CMake module files
[0.789s] DEBUG:colcon.colcon_core.event_handler.log_command:Invoked command in '/root/Projeto_Final/build/robot_description' returned '0': CMAKE_PREFIX_PATH=${CMAKE_PREFIX_PATH}:/root/Projeto_Final/install/rm_navigation:/opt/ros/foxy /usr/bin/cmake --install /root/Projeto_Final/build/robot_description
[0.789s] Level 1:colcon.colcon_core.environment:checking '/root/Projeto_Final/install/robot_description' for CMake config files
[0.790s] Level 1:colcon.colcon_core.shell:create_environment_hook('robot_description', 'cmake_prefix_path')
[0.790s] INFO:colcon.colcon_core.shell:Creating environment hook '/root/Projeto_Final/install/robot_description/share/robot_description/hook/cmake_prefix_path.ps1'
[0.792s] INFO:colcon.colcon_core.shell:Creating environment descriptor '/root/Projeto_Final/install/robot_description/share/robot_description/hook/cmake_prefix_path.dsv'
[0.792s] INFO:colcon.colcon_core.shell:Creating environment hook '/root/Projeto_Final/install/robot_description/share/robot_description/hook/cmake_prefix_path.sh'
[0.793s] Level 1:colcon.colcon_core.environment:checking '/root/Projeto_Final/install/robot_description/bin'
[0.793s] Level 1:colcon.colcon_core.environment:checking '/root/Projeto_Final/install/robot_description/lib/pkgconfig/robot_description.pc'
[0.794s] Level 1:colcon.colcon_core.environment:checking '/root/Projeto_Final/install/robot_description/lib/python3.8/site-packages'
[0.794s] Level 1:colcon.colcon_core.environment:checking '/root/Projeto_Final/install/robot_description/bin'
[0.795s] INFO:colcon.colcon_core.shell:Creating package script '/root/Projeto_Final/install/robot_description/share/robot_description/package.ps1'
[0.796s] INFO:colcon.colcon_core.shell:Creating package descriptor '/root/Projeto_Final/install/robot_description/share/robot_description/package.dsv'
[0.796s] INFO:colcon.colcon_core.shell:Creating package script '/root/Projeto_Final/install/robot_description/share/robot_description/package.sh'
[0.797s] INFO:colcon.colcon_core.shell:Creating package script '/root/Projeto_Final/install/robot_description/share/robot_description/package.bash'
[0.798s] INFO:colcon.colcon_core.shell:Creating package script '/root/Projeto_Final/install/robot_description/share/robot_description/package.zsh'
[0.799s] Level 1:colcon.colcon_core.environment:create_file_with_runtime_dependencies(/root/Projeto_Final/install/robot_description/share/colcon-core/packages/robot_description)
[0.800s] Level 1:colcon.colcon_core.environment:create_environment_scripts_only(robot_description)
[0.800s] Level 1:colcon.colcon_core.environment:checking '/root/Projeto_Final/install/robot_description' for CMake module files
[0.800s] Level 1:colcon.colcon_core.environment:checking '/root/Projeto_Final/install/robot_description' for CMake config files
[0.801s] Level 1:colcon.colcon_core.shell:create_environment_hook('robot_description', 'cmake_prefix_path')
[0.801s] INFO:colcon.colcon_core.shell:Creating environment hook '/root/Projeto_Final/install/robot_description/share/robot_description/hook/cmake_prefix_path.ps1'
[0.802s] INFO:colcon.colcon_core.shell:Creating environment descriptor '/root/Projeto_Final/install/robot_description/share/robot_description/hook/cmake_prefix_path.dsv'
[0.802s] INFO:colcon.colcon_core.shell:Creating environment hook '/root/Projeto_Final/install/robot_description/share/robot_description/hook/cmake_prefix_path.sh'
[0.803s] Level 1:colcon.colcon_core.environment:checking '/root/Projeto_Final/install/robot_description/bin'
[0.803s] Level 1:colcon.colcon_core.environment:checking '/root/Projeto_Final/install/robot_description/lib/pkgconfig/robot_description.pc'
[0.803s] Level 1:colcon.colcon_core.environment:checking '/root/Projeto_Final/install/robot_description/lib/python3.8/site-packages'
[0.803s] Level 1:colcon.colcon_core.environment:checking '/root/Projeto_Final/install/robot_description/bin'
[0.803s] INFO:colcon.colcon_core.shell:Creating package script '/root/Projeto_Final/install/robot_description/share/robot_description/package.ps1'
[0.804s] INFO:colcon.colcon_core.shell:Creating package descriptor '/root/Projeto_Final/install/robot_description/share/robot_description/package.dsv'
[0.804s] INFO:colcon.colcon_core.shell:Creating package script '/root/Projeto_Final/install/robot_description/share/robot_description/package.sh'
[0.805s] INFO:colcon.colcon_core.shell:Creating package script '/root/Projeto_Final/install/robot_description/share/robot_description/package.bash'
[0.806s] INFO:colcon.colcon_core.shell:Creating package script '/root/Projeto_Final/install/robot_description/share/robot_description/package.zsh'
[0.807s] Level 1:colcon.colcon_core.environment:create_file_with_runtime_dependencies(/root/Projeto_Final/install/robot_description/share/colcon-core/packages/robot_description)
[1.126s] DEBUG:colcon.colcon_core.event_handler.log_command:Invoking command in '/root/Projeto_Final/src/rm_navigation': PYTHONPATH=/root/Projeto_Final/build/rm_navigation/prefix_override:/usr/lib/python3/dist-packages/colcon_core/task/python/colcon_distutils_commands:/root/Projeto_Final/install/rm_navigation/lib/python3.8/site-packages:${PYTHONPATH} /usr/bin/python3 -W ignore:setup.py install is deprecated -W ignore:easy_install command is deprecated setup.py egg_info --egg-base ../../build/rm_navigation build --build-base /root/Projeto_Final/build/rm_navigation/build install --record /root/Projeto_Final/build/rm_navigation/install.log --install-scripts $base/lib/rm_navigation --single-version-externally-managed install_data
[1.382s] Level 1:colcon.colcon_core.environment:checking '/root/Projeto_Final/install/rm_navigation' for CMake module files
[1.383s] Level 1:colcon.colcon_core.environment:checking '/root/Projeto_Final/install/rm_navigation' for CMake config files
[1.383s] DEBUG:colcon.colcon_core.event_handler.log_command:Invoked command in '/root/Projeto_Final/src/rm_navigation' returned '0': PYTHONPATH=/root/Projeto_Final/build/rm_navigation/prefix_override:/usr/lib/python3/dist-packages/colcon_core/task/python/colcon_distutils_commands:/root/Projeto_Final/install/rm_navigation/lib/python3.8/site-packages:${PYTHONPATH} /usr/bin/python3 -W ignore:setup.py install is deprecated -W ignore:easy_install command is deprecated setup.py egg_info --egg-base ../../build/rm_navigation build --build-base /root/Projeto_Final/build/rm_navigation/build install --record /root/Projeto_Final/build/rm_navigation/install.log --install-scripts $base/lib/rm_navigation --single-version-externally-managed install_data
[1.384s] Level 1:colcon.colcon_core.environment:checking '/root/Projeto_Final/install/rm_navigation/lib'
[1.385s] Level 1:colcon.colcon_core.environment:checking '/root/Projeto_Final/install/rm_navigation/bin'
[1.385s] Level 1:colcon.colcon_core.environment:checking '/root/Projeto_Final/install/rm_navigation/lib/pkgconfig/rm_navigation.pc'
[1.385s] Level 1:colcon.colcon_core.environment:checking '/root/Projeto_Final/install/rm_navigation/lib/python3.8/site-packages'
[1.385s] Level 1:colcon.colcon_core.shell:create_environment_hook('rm_navigation', 'pythonpath')
[1.386s] INFO:colcon.colcon_core.shell:Creating environment hook '/root/Projeto_Final/install/rm_navigation/share/rm_navigation/hook/pythonpath.ps1'
[1.387s] INFO:colcon.colcon_core.shell:Creating environment descriptor '/root/Projeto_Final/install/rm_navigation/share/rm_navigation/hook/pythonpath.dsv'
[1.387s] INFO:colcon.colcon_core.shell:Creating environment hook '/root/Projeto_Final/install/rm_navigation/share/rm_navigation/hook/pythonpath.sh'
[1.388s] Level 1:colcon.colcon_core.environment:checking '/root/Projeto_Final/install/rm_navigation/bin'
[1.388s] Level 1:colcon.colcon_core.environment:create_environment_scripts_only(rm_navigation)
[1.388s] INFO:colcon.colcon_core.shell:Creating package script '/root/Projeto_Final/install/rm_navigation/share/rm_navigation/package.ps1'
[1.388s] INFO:colcon.colcon_core.shell:Creating package descriptor '/root/Projeto_Final/install/rm_navigation/share/rm_navigation/package.dsv'
[1.389s] INFO:colcon.colcon_core.shell:Creating package script '/root/Projeto_Final/install/rm_navigation/share/rm_navigation/package.sh'
[1.389s] INFO:colcon.colcon_core.shell:Creating package script '/root/Projeto_Final/install/rm_navigation/share/rm_navigation/package.bash'
[1.389s] INFO:colcon.colcon_core.shell:Creating package script '/root/Projeto_Final/install/rm_navigation/share/rm_navigation/package.zsh'
[1.390s] Level 1:colcon.colcon_core.environment:create_file_with_runtime_dependencies(/root/Projeto_Final/install/rm_navigation/share/colcon-core/packages/rm_navigation)
[1.390s] DEBUG:colcon.colcon_parallel_executor.executor.parallel:closing loop
[1.391s] DEBUG:colcon.colcon_parallel_executor.executor.parallel:loop closed
[1.391s] DEBUG:colcon.colcon_parallel_executor.executor.parallel:run_until_complete finished with '0'
[1.391s] DEBUG:colcon.colcon_core.event_reactor:joining thread
[1.424s] INFO:colcon.colcon_core.plugin_system:Skipping extension 'colcon_notification.desktop_notification.notify_send': Could not find 'notify-send'
[1.425s] INFO:colcon.colcon_core.plugin_system:Skipping extension 'colcon_notification.desktop_notification.terminal_notifier': Not used on non-Darwin systems
[1.425s] INFO:colcon.colcon_core.plugin_system:Skipping extension 'colcon_notification.desktop_notification.win32': Not used on non-Windows systems
[1.425s] INFO:colcon.colcon_notification.desktop_notification:Sending desktop notification using 'notify2'
[1.426s] DEBUG:colcon.colcon_notification.desktop_notification.notify2:Failed to initialize notify2: org.freedesktop.DBus.Error.ServiceUnknown: The name org.freedesktop.Notifications was not provided by any .service files
[1.426s] DEBUG:colcon.colcon_core.event_reactor:joined thread
[1.427s] INFO:colcon.colcon_core.shell:Creating prefix script '/root/Projeto_Final/install/local_setup.ps1'
[1.428s] INFO:colcon.colcon_core.shell:Creating prefix util module '/root/Projeto_Final/install/_local_setup_util_ps1.py'
[1.429s] INFO:colcon.colcon_core.shell:Creating prefix chain script '/root/Projeto_Final/install/setup.ps1'
[1.430s] INFO:colcon.colcon_core.shell:Creating prefix script '/root/Projeto_Final/install/local_setup.sh'
[1.431s] INFO:colcon.colcon_core.shell:Creating prefix util module '/root/Projeto_Final/install/_local_setup_util_sh.py'
[1.431s] INFO:colcon.colcon_core.shell:Creating prefix chain script '/root/Projeto_Final/install/setup.sh'
[1.433s] INFO:colcon.colcon_core.shell:Creating prefix script '/root/Projeto_Final/install/local_setup.bash'
[1.433s] INFO:colcon.colcon_core.shell:Creating prefix chain script '/root/Projeto_Final/install/setup.bash'
[1.434s] INFO:colcon.colcon_core.shell:Creating prefix script '/root/Projeto_Final/install/local_setup.zsh'
[1.435s] INFO:colcon.colcon_core.shell:Creating prefix chain script '/root/Projeto_Final/install/setup.zsh'
