[0.561s] Invoking command in '/root/Projeto_Final/src/waypoint_navigation_pkg': CMAKE_PREFIX_PATH=/root/Projeto_Final/install/custom_interfaces:/root/Projeto_Final/install/robot_description:/root/Projeto_Final/install/rm_localization PYTHONPATH=/root/Projeto_Final/build/waypoint_navigation_pkg/prefix_override:/usr/lib/python3/dist-packages/colcon_core/task/python/colcon_distutils_commands:/root/Projeto_Final/install/waypoint_navigation_pkg/lib/python3.8/site-packages:/root/Projeto_Final/install/custom_interfaces/lib/python3.8/site-packages:/root/Projeto_Final/install/waypoint_navigation_pkg/lib/python3.8/site-packages:/root/Projeto_Final/install/rm_navigation/lib/python3.8/site-packages:/opt/ros/foxy/lib/python3.8/site-packages /usr/bin/python3 -W ignore:setup.py install is deprecated -W ignore:easy_install command is deprecated setup.py egg_info --egg-base ../../build/waypoint_navigation_pkg build --build-base /root/Projeto_Final/build/waypoint_navigation_pkg/build install --record /root/Projeto_Final/build/waypoint_navigation_pkg/install.log --install-scripts $base/lib/waypoint_navigation_pkg --single-version-externally-managed install_data
[0.694s] running egg_info
[0.694s] writing ../../build/waypoint_navigation_pkg/waypoint_navigation_pkg.egg-info/PKG-INFO
[0.695s] writing dependency_links to ../../build/waypoint_navigation_pkg/waypoint_navigation_pkg.egg-info/dependency_links.txt
[0.695s] writing entry points to ../../build/waypoint_navigation_pkg/waypoint_navigation_pkg.egg-info/entry_points.txt
[0.695s] writing requirements to ../../build/waypoint_navigation_pkg/waypoint_navigation_pkg.egg-info/requires.txt
[0.695s] writing top-level names to ../../build/waypoint_navigation_pkg/waypoint_navigation_pkg.egg-info/top_level.txt
[0.717s] reading manifest file '../../build/waypoint_navigation_pkg/waypoint_navigation_pkg.egg-info/SOURCES.txt'
[0.718s] writing manifest file '../../build/waypoint_navigation_pkg/waypoint_navigation_pkg.egg-info/SOURCES.txt'
[0.718s] running build
[0.718s] running build_py
[0.718s] running install
[0.719s] running install_lib
[0.720s] running install_data
[0.720s] running install_egg_info
[0.721s] removing '/root/Projeto_Final/install/waypoint_navigation_pkg/lib/python3.8/site-packages/waypoint_navigation_pkg-0.0.0-py3.8.egg-info' (and everything under it)
[0.723s] Copying ../../build/waypoint_navigation_pkg/waypoint_navigation_pkg.egg-info to /root/Projeto_Final/install/waypoint_navigation_pkg/lib/python3.8/site-packages/waypoint_navigation_pkg-0.0.0-py3.8.egg-info
[0.724s] running install_scripts
[0.735s] Installing waypoint_navigator script to /root/Projeto_Final/install/waypoint_navigation_pkg/lib/waypoint_navigation_pkg
[0.735s] writing list of installed files to '/root/Projeto_Final/build/waypoint_navigation_pkg/install.log'
[0.749s] Invoked command in '/root/Projeto_Final/src/waypoint_navigation_pkg' returned '0': CMAKE_PREFIX_PATH=/root/Projeto_Final/install/custom_interfaces:/root/Projeto_Final/install/robot_description:/root/Projeto_Final/install/rm_localization PYTHONPATH=/root/Projeto_Final/build/waypoint_navigation_pkg/prefix_override:/usr/lib/python3/dist-packages/colcon_core/task/python/colcon_distutils_commands:/root/Projeto_Final/install/waypoint_navigation_pkg/lib/python3.8/site-packages:/root/Projeto_Final/install/custom_interfaces/lib/python3.8/site-packages:/root/Projeto_Final/install/waypoint_navigation_pkg/lib/python3.8/site-packages:/root/Projeto_Final/install/rm_navigation/lib/python3.8/site-packages:/opt/ros/foxy/lib/python3.8/site-packages /usr/bin/python3 -W ignore:setup.py install is deprecated -W ignore:easy_install command is deprecated setup.py egg_info --egg-base ../../build/waypoint_navigation_pkg build --build-base /root/Projeto_Final/build/waypoint_navigation_pkg/build install --record /root/Projeto_Final/build/waypoint_navigation_pkg/install.log --install-scripts $base/lib/waypoint_navigation_pkg --single-version-externally-managed install_data
