[0.034s] Invoking command in '/root/Projeto_Final/build/custom_interfaces': CMAKE_PREFIX_PATH=/opt/ros/foxy /usr/bin/cmake /root/Projeto_Final/src/custom_interfaces -DCMAKE_INSTALL_PREFIX=/root/Projeto_Final/install/custom_interfaces
[0.310s] -- The C compiler identification is GNU 9.4.0
[0.554s] -- The CXX compiler identification is GNU 9.4.0
[0.621s] -- Check for working C compiler: /usr/bin/cc
[0.712s] -- Check for working C compiler: /usr/bin/cc -- works
[0.714s] -- Detecting C compiler ABI info
[0.815s] -- Detecting C compiler ABI info - done
[0.824s] -- Detecting C compile features
[0.824s] -- Detecting C compile features - done
[0.827s] -- Check for working CXX compiler: /usr/bin/c++
[0.923s] -- Check for working CXX compiler: /usr/bin/c++ -- works
[0.924s] -- Detecting CXX compiler ABI info
[1.017s] -- Detecting CXX compiler ABI info - done
[1.025s] -- Detecting CXX compile features
[1.026s] -- Detecting CXX compile features - done
[1.048s] -- Found ament_cmake: 0.9.12 (/opt/ros/foxy/share/ament_cmake/cmake)
[1.069s] -- Found PythonInterp: /usr/bin/python3 (found suitable version "3.8.10", minimum required is "3") 
[1.069s] -- Using PYTHON_EXECUTABLE: /usr/bin/python3
[1.217s] -- Found rosidl_default_generators: 1.0.1 (/opt/ros/foxy/share/rosidl_default_generators/cmake)
[1.223s] -- Using all available rosidl_typesupport_c: rosidl_typesupport_fastrtps_c;rosidl_typesupport_introspection_c
[1.232s] -- Found rosidl_adapter: 1.3.1 (/opt/ros/foxy/share/rosidl_adapter/cmake)
[1.990s] -- Found OpenSSL: /usr/lib/x86_64-linux-gnu/libcrypto.so (found version "1.1.1f")  
[2.572s] -- Found FastRTPS: /opt/ros/foxy/include  
[3.610s] -- Using all available rosidl_typesupport_cpp: rosidl_typesupport_fastrtps_cpp;rosidl_typesupport_introspection_cpp
[3.639s] -- Found ament_lint_auto: 0.9.8 (/opt/ros/foxy/share/ament_lint_auto/cmake)
[3.713s] -- Found PythonInterp: /usr/bin/python3 (found version "3.8.10") 
[3.765s] -- Found ament_cmake_ros: 0.9.2 (/opt/ros/foxy/share/ament_cmake_ros/cmake)
[5.802s] -- Using all available rosidl_typesupport_c: rosidl_typesupport_fastrtps_c;rosidl_typesupport_introspection_c
[5.811s] -- Using all available rosidl_typesupport_cpp: rosidl_typesupport_fastrtps_cpp;rosidl_typesupport_introspection_cpp
[5.828s] -- Found PythonInterp: /usr/bin/python3 (found suitable version "3.8.10", minimum required is "3.5") 
[5.831s] -- Found python_cmake_module: 0.8.1 (/opt/ros/foxy/share/python_cmake_module/cmake)
[6.047s] -- Found PythonLibs: /usr/lib/x86_64-linux-gnu/libpython3.8.so (found suitable version "3.8.10", minimum required is "3.5") 
[6.047s] -- Using PYTHON_EXECUTABLE: /usr/bin/python3
[6.047s] -- Using PYTHON_INCLUDE_DIRS: /usr/include/python3.8
[6.047s] -- Using PYTHON_LIBRARIES: /usr/lib/x86_64-linux-gnu/libpython3.8.so
[6.061s] -- Found PythonExtra: .so  
[6.115s] -- Added test 'copyright' to check source files copyright and LICENSE
[6.117s] -- Added test 'lint_cmake' to check CMake code style
[6.119s] -- Added test 'xmllint' to check XML markup files
[6.128s] -- Configuring done
[6.159s] -- Generating done
[6.166s] -- Build files have been written to: /root/Projeto_Final/build/custom_interfaces
[6.174s] Invoked command in '/root/Projeto_Final/build/custom_interfaces' returned '0': CMAKE_PREFIX_PATH=/opt/ros/foxy /usr/bin/cmake /root/Projeto_Final/src/custom_interfaces -DCMAKE_INSTALL_PREFIX=/root/Projeto_Final/install/custom_interfaces
[6.176s] Invoking command in '/root/Projeto_Final/build/custom_interfaces': CMAKE_PREFIX_PATH=/opt/ros/foxy /usr/bin/cmake --build /root/Projeto_Final/build/custom_interfaces -- -j16 -l16
[6.205s] [  3%] [34m[1mGenerating C code for ROS interfaces[0m
[6.205s] [35m[1mScanning dependencies of target custom_interfaces__cpp[0m
[6.212s] [  6%] [34m[1mGenerating C++ code for ROS interfaces[0m
[6.404s] [  6%] Built target custom_interfaces__cpp
[6.409s] [35m[1mScanning dependencies of target custom_interfaces__rosidl_generator_c[0m
[6.411s] [  9%] [34m[1mGenerating C++ type support dispatch for ROS interfaces[0m
[6.411s] [ 16%] [34m[1mGenerating C++ introspection for ROS interfaces[0m
[6.411s] [ 16%] [34m[1mGenerating C++ type support for eProsima Fast-RTPS[0m
[6.422s] [ 19%] [32mBuilding C object CMakeFiles/custom_interfaces__rosidl_generator_c.dir/rosidl_generator_c/custom_interfaces/srv/detail/start_mission__functions.c.o[0m
[6.492s] [ 22%] [32m[1mLinking C shared library libcustom_interfaces__rosidl_generator_c.so[0m
[6.584s] [ 22%] Built target custom_interfaces__rosidl_generator_c
[6.593s] [ 29%] [34m[1mGenerating C introspection for ROS interfaces[0m
[6.593s] [ 29%] [34m[1mGenerating C type support dispatch for ROS interfaces[0m
[6.594s] [35m[1mScanning dependencies of target custom_interfaces__rosidl_typesupport_cpp[0m
[6.603s] [35m[1mScanning dependencies of target custom_interfaces__rosidl_typesupport_introspection_cpp[0m
[6.609s] [ 32%] [32mBuilding CXX object CMakeFiles/custom_interfaces__rosidl_typesupport_cpp.dir/rosidl_typesupport_cpp/custom_interfaces/srv/start_mission__type_support.cpp.o[0m
[6.616s] [ 35%] [32mBuilding CXX object CMakeFiles/custom_interfaces__rosidl_typesupport_introspection_cpp.dir/rosidl_typesupport_introspection_cpp/custom_interfaces/srv/detail/start_mission__type_support.cpp.o[0m
[6.619s] [35m[1mScanning dependencies of target custom_interfaces__rosidl_typesupport_fastrtps_cpp[0m
[6.648s] [ 38%] [32mBuilding CXX object CMakeFiles/custom_interfaces__rosidl_typesupport_fastrtps_cpp.dir/rosidl_typesupport_fastrtps_cpp/custom_interfaces/srv/detail/dds_fastrtps/start_mission__type_support.cpp.o[0m
[6.770s] [35m[1mScanning dependencies of target custom_interfaces__rosidl_typesupport_c[0m
[6.783s] [ 41%] [32mBuilding CXX object CMakeFiles/custom_interfaces__rosidl_typesupport_c.dir/rosidl_typesupport_c/custom_interfaces/srv/start_mission__type_support.cpp.o[0m
[6.817s] [ 45%] [32m[1mLinking CXX shared library libcustom_interfaces__rosidl_typesupport_c.so[0m
[6.832s] [35m[1mScanning dependencies of target custom_interfaces__rosidl_typesupport_introspection_c[0m
[6.845s] [ 48%] [32mBuilding C object CMakeFiles/custom_interfaces__rosidl_typesupport_introspection_c.dir/rosidl_typesupport_introspection_c/custom_interfaces/srv/detail/start_mission__type_support.c.o[0m
[6.876s] [ 51%] [32m[1mLinking C shared library libcustom_interfaces__rosidl_typesupport_introspection_c.so[0m
[6.896s] [ 54%] [32m[1mLinking CXX shared library libcustom_interfaces__rosidl_typesupport_introspection_cpp.so[0m
[6.901s] [ 54%] Built target custom_interfaces__rosidl_typesupport_c
[6.912s] [ 58%] [32m[1mLinking CXX shared library libcustom_interfaces__rosidl_typesupport_cpp.so[0m
[6.952s] [ 58%] Built target custom_interfaces__rosidl_typesupport_introspection_c
[6.990s] [ 58%] Built target custom_interfaces__rosidl_typesupport_cpp
[6.991s] [ 58%] Built target custom_interfaces__rosidl_typesupport_introspection_cpp
[7.008s] [ 61%] [32m[1mLinking CXX shared library libcustom_interfaces__rosidl_typesupport_fastrtps_cpp.so[0m
[7.108s] [ 61%] Built target custom_interfaces__rosidl_typesupport_fastrtps_cpp
[7.115s] [ 64%] [34m[1mGenerating C type support for eProsima Fast-RTPS[0m
[7.292s] [35m[1mScanning dependencies of target custom_interfaces__rosidl_typesupport_fastrtps_c[0m
[7.308s] [ 67%] [32mBuilding CXX object CMakeFiles/custom_interfaces__rosidl_typesupport_fastrtps_c.dir/rosidl_typesupport_fastrtps_c/custom_interfaces/srv/detail/start_mission__type_support_c.cpp.o[0m
[7.535s] [ 70%] [32m[1mLinking CXX shared library libcustom_interfaces__rosidl_typesupport_fastrtps_c.so[0m
[7.623s] [ 70%] Built target custom_interfaces__rosidl_typesupport_fastrtps_c
[7.629s] [35m[1mScanning dependencies of target custom_interfaces[0m
[7.637s] [ 70%] Built target custom_interfaces
[7.645s] [35m[1mScanning dependencies of target custom_interfaces__py[0m
[7.653s] [ 74%] [34m[1mGenerating Python code for ROS interfaces[0m
[8.016s] [ 74%] Built target custom_interfaces__py
[8.022s] [35m[1mScanning dependencies of target custom_interfaces__python[0m
[8.061s] [ 77%] [32mBuilding C object CMakeFiles/custom_interfaces__python.dir/rosidl_generator_py/custom_interfaces/srv/_start_mission_s.c.o[0m
[8.140s] [ 80%] [32m[1mLinking C shared library rosidl_generator_py/custom_interfaces/libcustom_interfaces__python.so[0m
[8.204s] [ 80%] Built target custom_interfaces__python
[8.212s] [35m[1mScanning dependencies of target custom_interfaces__rosidl_typesupport_c__pyext[0m
[8.212s] [35m[1mScanning dependencies of target custom_interfaces__rosidl_typesupport_introspection_c__pyext[0m
[8.212s] [35m[1mScanning dependencies of target custom_interfaces__rosidl_typesupport_fastrtps_c__pyext[0m
[8.224s] [ 87%] [32mBuilding C object CMakeFiles/custom_interfaces__rosidl_typesupport_fastrtps_c__pyext.dir/rosidl_generator_py/custom_interfaces/_custom_interfaces_s.ep.rosidl_typesupport_fastrtps_c.c.o[0m
[8.224s] [ 87%] [32mBuilding C object CMakeFiles/custom_interfaces__rosidl_typesupport_introspection_c__pyext.dir/rosidl_generator_py/custom_interfaces/_custom_interfaces_s.ep.rosidl_typesupport_introspection_c.c.o[0m
[8.225s] [ 90%] [32mBuilding C object CMakeFiles/custom_interfaces__rosidl_typesupport_c__pyext.dir/rosidl_generator_py/custom_interfaces/_custom_interfaces_s.ep.rosidl_typesupport_c.c.o[0m
[8.286s] [100%] [32m[1mLinking C shared library rosidl_generator_py/custom_interfaces/custom_interfaces_s__rosidl_typesupport_introspection_c.cpython-38-x86_64-linux-gnu.so[0m
[8.286s] [100%] [32m[1mLinking CXX shared library rosidl_generator_py/custom_interfaces/custom_interfaces_s__rosidl_typesupport_fastrtps_c.cpython-38-x86_64-linux-gnu.so[0m
[8.286s] [100%] [32m[1mLinking C shared library rosidl_generator_py/custom_interfaces/custom_interfaces_s__rosidl_typesupport_c.cpython-38-x86_64-linux-gnu.so[0m
[8.350s] [100%] Built target custom_interfaces__rosidl_typesupport_introspection_c__pyext
[8.350s] [100%] Built target custom_interfaces__rosidl_typesupport_c__pyext
[8.370s] [100%] Built target custom_interfaces__rosidl_typesupport_fastrtps_c__pyext
[8.380s] Invoked command in '/root/Projeto_Final/build/custom_interfaces' returned '0': CMAKE_PREFIX_PATH=/opt/ros/foxy /usr/bin/cmake --build /root/Projeto_Final/build/custom_interfaces -- -j16 -l16
[8.382s] Invoking command in '/root/Projeto_Final/build/custom_interfaces': CMAKE_PREFIX_PATH=/opt/ros/foxy /usr/bin/cmake --install /root/Projeto_Final/build/custom_interfaces
[8.388s] -- Install configuration: ""
[8.389s] -- Installing: /root/Projeto_Final/install/custom_interfaces/share/ament_index/resource_index/rosidl_interfaces/custom_interfaces
[8.389s] -- Installing: /root/Projeto_Final/install/custom_interfaces/include/custom_interfaces
[8.389s] -- Installing: /root/Projeto_Final/install/custom_interfaces/include/custom_interfaces/srv
[8.389s] -- Installing: /root/Projeto_Final/install/custom_interfaces/include/custom_interfaces/srv/detail
[8.389s] -- Installing: /root/Projeto_Final/install/custom_interfaces/include/custom_interfaces/srv/detail/start_mission__type_support.h
[8.389s] -- Installing: /root/Projeto_Final/install/custom_interfaces/include/custom_interfaces/srv/detail/start_mission__functions.h
[8.390s] -- Installing: /root/Projeto_Final/install/custom_interfaces/include/custom_interfaces/srv/detail/start_mission__struct.h
[8.390s] -- Installing: /root/Projeto_Final/install/custom_interfaces/include/custom_interfaces/srv/detail/start_mission__functions.c
[8.390s] -- Installing: /root/Projeto_Final/install/custom_interfaces/include/custom_interfaces/srv/start_mission.h
[8.390s] -- Installing: /root/Projeto_Final/install/custom_interfaces/include/custom_interfaces/msg
[8.390s] -- Installing: /root/Projeto_Final/install/custom_interfaces/include/custom_interfaces/msg/rosidl_generator_c__visibility_control.h
[8.390s] -- Installing: /root/Projeto_Final/install/custom_interfaces/share/custom_interfaces/environment/library_path.sh
[8.390s] -- Installing: /root/Projeto_Final/install/custom_interfaces/share/custom_interfaces/environment/library_path.dsv
[8.390s] -- Installing: /root/Projeto_Final/install/custom_interfaces/lib/libcustom_interfaces__rosidl_generator_c.so
[8.391s] -- Set runtime path of "/root/Projeto_Final/install/custom_interfaces/lib/libcustom_interfaces__rosidl_generator_c.so" to ""
[8.391s] -- Up-to-date: /root/Projeto_Final/install/custom_interfaces/include/custom_interfaces
[8.391s] -- Up-to-date: /root/Projeto_Final/install/custom_interfaces/include/custom_interfaces/srv
[8.391s] -- Up-to-date: /root/Projeto_Final/install/custom_interfaces/include/custom_interfaces/srv/detail
[8.391s] -- Installing: /root/Projeto_Final/install/custom_interfaces/include/custom_interfaces/srv/detail/start_mission__rosidl_typesupport_fastrtps_c.h
[8.391s] -- Up-to-date: /root/Projeto_Final/install/custom_interfaces/include/custom_interfaces/msg
[8.391s] -- Installing: /root/Projeto_Final/install/custom_interfaces/include/custom_interfaces/msg/rosidl_typesupport_fastrtps_c__visibility_control.h
[8.391s] -- Installing: /root/Projeto_Final/install/custom_interfaces/lib/libcustom_interfaces__rosidl_typesupport_fastrtps_c.so
[8.392s] -- Set runtime path of "/root/Projeto_Final/install/custom_interfaces/lib/libcustom_interfaces__rosidl_typesupport_fastrtps_c.so" to ""
[8.392s] -- Up-to-date: /root/Projeto_Final/install/custom_interfaces/include/custom_interfaces
[8.392s] -- Up-to-date: /root/Projeto_Final/install/custom_interfaces/include/custom_interfaces/srv
[8.392s] -- Up-to-date: /root/Projeto_Final/install/custom_interfaces/include/custom_interfaces/srv/detail
[8.392s] -- Installing: /root/Projeto_Final/install/custom_interfaces/include/custom_interfaces/srv/detail/start_mission__rosidl_typesupport_fastrtps_cpp.hpp
[8.392s] -- Installing: /root/Projeto_Final/install/custom_interfaces/include/custom_interfaces/srv/detail/dds_fastrtps
[8.392s] -- Up-to-date: /root/Projeto_Final/install/custom_interfaces/include/custom_interfaces/msg
[8.392s] -- Installing: /root/Projeto_Final/install/custom_interfaces/include/custom_interfaces/msg/rosidl_typesupport_fastrtps_cpp__visibility_control.h
[8.393s] -- Installing: /root/Projeto_Final/install/custom_interfaces/lib/libcustom_interfaces__rosidl_typesupport_fastrtps_cpp.so
[8.393s] -- Set runtime path of "/root/Projeto_Final/install/custom_interfaces/lib/libcustom_interfaces__rosidl_typesupport_fastrtps_cpp.so" to ""
[8.393s] -- Up-to-date: /root/Projeto_Final/install/custom_interfaces/include/custom_interfaces
[8.393s] -- Up-to-date: /root/Projeto_Final/install/custom_interfaces/include/custom_interfaces/srv
[8.393s] -- Up-to-date: /root/Projeto_Final/install/custom_interfaces/include/custom_interfaces/srv/detail
[8.393s] -- Installing: /root/Projeto_Final/install/custom_interfaces/include/custom_interfaces/srv/detail/start_mission__type_support.c
[8.393s] -- Installing: /root/Projeto_Final/install/custom_interfaces/include/custom_interfaces/srv/detail/start_mission__rosidl_typesupport_introspection_c.h
[8.393s] -- Up-to-date: /root/Projeto_Final/install/custom_interfaces/include/custom_interfaces/msg
[8.393s] -- Installing: /root/Projeto_Final/install/custom_interfaces/include/custom_interfaces/msg/rosidl_typesupport_introspection_c__visibility_control.h
[8.393s] -- Installing: /root/Projeto_Final/install/custom_interfaces/lib/libcustom_interfaces__rosidl_typesupport_introspection_c.so
[8.393s] -- Set runtime path of "/root/Projeto_Final/install/custom_interfaces/lib/libcustom_interfaces__rosidl_typesupport_introspection_c.so" to ""
[8.394s] -- Installing: /root/Projeto_Final/install/custom_interfaces/lib/libcustom_interfaces__rosidl_typesupport_c.so
[8.394s] -- Set runtime path of "/root/Projeto_Final/install/custom_interfaces/lib/libcustom_interfaces__rosidl_typesupport_c.so" to ""
[8.394s] -- Up-to-date: /root/Projeto_Final/install/custom_interfaces/include/custom_interfaces
[8.394s] -- Up-to-date: /root/Projeto_Final/install/custom_interfaces/include/custom_interfaces/srv
[8.394s] -- Installing: /root/Projeto_Final/install/custom_interfaces/include/custom_interfaces/srv/start_mission.hpp
[8.394s] -- Up-to-date: /root/Projeto_Final/install/custom_interfaces/include/custom_interfaces/srv/detail
[8.394s] -- Installing: /root/Projeto_Final/install/custom_interfaces/include/custom_interfaces/srv/detail/start_mission__builder.hpp
[8.394s] -- Installing: /root/Projeto_Final/install/custom_interfaces/include/custom_interfaces/srv/detail/start_mission__struct.hpp
[8.394s] -- Installing: /root/Projeto_Final/install/custom_interfaces/include/custom_interfaces/srv/detail/start_mission__type_support.hpp
[8.395s] -- Installing: /root/Projeto_Final/install/custom_interfaces/include/custom_interfaces/srv/detail/start_mission__traits.hpp
[8.395s] -- Up-to-date: /root/Projeto_Final/install/custom_interfaces/include/custom_interfaces/msg
[8.395s] -- Installing: /root/Projeto_Final/install/custom_interfaces/include/custom_interfaces/msg/rosidl_generator_cpp__visibility_control.hpp
[8.395s] -- Up-to-date: /root/Projeto_Final/install/custom_interfaces/include/custom_interfaces
[8.395s] -- Up-to-date: /root/Projeto_Final/install/custom_interfaces/include/custom_interfaces/srv
[8.395s] -- Up-to-date: /root/Projeto_Final/install/custom_interfaces/include/custom_interfaces/srv/detail
[8.395s] -- Installing: /root/Projeto_Final/install/custom_interfaces/include/custom_interfaces/srv/detail/start_mission__rosidl_typesupport_introspection_cpp.hpp
[8.395s] -- Installing: /root/Projeto_Final/install/custom_interfaces/include/custom_interfaces/srv/detail/start_mission__type_support.cpp
[8.396s] -- Installing: /root/Projeto_Final/install/custom_interfaces/lib/libcustom_interfaces__rosidl_typesupport_introspection_cpp.so
[8.396s] -- Set runtime path of "/root/Projeto_Final/install/custom_interfaces/lib/libcustom_interfaces__rosidl_typesupport_introspection_cpp.so" to ""
[8.396s] -- Installing: /root/Projeto_Final/install/custom_interfaces/lib/libcustom_interfaces__rosidl_typesupport_cpp.so
[8.396s] -- Set runtime path of "/root/Projeto_Final/install/custom_interfaces/lib/libcustom_interfaces__rosidl_typesupport_cpp.so" to ""
[8.396s] -- Installing: /root/Projeto_Final/install/custom_interfaces/share/custom_interfaces/environment/pythonpath.sh
[8.396s] -- Installing: /root/Projeto_Final/install/custom_interfaces/share/custom_interfaces/environment/pythonpath.dsv
[8.396s] -- Installing: /root/Projeto_Final/install/custom_interfaces/lib/python3.8/site-packages/custom_interfaces/__init__.py
[8.421s] Compiling '/root/Projeto_Final/install/custom_interfaces/lib/python3.8/site-packages/custom_interfaces/__init__.py'...
[8.424s] -- Installing: /root/Projeto_Final/install/custom_interfaces/lib/python3.8/site-packages/custom_interfaces/srv
[8.424s] -- Installing: /root/Projeto_Final/install/custom_interfaces/lib/python3.8/site-packages/custom_interfaces/srv/_start_mission.py
[8.424s] -- Installing: /root/Projeto_Final/install/custom_interfaces/lib/python3.8/site-packages/custom_interfaces/srv/__init__.py
[8.424s] -- Installing: /root/Projeto_Final/install/custom_interfaces/lib/python3.8/site-packages/custom_interfaces/srv/_start_mission_s.c
[8.425s] -- Installing: /root/Projeto_Final/install/custom_interfaces/lib/python3.8/site-packages/custom_interfaces/custom_interfaces_s__rosidl_typesupport_fastrtps_c.cpython-38-x86_64-linux-gnu.so
[8.425s] -- Set runtime path of "/root/Projeto_Final/install/custom_interfaces/lib/python3.8/site-packages/custom_interfaces/custom_interfaces_s__rosidl_typesupport_fastrtps_c.cpython-38-x86_64-linux-gnu.so" to ""
[8.426s] -- Installing: /root/Projeto_Final/install/custom_interfaces/lib/python3.8/site-packages/custom_interfaces/custom_interfaces_s__rosidl_typesupport_introspection_c.cpython-38-x86_64-linux-gnu.so
[8.426s] -- Set runtime path of "/root/Projeto_Final/install/custom_interfaces/lib/python3.8/site-packages/custom_interfaces/custom_interfaces_s__rosidl_typesupport_introspection_c.cpython-38-x86_64-linux-gnu.so" to ""
[8.426s] -- Installing: /root/Projeto_Final/install/custom_interfaces/lib/python3.8/site-packages/custom_interfaces/custom_interfaces_s__rosidl_typesupport_c.cpython-38-x86_64-linux-gnu.so
[8.426s] -- Set runtime path of "/root/Projeto_Final/install/custom_interfaces/lib/python3.8/site-packages/custom_interfaces/custom_interfaces_s__rosidl_typesupport_c.cpython-38-x86_64-linux-gnu.so" to ""
[8.426s] -- Installing: /root/Projeto_Final/install/custom_interfaces/lib/libcustom_interfaces__python.so
[8.426s] -- Set runtime path of "/root/Projeto_Final/install/custom_interfaces/lib/libcustom_interfaces__python.so" to ""
[8.427s] -- Installing: /root/Projeto_Final/install/custom_interfaces/share/custom_interfaces/srv/StartMission.idl
[8.427s] -- Installing: /root/Projeto_Final/install/custom_interfaces/share/custom_interfaces/srv/StartMission.srv
[8.427s] -- Installing: /root/Projeto_Final/install/custom_interfaces/share/custom_interfaces/srv/StartMission_Request.msg
[8.427s] -- Installing: /root/Projeto_Final/install/custom_interfaces/share/custom_interfaces/srv/StartMission_Response.msg
[8.427s] -- Installing: /root/Projeto_Final/install/custom_interfaces/share/ament_index/resource_index/package_run_dependencies/custom_interfaces
[8.427s] -- Installing: /root/Projeto_Final/install/custom_interfaces/share/ament_index/resource_index/parent_prefix_path/custom_interfaces
[8.428s] -- Installing: /root/Projeto_Final/install/custom_interfaces/share/custom_interfaces/environment/ament_prefix_path.sh
[8.428s] -- Installing: /root/Projeto_Final/install/custom_interfaces/share/custom_interfaces/environment/ament_prefix_path.dsv
[8.428s] -- Installing: /root/Projeto_Final/install/custom_interfaces/share/custom_interfaces/environment/path.sh
[8.428s] -- Installing: /root/Projeto_Final/install/custom_interfaces/share/custom_interfaces/environment/path.dsv
[8.428s] -- Installing: /root/Projeto_Final/install/custom_interfaces/share/custom_interfaces/local_setup.bash
[8.428s] -- Installing: /root/Projeto_Final/install/custom_interfaces/share/custom_interfaces/local_setup.sh
[8.428s] -- Installing: /root/Projeto_Final/install/custom_interfaces/share/custom_interfaces/local_setup.zsh
[8.428s] -- Installing: /root/Projeto_Final/install/custom_interfaces/share/custom_interfaces/local_setup.dsv
[8.428s] -- Installing: /root/Projeto_Final/install/custom_interfaces/share/custom_interfaces/package.dsv
[8.428s] -- Installing: /root/Projeto_Final/install/custom_interfaces/share/ament_index/resource_index/packages/custom_interfaces
[8.429s] -- Installing: /root/Projeto_Final/install/custom_interfaces/share/custom_interfaces/cmake/custom_interfaces__rosidl_generator_cExport.cmake
[8.429s] -- Installing: /root/Projeto_Final/install/custom_interfaces/share/custom_interfaces/cmake/custom_interfaces__rosidl_generator_cExport-noconfig.cmake
[8.429s] -- Installing: /root/Projeto_Final/install/custom_interfaces/share/custom_interfaces/cmake/custom_interfaces__rosidl_typesupport_introspection_cExport.cmake
[8.429s] -- Installing: /root/Projeto_Final/install/custom_interfaces/share/custom_interfaces/cmake/custom_interfaces__rosidl_typesupport_introspection_cExport-noconfig.cmake
[8.429s] -- Installing: /root/Projeto_Final/install/custom_interfaces/share/custom_interfaces/cmake/custom_interfaces__rosidl_typesupport_cExport.cmake
[8.429s] -- Installing: /root/Projeto_Final/install/custom_interfaces/share/custom_interfaces/cmake/custom_interfaces__rosidl_typesupport_cExport-noconfig.cmake
[8.430s] -- Installing: /root/Projeto_Final/install/custom_interfaces/share/custom_interfaces/cmake/custom_interfaces__rosidl_generator_cppExport.cmake
[8.430s] -- Installing: /root/Projeto_Final/install/custom_interfaces/share/custom_interfaces/cmake/custom_interfaces__rosidl_typesupport_introspection_cppExport.cmake
[8.430s] -- Installing: /root/Projeto_Final/install/custom_interfaces/share/custom_interfaces/cmake/custom_interfaces__rosidl_typesupport_introspection_cppExport-noconfig.cmake
[8.430s] -- Installing: /root/Projeto_Final/install/custom_interfaces/share/custom_interfaces/cmake/custom_interfaces__rosidl_typesupport_cppExport.cmake
[8.430s] -- Installing: /root/Projeto_Final/install/custom_interfaces/share/custom_interfaces/cmake/custom_interfaces__rosidl_typesupport_cppExport-noconfig.cmake
[8.430s] -- Installing: /root/Projeto_Final/install/custom_interfaces/share/custom_interfaces/cmake/rosidl_cmake-extras.cmake
[8.430s] -- Installing: /root/Projeto_Final/install/custom_interfaces/share/custom_interfaces/cmake/ament_cmake_export_dependencies-extras.cmake
[8.430s] -- Installing: /root/Projeto_Final/install/custom_interfaces/share/custom_interfaces/cmake/ament_cmake_export_libraries-extras.cmake
[8.431s] -- Installing: /root/Projeto_Final/install/custom_interfaces/share/custom_interfaces/cmake/ament_cmake_export_targets-extras.cmake
[8.431s] -- Installing: /root/Projeto_Final/install/custom_interfaces/share/custom_interfaces/cmake/ament_cmake_export_include_directories-extras.cmake
[8.431s] -- Installing: /root/Projeto_Final/install/custom_interfaces/share/custom_interfaces/cmake/rosidl_cmake_export_typesupport_libraries-extras.cmake
[8.431s] -- Installing: /root/Projeto_Final/install/custom_interfaces/share/custom_interfaces/cmake/rosidl_cmake_export_typesupport_targets-extras.cmake
[8.431s] -- Installing: /root/Projeto_Final/install/custom_interfaces/share/custom_interfaces/cmake/custom_interfacesConfig.cmake
[8.431s] -- Installing: /root/Projeto_Final/install/custom_interfaces/share/custom_interfaces/cmake/custom_interfacesConfig-version.cmake
[8.431s] -- Installing: /root/Projeto_Final/install/custom_interfaces/share/custom_interfaces/package.xml
[8.434s] Invoked command in '/root/Projeto_Final/build/custom_interfaces' returned '0': CMAKE_PREFIX_PATH=/opt/ros/foxy /usr/bin/cmake --install /root/Projeto_Final/build/custom_interfaces
