[0.045s] Invoking command in '/root/Projeto_Final/build/rm_localization': CMAKE_PREFIX_PATH=/opt/ros/foxy /usr/bin/cmake --build /root/Projeto_Final/build/rm_localization -- -j16 -l16
[0.322s] Invoked command in '/root/Projeto_Final/build/rm_localization' returned '0': CMAKE_PREFIX_PATH=/opt/ros/foxy /usr/bin/cmake --build /root/Projeto_Final/build/rm_localization -- -j16 -l16
[0.329s] Invoking command in '/root/Projeto_Final/build/rm_localization': CMAKE_PREFIX_PATH=/opt/ros/foxy /usr/bin/cmake --install /root/Projeto_Final/build/rm_localization
[0.360s] -- Install configuration: ""
[0.360s] -- Up-to-date: /root/Projeto_Final/install/rm_localization/share/rm_localization//map
[0.361s] -- Up-to-date: /root/Projeto_Final/install/rm_localization/share/rm_localization//map/meu_mapa.yaml
[0.361s] -- Up-to-date: /root/Projeto_Final/install/rm_localization/share/rm_localization//map/meu_mapa.pgm
[0.361s] -- Up-to-date: /root/Projeto_Final/install/rm_localization/share/rm_localization//launch
[0.361s] -- Up-to-date: /root/Projeto_Final/install/rm_localization/share/rm_localization//launch/amcl.launch.py
[0.361s] -- Up-to-date: /root/Projeto_Final/install/rm_localization/share/rm_localization//launch/ekf.launch.py
[0.361s] -- Up-to-date: /root/Projeto_Final/install/rm_localization/share/rm_localization//config
[0.361s] -- Up-to-date: /root/Projeto_Final/install/rm_localization/share/rm_localization//config/amcl_params.yaml
[0.362s] -- Up-to-date: /root/Projeto_Final/install/rm_localization/share/rm_localization//config/ekf_config.yaml
[0.362s] -- Up-to-date: /root/Projeto_Final/install/rm_localization/share/ament_index/resource_index/package_run_dependencies/rm_localization
[0.362s] -- Up-to-date: /root/Projeto_Final/install/rm_localization/share/ament_index/resource_index/parent_prefix_path/rm_localization
[0.362s] -- Up-to-date: /root/Projeto_Final/install/rm_localization/share/rm_localization/environment/ament_prefix_path.sh
[0.362s] -- Up-to-date: /root/Projeto_Final/install/rm_localization/share/rm_localization/environment/ament_prefix_path.dsv
[0.363s] -- Up-to-date: /root/Projeto_Final/install/rm_localization/share/rm_localization/environment/path.sh
[0.363s] -- Up-to-date: /root/Projeto_Final/install/rm_localization/share/rm_localization/environment/path.dsv
[0.363s] -- Up-to-date: /root/Projeto_Final/install/rm_localization/share/rm_localization/local_setup.bash
[0.363s] -- Up-to-date: /root/Projeto_Final/install/rm_localization/share/rm_localization/local_setup.sh
[0.364s] -- Up-to-date: /root/Projeto_Final/install/rm_localization/share/rm_localization/local_setup.zsh
[0.364s] -- Up-to-date: /root/Projeto_Final/install/rm_localization/share/rm_localization/local_setup.dsv
[0.364s] -- Installing: /root/Projeto_Final/install/rm_localization/share/rm_localization/package.dsv
[0.364s] -- Up-to-date: /root/Projeto_Final/install/rm_localization/share/ament_index/resource_index/packages/rm_localization
[0.364s] -- Up-to-date: /root/Projeto_Final/install/rm_localization/share/rm_localization/cmake/rm_localizationConfig.cmake
[0.365s] -- Up-to-date: /root/Projeto_Final/install/rm_localization/share/rm_localization/cmake/rm_localizationConfig-version.cmake
[0.365s] -- Up-to-date: /root/Projeto_Final/install/rm_localization/share/rm_localization/package.xml
[0.365s] Invoked command in '/root/Projeto_Final/build/rm_localization' returned '0': CMAKE_PREFIX_PATH=/opt/ros/foxy /usr/bin/cmake --install /root/Projeto_Final/build/rm_localization
