[0.549s] Invoking command in '/root/Projeto_Final/src/waypoint_navigation_pkg': AMENT_PREFIX_PATH=/root/Projeto_Final/install/custom_interfaces:${AMENT_PREFIX_PATH} CMAKE_PREFIX_PATH=/root/Projeto_Final/install/custom_interfaces:${CMAKE_PREFIX_PATH} LD_LIBRARY_PATH=/root/Projeto_Final/install/custom_interfaces/lib:${LD_LIBRARY_PATH} PYTHONPATH=/root/Projeto_Final/build/waypoint_navigation_pkg/prefix_override:/usr/lib/python3/dist-packages/colcon_core/task/python/colcon_distutils_commands:/root/Projeto_Final/install/waypoint_navigation_pkg/lib/python3.8/site-packages:/root/Projeto_Final/install/custom_interfaces/lib/python3.8/site-packages:${PYTHONPATH} /usr/bin/python3 -W ignore:setup.py install is deprecated -W ignore:easy_install command is deprecated setup.py egg_info --egg-base ../../build/waypoint_navigation_pkg build --build-base /root/Projeto_Final/build/waypoint_navigation_pkg/build install --record /root/Projeto_Final/build/waypoint_navigation_pkg/install.log --install-scripts $base/lib/waypoint_navigation_pkg --single-version-externally-managed install_data
[0.684s] running egg_info
[0.684s] writing ../../build/waypoint_navigation_pkg/waypoint_navigation_pkg.egg-info/PKG-INFO
[0.684s] writing dependency_links to ../../build/waypoint_navigation_pkg/waypoint_navigation_pkg.egg-info/dependency_links.txt
[0.685s] writing entry points to ../../build/waypoint_navigation_pkg/waypoint_navigation_pkg.egg-info/entry_points.txt
[0.685s] writing requirements to ../../build/waypoint_navigation_pkg/waypoint_navigation_pkg.egg-info/requires.txt
[0.685s] writing top-level names to ../../build/waypoint_navigation_pkg/waypoint_navigation_pkg.egg-info/top_level.txt
[0.708s] reading manifest file '../../build/waypoint_navigation_pkg/waypoint_navigation_pkg.egg-info/SOURCES.txt'
[0.709s] writing manifest file '../../build/waypoint_navigation_pkg/waypoint_navigation_pkg.egg-info/SOURCES.txt'
[0.709s] running build
[0.709s] running build_py
[0.710s] running install
[0.710s] running install_lib
[0.711s] running install_data
[0.711s] running install_egg_info
[0.713s] removing '/root/Projeto_Final/install/waypoint_navigation_pkg/lib/python3.8/site-packages/waypoint_navigation_pkg-0.0.0-py3.8.egg-info' (and everything under it)
[0.714s] Copying ../../build/waypoint_navigation_pkg/waypoint_navigation_pkg.egg-info to /root/Projeto_Final/install/waypoint_navigation_pkg/lib/python3.8/site-packages/waypoint_navigation_pkg-0.0.0-py3.8.egg-info
[0.715s] running install_scripts
[0.727s] Installing waypoint_navigator script to /root/Projeto_Final/install/waypoint_navigation_pkg/lib/waypoint_navigation_pkg
[0.727s] writing list of installed files to '/root/Projeto_Final/build/waypoint_navigation_pkg/install.log'
[0.741s] Invoked command in '/root/Projeto_Final/src/waypoint_navigation_pkg' returned '0': AMENT_PREFIX_PATH=/root/Projeto_Final/install/custom_interfaces:${AMENT_PREFIX_PATH} CMAKE_PREFIX_PATH=/root/Projeto_Final/install/custom_interfaces:${CMAKE_PREFIX_PATH} LD_LIBRARY_PATH=/root/Projeto_Final/install/custom_interfaces/lib:${LD_LIBRARY_PATH} PYTHONPATH=/root/Projeto_Final/build/waypoint_navigation_pkg/prefix_override:/usr/lib/python3/dist-packages/colcon_core/task/python/colcon_distutils_commands:/root/Projeto_Final/install/waypoint_navigation_pkg/lib/python3.8/site-packages:/root/Projeto_Final/install/custom_interfaces/lib/python3.8/site-packages:${PYTHONPATH} /usr/bin/python3 -W ignore:setup.py install is deprecated -W ignore:easy_install command is deprecated setup.py egg_info --egg-base ../../build/waypoint_navigation_pkg build --build-base /root/Projeto_Final/build/waypoint_navigation_pkg/build install --record /root/Projeto_Final/build/waypoint_navigation_pkg/install.log --install-scripts $base/lib/waypoint_navigation_pkg --single-version-externally-managed install_data
