[0.890s] Invoking command in '/root/Projeto_Final/src/rm_navigation': PYTHONPATH=/root/Projeto_Final/build/rm_navigation/prefix_override:/usr/lib/python3/dist-packages/colcon_core/task/python/colcon_distutils_commands:/root/Projeto_Final/install/rm_navigation/lib/python3.8/site-packages:${PYTHONPATH} /usr/bin/python3 -W ignore:setup.py install is deprecated -W ignore:easy_install command is deprecated setup.py egg_info --egg-base ../../build/rm_navigation build --build-base /root/Projeto_Final/build/rm_navigation/build install --record /root/Projeto_Final/build/rm_navigation/install.log --install-scripts $base/lib/rm_navigation --single-version-externally-managed install_data
[1.096s] running egg_info
[1.096s] writing ../../build/rm_navigation/rm_navigation.egg-info/PKG-INFO
[1.097s] writing dependency_links to ../../build/rm_navigation/rm_navigation.egg-info/dependency_links.txt
[1.097s] writing entry points to ../../build/rm_navigation/rm_navigation.egg-info/entry_points.txt
[1.097s] writing requirements to ../../build/rm_navigation/rm_navigation.egg-info/requires.txt
[1.097s] writing top-level names to ../../build/rm_navigation/rm_navigation.egg-info/top_level.txt
[1.138s] reading manifest file '../../build/rm_navigation/rm_navigation.egg-info/SOURCES.txt'
[1.139s] writing manifest file '../../build/rm_navigation/rm_navigation.egg-info/SOURCES.txt'
[1.139s] running build
[1.139s] running build_py
[1.139s] running install
[1.140s] running install_lib
[1.142s] running install_data
[1.142s] running install_egg_info
[1.144s] removing '/root/Projeto_Final/install/rm_navigation/lib/python3.8/site-packages/rm_navigation-0.0.0-py3.8.egg-info' (and everything under it)
[1.145s] Copying ../../build/rm_navigation/rm_navigation.egg-info to /root/Projeto_Final/install/rm_navigation/lib/python3.8/site-packages/rm_navigation-0.0.0-py3.8.egg-info
[1.146s] running install_scripts
[1.161s] writing list of installed files to '/root/Projeto_Final/build/rm_navigation/install.log'
[1.179s] Invoked command in '/root/Projeto_Final/src/rm_navigation' returned '0': PYTHONPATH=/root/Projeto_Final/build/rm_navigation/prefix_override:/usr/lib/python3/dist-packages/colcon_core/task/python/colcon_distutils_commands:/root/Projeto_Final/install/rm_navigation/lib/python3.8/site-packages:${PYTHONPATH} /usr/bin/python3 -W ignore:setup.py install is deprecated -W ignore:easy_install command is deprecated setup.py egg_info --egg-base ../../build/rm_navigation build --build-base /root/Projeto_Final/build/rm_navigation/build install --record /root/Projeto_Final/build/rm_navigation/install.log --install-scripts $base/lib/rm_navigation --single-version-externally-managed install_data
