[0.060s] Invoking command in '/root/Projeto_Final/build/rm_localization': CMAKE_PREFIX_PATH=/opt/ros/foxy /usr/bin/cmake --build /root/Projeto_Final/build/rm_localization -- -j16 -l16
[0.339s] Invoked command in '/root/Projeto_Final/build/rm_localization' returned '0': CMAKE_PREFIX_PATH=/opt/ros/foxy /usr/bin/cmake --build /root/Projeto_Final/build/rm_localization -- -j16 -l16
[0.357s] Invoking command in '/root/Projeto_Final/build/rm_localization': CMAKE_PREFIX_PATH=/opt/ros/foxy /usr/bin/cmake --install /root/Projeto_Final/build/rm_localization
[0.370s] -- Install configuration: ""
[0.375s] -- Up-to-date: /root/Projeto_Final/install/rm_localization/share/rm_localization//map
[0.377s] -- Up-to-date: /root/Projeto_Final/install/rm_localization/share/rm_localization//map/meu_mapa.yaml
[0.377s] -- Up-to-date: /root/Projeto_Final/install/rm_localization/share/rm_localization//map/meu_mapa.pgm
[0.377s] -- Up-to-date: /root/Projeto_Final/install/rm_localization/share/rm_localization//launch
[0.377s] -- Up-to-date: /root/Projeto_Final/install/rm_localization/share/rm_localization//launch/amcl.launch.py
[0.377s] -- Up-to-date: /root/Projeto_Final/install/rm_localization/share/rm_localization//launch/ekf.launch.py
[0.378s] -- Up-to-date: /root/Projeto_Final/install/rm_localization/share/rm_localization//config
[0.378s] -- Up-to-date: /root/Projeto_Final/install/rm_localization/share/rm_localization//config/amcl_params.yaml
[0.378s] -- Up-to-date: /root/Projeto_Final/install/rm_localization/share/rm_localization//config/ekf_config.yaml
[0.378s] -- Up-to-date: /root/Projeto_Final/install/rm_localization/share/ament_index/resource_index/package_run_dependencies/rm_localization
[0.378s] -- Up-to-date: /root/Projeto_Final/install/rm_localization/share/ament_index/resource_index/parent_prefix_path/rm_localization
[0.378s] -- Up-to-date: /root/Projeto_Final/install/rm_localization/share/rm_localization/environment/ament_prefix_path.sh
[0.378s] -- Up-to-date: /root/Projeto_Final/install/rm_localization/share/rm_localization/environment/ament_prefix_path.dsv
[0.379s] -- Up-to-date: /root/Projeto_Final/install/rm_localization/share/rm_localization/environment/path.sh
[0.379s] -- Up-to-date: /root/Projeto_Final/install/rm_localization/share/rm_localization/environment/path.dsv
[0.379s] -- Up-to-date: /root/Projeto_Final/install/rm_localization/share/rm_localization/local_setup.bash
[0.379s] -- Up-to-date: /root/Projeto_Final/install/rm_localization/share/rm_localization/local_setup.sh
[0.380s] -- Up-to-date: /root/Projeto_Final/install/rm_localization/share/rm_localization/local_setup.zsh
[0.380s] -- Up-to-date: /root/Projeto_Final/install/rm_localization/share/rm_localization/local_setup.dsv
[0.380s] -- Up-to-date: /root/Projeto_Final/install/rm_localization/share/rm_localization/package.dsv
[0.380s] -- Up-to-date: /root/Projeto_Final/install/rm_localization/share/ament_index/resource_index/packages/rm_localization
[0.380s] -- Up-to-date: /root/Projeto_Final/install/rm_localization/share/rm_localization/cmake/rm_localizationConfig.cmake
[0.380s] -- Up-to-date: /root/Projeto_Final/install/rm_localization/share/rm_localization/cmake/rm_localizationConfig-version.cmake
[0.381s] -- Up-to-date: /root/Projeto_Final/install/rm_localization/share/rm_localization/package.xml
[0.381s] Invoked command in '/root/Projeto_Final/build/rm_localization' returned '0': CMAKE_PREFIX_PATH=/opt/ros/foxy /usr/bin/cmake --install /root/Projeto_Final/build/rm_localization
