[  9%] Built target custom_interfaces__rosidl_generator_c
[ 12%] Built target custom_interfaces__cpp
[ 51%] Built target custom_interfaces__rosidl_typesupport_c
[ 51%] Built target custom_interfaces__rosidl_typesupport_introspection_cpp
[ 51%] Built target custom_interfaces__rosidl_typesupport_introspection_c
[ 51%] Built target custom_interfaces__rosidl_typesupport_cpp
[ 61%] Built target custom_interfaces__rosidl_typesupport_fastrtps_cpp
[ 70%] Built target custom_interfaces__rosidl_typesupport_fastrtps_c
[ 70%] Built target custom_interfaces
[ 74%] Built target custom_interfaces__py
[ 80%] Built target custom_interfaces__python
[ 87%] Built target custom_interfaces__rosidl_typesupport_fastrtps_c__pyext
[ 96%] Built target custom_interfaces__rosidl_typesupport_introspection_c__pyext
[100%] Built target custom_interfaces__rosidl_typesupport_c__pyext
-- Install configuration: ""
-- Up-to-date: /root/Projeto_Final/install/custom_interfaces/share/ament_index/resource_index/rosidl_interfaces/custom_interfaces
-- Up-to-date: /root/Projeto_Final/install/custom_interfaces/include/custom_interfaces
-- Up-to-date: /root/Projeto_Final/install/custom_interfaces/include/custom_interfaces/srv
-- Up-to-date: /root/Projeto_Final/install/custom_interfaces/include/custom_interfaces/srv/detail
-- Up-to-date: /root/Projeto_Final/install/custom_interfaces/include/custom_interfaces/srv/detail/start_mission__type_support.h
-- Up-to-date: /root/Projeto_Final/install/custom_interfaces/include/custom_interfaces/srv/detail/start_mission__functions.h
-- Up-to-date: /root/Projeto_Final/install/custom_interfaces/include/custom_interfaces/srv/detail/start_mission__struct.h
-- Up-to-date: /root/Projeto_Final/install/custom_interfaces/include/custom_interfaces/srv/detail/start_mission__functions.c
-- Up-to-date: /root/Projeto_Final/install/custom_interfaces/include/custom_interfaces/srv/start_mission.h
-- Up-to-date: /root/Projeto_Final/install/custom_interfaces/include/custom_interfaces/msg
-- Up-to-date: /root/Projeto_Final/install/custom_interfaces/include/custom_interfaces/msg/rosidl_generator_c__visibility_control.h
-- Up-to-date: /root/Projeto_Final/install/custom_interfaces/share/custom_interfaces/environment/library_path.sh
-- Up-to-date: /root/Projeto_Final/install/custom_interfaces/share/custom_interfaces/environment/library_path.dsv
-- Up-to-date: /root/Projeto_Final/install/custom_interfaces/lib/libcustom_interfaces__rosidl_generator_c.so
-- Up-to-date: /root/Projeto_Final/install/custom_interfaces/include/custom_interfaces
-- Up-to-date: /root/Projeto_Final/install/custom_interfaces/include/custom_interfaces/srv
-- Up-to-date: /root/Projeto_Final/install/custom_interfaces/include/custom_interfaces/srv/detail
-- Up-to-date: /root/Projeto_Final/install/custom_interfaces/include/custom_interfaces/srv/detail/start_mission__rosidl_typesupport_fastrtps_c.h
-- Up-to-date: /root/Projeto_Final/install/custom_interfaces/include/custom_interfaces/msg
-- Up-to-date: /root/Projeto_Final/install/custom_interfaces/include/custom_interfaces/msg/rosidl_typesupport_fastrtps_c__visibility_control.h
-- Up-to-date: /root/Projeto_Final/install/custom_interfaces/lib/libcustom_interfaces__rosidl_typesupport_fastrtps_c.so
-- Up-to-date: /root/Projeto_Final/install/custom_interfaces/include/custom_interfaces
-- Up-to-date: /root/Projeto_Final/install/custom_interfaces/include/custom_interfaces/srv
-- Up-to-date: /root/Projeto_Final/install/custom_interfaces/include/custom_interfaces/srv/detail
-- Up-to-date: /root/Projeto_Final/install/custom_interfaces/include/custom_interfaces/srv/detail/start_mission__rosidl_typesupport_fastrtps_cpp.hpp
-- Up-to-date: /root/Projeto_Final/install/custom_interfaces/include/custom_interfaces/srv/detail/dds_fastrtps
-- Up-to-date: /root/Projeto_Final/install/custom_interfaces/include/custom_interfaces/msg
-- Up-to-date: /root/Projeto_Final/install/custom_interfaces/include/custom_interfaces/msg/rosidl_typesupport_fastrtps_cpp__visibility_control.h
-- Up-to-date: /root/Projeto_Final/install/custom_interfaces/lib/libcustom_interfaces__rosidl_typesupport_fastrtps_cpp.so
-- Up-to-date: /root/Projeto_Final/install/custom_interfaces/include/custom_interfaces
-- Up-to-date: /root/Projeto_Final/install/custom_interfaces/include/custom_interfaces/srv
-- Up-to-date: /root/Projeto_Final/install/custom_interfaces/include/custom_interfaces/srv/detail
-- Up-to-date: /root/Projeto_Final/install/custom_interfaces/include/custom_interfaces/srv/detail/start_mission__type_support.c
-- Up-to-date: /root/Projeto_Final/install/custom_interfaces/include/custom_interfaces/srv/detail/start_mission__rosidl_typesupport_introspection_c.h
-- Up-to-date: /root/Projeto_Final/install/custom_interfaces/include/custom_interfaces/msg
-- Up-to-date: /root/Projeto_Final/install/custom_interfaces/include/custom_interfaces/msg/rosidl_typesupport_introspection_c__visibility_control.h
-- Up-to-date: /root/Projeto_Final/install/custom_interfaces/lib/libcustom_interfaces__rosidl_typesupport_introspection_c.so
-- Up-to-date: /root/Projeto_Final/install/custom_interfaces/lib/libcustom_interfaces__rosidl_typesupport_c.so
-- Up-to-date: /root/Projeto_Final/install/custom_interfaces/include/custom_interfaces
-- Up-to-date: /root/Projeto_Final/install/custom_interfaces/include/custom_interfaces/srv
-- Up-to-date: /root/Projeto_Final/install/custom_interfaces/include/custom_interfaces/srv/start_mission.hpp
-- Up-to-date: /root/Projeto_Final/install/custom_interfaces/include/custom_interfaces/srv/detail
-- Up-to-date: /root/Projeto_Final/install/custom_interfaces/include/custom_interfaces/srv/detail/start_mission__builder.hpp
-- Up-to-date: /root/Projeto_Final/install/custom_interfaces/include/custom_interfaces/srv/detail/start_mission__struct.hpp
-- Up-to-date: /root/Projeto_Final/install/custom_interfaces/include/custom_interfaces/srv/detail/start_mission__type_support.hpp
-- Up-to-date: /root/Projeto_Final/install/custom_interfaces/include/custom_interfaces/srv/detail/start_mission__traits.hpp
-- Up-to-date: /root/Projeto_Final/install/custom_interfaces/include/custom_interfaces/msg
-- Up-to-date: /root/Projeto_Final/install/custom_interfaces/include/custom_interfaces/msg/rosidl_generator_cpp__visibility_control.hpp
-- Up-to-date: /root/Projeto_Final/install/custom_interfaces/include/custom_interfaces
-- Up-to-date: /root/Projeto_Final/install/custom_interfaces/include/custom_interfaces/srv
-- Up-to-date: /root/Projeto_Final/install/custom_interfaces/include/custom_interfaces/srv/detail
-- Up-to-date: /root/Projeto_Final/install/custom_interfaces/include/custom_interfaces/srv/detail/start_mission__rosidl_typesupport_introspection_cpp.hpp
-- Up-to-date: /root/Projeto_Final/install/custom_interfaces/include/custom_interfaces/srv/detail/start_mission__type_support.cpp
-- Up-to-date: /root/Projeto_Final/install/custom_interfaces/lib/libcustom_interfaces__rosidl_typesupport_introspection_cpp.so
-- Up-to-date: /root/Projeto_Final/install/custom_interfaces/lib/libcustom_interfaces__rosidl_typesupport_cpp.so
-- Up-to-date: /root/Projeto_Final/install/custom_interfaces/share/custom_interfaces/environment/pythonpath.sh
-- Up-to-date: /root/Projeto_Final/install/custom_interfaces/share/custom_interfaces/environment/pythonpath.dsv
-- Up-to-date: /root/Projeto_Final/install/custom_interfaces/lib/python3.8/site-packages/custom_interfaces/__init__.py
-- Up-to-date: /root/Projeto_Final/install/custom_interfaces/lib/python3.8/site-packages/custom_interfaces/srv
-- Up-to-date: /root/Projeto_Final/install/custom_interfaces/lib/python3.8/site-packages/custom_interfaces/srv/_start_mission.py
-- Up-to-date: /root/Projeto_Final/install/custom_interfaces/lib/python3.8/site-packages/custom_interfaces/srv/__init__.py
-- Up-to-date: /root/Projeto_Final/install/custom_interfaces/lib/python3.8/site-packages/custom_interfaces/srv/_start_mission_s.c
-- Up-to-date: /root/Projeto_Final/install/custom_interfaces/lib/python3.8/site-packages/custom_interfaces/custom_interfaces_s__rosidl_typesupport_fastrtps_c.cpython-38-x86_64-linux-gnu.so
-- Up-to-date: /root/Projeto_Final/install/custom_interfaces/lib/python3.8/site-packages/custom_interfaces/custom_interfaces_s__rosidl_typesupport_introspection_c.cpython-38-x86_64-linux-gnu.so
-- Up-to-date: /root/Projeto_Final/install/custom_interfaces/lib/python3.8/site-packages/custom_interfaces/custom_interfaces_s__rosidl_typesupport_c.cpython-38-x86_64-linux-gnu.so
-- Up-to-date: /root/Projeto_Final/install/custom_interfaces/lib/libcustom_interfaces__python.so
-- Up-to-date: /root/Projeto_Final/install/custom_interfaces/share/custom_interfaces/srv/StartMission.idl
-- Up-to-date: /root/Projeto_Final/install/custom_interfaces/share/custom_interfaces/srv/StartMission.srv
-- Up-to-date: /root/Projeto_Final/install/custom_interfaces/share/custom_interfaces/srv/StartMission_Request.msg
-- Up-to-date: /root/Projeto_Final/install/custom_interfaces/share/custom_interfaces/srv/StartMission_Response.msg
-- Up-to-date: /root/Projeto_Final/install/custom_interfaces/share/ament_index/resource_index/package_run_dependencies/custom_interfaces
-- Up-to-date: /root/Projeto_Final/install/custom_interfaces/share/ament_index/resource_index/parent_prefix_path/custom_interfaces
-- Up-to-date: /root/Projeto_Final/install/custom_interfaces/share/custom_interfaces/environment/ament_prefix_path.sh
-- Up-to-date: /root/Projeto_Final/install/custom_interfaces/share/custom_interfaces/environment/ament_prefix_path.dsv
-- Up-to-date: /root/Projeto_Final/install/custom_interfaces/share/custom_interfaces/environment/path.sh
-- Up-to-date: /root/Projeto_Final/install/custom_interfaces/share/custom_interfaces/environment/path.dsv
-- Up-to-date: /root/Projeto_Final/install/custom_interfaces/share/custom_interfaces/local_setup.bash
-- Up-to-date: /root/Projeto_Final/install/custom_interfaces/share/custom_interfaces/local_setup.sh
-- Up-to-date: /root/Projeto_Final/install/custom_interfaces/share/custom_interfaces/local_setup.zsh
-- Up-to-date: /root/Projeto_Final/install/custom_interfaces/share/custom_interfaces/local_setup.dsv
-- Installing: /root/Projeto_Final/install/custom_interfaces/share/custom_interfaces/package.dsv
-- Up-to-date: /root/Projeto_Final/install/custom_interfaces/share/ament_index/resource_index/packages/custom_interfaces
-- Up-to-date: /root/Projeto_Final/install/custom_interfaces/share/custom_interfaces/cmake/custom_interfaces__rosidl_generator_cExport.cmake
-- Up-to-date: /root/Projeto_Final/install/custom_interfaces/share/custom_interfaces/cmake/custom_interfaces__rosidl_generator_cExport-noconfig.cmake
-- Up-to-date: /root/Projeto_Final/install/custom_interfaces/share/custom_interfaces/cmake/custom_interfaces__rosidl_typesupport_introspection_cExport.cmake
-- Up-to-date: /root/Projeto_Final/install/custom_interfaces/share/custom_interfaces/cmake/custom_interfaces__rosidl_typesupport_introspection_cExport-noconfig.cmake
-- Up-to-date: /root/Projeto_Final/install/custom_interfaces/share/custom_interfaces/cmake/custom_interfaces__rosidl_typesupport_cExport.cmake
-- Up-to-date: /root/Projeto_Final/install/custom_interfaces/share/custom_interfaces/cmake/custom_interfaces__rosidl_typesupport_cExport-noconfig.cmake
-- Up-to-date: /root/Projeto_Final/install/custom_interfaces/share/custom_interfaces/cmake/custom_interfaces__rosidl_generator_cppExport.cmake
-- Up-to-date: /root/Projeto_Final/install/custom_interfaces/share/custom_interfaces/cmake/custom_interfaces__rosidl_typesupport_introspection_cppExport.cmake
-- Up-to-date: /root/Projeto_Final/install/custom_interfaces/share/custom_interfaces/cmake/custom_interfaces__rosidl_typesupport_introspection_cppExport-noconfig.cmake
-- Up-to-date: /root/Projeto_Final/install/custom_interfaces/share/custom_interfaces/cmake/custom_interfaces__rosidl_typesupport_cppExport.cmake
-- Up-to-date: /root/Projeto_Final/install/custom_interfaces/share/custom_interfaces/cmake/custom_interfaces__rosidl_typesupport_cppExport-noconfig.cmake
-- Up-to-date: /root/Projeto_Final/install/custom_interfaces/share/custom_interfaces/cmake/rosidl_cmake-extras.cmake
-- Up-to-date: /root/Projeto_Final/install/custom_interfaces/share/custom_interfaces/cmake/ament_cmake_export_dependencies-extras.cmake
-- Up-to-date: /root/Projeto_Final/install/custom_interfaces/share/custom_interfaces/cmake/ament_cmake_export_libraries-extras.cmake
-- Up-to-date: /root/Projeto_Final/install/custom_interfaces/share/custom_interfaces/cmake/ament_cmake_export_targets-extras.cmake
-- Up-to-date: /root/Projeto_Final/install/custom_interfaces/share/custom_interfaces/cmake/ament_cmake_export_include_directories-extras.cmake
-- Up-to-date: /root/Projeto_Final/install/custom_interfaces/share/custom_interfaces/cmake/rosidl_cmake_export_typesupport_libraries-extras.cmake
-- Up-to-date: /root/Projeto_Final/install/custom_interfaces/share/custom_interfaces/cmake/rosidl_cmake_export_typesupport_targets-extras.cmake
-- Up-to-date: /root/Projeto_Final/install/custom_interfaces/share/custom_interfaces/cmake/custom_interfacesConfig.cmake
-- Up-to-date: /root/Projeto_Final/install/custom_interfaces/share/custom_interfaces/cmake/custom_interfacesConfig-version.cmake
-- Up-to-date: /root/Projeto_Final/install/custom_interfaces/share/custom_interfaces/package.xml
