running egg_info
creating ../../build/waypoint_navigation_pkg/waypoint_navigation_pkg.egg-info
writing ../../build/waypoint_navigation_pkg/waypoint_navigation_pkg.egg-info/PKG-INFO
writing dependency_links to ../../build/waypoint_navigation_pkg/waypoint_navigation_pkg.egg-info/dependency_links.txt
writing entry points to ../../build/waypoint_navigation_pkg/waypoint_navigation_pkg.egg-info/entry_points.txt
writing requirements to ../../build/waypoint_navigation_pkg/waypoint_navigation_pkg.egg-info/requires.txt
writing top-level names to ../../build/waypoint_navigation_pkg/waypoint_navigation_pkg.egg-info/top_level.txt
writing manifest file '../../build/waypoint_navigation_pkg/waypoint_navigation_pkg.egg-info/SOURCES.txt'
reading manifest file '../../build/waypoint_navigation_pkg/waypoint_navigation_pkg.egg-info/SOURCES.txt'
writing manifest file '../../build/waypoint_navigation_pkg/waypoint_navigation_pkg.egg-info/SOURCES.txt'
running build
running build_py
creating /root/Projeto_Final/build/waypoint_navigation_pkg/build
creating /root/Projeto_Final/build/waypoint_navigation_pkg/build/lib
creating /root/Projeto_Final/build/waypoint_navigation_pkg/build/lib/waypoint_navigation_pkg
copying waypoint_navigation_pkg/waypoint_navigator.py -> /root/Projeto_Final/build/waypoint_navigation_pkg/build/lib/waypoint_navigation_pkg
copying waypoint_navigation_pkg/__init__.py -> /root/Projeto_Final/build/waypoint_navigation_pkg/build/lib/waypoint_navigation_pkg
running install
running install_lib
creating /root/Projeto_Final/install/waypoint_navigation_pkg/lib/python3.8/site-packages/waypoint_navigation_pkg
copying /root/Projeto_Final/build/waypoint_navigation_pkg/build/lib/waypoint_navigation_pkg/waypoint_navigator.py -> /root/Projeto_Final/install/waypoint_navigation_pkg/lib/python3.8/site-packages/waypoint_navigation_pkg
copying /root/Projeto_Final/build/waypoint_navigation_pkg/build/lib/waypoint_navigation_pkg/__init__.py -> /root/Projeto_Final/install/waypoint_navigation_pkg/lib/python3.8/site-packages/waypoint_navigation_pkg
byte-compiling /root/Projeto_Final/install/waypoint_navigation_pkg/lib/python3.8/site-packages/waypoint_navigation_pkg/waypoint_navigator.py to waypoint_navigator.cpython-38.pyc
byte-compiling /root/Projeto_Final/install/waypoint_navigation_pkg/lib/python3.8/site-packages/waypoint_navigation_pkg/__init__.py to __init__.cpython-38.pyc
running install_data
creating /root/Projeto_Final/install/waypoint_navigation_pkg/share/ament_index
creating /root/Projeto_Final/install/waypoint_navigation_pkg/share/ament_index/resource_index
creating /root/Projeto_Final/install/waypoint_navigation_pkg/share/ament_index/resource_index/packages
copying resource/waypoint_navigation_pkg -> /root/Projeto_Final/install/waypoint_navigation_pkg/share/ament_index/resource_index/packages
copying package.xml -> /root/Projeto_Final/install/waypoint_navigation_pkg/share/waypoint_navigation_pkg
running install_egg_info
Copying ../../build/waypoint_navigation_pkg/waypoint_navigation_pkg.egg-info to /root/Projeto_Final/install/waypoint_navigation_pkg/lib/python3.8/site-packages/waypoint_navigation_pkg-0.0.0-py3.8.egg-info
running install_scripts
Installing waypoint_navigator script to /root/Projeto_Final/install/waypoint_navigation_pkg/lib/waypoint_navigation_pkg
writing list of installed files to '/root/Projeto_Final/build/waypoint_navigation_pkg/install.log'
