[0.563s] Invoking command in '/root/Projeto_Final/src/waypoint_navigation_pkg': AMENT_PREFIX_PATH=/root/Projeto_Final/install/custom_interfaces:${AMENT_PREFIX_PATH} CMAKE_PREFIX_PATH=/root/Projeto_Final/install/custom_interfaces LD_LIBRARY_PATH=/root/Projeto_Final/install/custom_interfaces/lib:${LD_LIBRARY_PATH} PYTHONPATH=/root/Projeto_Final/build/waypoint_navigation_pkg/prefix_override:/usr/lib/python3/dist-packages/colcon_core/task/python/colcon_distutils_commands:/root/Projeto_Final/install/waypoint_navigation_pkg/lib/python3.8/site-packages:/root/Projeto_Final/install/custom_interfaces/lib/python3.8/site-packages:${PYTHONPATH} /usr/bin/python3 -W ignore:setup.py install is deprecated -W ignore:easy_install command is deprecated setup.py egg_info --egg-base ../../build/waypoint_navigation_pkg build --build-base /root/Projeto_Final/build/waypoint_navigation_pkg/build install --record /root/Projeto_Final/build/waypoint_navigation_pkg/install.log --install-scripts $base/lib/waypoint_navigation_pkg --single-version-externally-managed install_data
[0.697s] running egg_info
[0.697s] creating ../../build/waypoint_navigation_pkg/waypoint_navigation_pkg.egg-info
[0.697s] writing ../../build/waypoint_navigation_pkg/waypoint_navigation_pkg.egg-info/PKG-INFO
[0.698s] writing dependency_links to ../../build/waypoint_navigation_pkg/waypoint_navigation_pkg.egg-info/dependency_links.txt
[0.698s] writing entry points to ../../build/waypoint_navigation_pkg/waypoint_navigation_pkg.egg-info/entry_points.txt
[0.698s] writing requirements to ../../build/waypoint_navigation_pkg/waypoint_navigation_pkg.egg-info/requires.txt
[0.698s] writing top-level names to ../../build/waypoint_navigation_pkg/waypoint_navigation_pkg.egg-info/top_level.txt
[0.699s] writing manifest file '../../build/waypoint_navigation_pkg/waypoint_navigation_pkg.egg-info/SOURCES.txt'
[0.721s] reading manifest file '../../build/waypoint_navigation_pkg/waypoint_navigation_pkg.egg-info/SOURCES.txt'
[0.722s] writing manifest file '../../build/waypoint_navigation_pkg/waypoint_navigation_pkg.egg-info/SOURCES.txt'
[0.722s] running build
[0.722s] running build_py
[0.722s] creating /root/Projeto_Final/build/waypoint_navigation_pkg/build
[0.722s] creating /root/Projeto_Final/build/waypoint_navigation_pkg/build/lib
[0.722s] creating /root/Projeto_Final/build/waypoint_navigation_pkg/build/lib/waypoint_navigation_pkg
[0.722s] copying waypoint_navigation_pkg/waypoint_navigator.py -> /root/Projeto_Final/build/waypoint_navigation_pkg/build/lib/waypoint_navigation_pkg
[0.722s] copying waypoint_navigation_pkg/__init__.py -> /root/Projeto_Final/build/waypoint_navigation_pkg/build/lib/waypoint_navigation_pkg
[0.722s] running install
[0.723s] running install_lib
[0.724s] creating /root/Projeto_Final/install/waypoint_navigation_pkg/lib/python3.8/site-packages/waypoint_navigation_pkg
[0.724s] copying /root/Projeto_Final/build/waypoint_navigation_pkg/build/lib/waypoint_navigation_pkg/waypoint_navigator.py -> /root/Projeto_Final/install/waypoint_navigation_pkg/lib/python3.8/site-packages/waypoint_navigation_pkg
[0.724s] copying /root/Projeto_Final/build/waypoint_navigation_pkg/build/lib/waypoint_navigation_pkg/__init__.py -> /root/Projeto_Final/install/waypoint_navigation_pkg/lib/python3.8/site-packages/waypoint_navigation_pkg
[0.724s] byte-compiling /root/Projeto_Final/install/waypoint_navigation_pkg/lib/python3.8/site-packages/waypoint_navigation_pkg/waypoint_navigator.py to waypoint_navigator.cpython-38.pyc
[0.726s] byte-compiling /root/Projeto_Final/install/waypoint_navigation_pkg/lib/python3.8/site-packages/waypoint_navigation_pkg/__init__.py to __init__.cpython-38.pyc
[0.726s] running install_data
[0.726s] creating /root/Projeto_Final/install/waypoint_navigation_pkg/share/ament_index
[0.726s] creating /root/Projeto_Final/install/waypoint_navigation_pkg/share/ament_index/resource_index
[0.726s] creating /root/Projeto_Final/install/waypoint_navigation_pkg/share/ament_index/resource_index/packages
[0.726s] copying resource/waypoint_navigation_pkg -> /root/Projeto_Final/install/waypoint_navigation_pkg/share/ament_index/resource_index/packages
[0.726s] copying package.xml -> /root/Projeto_Final/install/waypoint_navigation_pkg/share/waypoint_navigation_pkg
[0.726s] running install_egg_info
[0.728s] Copying ../../build/waypoint_navigation_pkg/waypoint_navigation_pkg.egg-info to /root/Projeto_Final/install/waypoint_navigation_pkg/lib/python3.8/site-packages/waypoint_navigation_pkg-0.0.0-py3.8.egg-info
[0.729s] running install_scripts
[0.741s] Installing waypoint_navigator script to /root/Projeto_Final/install/waypoint_navigation_pkg/lib/waypoint_navigation_pkg
[0.741s] writing list of installed files to '/root/Projeto_Final/build/waypoint_navigation_pkg/install.log'
[0.756s] Invoked command in '/root/Projeto_Final/src/waypoint_navigation_pkg' returned '0': AMENT_PREFIX_PATH=/root/Projeto_Final/install/custom_interfaces:${AMENT_PREFIX_PATH} CMAKE_PREFIX_PATH=/root/Projeto_Final/install/custom_interfaces LD_LIBRARY_PATH=/root/Projeto_Final/install/custom_interfaces/lib:${LD_LIBRARY_PATH} PYTHONPATH=/root/Projeto_Final/build/waypoint_navigation_pkg/prefix_override:/usr/lib/python3/dist-packages/colcon_core/task/python/colcon_distutils_commands:/root/Projeto_Final/install/waypoint_navigation_pkg/lib/python3.8/site-packages:/root/Projeto_Final/install/custom_interfaces/lib/python3.8/site-packages:${PYTHONPATH} /usr/bin/python3 -W ignore:setup.py install is deprecated -W ignore:easy_install command is deprecated setup.py egg_info --egg-base ../../build/waypoint_navigation_pkg build --build-base /root/Projeto_Final/build/waypoint_navigation_pkg/build install --record /root/Projeto_Final/build/waypoint_navigation_pkg/install.log --install-scripts $base/lib/waypoint_navigation_pkg --single-version-externally-managed install_data
