[0.207s] DEBUG:colcon:Command line arguments: ['/usr/bin/colcon', 'build']
[0.207s] DEBUG:colcon:Parsed command line arguments: Namespace(allow_overriding=[], ament_cmake_args=None, base_paths=['.'], build_base='build', catkin_cmake_args=None, catkin_skip_building_tests=False, cmake_args=None, cmake_clean_cache=False, cmake_clean_first=False, cmake_force_configure=False, cmake_target=None, cmake_target_skip_unavailable=False, continue_on_error=False, event_handlers=None, executor='parallel', ignore_user_meta=False, install_base='install', log_base=None, log_level=None, main=<bound method BuildVerb.main of <colcon_core.verb.build.BuildVerb object at 0x7f1d7316a1c0>>, merge_install=False, metas=['./colcon.meta'], mixin=None, mixin_files=None, mixin_verb=('build',), packages_above=None, packages_above_and_dependencies=None, packages_above_depth=None, packages_end=None, packages_ignore=None, packages_ignore_regex=None, packages_select=None, packages_select_build_failed=False, packages_select_by_dep=None, packages_select_regex=None, packages_select_test_failures=False, packages_skip=None, packages_skip_build_finished=False, packages_skip_by_dep=None, packages_skip_regex=None, packages_skip_test_passed=False, packages_skip_up_to=None, packages_start=None, packages_up_to=None, packages_up_to_regex=None, parallel_workers=16, paths=None, symlink_install=False, test_result_base=None, verb_extension=<colcon_core.verb.build.BuildVerb object at 0x7f1d7316a1c0>, verb_name='build', verb_parser=<colcon_mixin.mixin.mixin_argument.MixinArgumentDecorator object at 0x7f1d730bc820>)
[0.328s] Level 1:colcon.colcon_core.package_discovery:discover_packages(colcon_meta) check parameters
[0.328s] Level 1:colcon.colcon_core.package_discovery:discover_packages(recursive) check parameters
[0.328s] Level 1:colcon.colcon_core.package_discovery:discover_packages(ignore) check parameters
[0.328s] Level 1:colcon.colcon_core.package_discovery:discover_packages(path) check parameters
[0.328s] Level 1:colcon.colcon_core.package_discovery:discover_packages(colcon_meta) discover
[0.329s] Level 1:colcon.colcon_core.package_discovery:discover_packages(recursive) discover
[0.329s] INFO:colcon.colcon_core.package_discovery:Crawling recursively for packages in '/root/Projeto_Final'
[0.329s] Level 1:colcon.colcon_core.package_identification:_identify(.) by extensions ['ignore', 'ignore_ament_install']
[0.329s] Level 1:colcon.colcon_core.package_identification:_identify(.) by extension 'ignore'
[0.329s] Level 1:colcon.colcon_core.package_identification:_identify(.) by extension 'ignore_ament_install'
[0.329s] Level 1:colcon.colcon_core.package_identification:_identify(.) by extensions ['colcon_pkg']
[0.329s] Level 1:colcon.colcon_core.package_identification:_identify(.) by extension 'colcon_pkg'
[0.329s] Level 1:colcon.colcon_core.package_identification:_identify(.) by extensions ['colcon_meta']
[0.329s] Level 1:colcon.colcon_core.package_identification:_identify(.) by extension 'colcon_meta'
[0.329s] Level 1:colcon.colcon_core.package_identification:_identify(.) by extensions ['ros']
[0.329s] Level 1:colcon.colcon_core.package_identification:_identify(.) by extension 'ros'
[0.339s] Level 1:colcon.colcon_core.package_identification:_identify(.) by extensions ['cmake', 'python']
[0.339s] Level 1:colcon.colcon_core.package_identification:_identify(.) by extension 'cmake'
[0.339s] Level 1:colcon.colcon_core.package_identification:_identify(.) by extension 'python'
[0.339s] Level 1:colcon.colcon_core.package_identification:_identify(.) by extensions ['python_setup_py']
[0.339s] Level 1:colcon.colcon_core.package_identification:_identify(.) by extension 'python_setup_py'
[0.339s] Level 1:colcon.colcon_core.package_identification:_identify(build) by extensions ['ignore', 'ignore_ament_install']
[0.339s] Level 1:colcon.colcon_core.package_identification:_identify(build) by extension 'ignore'
[0.340s] Level 1:colcon.colcon_core.package_identification:_identify(build) ignored
[0.340s] Level 1:colcon.colcon_core.package_identification:_identify(install) by extensions ['ignore', 'ignore_ament_install']
[0.340s] Level 1:colcon.colcon_core.package_identification:_identify(install) by extension 'ignore'
[0.340s] Level 1:colcon.colcon_core.package_identification:_identify(install) ignored
[0.340s] Level 1:colcon.colcon_core.package_identification:_identify(log) by extensions ['ignore', 'ignore_ament_install']
[0.340s] Level 1:colcon.colcon_core.package_identification:_identify(log) by extension 'ignore'
[0.340s] Level 1:colcon.colcon_core.package_identification:_identify(log) ignored
[0.340s] Level 1:colcon.colcon_core.package_identification:_identify(src) by extensions ['ignore', 'ignore_ament_install']
[0.340s] Level 1:colcon.colcon_core.package_identification:_identify(src) by extension 'ignore'
[0.340s] Level 1:colcon.colcon_core.package_identification:_identify(src) by extension 'ignore_ament_install'
[0.340s] Level 1:colcon.colcon_core.package_identification:_identify(src) by extensions ['colcon_pkg']
[0.340s] Level 1:colcon.colcon_core.package_identification:_identify(src) by extension 'colcon_pkg'
[0.340s] Level 1:colcon.colcon_core.package_identification:_identify(src) by extensions ['colcon_meta']
[0.340s] Level 1:colcon.colcon_core.package_identification:_identify(src) by extension 'colcon_meta'
[0.340s] Level 1:colcon.colcon_core.package_identification:_identify(src) by extensions ['ros']
[0.340s] Level 1:colcon.colcon_core.package_identification:_identify(src) by extension 'ros'
[0.340s] Level 1:colcon.colcon_core.package_identification:_identify(src) by extensions ['cmake', 'python']
[0.340s] Level 1:colcon.colcon_core.package_identification:_identify(src) by extension 'cmake'
[0.340s] Level 1:colcon.colcon_core.package_identification:_identify(src) by extension 'python'
[0.341s] Level 1:colcon.colcon_core.package_identification:_identify(src) by extensions ['python_setup_py']
[0.341s] Level 1:colcon.colcon_core.package_identification:_identify(src) by extension 'python_setup_py'
[0.341s] Level 1:colcon.colcon_core.package_identification:_identify(src/custom_interfaces) by extensions ['ignore', 'ignore_ament_install']
[0.341s] Level 1:colcon.colcon_core.package_identification:_identify(src/custom_interfaces) by extension 'ignore'
[0.341s] Level 1:colcon.colcon_core.package_identification:_identify(src/custom_interfaces) by extension 'ignore_ament_install'
[0.341s] Level 1:colcon.colcon_core.package_identification:_identify(src/custom_interfaces) by extensions ['colcon_pkg']
[0.341s] Level 1:colcon.colcon_core.package_identification:_identify(src/custom_interfaces) by extension 'colcon_pkg'
[0.341s] Level 1:colcon.colcon_core.package_identification:_identify(src/custom_interfaces) by extensions ['colcon_meta']
[0.341s] Level 1:colcon.colcon_core.package_identification:_identify(src/custom_interfaces) by extension 'colcon_meta'
[0.341s] Level 1:colcon.colcon_core.package_identification:_identify(src/custom_interfaces) by extensions ['ros']
[0.341s] Level 1:colcon.colcon_core.package_identification:_identify(src/custom_interfaces) by extension 'ros'
[0.343s] DEBUG:colcon.colcon_core.package_identification:Package 'src/custom_interfaces' with type 'ros.ament_cmake' and name 'custom_interfaces'
[0.343s] Level 1:colcon.colcon_core.package_identification:_identify(src/rm_localization) by extensions ['ignore', 'ignore_ament_install']
[0.343s] Level 1:colcon.colcon_core.package_identification:_identify(src/rm_localization) by extension 'ignore'
[0.343s] Level 1:colcon.colcon_core.package_identification:_identify(src/rm_localization) by extension 'ignore_ament_install'
[0.343s] Level 1:colcon.colcon_core.package_identification:_identify(src/rm_localization) by extensions ['colcon_pkg']
[0.343s] Level 1:colcon.colcon_core.package_identification:_identify(src/rm_localization) by extension 'colcon_pkg'
[0.343s] Level 1:colcon.colcon_core.package_identification:_identify(src/rm_localization) by extensions ['colcon_meta']
[0.343s] Level 1:colcon.colcon_core.package_identification:_identify(src/rm_localization) by extension 'colcon_meta'
[0.343s] Level 1:colcon.colcon_core.package_identification:_identify(src/rm_localization) by extensions ['ros']
[0.343s] Level 1:colcon.colcon_core.package_identification:_identify(src/rm_localization) by extension 'ros'
[0.344s] DEBUG:colcon.colcon_core.package_identification:Package 'src/rm_localization' with type 'ros.ament_cmake' and name 'rm_localization'
[0.344s] Level 1:colcon.colcon_core.package_identification:_identify(src/rm_navigation) by extensions ['ignore', 'ignore_ament_install']
[0.344s] Level 1:colcon.colcon_core.package_identification:_identify(src/rm_navigation) by extension 'ignore'
[0.344s] Level 1:colcon.colcon_core.package_identification:_identify(src/rm_navigation) by extension 'ignore_ament_install'
[0.344s] Level 1:colcon.colcon_core.package_identification:_identify(src/rm_navigation) by extensions ['colcon_pkg']
[0.344s] Level 1:colcon.colcon_core.package_identification:_identify(src/rm_navigation) by extension 'colcon_pkg'
[0.344s] Level 1:colcon.colcon_core.package_identification:_identify(src/rm_navigation) by extensions ['colcon_meta']
[0.344s] Level 1:colcon.colcon_core.package_identification:_identify(src/rm_navigation) by extension 'colcon_meta'
[0.344s] Level 1:colcon.colcon_core.package_identification:_identify(src/rm_navigation) by extensions ['ros']
[0.344s] Level 1:colcon.colcon_core.package_identification:_identify(src/rm_navigation) by extension 'ros'
[0.345s] DEBUG:colcon.colcon_core.package_identification:Package 'src/rm_navigation' with type 'ros.ament_python' and name 'rm_navigation'
[0.345s] Level 1:colcon.colcon_core.package_identification:_identify(src/robot_description) by extensions ['ignore', 'ignore_ament_install']
[0.345s] Level 1:colcon.colcon_core.package_identification:_identify(src/robot_description) by extension 'ignore'
[0.345s] Level 1:colcon.colcon_core.package_identification:_identify(src/robot_description) by extension 'ignore_ament_install'
[0.345s] Level 1:colcon.colcon_core.package_identification:_identify(src/robot_description) by extensions ['colcon_pkg']
[0.345s] Level 1:colcon.colcon_core.package_identification:_identify(src/robot_description) by extension 'colcon_pkg'
[0.345s] Level 1:colcon.colcon_core.package_identification:_identify(src/robot_description) by extensions ['colcon_meta']
[0.345s] Level 1:colcon.colcon_core.package_identification:_identify(src/robot_description) by extension 'colcon_meta'
[0.345s] Level 1:colcon.colcon_core.package_identification:_identify(src/robot_description) by extensions ['ros']
[0.345s] Level 1:colcon.colcon_core.package_identification:_identify(src/robot_description) by extension 'ros'
[0.346s] DEBUG:colcon.colcon_core.package_identification:Package 'src/robot_description' with type 'ros.ament_cmake' and name 'robot_description'
[0.346s] Level 1:colcon.colcon_core.package_identification:_identify(src/waypoint_navigation_pkg) by extensions ['ignore', 'ignore_ament_install']
[0.346s] Level 1:colcon.colcon_core.package_identification:_identify(src/waypoint_navigation_pkg) by extension 'ignore'
[0.346s] Level 1:colcon.colcon_core.package_identification:_identify(src/waypoint_navigation_pkg) by extension 'ignore_ament_install'
[0.346s] Level 1:colcon.colcon_core.package_identification:_identify(src/waypoint_navigation_pkg) by extensions ['colcon_pkg']
[0.346s] Level 1:colcon.colcon_core.package_identification:_identify(src/waypoint_navigation_pkg) by extension 'colcon_pkg'
[0.346s] Level 1:colcon.colcon_core.package_identification:_identify(src/waypoint_navigation_pkg) by extensions ['colcon_meta']
[0.346s] Level 1:colcon.colcon_core.package_identification:_identify(src/waypoint_navigation_pkg) by extension 'colcon_meta'
[0.346s] Level 1:colcon.colcon_core.package_identification:_identify(src/waypoint_navigation_pkg) by extensions ['ros']
[0.346s] Level 1:colcon.colcon_core.package_identification:_identify(src/waypoint_navigation_pkg) by extension 'ros'
[0.347s] DEBUG:colcon.colcon_core.package_identification:Package 'src/waypoint_navigation_pkg' with type 'ros.ament_python' and name 'waypoint_navigation_pkg'
[0.347s] Level 1:colcon.colcon_core.package_discovery:discover_packages(recursive) using defaults
[0.347s] Level 1:colcon.colcon_core.package_discovery:discover_packages(ignore) discover
[0.347s] Level 1:colcon.colcon_core.package_discovery:discover_packages(ignore) using defaults
[0.347s] Level 1:colcon.colcon_core.package_discovery:discover_packages(path) discover
[0.347s] Level 1:colcon.colcon_core.package_discovery:discover_packages(path) using defaults
[0.363s] Level 1:colcon.colcon_core.package_discovery:discover_packages(prefix_path) check parameters
[0.363s] Level 1:colcon.colcon_core.package_discovery:discover_packages(prefix_path) discover
[0.365s] DEBUG:colcon.colcon_installed_package_information.package_discovery:Found 5 installed packages in /root/Projeto_Final/install
[0.366s] DEBUG:colcon.colcon_installed_package_information.package_discovery:Found 375 installed packages in /opt/ros/foxy
[0.379s] Level 1:colcon.colcon_core.package_discovery:discover_packages(prefix_path) using defaults
[0.465s] Level 5:colcon.colcon_core.verb:set package 'custom_interfaces' build argument 'cmake_args' from command line to 'None'
[0.465s] Level 5:colcon.colcon_core.verb:set package 'custom_interfaces' build argument 'cmake_target' from command line to 'None'
[0.465s] Level 5:colcon.colcon_core.verb:set package 'custom_interfaces' build argument 'cmake_target_skip_unavailable' from command line to 'False'
[0.465s] Level 5:colcon.colcon_core.verb:set package 'custom_interfaces' build argument 'cmake_clean_cache' from command line to 'False'
[0.465s] Level 5:colcon.colcon_core.verb:set package 'custom_interfaces' build argument 'cmake_clean_first' from command line to 'False'
[0.465s] Level 5:colcon.colcon_core.verb:set package 'custom_interfaces' build argument 'cmake_force_configure' from command line to 'False'
[0.465s] Level 5:colcon.colcon_core.verb:set package 'custom_interfaces' build argument 'ament_cmake_args' from command line to 'None'
[0.465s] Level 5:colcon.colcon_core.verb:set package 'custom_interfaces' build argument 'catkin_cmake_args' from command line to 'None'
[0.465s] Level 5:colcon.colcon_core.verb:set package 'custom_interfaces' build argument 'catkin_skip_building_tests' from command line to 'False'
[0.465s] DEBUG:colcon.colcon_core.verb:Building package 'custom_interfaces' with the following arguments: {'ament_cmake_args': None, 'build_base': '/root/Projeto_Final/build/custom_interfaces', 'catkin_cmake_args': None, 'catkin_skip_building_tests': False, 'cmake_args': None, 'cmake_clean_cache': False, 'cmake_clean_first': False, 'cmake_force_configure': False, 'cmake_target': None, 'cmake_target_skip_unavailable': False, 'install_base': '/root/Projeto_Final/install/custom_interfaces', 'merge_install': False, 'path': '/root/Projeto_Final/src/custom_interfaces', 'symlink_install': False, 'test_result_base': None}
[0.466s] Level 5:colcon.colcon_core.verb:set package 'rm_localization' build argument 'cmake_args' from command line to 'None'
[0.466s] Level 5:colcon.colcon_core.verb:set package 'rm_localization' build argument 'cmake_target' from command line to 'None'
[0.466s] Level 5:colcon.colcon_core.verb:set package 'rm_localization' build argument 'cmake_target_skip_unavailable' from command line to 'False'
[0.466s] Level 5:colcon.colcon_core.verb:set package 'rm_localization' build argument 'cmake_clean_cache' from command line to 'False'
[0.466s] Level 5:colcon.colcon_core.verb:set package 'rm_localization' build argument 'cmake_clean_first' from command line to 'False'
[0.466s] Level 5:colcon.colcon_core.verb:set package 'rm_localization' build argument 'cmake_force_configure' from command line to 'False'
[0.466s] Level 5:colcon.colcon_core.verb:set package 'rm_localization' build argument 'ament_cmake_args' from command line to 'None'
[0.466s] Level 5:colcon.colcon_core.verb:set package 'rm_localization' build argument 'catkin_cmake_args' from command line to 'None'
[0.466s] Level 5:colcon.colcon_core.verb:set package 'rm_localization' build argument 'catkin_skip_building_tests' from command line to 'False'
[0.466s] DEBUG:colcon.colcon_core.verb:Building package 'rm_localization' with the following arguments: {'ament_cmake_args': None, 'build_base': '/root/Projeto_Final/build/rm_localization', 'catkin_cmake_args': None, 'catkin_skip_building_tests': False, 'cmake_args': None, 'cmake_clean_cache': False, 'cmake_clean_first': False, 'cmake_force_configure': False, 'cmake_target': None, 'cmake_target_skip_unavailable': False, 'install_base': '/root/Projeto_Final/install/rm_localization', 'merge_install': False, 'path': '/root/Projeto_Final/src/rm_localization', 'symlink_install': False, 'test_result_base': None}
[0.467s] Level 5:colcon.colcon_core.verb:set package 'rm_navigation' build argument 'cmake_args' from command line to 'None'
[0.467s] Level 5:colcon.colcon_core.verb:set package 'rm_navigation' build argument 'cmake_target' from command line to 'None'
[0.467s] Level 5:colcon.colcon_core.verb:set package 'rm_navigation' build argument 'cmake_target_skip_unavailable' from command line to 'False'
[0.467s] Level 5:colcon.colcon_core.verb:set package 'rm_navigation' build argument 'cmake_clean_cache' from command line to 'False'
[0.467s] Level 5:colcon.colcon_core.verb:set package 'rm_navigation' build argument 'cmake_clean_first' from command line to 'False'
[0.467s] Level 5:colcon.colcon_core.verb:set package 'rm_navigation' build argument 'cmake_force_configure' from command line to 'False'
[0.467s] Level 5:colcon.colcon_core.verb:set package 'rm_navigation' build argument 'ament_cmake_args' from command line to 'None'
[0.467s] Level 5:colcon.colcon_core.verb:set package 'rm_navigation' build argument 'catkin_cmake_args' from command line to 'None'
[0.467s] Level 5:colcon.colcon_core.verb:set package 'rm_navigation' build argument 'catkin_skip_building_tests' from command line to 'False'
[0.467s] DEBUG:colcon.colcon_core.verb:Building package 'rm_navigation' with the following arguments: {'ament_cmake_args': None, 'build_base': '/root/Projeto_Final/build/rm_navigation', 'catkin_cmake_args': None, 'catkin_skip_building_tests': False, 'cmake_args': None, 'cmake_clean_cache': False, 'cmake_clean_first': False, 'cmake_force_configure': False, 'cmake_target': None, 'cmake_target_skip_unavailable': False, 'install_base': '/root/Projeto_Final/install/rm_navigation', 'merge_install': False, 'path': '/root/Projeto_Final/src/rm_navigation', 'symlink_install': False, 'test_result_base': None}
[0.468s] Level 5:colcon.colcon_core.verb:set package 'robot_description' build argument 'cmake_args' from command line to 'None'
[0.468s] Level 5:colcon.colcon_core.verb:set package 'robot_description' build argument 'cmake_target' from command line to 'None'
[0.468s] Level 5:colcon.colcon_core.verb:set package 'robot_description' build argument 'cmake_target_skip_unavailable' from command line to 'False'
[0.468s] Level 5:colcon.colcon_core.verb:set package 'robot_description' build argument 'cmake_clean_cache' from command line to 'False'
[0.468s] Level 5:colcon.colcon_core.verb:set package 'robot_description' build argument 'cmake_clean_first' from command line to 'False'
[0.468s] Level 5:colcon.colcon_core.verb:set package 'robot_description' build argument 'cmake_force_configure' from command line to 'False'
[0.468s] Level 5:colcon.colcon_core.verb:set package 'robot_description' build argument 'ament_cmake_args' from command line to 'None'
[0.468s] Level 5:colcon.colcon_core.verb:set package 'robot_description' build argument 'catkin_cmake_args' from command line to 'None'
[0.468s] Level 5:colcon.colcon_core.verb:set package 'robot_description' build argument 'catkin_skip_building_tests' from command line to 'False'
[0.468s] DEBUG:colcon.colcon_core.verb:Building package 'robot_description' with the following arguments: {'ament_cmake_args': None, 'build_base': '/root/Projeto_Final/build/robot_description', 'catkin_cmake_args': None, 'catkin_skip_building_tests': False, 'cmake_args': None, 'cmake_clean_cache': False, 'cmake_clean_first': False, 'cmake_force_configure': False, 'cmake_target': None, 'cmake_target_skip_unavailable': False, 'install_base': '/root/Projeto_Final/install/robot_description', 'merge_install': False, 'path': '/root/Projeto_Final/src/robot_description', 'symlink_install': False, 'test_result_base': None}
[0.468s] Level 5:colcon.colcon_core.verb:set package 'waypoint_navigation_pkg' build argument 'cmake_args' from command line to 'None'
[0.468s] Level 5:colcon.colcon_core.verb:set package 'waypoint_navigation_pkg' build argument 'cmake_target' from command line to 'None'
[0.468s] Level 5:colcon.colcon_core.verb:set package 'waypoint_navigation_pkg' build argument 'cmake_target_skip_unavailable' from command line to 'False'
[0.468s] Level 5:colcon.colcon_core.verb:set package 'waypoint_navigation_pkg' build argument 'cmake_clean_cache' from command line to 'False'
[0.468s] Level 5:colcon.colcon_core.verb:set package 'waypoint_navigation_pkg' build argument 'cmake_clean_first' from command line to 'False'
[0.469s] Level 5:colcon.colcon_core.verb:set package 'waypoint_navigation_pkg' build argument 'cmake_force_configure' from command line to 'False'
[0.469s] Level 5:colcon.colcon_core.verb:set package 'waypoint_navigation_pkg' build argument 'ament_cmake_args' from command line to 'None'
[0.469s] Level 5:colcon.colcon_core.verb:set package 'waypoint_navigation_pkg' build argument 'catkin_cmake_args' from command line to 'None'
[0.469s] Level 5:colcon.colcon_core.verb:set package 'waypoint_navigation_pkg' build argument 'catkin_skip_building_tests' from command line to 'False'
[0.469s] DEBUG:colcon.colcon_core.verb:Building package 'waypoint_navigation_pkg' with the following arguments: {'ament_cmake_args': None, 'build_base': '/root/Projeto_Final/build/waypoint_navigation_pkg', 'catkin_cmake_args': None, 'catkin_skip_building_tests': False, 'cmake_args': None, 'cmake_clean_cache': False, 'cmake_clean_first': False, 'cmake_force_configure': False, 'cmake_target': None, 'cmake_target_skip_unavailable': False, 'install_base': '/root/Projeto_Final/install/waypoint_navigation_pkg', 'merge_install': False, 'path': '/root/Projeto_Final/src/waypoint_navigation_pkg', 'symlink_install': False, 'test_result_base': None}
[0.469s] INFO:colcon.colcon_core.executor:Executing jobs using 'parallel' executor
[0.470s] DEBUG:colcon.colcon_parallel_executor.executor.parallel:run_until_complete
[0.471s] INFO:colcon.colcon_ros.task.ament_cmake.build:Building ROS package in '/root/Projeto_Final/src/custom_interfaces' with build type 'ament_cmake'
[0.471s] INFO:colcon.colcon_cmake.task.cmake.build:Building CMake package in '/root/Projeto_Final/src/custom_interfaces'
[0.475s] INFO:colcon.colcon_core.plugin_system:Skipping extension 'colcon_core.shell.bat': Not used on non-Windows systems
[0.475s] INFO:colcon.colcon_core.shell:Skip shell extension 'powershell' for command environment: Not usable outside of PowerShell
[0.475s] DEBUG:colcon.colcon_core.shell:Skip shell extension 'dsv' for command environment
[0.482s] INFO:colcon.colcon_ros.task.ament_cmake.build:Building ROS package in '/root/Projeto_Final/src/rm_localization' with build type 'ament_cmake'
[0.482s] INFO:colcon.colcon_cmake.task.cmake.build:Building CMake package in '/root/Projeto_Final/src/rm_localization'
[0.483s] INFO:colcon.colcon_core.shell:Skip shell extension 'powershell' for command environment: Not usable outside of PowerShell
[0.484s] DEBUG:colcon.colcon_core.shell:Skip shell extension 'dsv' for command environment
[0.495s] INFO:colcon.colcon_ros.task.ament_python.build:Building ROS package in '/root/Projeto_Final/src/rm_navigation' with build type 'ament_python'
[0.496s] Level 1:colcon.colcon_core.shell:create_environment_hook('rm_navigation', 'ament_prefix_path')
[0.498s] INFO:colcon.colcon_core.shell:Creating environment hook '/root/Projeto_Final/install/rm_navigation/share/rm_navigation/hook/ament_prefix_path.ps1'
[0.501s] INFO:colcon.colcon_core.shell:Creating environment descriptor '/root/Projeto_Final/install/rm_navigation/share/rm_navigation/hook/ament_prefix_path.dsv'
[0.502s] INFO:colcon.colcon_core.shell:Creating environment hook '/root/Projeto_Final/install/rm_navigation/share/rm_navigation/hook/ament_prefix_path.sh'
[0.503s] INFO:colcon.colcon_core.shell:Skip shell extension 'powershell' for command environment: Not usable outside of PowerShell
[0.504s] DEBUG:colcon.colcon_core.shell:Skip shell extension 'dsv' for command environment
[0.511s] INFO:colcon.colcon_ros.task.ament_cmake.build:Building ROS package in '/root/Projeto_Final/src/robot_description' with build type 'ament_cmake'
[0.512s] INFO:colcon.colcon_cmake.task.cmake.build:Building CMake package in '/root/Projeto_Final/src/robot_description'
[0.513s] INFO:colcon.colcon_core.shell:Skip shell extension 'powershell' for command environment: Not usable outside of PowerShell
[0.514s] DEBUG:colcon.colcon_core.shell:Skip shell extension 'dsv' for command environment
[0.536s] DEBUG:colcon.colcon_core.event_handler.log_command:Invoking command in '/root/Projeto_Final/build/custom_interfaces': CMAKE_PREFIX_PATH=${CMAKE_PREFIX_PATH}:/root/Projeto_Final/install/waypoint_navigation_pkg:/root/Projeto_Final/install/rm_navigation:/opt/ros/foxy /usr/bin/cmake --build /root/Projeto_Final/build/custom_interfaces -- -j16 -l16
[0.547s] DEBUG:colcon.colcon_core.event_handler.log_command:Invoking command in '/root/Projeto_Final/build/rm_localization': CMAKE_PREFIX_PATH=${CMAKE_PREFIX_PATH}:/root/Projeto_Final/install/waypoint_navigation_pkg:/root/Projeto_Final/install/rm_navigation:/opt/ros/foxy /usr/bin/cmake --build /root/Projeto_Final/build/rm_localization -- -j16 -l16
[0.817s] INFO:colcon.colcon_core.task.python.build:Building Python package in '/root/Projeto_Final/src/rm_navigation'
[0.817s] INFO:colcon.colcon_core.shell:Skip shell extension 'powershell' for command environment: Not usable outside of PowerShell
[0.817s] DEBUG:colcon.colcon_core.shell:Skip shell extension 'dsv' for command environment
[0.839s] DEBUG:colcon.colcon_core.event_handler.log_command:Invoking command in '/root/Projeto_Final/build/robot_description': CMAKE_PREFIX_PATH=${CMAKE_PREFIX_PATH}:/root/Projeto_Final/install/waypoint_navigation_pkg:/root/Projeto_Final/install/rm_navigation:/opt/ros/foxy /usr/bin/cmake --build /root/Projeto_Final/build/robot_description -- -j16 -l16
[0.843s] DEBUG:colcon.colcon_core.event_handler.log_command:Invoked command in '/root/Projeto_Final/build/custom_interfaces' returned '0': CMAKE_PREFIX_PATH=${CMAKE_PREFIX_PATH}:/root/Projeto_Final/install/waypoint_navigation_pkg:/root/Projeto_Final/install/rm_navigation:/opt/ros/foxy /usr/bin/cmake --build /root/Projeto_Final/build/custom_interfaces -- -j16 -l16
[0.857s] DEBUG:colcon.colcon_core.event_handler.log_command:Invoking command in '/root/Projeto_Final/build/custom_interfaces': CMAKE_PREFIX_PATH=${CMAKE_PREFIX_PATH}:/root/Projeto_Final/install/waypoint_navigation_pkg:/root/Projeto_Final/install/rm_navigation:/opt/ros/foxy /usr/bin/cmake --install /root/Projeto_Final/build/custom_interfaces
[0.859s] DEBUG:colcon.colcon_core.event_handler.log_command:Invoked command in '/root/Projeto_Final/build/rm_localization' returned '0': CMAKE_PREFIX_PATH=${CMAKE_PREFIX_PATH}:/root/Projeto_Final/install/waypoint_navigation_pkg:/root/Projeto_Final/install/rm_navigation:/opt/ros/foxy /usr/bin/cmake --build /root/Projeto_Final/build/rm_localization -- -j16 -l16
[0.863s] DEBUG:colcon.colcon_core.event_handler.log_command:Invoking command in '/root/Projeto_Final/build/rm_localization': CMAKE_PREFIX_PATH=${CMAKE_PREFIX_PATH}:/root/Projeto_Final/install/waypoint_navigation_pkg:/root/Projeto_Final/install/rm_navigation:/opt/ros/foxy /usr/bin/cmake --install /root/Projeto_Final/build/rm_localization
[0.884s] Level 1:colcon.colcon_core.environment:create_environment_scripts_only(rm_localization)
[0.898s] Level 1:colcon.colcon_core.environment:checking '/root/Projeto_Final/install/rm_localization' for CMake module files
[0.901s] Level 1:colcon.colcon_core.environment:checking '/root/Projeto_Final/install/rm_localization' for CMake config files
[0.906s] DEBUG:colcon.colcon_core.event_handler.log_command:Invoked command in '/root/Projeto_Final/build/rm_localization' returned '0': CMAKE_PREFIX_PATH=${CMAKE_PREFIX_PATH}:/root/Projeto_Final/install/waypoint_navigation_pkg:/root/Projeto_Final/install/rm_navigation:/opt/ros/foxy /usr/bin/cmake --install /root/Projeto_Final/build/rm_localization
[0.906s] Level 1:colcon.colcon_core.shell:create_environment_hook('rm_localization', 'cmake_prefix_path')
[0.907s] INFO:colcon.colcon_core.shell:Creating environment hook '/root/Projeto_Final/install/rm_localization/share/rm_localization/hook/cmake_prefix_path.ps1'
[0.908s] INFO:colcon.colcon_core.shell:Creating environment descriptor '/root/Projeto_Final/install/rm_localization/share/rm_localization/hook/cmake_prefix_path.dsv'
[0.909s] INFO:colcon.colcon_core.shell:Creating environment hook '/root/Projeto_Final/install/rm_localization/share/rm_localization/hook/cmake_prefix_path.sh'
[0.910s] Level 1:colcon.colcon_core.environment:checking '/root/Projeto_Final/install/rm_localization/bin'
[0.910s] Level 1:colcon.colcon_core.environment:checking '/root/Projeto_Final/install/rm_localization/lib/pkgconfig/rm_localization.pc'
[0.911s] Level 1:colcon.colcon_core.environment:checking '/root/Projeto_Final/install/rm_localization/lib/python3.8/site-packages'
[0.911s] Level 1:colcon.colcon_core.environment:checking '/root/Projeto_Final/install/rm_localization/bin'
[0.911s] INFO:colcon.colcon_core.shell:Creating package script '/root/Projeto_Final/install/rm_localization/share/rm_localization/package.ps1'
[0.912s] INFO:colcon.colcon_core.shell:Creating package descriptor '/root/Projeto_Final/install/rm_localization/share/rm_localization/package.dsv'
[0.913s] INFO:colcon.colcon_core.shell:Creating package script '/root/Projeto_Final/install/rm_localization/share/rm_localization/package.sh'
[0.914s] INFO:colcon.colcon_core.shell:Creating package script '/root/Projeto_Final/install/rm_localization/share/rm_localization/package.bash'
[0.914s] INFO:colcon.colcon_core.shell:Creating package script '/root/Projeto_Final/install/rm_localization/share/rm_localization/package.zsh'
[0.915s] Level 1:colcon.colcon_core.environment:create_file_with_runtime_dependencies(/root/Projeto_Final/install/rm_localization/share/colcon-core/packages/rm_localization)
[0.916s] Level 1:colcon.colcon_core.environment:create_environment_scripts_only(rm_localization)
[0.916s] Level 1:colcon.colcon_core.environment:checking '/root/Projeto_Final/install/rm_localization' for CMake module files
[0.917s] Level 1:colcon.colcon_core.environment:checking '/root/Projeto_Final/install/rm_localization' for CMake config files
[0.927s] Level 1:colcon.colcon_core.shell:create_environment_hook('rm_localization', 'cmake_prefix_path')
[0.928s] INFO:colcon.colcon_core.shell:Creating environment hook '/root/Projeto_Final/install/rm_localization/share/rm_localization/hook/cmake_prefix_path.ps1'
[0.928s] INFO:colcon.colcon_core.shell:Creating environment descriptor '/root/Projeto_Final/install/rm_localization/share/rm_localization/hook/cmake_prefix_path.dsv'
[0.929s] INFO:colcon.colcon_core.shell:Creating environment hook '/root/Projeto_Final/install/rm_localization/share/rm_localization/hook/cmake_prefix_path.sh'
[0.930s] Level 1:colcon.colcon_core.environment:checking '/root/Projeto_Final/install/rm_localization/bin'
[0.930s] Level 1:colcon.colcon_core.environment:checking '/root/Projeto_Final/install/rm_localization/lib/pkgconfig/rm_localization.pc'
[0.930s] Level 1:colcon.colcon_core.environment:checking '/root/Projeto_Final/install/rm_localization/lib/python3.8/site-packages'
[0.930s] Level 1:colcon.colcon_core.environment:checking '/root/Projeto_Final/install/rm_localization/bin'
[0.931s] INFO:colcon.colcon_core.shell:Creating package script '/root/Projeto_Final/install/rm_localization/share/rm_localization/package.ps1'
[0.931s] INFO:colcon.colcon_core.shell:Creating package descriptor '/root/Projeto_Final/install/rm_localization/share/rm_localization/package.dsv'
[0.932s] INFO:colcon.colcon_core.shell:Creating package script '/root/Projeto_Final/install/rm_localization/share/rm_localization/package.sh'
[0.932s] INFO:colcon.colcon_core.shell:Creating package script '/root/Projeto_Final/install/rm_localization/share/rm_localization/package.bash'
[0.933s] INFO:colcon.colcon_core.shell:Creating package script '/root/Projeto_Final/install/rm_localization/share/rm_localization/package.zsh'
[0.934s] Level 1:colcon.colcon_core.environment:create_file_with_runtime_dependencies(/root/Projeto_Final/install/rm_localization/share/colcon-core/packages/rm_localization)
[0.938s] DEBUG:colcon.colcon_core.event_handler.log_command:Invoked command in '/root/Projeto_Final/build/robot_description' returned '0': CMAKE_PREFIX_PATH=${CMAKE_PREFIX_PATH}:/root/Projeto_Final/install/waypoint_navigation_pkg:/root/Projeto_Final/install/rm_navigation:/opt/ros/foxy /usr/bin/cmake --build /root/Projeto_Final/build/robot_description -- -j16 -l16
[0.943s] Level 1:colcon.colcon_core.environment:create_environment_scripts_only(custom_interfaces)
[0.944s] DEBUG:colcon.colcon_core.event_handler.log_command:Invoking command in '/root/Projeto_Final/build/robot_description': CMAKE_PREFIX_PATH=${CMAKE_PREFIX_PATH}:/root/Projeto_Final/install/waypoint_navigation_pkg:/root/Projeto_Final/install/rm_navigation:/opt/ros/foxy /usr/bin/cmake --install /root/Projeto_Final/build/robot_description
[0.944s] Level 1:colcon.colcon_core.environment:checking '/root/Projeto_Final/install/custom_interfaces' for CMake module files
[0.946s] DEBUG:colcon.colcon_core.event_handler.log_command:Invoked command in '/root/Projeto_Final/build/custom_interfaces' returned '0': CMAKE_PREFIX_PATH=${CMAKE_PREFIX_PATH}:/root/Projeto_Final/install/waypoint_navigation_pkg:/root/Projeto_Final/install/rm_navigation:/opt/ros/foxy /usr/bin/cmake --install /root/Projeto_Final/build/custom_interfaces
[0.946s] Level 1:colcon.colcon_core.environment:checking '/root/Projeto_Final/install/custom_interfaces' for CMake config files
[0.947s] Level 1:colcon.colcon_core.shell:create_environment_hook('custom_interfaces', 'cmake_prefix_path')
[0.948s] INFO:colcon.colcon_core.shell:Creating environment hook '/root/Projeto_Final/install/custom_interfaces/share/custom_interfaces/hook/cmake_prefix_path.ps1'
[0.949s] INFO:colcon.colcon_core.shell:Creating environment descriptor '/root/Projeto_Final/install/custom_interfaces/share/custom_interfaces/hook/cmake_prefix_path.dsv'
[0.949s] INFO:colcon.colcon_core.shell:Creating environment hook '/root/Projeto_Final/install/custom_interfaces/share/custom_interfaces/hook/cmake_prefix_path.sh'
[0.950s] Level 1:colcon.colcon_core.environment:checking '/root/Projeto_Final/install/custom_interfaces/lib'
[0.951s] Level 1:colcon.colcon_core.shell:create_environment_hook('custom_interfaces', 'ld_library_path_lib')
[0.951s] INFO:colcon.colcon_core.shell:Creating environment hook '/root/Projeto_Final/install/custom_interfaces/share/custom_interfaces/hook/ld_library_path_lib.ps1'
[0.952s] INFO:colcon.colcon_core.shell:Creating environment descriptor '/root/Projeto_Final/install/custom_interfaces/share/custom_interfaces/hook/ld_library_path_lib.dsv'
[0.953s] INFO:colcon.colcon_core.shell:Creating environment hook '/root/Projeto_Final/install/custom_interfaces/share/custom_interfaces/hook/ld_library_path_lib.sh'
[0.953s] Level 1:colcon.colcon_core.environment:checking '/root/Projeto_Final/install/custom_interfaces/bin'
[0.954s] Level 1:colcon.colcon_core.environment:checking '/root/Projeto_Final/install/custom_interfaces/lib/pkgconfig/custom_interfaces.pc'
[0.954s] Level 1:colcon.colcon_core.environment:checking '/root/Projeto_Final/install/custom_interfaces/lib/python3.8/site-packages'
[0.954s] Level 1:colcon.colcon_core.shell:create_environment_hook('custom_interfaces', 'pythonpath')
[0.954s] INFO:colcon.colcon_core.shell:Creating environment hook '/root/Projeto_Final/install/custom_interfaces/share/custom_interfaces/hook/pythonpath.ps1'
[0.955s] INFO:colcon.colcon_core.shell:Creating environment descriptor '/root/Projeto_Final/install/custom_interfaces/share/custom_interfaces/hook/pythonpath.dsv'
[0.955s] INFO:colcon.colcon_core.shell:Creating environment hook '/root/Projeto_Final/install/custom_interfaces/share/custom_interfaces/hook/pythonpath.sh'
[0.956s] Level 1:colcon.colcon_core.environment:checking '/root/Projeto_Final/install/custom_interfaces/bin'
[0.956s] INFO:colcon.colcon_core.shell:Creating package script '/root/Projeto_Final/install/custom_interfaces/share/custom_interfaces/package.ps1'
[0.957s] INFO:colcon.colcon_core.shell:Creating package descriptor '/root/Projeto_Final/install/custom_interfaces/share/custom_interfaces/package.dsv'
[0.958s] INFO:colcon.colcon_core.shell:Creating package script '/root/Projeto_Final/install/custom_interfaces/share/custom_interfaces/package.sh'
[0.958s] INFO:colcon.colcon_core.shell:Creating package script '/root/Projeto_Final/install/custom_interfaces/share/custom_interfaces/package.bash'
[0.958s] INFO:colcon.colcon_core.shell:Creating package script '/root/Projeto_Final/install/custom_interfaces/share/custom_interfaces/package.zsh'
[0.959s] Level 1:colcon.colcon_core.environment:create_file_with_runtime_dependencies(/root/Projeto_Final/install/custom_interfaces/share/colcon-core/packages/custom_interfaces)
[0.960s] Level 1:colcon.colcon_core.environment:create_environment_scripts_only(custom_interfaces)
[0.960s] Level 1:colcon.colcon_core.environment:checking '/root/Projeto_Final/install/custom_interfaces' for CMake module files
[0.960s] Level 1:colcon.colcon_core.environment:checking '/root/Projeto_Final/install/custom_interfaces' for CMake config files
[0.961s] Level 1:colcon.colcon_core.shell:create_environment_hook('custom_interfaces', 'cmake_prefix_path')
[0.961s] INFO:colcon.colcon_core.shell:Creating environment hook '/root/Projeto_Final/install/custom_interfaces/share/custom_interfaces/hook/cmake_prefix_path.ps1'
[0.962s] INFO:colcon.colcon_core.shell:Creating environment descriptor '/root/Projeto_Final/install/custom_interfaces/share/custom_interfaces/hook/cmake_prefix_path.dsv'
[0.963s] INFO:colcon.colcon_core.shell:Creating environment hook '/root/Projeto_Final/install/custom_interfaces/share/custom_interfaces/hook/cmake_prefix_path.sh'
[0.964s] Level 1:colcon.colcon_core.environment:checking '/root/Projeto_Final/install/custom_interfaces/lib'
[0.964s] Level 1:colcon.colcon_core.shell:create_environment_hook('custom_interfaces', 'ld_library_path_lib')
[0.965s] INFO:colcon.colcon_core.shell:Creating environment hook '/root/Projeto_Final/install/custom_interfaces/share/custom_interfaces/hook/ld_library_path_lib.ps1'
[0.966s] INFO:colcon.colcon_core.shell:Creating environment descriptor '/root/Projeto_Final/install/custom_interfaces/share/custom_interfaces/hook/ld_library_path_lib.dsv'
[0.966s] INFO:colcon.colcon_core.shell:Creating environment hook '/root/Projeto_Final/install/custom_interfaces/share/custom_interfaces/hook/ld_library_path_lib.sh'
[0.967s] Level 1:colcon.colcon_core.environment:checking '/root/Projeto_Final/install/custom_interfaces/bin'
[0.967s] Level 1:colcon.colcon_core.environment:checking '/root/Projeto_Final/install/custom_interfaces/lib/pkgconfig/custom_interfaces.pc'
[0.967s] Level 1:colcon.colcon_core.environment:checking '/root/Projeto_Final/install/custom_interfaces/lib/python3.8/site-packages'
[0.967s] Level 1:colcon.colcon_core.shell:create_environment_hook('custom_interfaces', 'pythonpath')
[0.968s] INFO:colcon.colcon_core.shell:Creating environment hook '/root/Projeto_Final/install/custom_interfaces/share/custom_interfaces/hook/pythonpath.ps1'
[0.968s] INFO:colcon.colcon_core.shell:Creating environment descriptor '/root/Projeto_Final/install/custom_interfaces/share/custom_interfaces/hook/pythonpath.dsv'
[0.969s] INFO:colcon.colcon_core.shell:Creating environment hook '/root/Projeto_Final/install/custom_interfaces/share/custom_interfaces/hook/pythonpath.sh'
[0.970s] Level 1:colcon.colcon_core.environment:checking '/root/Projeto_Final/install/custom_interfaces/bin'
[0.970s] INFO:colcon.colcon_core.shell:Creating package script '/root/Projeto_Final/install/custom_interfaces/share/custom_interfaces/package.ps1'
[0.971s] INFO:colcon.colcon_core.shell:Creating package descriptor '/root/Projeto_Final/install/custom_interfaces/share/custom_interfaces/package.dsv'
[0.972s] INFO:colcon.colcon_core.shell:Creating package script '/root/Projeto_Final/install/custom_interfaces/share/custom_interfaces/package.sh'
[0.972s] INFO:colcon.colcon_core.shell:Creating package script '/root/Projeto_Final/install/custom_interfaces/share/custom_interfaces/package.bash'
[0.973s] INFO:colcon.colcon_core.shell:Creating package script '/root/Projeto_Final/install/custom_interfaces/share/custom_interfaces/package.zsh'
[0.974s] Level 1:colcon.colcon_core.environment:create_file_with_runtime_dependencies(/root/Projeto_Final/install/custom_interfaces/share/colcon-core/packages/custom_interfaces)
[0.976s] INFO:colcon.colcon_ros.task.ament_python.build:Building ROS package in '/root/Projeto_Final/src/waypoint_navigation_pkg' with build type 'ament_python'
[0.976s] Level 1:colcon.colcon_core.shell:create_environment_hook('waypoint_navigation_pkg', 'ament_prefix_path')
[0.977s] INFO:colcon.colcon_core.shell:Creating environment hook '/root/Projeto_Final/install/waypoint_navigation_pkg/share/waypoint_navigation_pkg/hook/ament_prefix_path.ps1'
[0.982s] INFO:colcon.colcon_core.shell:Creating environment descriptor '/root/Projeto_Final/install/waypoint_navigation_pkg/share/waypoint_navigation_pkg/hook/ament_prefix_path.dsv'
[0.984s] INFO:colcon.colcon_core.shell:Creating environment hook '/root/Projeto_Final/install/waypoint_navigation_pkg/share/waypoint_navigation_pkg/hook/ament_prefix_path.sh'
[0.988s] INFO:colcon.colcon_core.shell:Skip shell extension 'powershell' for command environment: Not usable outside of PowerShell
[0.989s] DEBUG:colcon.colcon_core.shell:Skip shell extension 'dsv' for command environment
[0.997s] Level 1:colcon.colcon_core.environment:create_environment_scripts_only(robot_description)
[0.997s] Level 1:colcon.colcon_core.environment:checking '/root/Projeto_Final/install/robot_description' for CMake module files
[0.999s] DEBUG:colcon.colcon_core.event_handler.log_command:Invoked command in '/root/Projeto_Final/build/robot_description' returned '0': CMAKE_PREFIX_PATH=${CMAKE_PREFIX_PATH}:/root/Projeto_Final/install/waypoint_navigation_pkg:/root/Projeto_Final/install/rm_navigation:/opt/ros/foxy /usr/bin/cmake --install /root/Projeto_Final/build/robot_description
[0.999s] Level 1:colcon.colcon_core.environment:checking '/root/Projeto_Final/install/robot_description' for CMake config files
[0.999s] Level 1:colcon.colcon_core.shell:create_environment_hook('robot_description', 'cmake_prefix_path')
[1.000s] INFO:colcon.colcon_core.shell:Creating environment hook '/root/Projeto_Final/install/robot_description/share/robot_description/hook/cmake_prefix_path.ps1'
[1.001s] INFO:colcon.colcon_core.shell:Creating environment descriptor '/root/Projeto_Final/install/robot_description/share/robot_description/hook/cmake_prefix_path.dsv'
[1.002s] INFO:colcon.colcon_core.shell:Creating environment hook '/root/Projeto_Final/install/robot_description/share/robot_description/hook/cmake_prefix_path.sh'
[1.003s] Level 1:colcon.colcon_core.environment:checking '/root/Projeto_Final/install/robot_description/bin'
[1.003s] Level 1:colcon.colcon_core.environment:checking '/root/Projeto_Final/install/robot_description/lib/pkgconfig/robot_description.pc'
[1.004s] Level 1:colcon.colcon_core.environment:checking '/root/Projeto_Final/install/robot_description/lib/python3.8/site-packages'
[1.004s] Level 1:colcon.colcon_core.environment:checking '/root/Projeto_Final/install/robot_description/bin'
[1.005s] INFO:colcon.colcon_core.shell:Creating package script '/root/Projeto_Final/install/robot_description/share/robot_description/package.ps1'
[1.005s] INFO:colcon.colcon_core.shell:Creating package descriptor '/root/Projeto_Final/install/robot_description/share/robot_description/package.dsv'
[1.006s] INFO:colcon.colcon_core.shell:Creating package script '/root/Projeto_Final/install/robot_description/share/robot_description/package.sh'
[1.007s] INFO:colcon.colcon_core.shell:Creating package script '/root/Projeto_Final/install/robot_description/share/robot_description/package.bash'
[1.007s] INFO:colcon.colcon_core.shell:Creating package script '/root/Projeto_Final/install/robot_description/share/robot_description/package.zsh'
[1.008s] Level 1:colcon.colcon_core.environment:create_file_with_runtime_dependencies(/root/Projeto_Final/install/robot_description/share/colcon-core/packages/robot_description)
[1.008s] Level 1:colcon.colcon_core.environment:create_environment_scripts_only(robot_description)
[1.009s] Level 1:colcon.colcon_core.environment:checking '/root/Projeto_Final/install/robot_description' for CMake module files
[1.010s] Level 1:colcon.colcon_core.environment:checking '/root/Projeto_Final/install/robot_description' for CMake config files
[1.010s] Level 1:colcon.colcon_core.shell:create_environment_hook('robot_description', 'cmake_prefix_path')
[1.011s] INFO:colcon.colcon_core.shell:Creating environment hook '/root/Projeto_Final/install/robot_description/share/robot_description/hook/cmake_prefix_path.ps1'
[1.012s] INFO:colcon.colcon_core.shell:Creating environment descriptor '/root/Projeto_Final/install/robot_description/share/robot_description/hook/cmake_prefix_path.dsv'
[1.012s] INFO:colcon.colcon_core.shell:Creating environment hook '/root/Projeto_Final/install/robot_description/share/robot_description/hook/cmake_prefix_path.sh'
[1.013s] Level 1:colcon.colcon_core.environment:checking '/root/Projeto_Final/install/robot_description/bin'
[1.014s] Level 1:colcon.colcon_core.environment:checking '/root/Projeto_Final/install/robot_description/lib/pkgconfig/robot_description.pc'
[1.014s] Level 1:colcon.colcon_core.environment:checking '/root/Projeto_Final/install/robot_description/lib/python3.8/site-packages'
[1.014s] Level 1:colcon.colcon_core.environment:checking '/root/Projeto_Final/install/robot_description/bin'
[1.015s] INFO:colcon.colcon_core.shell:Creating package script '/root/Projeto_Final/install/robot_description/share/robot_description/package.ps1'
[1.016s] INFO:colcon.colcon_core.shell:Creating package descriptor '/root/Projeto_Final/install/robot_description/share/robot_description/package.dsv'
[1.017s] INFO:colcon.colcon_core.shell:Creating package script '/root/Projeto_Final/install/robot_description/share/robot_description/package.sh'
[1.017s] INFO:colcon.colcon_core.shell:Creating package script '/root/Projeto_Final/install/robot_description/share/robot_description/package.bash'
[1.018s] INFO:colcon.colcon_core.shell:Creating package script '/root/Projeto_Final/install/robot_description/share/robot_description/package.zsh'
[1.018s] Level 1:colcon.colcon_core.environment:create_file_with_runtime_dependencies(/root/Projeto_Final/install/robot_description/share/colcon-core/packages/robot_description)
[1.354s] INFO:colcon.colcon_core.task.python.build:Building Python package in '/root/Projeto_Final/src/waypoint_navigation_pkg'
[1.355s] INFO:colcon.colcon_core.shell:Skip shell extension 'powershell' for command environment: Not usable outside of PowerShell
[1.355s] DEBUG:colcon.colcon_core.shell:Skip shell extension 'dsv' for command environment
[1.368s] DEBUG:colcon.colcon_core.event_handler.log_command:Invoking command in '/root/Projeto_Final/src/rm_navigation': PYTHONPATH=/root/Projeto_Final/build/rm_navigation/prefix_override:/usr/lib/python3/dist-packages/colcon_core/task/python/colcon_distutils_commands:/root/Projeto_Final/install/rm_navigation/lib/python3.8/site-packages:${PYTHONPATH} /usr/bin/python3 -W ignore:setup.py install is deprecated -W ignore:easy_install command is deprecated setup.py egg_info --egg-base ../../build/rm_navigation build --build-base /root/Projeto_Final/build/rm_navigation/build install --record /root/Projeto_Final/build/rm_navigation/install.log --install-scripts $base/lib/rm_navigation --single-version-externally-managed install_data
[1.725s] Level 1:colcon.colcon_core.environment:checking '/root/Projeto_Final/install/rm_navigation' for CMake module files
[1.726s] DEBUG:colcon.colcon_core.event_handler.log_command:Invoked command in '/root/Projeto_Final/src/rm_navigation' returned '0': PYTHONPATH=/root/Projeto_Final/build/rm_navigation/prefix_override:/usr/lib/python3/dist-packages/colcon_core/task/python/colcon_distutils_commands:/root/Projeto_Final/install/rm_navigation/lib/python3.8/site-packages:${PYTHONPATH} /usr/bin/python3 -W ignore:setup.py install is deprecated -W ignore:easy_install command is deprecated setup.py egg_info --egg-base ../../build/rm_navigation build --build-base /root/Projeto_Final/build/rm_navigation/build install --record /root/Projeto_Final/build/rm_navigation/install.log --install-scripts $base/lib/rm_navigation --single-version-externally-managed install_data
[1.726s] Level 1:colcon.colcon_core.environment:checking '/root/Projeto_Final/install/rm_navigation' for CMake config files
[1.727s] Level 1:colcon.colcon_core.environment:checking '/root/Projeto_Final/install/rm_navigation/lib'
[1.727s] Level 1:colcon.colcon_core.environment:checking '/root/Projeto_Final/install/rm_navigation/bin'
[1.727s] Level 1:colcon.colcon_core.environment:checking '/root/Projeto_Final/install/rm_navigation/lib/pkgconfig/rm_navigation.pc'
[1.727s] Level 1:colcon.colcon_core.environment:checking '/root/Projeto_Final/install/rm_navigation/lib/python3.8/site-packages'
[1.728s] Level 1:colcon.colcon_core.shell:create_environment_hook('rm_navigation', 'pythonpath')
[1.728s] INFO:colcon.colcon_core.shell:Creating environment hook '/root/Projeto_Final/install/rm_navigation/share/rm_navigation/hook/pythonpath.ps1'
[1.729s] INFO:colcon.colcon_core.shell:Creating environment descriptor '/root/Projeto_Final/install/rm_navigation/share/rm_navigation/hook/pythonpath.dsv'
[1.730s] INFO:colcon.colcon_core.shell:Creating environment hook '/root/Projeto_Final/install/rm_navigation/share/rm_navigation/hook/pythonpath.sh'
[1.730s] Level 1:colcon.colcon_core.environment:checking '/root/Projeto_Final/install/rm_navigation/bin'
[1.730s] Level 1:colcon.colcon_core.environment:create_environment_scripts_only(rm_navigation)
[1.731s] INFO:colcon.colcon_core.shell:Creating package script '/root/Projeto_Final/install/rm_navigation/share/rm_navigation/package.ps1'
[1.731s] INFO:colcon.colcon_core.shell:Creating package descriptor '/root/Projeto_Final/install/rm_navigation/share/rm_navigation/package.dsv'
[1.732s] INFO:colcon.colcon_core.shell:Creating package script '/root/Projeto_Final/install/rm_navigation/share/rm_navigation/package.sh'
[1.732s] INFO:colcon.colcon_core.shell:Creating package script '/root/Projeto_Final/install/rm_navigation/share/rm_navigation/package.bash'
[1.732s] INFO:colcon.colcon_core.shell:Creating package script '/root/Projeto_Final/install/rm_navigation/share/rm_navigation/package.zsh'
[1.733s] Level 1:colcon.colcon_core.environment:create_file_with_runtime_dependencies(/root/Projeto_Final/install/rm_navigation/share/colcon-core/packages/rm_navigation)
[1.924s] DEBUG:colcon.colcon_core.event_handler.log_command:Invoking command in '/root/Projeto_Final/src/waypoint_navigation_pkg': CMAKE_PREFIX_PATH=/root/Projeto_Final/install/custom_interfaces:/root/Projeto_Final/install/robot_description:/root/Projeto_Final/install/rm_localization PYTHONPATH=/root/Projeto_Final/build/waypoint_navigation_pkg/prefix_override:/usr/lib/python3/dist-packages/colcon_core/task/python/colcon_distutils_commands:/root/Projeto_Final/install/waypoint_navigation_pkg/lib/python3.8/site-packages:/root/Projeto_Final/install/custom_interfaces/lib/python3.8/site-packages:/root/Projeto_Final/install/waypoint_navigation_pkg/lib/python3.8/site-packages:/root/Projeto_Final/install/rm_navigation/lib/python3.8/site-packages:/opt/ros/foxy/lib/python3.8/site-packages /usr/bin/python3 -W ignore:setup.py install is deprecated -W ignore:easy_install command is deprecated setup.py egg_info --egg-base ../../build/waypoint_navigation_pkg build --build-base /root/Projeto_Final/build/waypoint_navigation_pkg/build install --record /root/Projeto_Final/build/waypoint_navigation_pkg/install.log --install-scripts $base/lib/waypoint_navigation_pkg --single-version-externally-managed install_data
[2.229s] Level 1:colcon.colcon_core.environment:checking '/root/Projeto_Final/install/waypoint_navigation_pkg' for CMake module files
[2.230s] DEBUG:colcon.colcon_core.event_handler.log_command:Invoked command in '/root/Projeto_Final/src/waypoint_navigation_pkg' returned '0': CMAKE_PREFIX_PATH=/root/Projeto_Final/install/custom_interfaces:/root/Projeto_Final/install/robot_description:/root/Projeto_Final/install/rm_localization PYTHONPATH=/root/Projeto_Final/build/waypoint_navigation_pkg/prefix_override:/usr/lib/python3/dist-packages/colcon_core/task/python/colcon_distutils_commands:/root/Projeto_Final/install/waypoint_navigation_pkg/lib/python3.8/site-packages:/root/Projeto_Final/install/custom_interfaces/lib/python3.8/site-packages:/root/Projeto_Final/install/waypoint_navigation_pkg/lib/python3.8/site-packages:/root/Projeto_Final/install/rm_navigation/lib/python3.8/site-packages:/opt/ros/foxy/lib/python3.8/site-packages /usr/bin/python3 -W ignore:setup.py install is deprecated -W ignore:easy_install command is deprecated setup.py egg_info --egg-base ../../build/waypoint_navigation_pkg build --build-base /root/Projeto_Final/build/waypoint_navigation_pkg/build install --record /root/Projeto_Final/build/waypoint_navigation_pkg/install.log --install-scripts $base/lib/waypoint_navigation_pkg --single-version-externally-managed install_data
[2.230s] Level 1:colcon.colcon_core.environment:checking '/root/Projeto_Final/install/waypoint_navigation_pkg' for CMake config files
[2.231s] Level 1:colcon.colcon_core.environment:checking '/root/Projeto_Final/install/waypoint_navigation_pkg/lib'
[2.231s] Level 1:colcon.colcon_core.environment:checking '/root/Projeto_Final/install/waypoint_navigation_pkg/bin'
[2.231s] Level 1:colcon.colcon_core.environment:checking '/root/Projeto_Final/install/waypoint_navigation_pkg/lib/pkgconfig/waypoint_navigation_pkg.pc'
[2.231s] Level 1:colcon.colcon_core.environment:checking '/root/Projeto_Final/install/waypoint_navigation_pkg/lib/python3.8/site-packages'
[2.231s] Level 1:colcon.colcon_core.shell:create_environment_hook('waypoint_navigation_pkg', 'pythonpath')
[2.232s] INFO:colcon.colcon_core.shell:Creating environment hook '/root/Projeto_Final/install/waypoint_navigation_pkg/share/waypoint_navigation_pkg/hook/pythonpath.ps1'
[2.232s] INFO:colcon.colcon_core.shell:Creating environment descriptor '/root/Projeto_Final/install/waypoint_navigation_pkg/share/waypoint_navigation_pkg/hook/pythonpath.dsv'
[2.233s] INFO:colcon.colcon_core.shell:Creating environment hook '/root/Projeto_Final/install/waypoint_navigation_pkg/share/waypoint_navigation_pkg/hook/pythonpath.sh'
[2.233s] Level 1:colcon.colcon_core.environment:checking '/root/Projeto_Final/install/waypoint_navigation_pkg/bin'
[2.233s] Level 1:colcon.colcon_core.environment:create_environment_scripts_only(waypoint_navigation_pkg)
[2.234s] INFO:colcon.colcon_core.shell:Creating package script '/root/Projeto_Final/install/waypoint_navigation_pkg/share/waypoint_navigation_pkg/package.ps1'
[2.235s] INFO:colcon.colcon_core.shell:Creating package descriptor '/root/Projeto_Final/install/waypoint_navigation_pkg/share/waypoint_navigation_pkg/package.dsv'
[2.236s] INFO:colcon.colcon_core.shell:Creating package script '/root/Projeto_Final/install/waypoint_navigation_pkg/share/waypoint_navigation_pkg/package.sh'
[2.236s] INFO:colcon.colcon_core.shell:Creating package script '/root/Projeto_Final/install/waypoint_navigation_pkg/share/waypoint_navigation_pkg/package.bash'
[2.237s] INFO:colcon.colcon_core.shell:Creating package script '/root/Projeto_Final/install/waypoint_navigation_pkg/share/waypoint_navigation_pkg/package.zsh'
[2.237s] Level 1:colcon.colcon_core.environment:create_file_with_runtime_dependencies(/root/Projeto_Final/install/waypoint_navigation_pkg/share/colcon-core/packages/waypoint_navigation_pkg)
[2.238s] DEBUG:colcon.colcon_parallel_executor.executor.parallel:closing loop
[2.238s] DEBUG:colcon.colcon_parallel_executor.executor.parallel:loop closed
[2.239s] DEBUG:colcon.colcon_parallel_executor.executor.parallel:run_until_complete finished with '0'
[2.239s] DEBUG:colcon.colcon_core.event_reactor:joining thread
[2.275s] INFO:colcon.colcon_core.plugin_system:Skipping extension 'colcon_notification.desktop_notification.notify_send': Could not find 'notify-send'
[2.275s] INFO:colcon.colcon_core.plugin_system:Skipping extension 'colcon_notification.desktop_notification.terminal_notifier': Not used on non-Darwin systems
[2.275s] INFO:colcon.colcon_core.plugin_system:Skipping extension 'colcon_notification.desktop_notification.win32': Not used on non-Windows systems
[2.275s] INFO:colcon.colcon_notification.desktop_notification:Sending desktop notification using 'notify2'
[2.277s] DEBUG:colcon.colcon_notification.desktop_notification.notify2:Failed to initialize notify2: org.freedesktop.DBus.Error.ServiceUnknown: The name org.freedesktop.Notifications was not provided by any .service files
[2.277s] DEBUG:colcon.colcon_core.event_reactor:joined thread
[2.277s] INFO:colcon.colcon_core.shell:Creating prefix script '/root/Projeto_Final/install/local_setup.ps1'
[2.279s] INFO:colcon.colcon_core.shell:Creating prefix util module '/root/Projeto_Final/install/_local_setup_util_ps1.py'
[2.280s] INFO:colcon.colcon_core.shell:Creating prefix chain script '/root/Projeto_Final/install/setup.ps1'
[2.281s] INFO:colcon.colcon_core.shell:Creating prefix script '/root/Projeto_Final/install/local_setup.sh'
[2.281s] INFO:colcon.colcon_core.shell:Creating prefix util module '/root/Projeto_Final/install/_local_setup_util_sh.py'
[2.282s] INFO:colcon.colcon_core.shell:Creating prefix chain script '/root/Projeto_Final/install/setup.sh'
[2.283s] INFO:colcon.colcon_core.shell:Creating prefix script '/root/Projeto_Final/install/local_setup.bash'
[2.283s] INFO:colcon.colcon_core.shell:Creating prefix chain script '/root/Projeto_Final/install/setup.bash'
[2.284s] INFO:colcon.colcon_core.shell:Creating prefix script '/root/Projeto_Final/install/local_setup.zsh'
[2.284s] INFO:colcon.colcon_core.shell:Creating prefix chain script '/root/Projeto_Final/install/setup.zsh'
