-- Install configuration: ""
-- Up-to-date: /root/Projeto_Final/install/robot_description/share/robot_description//urdf
-- Up-to-date: /root/Projeto_Final/install/robot_description/share/robot_description//urdf/caster.xacro
-- Up-to-date: /root/Projeto_Final/install/robot_description/share/robot_description//urdf/wheels.xacro
-- Up-to-date: /root/Projeto_Final/install/robot_description/share/robot_description//urdf/differential_robot.xacro
-- Up-to-date: /root/Projeto_Final/install/robot_description/share/robot_description//urdf/robot_base.xacro
-- Up-to-date: /root/Projeto_Final/install/robot_description/share/robot_description//urdf/sensors.xacro
-- Up-to-date: /root/Projeto_Final/install/robot_description/share/robot_description//launch
-- Up-to-date: /root/Projeto_Final/install/robot_description/share/robot_description//launch/robot_simulation.py
-- Up-to-date: /root/Projeto_Final/install/robot_description/share/robot_description//launch/navigate.launch.py
-- Up-to-date: /root/Projeto_Final/install/robot_description/share/robot_description//launch/gazebo.launch.py
-- Up-to-date: /root/Projeto_Final/install/robot_description/share/robot_description//launch/robot_description.launch.py
-- Up-to-date: /root/Projeto_Final/install/robot_description/share/robot_description//launch/launch_file.launch.py
-- Up-to-date: /root/Projeto_Final/install/robot_description/share/robot_description//rviz
-- Up-to-date: /root/Projeto_Final/install/robot_description/share/robot_description//rviz/robot_vis.rviz
-- Up-to-date: /root/Projeto_Final/install/robot_description/share/robot_description//world
-- Up-to-date: /root/Projeto_Final/install/robot_description/share/robot_description//world/world.world
-- Up-to-date: /root/Projeto_Final/install/robot_description/share/robot_description//world/house
-- Up-to-date: /root/Projeto_Final/install/robot_description/share/robot_description//world/house/model.sdf
-- Up-to-date: /root/Projeto_Final/install/robot_description/share/robot_description//world/house/model.config
-- Up-to-date: /root/Projeto_Final/install/robot_description/share/robot_description//world/mundogustavo.world
-- Up-to-date: /root/Projeto_Final/install/robot_description/share/ament_index/resource_index/package_run_dependencies/robot_description
-- Up-to-date: /root/Projeto_Final/install/robot_description/share/ament_index/resource_index/parent_prefix_path/robot_description
-- Up-to-date: /root/Projeto_Final/install/robot_description/share/robot_description/environment/ament_prefix_path.sh
-- Up-to-date: /root/Projeto_Final/install/robot_description/share/robot_description/environment/ament_prefix_path.dsv
-- Up-to-date: /root/Projeto_Final/install/robot_description/share/robot_description/environment/path.sh
-- Up-to-date: /root/Projeto_Final/install/robot_description/share/robot_description/environment/path.dsv
-- Up-to-date: /root/Projeto_Final/install/robot_description/share/robot_description/local_setup.bash
-- Up-to-date: /root/Projeto_Final/install/robot_description/share/robot_description/local_setup.sh
-- Up-to-date: /root/Projeto_Final/install/robot_description/share/robot_description/local_setup.zsh
-- Up-to-date: /root/Projeto_Final/install/robot_description/share/robot_description/local_setup.dsv
-- Installing: /root/Projeto_Final/install/robot_description/share/robot_description/package.dsv
-- Up-to-date: /root/Projeto_Final/install/robot_description/share/ament_index/resource_index/packages/robot_description
-- Up-to-date: /root/Projeto_Final/install/robot_description/share/robot_description/cmake/robot_descriptionConfig.cmake
-- Up-to-date: /root/Projeto_Final/install/robot_description/share/robot_description/cmake/robot_descriptionConfig-version.cmake
-- Up-to-date: /root/Projeto_Final/install/robot_description/share/robot_description/package.xml
