[0.210s] DEBUG:colcon:Command line arguments: ['/usr/bin/colcon', 'build']
[0.210s] DEBUG:colcon:Parsed command line arguments: Namespace(allow_overriding=[], ament_cmake_args=None, base_paths=['.'], build_base='build', catkin_cmake_args=None, catkin_skip_building_tests=False, cmake_args=None, cmake_clean_cache=False, cmake_clean_first=False, cmake_force_configure=False, cmake_target=None, cmake_target_skip_unavailable=False, continue_on_error=False, event_handlers=None, executor='parallel', ignore_user_meta=False, install_base='install', log_base=None, log_level=None, main=<bound method BuildVerb.main of <colcon_core.verb.build.BuildVerb object at 0x7fa8dffc01c0>>, merge_install=False, metas=['./colcon.meta'], mixin=None, mixin_files=None, mixin_verb=('build',), packages_above=None, packages_above_and_dependencies=None, packages_above_depth=None, packages_end=None, packages_ignore=None, packages_ignore_regex=None, packages_select=None, packages_select_build_failed=False, packages_select_by_dep=None, packages_select_regex=None, packages_select_test_failures=False, packages_skip=None, packages_skip_build_finished=False, packages_skip_by_dep=None, packages_skip_regex=None, packages_skip_test_passed=False, packages_skip_up_to=None, packages_start=None, packages_up_to=None, packages_up_to_regex=None, parallel_workers=16, paths=None, symlink_install=False, test_result_base=None, verb_extension=<colcon_core.verb.build.BuildVerb object at 0x7fa8dffc01c0>, verb_name='build', verb_parser=<colcon_mixin.mixin.mixin_argument.MixinArgumentDecorator object at 0x7fa8dff12820>)
[0.330s] Level 1:colcon.colcon_core.package_discovery:discover_packages(colcon_meta) check parameters
[0.331s] Level 1:colcon.colcon_core.package_discovery:discover_packages(recursive) check parameters
[0.331s] Level 1:colcon.colcon_core.package_discovery:discover_packages(ignore) check parameters
[0.331s] Level 1:colcon.colcon_core.package_discovery:discover_packages(path) check parameters
[0.331s] Level 1:colcon.colcon_core.package_discovery:discover_packages(colcon_meta) discover
[0.331s] Level 1:colcon.colcon_core.package_discovery:discover_packages(recursive) discover
[0.331s] INFO:colcon.colcon_core.package_discovery:Crawling recursively for packages in '/root/Projeto_Final'
[0.331s] Level 1:colcon.colcon_core.package_identification:_identify(.) by extensions ['ignore', 'ignore_ament_install']
[0.331s] Level 1:colcon.colcon_core.package_identification:_identify(.) by extension 'ignore'
[0.331s] Level 1:colcon.colcon_core.package_identification:_identify(.) by extension 'ignore_ament_install'
[0.331s] Level 1:colcon.colcon_core.package_identification:_identify(.) by extensions ['colcon_pkg']
[0.331s] Level 1:colcon.colcon_core.package_identification:_identify(.) by extension 'colcon_pkg'
[0.331s] Level 1:colcon.colcon_core.package_identification:_identify(.) by extensions ['colcon_meta']
[0.331s] Level 1:colcon.colcon_core.package_identification:_identify(.) by extension 'colcon_meta'
[0.331s] Level 1:colcon.colcon_core.package_identification:_identify(.) by extensions ['ros']
[0.331s] Level 1:colcon.colcon_core.package_identification:_identify(.) by extension 'ros'
[0.342s] Level 1:colcon.colcon_core.package_identification:_identify(.) by extensions ['cmake', 'python']
[0.342s] Level 1:colcon.colcon_core.package_identification:_identify(.) by extension 'cmake'
[0.342s] Level 1:colcon.colcon_core.package_identification:_identify(.) by extension 'python'
[0.342s] Level 1:colcon.colcon_core.package_identification:_identify(.) by extensions ['python_setup_py']
[0.342s] Level 1:colcon.colcon_core.package_identification:_identify(.) by extension 'python_setup_py'
[0.342s] Level 1:colcon.colcon_core.package_identification:_identify(build) by extensions ['ignore', 'ignore_ament_install']
[0.342s] Level 1:colcon.colcon_core.package_identification:_identify(build) by extension 'ignore'
[0.342s] Level 1:colcon.colcon_core.package_identification:_identify(build) ignored
[0.343s] Level 1:colcon.colcon_core.package_identification:_identify(install) by extensions ['ignore', 'ignore_ament_install']
[0.343s] Level 1:colcon.colcon_core.package_identification:_identify(install) by extension 'ignore'
[0.343s] Level 1:colcon.colcon_core.package_identification:_identify(install) ignored
[0.343s] Level 1:colcon.colcon_core.package_identification:_identify(log) by extensions ['ignore', 'ignore_ament_install']
[0.343s] Level 1:colcon.colcon_core.package_identification:_identify(log) by extension 'ignore'
[0.343s] Level 1:colcon.colcon_core.package_identification:_identify(log) ignored
[0.343s] Level 1:colcon.colcon_core.package_identification:_identify(src) by extensions ['ignore', 'ignore_ament_install']
[0.343s] Level 1:colcon.colcon_core.package_identification:_identify(src) by extension 'ignore'
[0.343s] Level 1:colcon.colcon_core.package_identification:_identify(src) by extension 'ignore_ament_install'
[0.343s] Level 1:colcon.colcon_core.package_identification:_identify(src) by extensions ['colcon_pkg']
[0.343s] Level 1:colcon.colcon_core.package_identification:_identify(src) by extension 'colcon_pkg'
[0.343s] Level 1:colcon.colcon_core.package_identification:_identify(src) by extensions ['colcon_meta']
[0.343s] Level 1:colcon.colcon_core.package_identification:_identify(src) by extension 'colcon_meta'
[0.344s] Level 1:colcon.colcon_core.package_identification:_identify(src) by extensions ['ros']
[0.344s] Level 1:colcon.colcon_core.package_identification:_identify(src) by extension 'ros'
[0.344s] Level 1:colcon.colcon_core.package_identification:_identify(src) by extensions ['cmake', 'python']
[0.344s] Level 1:colcon.colcon_core.package_identification:_identify(src) by extension 'cmake'
[0.344s] Level 1:colcon.colcon_core.package_identification:_identify(src) by extension 'python'
[0.344s] Level 1:colcon.colcon_core.package_identification:_identify(src) by extensions ['python_setup_py']
[0.344s] Level 1:colcon.colcon_core.package_identification:_identify(src) by extension 'python_setup_py'
[0.344s] Level 1:colcon.colcon_core.package_identification:_identify(src/custom_interfaces) by extensions ['ignore', 'ignore_ament_install']
[0.344s] Level 1:colcon.colcon_core.package_identification:_identify(src/custom_interfaces) by extension 'ignore'
[0.344s] Level 1:colcon.colcon_core.package_identification:_identify(src/custom_interfaces) by extension 'ignore_ament_install'
[0.344s] Level 1:colcon.colcon_core.package_identification:_identify(src/custom_interfaces) by extensions ['colcon_pkg']
[0.344s] Level 1:colcon.colcon_core.package_identification:_identify(src/custom_interfaces) by extension 'colcon_pkg'
[0.344s] Level 1:colcon.colcon_core.package_identification:_identify(src/custom_interfaces) by extensions ['colcon_meta']
[0.344s] Level 1:colcon.colcon_core.package_identification:_identify(src/custom_interfaces) by extension 'colcon_meta'
[0.344s] Level 1:colcon.colcon_core.package_identification:_identify(src/custom_interfaces) by extensions ['ros']
[0.344s] Level 1:colcon.colcon_core.package_identification:_identify(src/custom_interfaces) by extension 'ros'
[0.346s] DEBUG:colcon.colcon_core.package_identification:Package 'src/custom_interfaces' with type 'ros.ament_cmake' and name 'custom_interfaces'
[0.346s] Level 1:colcon.colcon_core.package_identification:_identify(src/rm_localization) by extensions ['ignore', 'ignore_ament_install']
[0.346s] Level 1:colcon.colcon_core.package_identification:_identify(src/rm_localization) by extension 'ignore'
[0.346s] Level 1:colcon.colcon_core.package_identification:_identify(src/rm_localization) by extension 'ignore_ament_install'
[0.347s] Level 1:colcon.colcon_core.package_identification:_identify(src/rm_localization) by extensions ['colcon_pkg']
[0.347s] Level 1:colcon.colcon_core.package_identification:_identify(src/rm_localization) by extension 'colcon_pkg'
[0.347s] Level 1:colcon.colcon_core.package_identification:_identify(src/rm_localization) by extensions ['colcon_meta']
[0.347s] Level 1:colcon.colcon_core.package_identification:_identify(src/rm_localization) by extension 'colcon_meta'
[0.347s] Level 1:colcon.colcon_core.package_identification:_identify(src/rm_localization) by extensions ['ros']
[0.347s] Level 1:colcon.colcon_core.package_identification:_identify(src/rm_localization) by extension 'ros'
[0.347s] DEBUG:colcon.colcon_core.package_identification:Package 'src/rm_localization' with type 'ros.ament_cmake' and name 'rm_localization'
[0.347s] Level 1:colcon.colcon_core.package_identification:_identify(src/rm_navigation) by extensions ['ignore', 'ignore_ament_install']
[0.347s] Level 1:colcon.colcon_core.package_identification:_identify(src/rm_navigation) by extension 'ignore'
[0.347s] Level 1:colcon.colcon_core.package_identification:_identify(src/rm_navigation) by extension 'ignore_ament_install'
[0.347s] Level 1:colcon.colcon_core.package_identification:_identify(src/rm_navigation) by extensions ['colcon_pkg']
[0.347s] Level 1:colcon.colcon_core.package_identification:_identify(src/rm_navigation) by extension 'colcon_pkg'
[0.347s] Level 1:colcon.colcon_core.package_identification:_identify(src/rm_navigation) by extensions ['colcon_meta']
[0.347s] Level 1:colcon.colcon_core.package_identification:_identify(src/rm_navigation) by extension 'colcon_meta'
[0.347s] Level 1:colcon.colcon_core.package_identification:_identify(src/rm_navigation) by extensions ['ros']
[0.347s] Level 1:colcon.colcon_core.package_identification:_identify(src/rm_navigation) by extension 'ros'
[0.348s] DEBUG:colcon.colcon_core.package_identification:Package 'src/rm_navigation' with type 'ros.ament_python' and name 'rm_navigation'
[0.348s] Level 1:colcon.colcon_core.package_identification:_identify(src/robot_description) by extensions ['ignore', 'ignore_ament_install']
[0.348s] Level 1:colcon.colcon_core.package_identification:_identify(src/robot_description) by extension 'ignore'
[0.348s] Level 1:colcon.colcon_core.package_identification:_identify(src/robot_description) by extension 'ignore_ament_install'
[0.348s] Level 1:colcon.colcon_core.package_identification:_identify(src/robot_description) by extensions ['colcon_pkg']
[0.348s] Level 1:colcon.colcon_core.package_identification:_identify(src/robot_description) by extension 'colcon_pkg'
[0.348s] Level 1:colcon.colcon_core.package_identification:_identify(src/robot_description) by extensions ['colcon_meta']
[0.348s] Level 1:colcon.colcon_core.package_identification:_identify(src/robot_description) by extension 'colcon_meta'
[0.348s] Level 1:colcon.colcon_core.package_identification:_identify(src/robot_description) by extensions ['ros']
[0.348s] Level 1:colcon.colcon_core.package_identification:_identify(src/robot_description) by extension 'ros'
[0.349s] DEBUG:colcon.colcon_core.package_identification:Package 'src/robot_description' with type 'ros.ament_cmake' and name 'robot_description'
[0.349s] Level 1:colcon.colcon_core.package_identification:_identify(src/waypoint_navigation_pkg) by extensions ['ignore', 'ignore_ament_install']
[0.349s] Level 1:colcon.colcon_core.package_identification:_identify(src/waypoint_navigation_pkg) by extension 'ignore'
[0.349s] Level 1:colcon.colcon_core.package_identification:_identify(src/waypoint_navigation_pkg) by extension 'ignore_ament_install'
[0.349s] Level 1:colcon.colcon_core.package_identification:_identify(src/waypoint_navigation_pkg) by extensions ['colcon_pkg']
[0.349s] Level 1:colcon.colcon_core.package_identification:_identify(src/waypoint_navigation_pkg) by extension 'colcon_pkg'
[0.349s] Level 1:colcon.colcon_core.package_identification:_identify(src/waypoint_navigation_pkg) by extensions ['colcon_meta']
[0.349s] Level 1:colcon.colcon_core.package_identification:_identify(src/waypoint_navigation_pkg) by extension 'colcon_meta'
[0.349s] Level 1:colcon.colcon_core.package_identification:_identify(src/waypoint_navigation_pkg) by extensions ['ros']
[0.349s] Level 1:colcon.colcon_core.package_identification:_identify(src/waypoint_navigation_pkg) by extension 'ros'
[0.350s] DEBUG:colcon.colcon_core.package_identification:Package 'src/waypoint_navigation_pkg' with type 'ros.ament_python' and name 'waypoint_navigation_pkg'
[0.350s] Level 1:colcon.colcon_core.package_discovery:discover_packages(recursive) using defaults
[0.350s] Level 1:colcon.colcon_core.package_discovery:discover_packages(ignore) discover
[0.350s] Level 1:colcon.colcon_core.package_discovery:discover_packages(ignore) using defaults
[0.350s] Level 1:colcon.colcon_core.package_discovery:discover_packages(path) discover
[0.350s] Level 1:colcon.colcon_core.package_discovery:discover_packages(path) using defaults
[0.366s] Level 1:colcon.colcon_core.package_discovery:discover_packages(prefix_path) check parameters
[0.366s] Level 1:colcon.colcon_core.package_discovery:discover_packages(prefix_path) discover
[0.367s] DEBUG:colcon.colcon_installed_package_information.package_discovery:Found 5 installed packages in /root/Projeto_Final/install
[0.369s] DEBUG:colcon.colcon_installed_package_information.package_discovery:Found 375 installed packages in /opt/ros/foxy
[0.382s] Level 1:colcon.colcon_core.package_discovery:discover_packages(prefix_path) using defaults
[0.441s] Level 5:colcon.colcon_core.verb:set package 'custom_interfaces' build argument 'cmake_args' from command line to 'None'
[0.442s] Level 5:colcon.colcon_core.verb:set package 'custom_interfaces' build argument 'cmake_target' from command line to 'None'
[0.442s] Level 5:colcon.colcon_core.verb:set package 'custom_interfaces' build argument 'cmake_target_skip_unavailable' from command line to 'False'
[0.442s] Level 5:colcon.colcon_core.verb:set package 'custom_interfaces' build argument 'cmake_clean_cache' from command line to 'False'
[0.442s] Level 5:colcon.colcon_core.verb:set package 'custom_interfaces' build argument 'cmake_clean_first' from command line to 'False'
[0.442s] Level 5:colcon.colcon_core.verb:set package 'custom_interfaces' build argument 'cmake_force_configure' from command line to 'False'
[0.442s] Level 5:colcon.colcon_core.verb:set package 'custom_interfaces' build argument 'ament_cmake_args' from command line to 'None'
[0.442s] Level 5:colcon.colcon_core.verb:set package 'custom_interfaces' build argument 'catkin_cmake_args' from command line to 'None'
[0.442s] Level 5:colcon.colcon_core.verb:set package 'custom_interfaces' build argument 'catkin_skip_building_tests' from command line to 'False'
[0.442s] DEBUG:colcon.colcon_core.verb:Building package 'custom_interfaces' with the following arguments: {'ament_cmake_args': None, 'build_base': '/root/Projeto_Final/build/custom_interfaces', 'catkin_cmake_args': None, 'catkin_skip_building_tests': False, 'cmake_args': None, 'cmake_clean_cache': False, 'cmake_clean_first': False, 'cmake_force_configure': False, 'cmake_target': None, 'cmake_target_skip_unavailable': False, 'install_base': '/root/Projeto_Final/install/custom_interfaces', 'merge_install': False, 'path': '/root/Projeto_Final/src/custom_interfaces', 'symlink_install': False, 'test_result_base': None}
[0.442s] Level 5:colcon.colcon_core.verb:set package 'rm_localization' build argument 'cmake_args' from command line to 'None'
[0.442s] Level 5:colcon.colcon_core.verb:set package 'rm_localization' build argument 'cmake_target' from command line to 'None'
[0.442s] Level 5:colcon.colcon_core.verb:set package 'rm_localization' build argument 'cmake_target_skip_unavailable' from command line to 'False'
[0.442s] Level 5:colcon.colcon_core.verb:set package 'rm_localization' build argument 'cmake_clean_cache' from command line to 'False'
[0.442s] Level 5:colcon.colcon_core.verb:set package 'rm_localization' build argument 'cmake_clean_first' from command line to 'False'
[0.442s] Level 5:colcon.colcon_core.verb:set package 'rm_localization' build argument 'cmake_force_configure' from command line to 'False'
[0.442s] Level 5:colcon.colcon_core.verb:set package 'rm_localization' build argument 'ament_cmake_args' from command line to 'None'
[0.442s] Level 5:colcon.colcon_core.verb:set package 'rm_localization' build argument 'catkin_cmake_args' from command line to 'None'
[0.442s] Level 5:colcon.colcon_core.verb:set package 'rm_localization' build argument 'catkin_skip_building_tests' from command line to 'False'
[0.442s] DEBUG:colcon.colcon_core.verb:Building package 'rm_localization' with the following arguments: {'ament_cmake_args': None, 'build_base': '/root/Projeto_Final/build/rm_localization', 'catkin_cmake_args': None, 'catkin_skip_building_tests': False, 'cmake_args': None, 'cmake_clean_cache': False, 'cmake_clean_first': False, 'cmake_force_configure': False, 'cmake_target': None, 'cmake_target_skip_unavailable': False, 'install_base': '/root/Projeto_Final/install/rm_localization', 'merge_install': False, 'path': '/root/Projeto_Final/src/rm_localization', 'symlink_install': False, 'test_result_base': None}
[0.443s] Level 5:colcon.colcon_core.verb:set package 'rm_navigation' build argument 'cmake_args' from command line to 'None'
[0.443s] Level 5:colcon.colcon_core.verb:set package 'rm_navigation' build argument 'cmake_target' from command line to 'None'
[0.443s] Level 5:colcon.colcon_core.verb:set package 'rm_navigation' build argument 'cmake_target_skip_unavailable' from command line to 'False'
[0.443s] Level 5:colcon.colcon_core.verb:set package 'rm_navigation' build argument 'cmake_clean_cache' from command line to 'False'
[0.443s] Level 5:colcon.colcon_core.verb:set package 'rm_navigation' build argument 'cmake_clean_first' from command line to 'False'
[0.443s] Level 5:colcon.colcon_core.verb:set package 'rm_navigation' build argument 'cmake_force_configure' from command line to 'False'
[0.443s] Level 5:colcon.colcon_core.verb:set package 'rm_navigation' build argument 'ament_cmake_args' from command line to 'None'
[0.443s] Level 5:colcon.colcon_core.verb:set package 'rm_navigation' build argument 'catkin_cmake_args' from command line to 'None'
[0.443s] Level 5:colcon.colcon_core.verb:set package 'rm_navigation' build argument 'catkin_skip_building_tests' from command line to 'False'
[0.443s] DEBUG:colcon.colcon_core.verb:Building package 'rm_navigation' with the following arguments: {'ament_cmake_args': None, 'build_base': '/root/Projeto_Final/build/rm_navigation', 'catkin_cmake_args': None, 'catkin_skip_building_tests': False, 'cmake_args': None, 'cmake_clean_cache': False, 'cmake_clean_first': False, 'cmake_force_configure': False, 'cmake_target': None, 'cmake_target_skip_unavailable': False, 'install_base': '/root/Projeto_Final/install/rm_navigation', 'merge_install': False, 'path': '/root/Projeto_Final/src/rm_navigation', 'symlink_install': False, 'test_result_base': None}
[0.443s] Level 5:colcon.colcon_core.verb:set package 'robot_description' build argument 'cmake_args' from command line to 'None'
[0.443s] Level 5:colcon.colcon_core.verb:set package 'robot_description' build argument 'cmake_target' from command line to 'None'
[0.443s] Level 5:colcon.colcon_core.verb:set package 'robot_description' build argument 'cmake_target_skip_unavailable' from command line to 'False'
[0.443s] Level 5:colcon.colcon_core.verb:set package 'robot_description' build argument 'cmake_clean_cache' from command line to 'False'
[0.443s] Level 5:colcon.colcon_core.verb:set package 'robot_description' build argument 'cmake_clean_first' from command line to 'False'
[0.443s] Level 5:colcon.colcon_core.verb:set package 'robot_description' build argument 'cmake_force_configure' from command line to 'False'
[0.443s] Level 5:colcon.colcon_core.verb:set package 'robot_description' build argument 'ament_cmake_args' from command line to 'None'
[0.443s] Level 5:colcon.colcon_core.verb:set package 'robot_description' build argument 'catkin_cmake_args' from command line to 'None'
[0.443s] Level 5:colcon.colcon_core.verb:set package 'robot_description' build argument 'catkin_skip_building_tests' from command line to 'False'
[0.443s] DEBUG:colcon.colcon_core.verb:Building package 'robot_description' with the following arguments: {'ament_cmake_args': None, 'build_base': '/root/Projeto_Final/build/robot_description', 'catkin_cmake_args': None, 'catkin_skip_building_tests': False, 'cmake_args': None, 'cmake_clean_cache': False, 'cmake_clean_first': False, 'cmake_force_configure': False, 'cmake_target': None, 'cmake_target_skip_unavailable': False, 'install_base': '/root/Projeto_Final/install/robot_description', 'merge_install': False, 'path': '/root/Projeto_Final/src/robot_description', 'symlink_install': False, 'test_result_base': None}
[0.444s] Level 5:colcon.colcon_core.verb:set package 'waypoint_navigation_pkg' build argument 'cmake_args' from command line to 'None'
[0.444s] Level 5:colcon.colcon_core.verb:set package 'waypoint_navigation_pkg' build argument 'cmake_target' from command line to 'None'
[0.444s] Level 5:colcon.colcon_core.verb:set package 'waypoint_navigation_pkg' build argument 'cmake_target_skip_unavailable' from command line to 'False'
[0.444s] Level 5:colcon.colcon_core.verb:set package 'waypoint_navigation_pkg' build argument 'cmake_clean_cache' from command line to 'False'
[0.444s] Level 5:colcon.colcon_core.verb:set package 'waypoint_navigation_pkg' build argument 'cmake_clean_first' from command line to 'False'
[0.444s] Level 5:colcon.colcon_core.verb:set package 'waypoint_navigation_pkg' build argument 'cmake_force_configure' from command line to 'False'
[0.444s] Level 5:colcon.colcon_core.verb:set package 'waypoint_navigation_pkg' build argument 'ament_cmake_args' from command line to 'None'
[0.444s] Level 5:colcon.colcon_core.verb:set package 'waypoint_navigation_pkg' build argument 'catkin_cmake_args' from command line to 'None'
[0.444s] Level 5:colcon.colcon_core.verb:set package 'waypoint_navigation_pkg' build argument 'catkin_skip_building_tests' from command line to 'False'
[0.444s] DEBUG:colcon.colcon_core.verb:Building package 'waypoint_navigation_pkg' with the following arguments: {'ament_cmake_args': None, 'build_base': '/root/Projeto_Final/build/waypoint_navigation_pkg', 'catkin_cmake_args': None, 'catkin_skip_building_tests': False, 'cmake_args': None, 'cmake_clean_cache': False, 'cmake_clean_first': False, 'cmake_force_configure': False, 'cmake_target': None, 'cmake_target_skip_unavailable': False, 'install_base': '/root/Projeto_Final/install/waypoint_navigation_pkg', 'merge_install': False, 'path': '/root/Projeto_Final/src/waypoint_navigation_pkg', 'symlink_install': False, 'test_result_base': None}
[0.444s] INFO:colcon.colcon_core.executor:Executing jobs using 'parallel' executor
[0.446s] DEBUG:colcon.colcon_parallel_executor.executor.parallel:run_until_complete
[0.446s] INFO:colcon.colcon_ros.task.ament_cmake.build:Building ROS package in '/root/Projeto_Final/src/custom_interfaces' with build type 'ament_cmake'
[0.447s] INFO:colcon.colcon_cmake.task.cmake.build:Building CMake package in '/root/Projeto_Final/src/custom_interfaces'
[0.449s] INFO:colcon.colcon_core.plugin_system:Skipping extension 'colcon_core.shell.bat': Not used on non-Windows systems
[0.450s] INFO:colcon.colcon_core.shell:Skip shell extension 'powershell' for command environment: Not usable outside of PowerShell
[0.450s] DEBUG:colcon.colcon_core.shell:Skip shell extension 'dsv' for command environment
[0.455s] INFO:colcon.colcon_ros.task.ament_cmake.build:Building ROS package in '/root/Projeto_Final/src/rm_localization' with build type 'ament_cmake'
[0.455s] INFO:colcon.colcon_cmake.task.cmake.build:Building CMake package in '/root/Projeto_Final/src/rm_localization'
[0.456s] INFO:colcon.colcon_core.shell:Skip shell extension 'powershell' for command environment: Not usable outside of PowerShell
[0.456s] DEBUG:colcon.colcon_core.shell:Skip shell extension 'dsv' for command environment
[0.462s] INFO:colcon.colcon_ros.task.ament_python.build:Building ROS package in '/root/Projeto_Final/src/rm_navigation' with build type 'ament_python'
[0.462s] Level 1:colcon.colcon_core.shell:create_environment_hook('rm_navigation', 'ament_prefix_path')
[0.463s] INFO:colcon.colcon_core.shell:Creating environment hook '/root/Projeto_Final/install/rm_navigation/share/rm_navigation/hook/ament_prefix_path.ps1'
[0.465s] INFO:colcon.colcon_core.shell:Creating environment descriptor '/root/Projeto_Final/install/rm_navigation/share/rm_navigation/hook/ament_prefix_path.dsv'
[0.465s] INFO:colcon.colcon_core.shell:Creating environment hook '/root/Projeto_Final/install/rm_navigation/share/rm_navigation/hook/ament_prefix_path.sh'
[0.466s] INFO:colcon.colcon_core.shell:Skip shell extension 'powershell' for command environment: Not usable outside of PowerShell
[0.466s] DEBUG:colcon.colcon_core.shell:Skip shell extension 'dsv' for command environment
[0.470s] INFO:colcon.colcon_ros.task.ament_cmake.build:Building ROS package in '/root/Projeto_Final/src/robot_description' with build type 'ament_cmake'
[0.471s] INFO:colcon.colcon_cmake.task.cmake.build:Building CMake package in '/root/Projeto_Final/src/robot_description'
[0.471s] INFO:colcon.colcon_core.shell:Skip shell extension 'powershell' for command environment: Not usable outside of PowerShell
[0.471s] DEBUG:colcon.colcon_core.shell:Skip shell extension 'dsv' for command environment
[0.489s] DEBUG:colcon.colcon_core.event_handler.log_command:Invoking command in '/root/Projeto_Final/build/custom_interfaces': CMAKE_PREFIX_PATH=${CMAKE_PREFIX_PATH}:/root/Projeto_Final/install/waypoint_navigation_pkg:/root/Projeto_Final/install/rm_navigation:/opt/ros/foxy /usr/bin/cmake --build /root/Projeto_Final/build/custom_interfaces -- -j16 -l16
[0.498s] DEBUG:colcon.colcon_core.event_handler.log_command:Invoking command in '/root/Projeto_Final/build/rm_localization': CMAKE_PREFIX_PATH=${CMAKE_PREFIX_PATH}:/root/Projeto_Final/install/waypoint_navigation_pkg:/root/Projeto_Final/install/rm_navigation:/opt/ros/foxy /usr/bin/cmake --build /root/Projeto_Final/build/rm_localization -- -j16 -l16
[0.731s] INFO:colcon.colcon_core.task.python.build:Building Python package in '/root/Projeto_Final/src/rm_navigation'
[0.732s] INFO:colcon.colcon_core.shell:Skip shell extension 'powershell' for command environment: Not usable outside of PowerShell
[0.732s] DEBUG:colcon.colcon_core.shell:Skip shell extension 'dsv' for command environment
[0.748s] DEBUG:colcon.colcon_core.event_handler.log_command:Invoking command in '/root/Projeto_Final/build/robot_description': CMAKE_PREFIX_PATH=${CMAKE_PREFIX_PATH}:/root/Projeto_Final/install/waypoint_navigation_pkg:/root/Projeto_Final/install/rm_navigation:/opt/ros/foxy /usr/bin/cmake --build /root/Projeto_Final/build/robot_description -- -j16 -l16
[0.752s] DEBUG:colcon.colcon_core.event_handler.log_command:Invoked command in '/root/Projeto_Final/build/custom_interfaces' returned '0': CMAKE_PREFIX_PATH=${CMAKE_PREFIX_PATH}:/root/Projeto_Final/install/waypoint_navigation_pkg:/root/Projeto_Final/install/rm_navigation:/opt/ros/foxy /usr/bin/cmake --build /root/Projeto_Final/build/custom_interfaces -- -j16 -l16
[0.761s] DEBUG:colcon.colcon_core.event_handler.log_command:Invoking command in '/root/Projeto_Final/build/custom_interfaces': CMAKE_PREFIX_PATH=${CMAKE_PREFIX_PATH}:/root/Projeto_Final/install/waypoint_navigation_pkg:/root/Projeto_Final/install/rm_navigation:/opt/ros/foxy /usr/bin/cmake --install /root/Projeto_Final/build/custom_interfaces
[0.763s] DEBUG:colcon.colcon_core.event_handler.log_command:Invoked command in '/root/Projeto_Final/build/rm_localization' returned '0': CMAKE_PREFIX_PATH=${CMAKE_PREFIX_PATH}:/root/Projeto_Final/install/waypoint_navigation_pkg:/root/Projeto_Final/install/rm_navigation:/opt/ros/foxy /usr/bin/cmake --build /root/Projeto_Final/build/rm_localization -- -j16 -l16
[0.765s] DEBUG:colcon.colcon_core.event_handler.log_command:Invoking command in '/root/Projeto_Final/build/rm_localization': CMAKE_PREFIX_PATH=${CMAKE_PREFIX_PATH}:/root/Projeto_Final/install/waypoint_navigation_pkg:/root/Projeto_Final/install/rm_navigation:/opt/ros/foxy /usr/bin/cmake --install /root/Projeto_Final/build/rm_localization
[0.781s] Level 1:colcon.colcon_core.environment:create_environment_scripts_only(rm_localization)
[0.795s] DEBUG:colcon.colcon_core.event_handler.log_command:Invoked command in '/root/Projeto_Final/build/rm_localization' returned '0': CMAKE_PREFIX_PATH=${CMAKE_PREFIX_PATH}:/root/Projeto_Final/install/waypoint_navigation_pkg:/root/Projeto_Final/install/rm_navigation:/opt/ros/foxy /usr/bin/cmake --install /root/Projeto_Final/build/rm_localization
[0.797s] Level 1:colcon.colcon_core.environment:checking '/root/Projeto_Final/install/rm_localization' for CMake module files
[0.798s] Level 1:colcon.colcon_core.environment:checking '/root/Projeto_Final/install/rm_localization' for CMake config files
[0.798s] Level 1:colcon.colcon_core.shell:create_environment_hook('rm_localization', 'cmake_prefix_path')
[0.799s] INFO:colcon.colcon_core.shell:Creating environment hook '/root/Projeto_Final/install/rm_localization/share/rm_localization/hook/cmake_prefix_path.ps1'
[0.800s] INFO:colcon.colcon_core.shell:Creating environment descriptor '/root/Projeto_Final/install/rm_localization/share/rm_localization/hook/cmake_prefix_path.dsv'
[0.800s] INFO:colcon.colcon_core.shell:Creating environment hook '/root/Projeto_Final/install/rm_localization/share/rm_localization/hook/cmake_prefix_path.sh'
[0.801s] Level 1:colcon.colcon_core.environment:checking '/root/Projeto_Final/install/rm_localization/bin'
[0.802s] Level 1:colcon.colcon_core.environment:checking '/root/Projeto_Final/install/rm_localization/lib/pkgconfig/rm_localization.pc'
[0.802s] Level 1:colcon.colcon_core.environment:checking '/root/Projeto_Final/install/rm_localization/lib/python3.8/site-packages'
[0.802s] Level 1:colcon.colcon_core.environment:checking '/root/Projeto_Final/install/rm_localization/bin'
[0.803s] INFO:colcon.colcon_core.shell:Creating package script '/root/Projeto_Final/install/rm_localization/share/rm_localization/package.ps1'
[0.804s] INFO:colcon.colcon_core.shell:Creating package descriptor '/root/Projeto_Final/install/rm_localization/share/rm_localization/package.dsv'
[0.805s] INFO:colcon.colcon_core.shell:Creating package script '/root/Projeto_Final/install/rm_localization/share/rm_localization/package.sh'
[0.806s] INFO:colcon.colcon_core.shell:Creating package script '/root/Projeto_Final/install/rm_localization/share/rm_localization/package.bash'
[0.808s] INFO:colcon.colcon_core.shell:Creating package script '/root/Projeto_Final/install/rm_localization/share/rm_localization/package.zsh'
[0.809s] Level 1:colcon.colcon_core.environment:create_file_with_runtime_dependencies(/root/Projeto_Final/install/rm_localization/share/colcon-core/packages/rm_localization)
[0.810s] Level 1:colcon.colcon_core.environment:create_environment_scripts_only(rm_localization)
[0.810s] Level 1:colcon.colcon_core.environment:checking '/root/Projeto_Final/install/rm_localization' for CMake module files
[0.811s] Level 1:colcon.colcon_core.environment:checking '/root/Projeto_Final/install/rm_localization' for CMake config files
[0.811s] Level 1:colcon.colcon_core.shell:create_environment_hook('rm_localization', 'cmake_prefix_path')
[0.811s] INFO:colcon.colcon_core.shell:Creating environment hook '/root/Projeto_Final/install/rm_localization/share/rm_localization/hook/cmake_prefix_path.ps1'
[0.812s] INFO:colcon.colcon_core.shell:Creating environment descriptor '/root/Projeto_Final/install/rm_localization/share/rm_localization/hook/cmake_prefix_path.dsv'
[0.813s] INFO:colcon.colcon_core.shell:Creating environment hook '/root/Projeto_Final/install/rm_localization/share/rm_localization/hook/cmake_prefix_path.sh'
[0.814s] Level 1:colcon.colcon_core.environment:checking '/root/Projeto_Final/install/rm_localization/bin'
[0.814s] Level 1:colcon.colcon_core.environment:checking '/root/Projeto_Final/install/rm_localization/lib/pkgconfig/rm_localization.pc'
[0.815s] Level 1:colcon.colcon_core.environment:checking '/root/Projeto_Final/install/rm_localization/lib/python3.8/site-packages'
[0.815s] Level 1:colcon.colcon_core.environment:checking '/root/Projeto_Final/install/rm_localization/bin'
[0.816s] INFO:colcon.colcon_core.shell:Creating package script '/root/Projeto_Final/install/rm_localization/share/rm_localization/package.ps1'
[0.818s] INFO:colcon.colcon_core.shell:Creating package descriptor '/root/Projeto_Final/install/rm_localization/share/rm_localization/package.dsv'
[0.824s] INFO:colcon.colcon_core.shell:Creating package script '/root/Projeto_Final/install/rm_localization/share/rm_localization/package.sh'
[0.828s] INFO:colcon.colcon_core.shell:Creating package script '/root/Projeto_Final/install/rm_localization/share/rm_localization/package.bash'
[0.829s] INFO:colcon.colcon_core.shell:Creating package script '/root/Projeto_Final/install/rm_localization/share/rm_localization/package.zsh'
[0.829s] Level 1:colcon.colcon_core.environment:create_file_with_runtime_dependencies(/root/Projeto_Final/install/rm_localization/share/colcon-core/packages/rm_localization)
[0.832s] Level 1:colcon.colcon_core.environment:create_environment_scripts_only(custom_interfaces)
[0.832s] Level 1:colcon.colcon_core.environment:checking '/root/Projeto_Final/install/custom_interfaces' for CMake module files
[0.834s] DEBUG:colcon.colcon_core.event_handler.log_command:Invoked command in '/root/Projeto_Final/build/custom_interfaces' returned '0': CMAKE_PREFIX_PATH=${CMAKE_PREFIX_PATH}:/root/Projeto_Final/install/waypoint_navigation_pkg:/root/Projeto_Final/install/rm_navigation:/opt/ros/foxy /usr/bin/cmake --install /root/Projeto_Final/build/custom_interfaces
[0.834s] Level 1:colcon.colcon_core.environment:checking '/root/Projeto_Final/install/custom_interfaces' for CMake config files
[0.835s] Level 1:colcon.colcon_core.shell:create_environment_hook('custom_interfaces', 'cmake_prefix_path')
[0.835s] INFO:colcon.colcon_core.shell:Creating environment hook '/root/Projeto_Final/install/custom_interfaces/share/custom_interfaces/hook/cmake_prefix_path.ps1'
[0.836s] INFO:colcon.colcon_core.shell:Creating environment descriptor '/root/Projeto_Final/install/custom_interfaces/share/custom_interfaces/hook/cmake_prefix_path.dsv'
[0.836s] INFO:colcon.colcon_core.shell:Creating environment hook '/root/Projeto_Final/install/custom_interfaces/share/custom_interfaces/hook/cmake_prefix_path.sh'
[0.837s] Level 1:colcon.colcon_core.environment:checking '/root/Projeto_Final/install/custom_interfaces/lib'
[0.837s] Level 1:colcon.colcon_core.shell:create_environment_hook('custom_interfaces', 'ld_library_path_lib')
[0.838s] INFO:colcon.colcon_core.shell:Creating environment hook '/root/Projeto_Final/install/custom_interfaces/share/custom_interfaces/hook/ld_library_path_lib.ps1'
[0.838s] INFO:colcon.colcon_core.shell:Creating environment descriptor '/root/Projeto_Final/install/custom_interfaces/share/custom_interfaces/hook/ld_library_path_lib.dsv'
[0.839s] INFO:colcon.colcon_core.shell:Creating environment hook '/root/Projeto_Final/install/custom_interfaces/share/custom_interfaces/hook/ld_library_path_lib.sh'
[0.839s] Level 1:colcon.colcon_core.environment:checking '/root/Projeto_Final/install/custom_interfaces/bin'
[0.839s] Level 1:colcon.colcon_core.environment:checking '/root/Projeto_Final/install/custom_interfaces/lib/pkgconfig/custom_interfaces.pc'
[0.839s] Level 1:colcon.colcon_core.environment:checking '/root/Projeto_Final/install/custom_interfaces/lib/python3.8/site-packages'
[0.839s] Level 1:colcon.colcon_core.shell:create_environment_hook('custom_interfaces', 'pythonpath')
[0.840s] INFO:colcon.colcon_core.shell:Creating environment hook '/root/Projeto_Final/install/custom_interfaces/share/custom_interfaces/hook/pythonpath.ps1'
[0.840s] INFO:colcon.colcon_core.shell:Creating environment descriptor '/root/Projeto_Final/install/custom_interfaces/share/custom_interfaces/hook/pythonpath.dsv'
[0.840s] INFO:colcon.colcon_core.shell:Creating environment hook '/root/Projeto_Final/install/custom_interfaces/share/custom_interfaces/hook/pythonpath.sh'
[0.841s] Level 1:colcon.colcon_core.environment:checking '/root/Projeto_Final/install/custom_interfaces/bin'
[0.841s] INFO:colcon.colcon_core.shell:Creating package script '/root/Projeto_Final/install/custom_interfaces/share/custom_interfaces/package.ps1'
[0.842s] INFO:colcon.colcon_core.shell:Creating package descriptor '/root/Projeto_Final/install/custom_interfaces/share/custom_interfaces/package.dsv'
[0.842s] INFO:colcon.colcon_core.shell:Creating package script '/root/Projeto_Final/install/custom_interfaces/share/custom_interfaces/package.sh'
[0.843s] INFO:colcon.colcon_core.shell:Creating package script '/root/Projeto_Final/install/custom_interfaces/share/custom_interfaces/package.bash'
[0.843s] INFO:colcon.colcon_core.shell:Creating package script '/root/Projeto_Final/install/custom_interfaces/share/custom_interfaces/package.zsh'
[0.843s] Level 1:colcon.colcon_core.environment:create_file_with_runtime_dependencies(/root/Projeto_Final/install/custom_interfaces/share/colcon-core/packages/custom_interfaces)
[0.844s] Level 1:colcon.colcon_core.environment:create_environment_scripts_only(custom_interfaces)
[0.844s] Level 1:colcon.colcon_core.environment:checking '/root/Projeto_Final/install/custom_interfaces' for CMake module files
[0.845s] Level 1:colcon.colcon_core.environment:checking '/root/Projeto_Final/install/custom_interfaces' for CMake config files
[0.845s] Level 1:colcon.colcon_core.shell:create_environment_hook('custom_interfaces', 'cmake_prefix_path')
[0.847s] INFO:colcon.colcon_core.shell:Creating environment hook '/root/Projeto_Final/install/custom_interfaces/share/custom_interfaces/hook/cmake_prefix_path.ps1'
[0.848s] INFO:colcon.colcon_core.shell:Creating environment descriptor '/root/Projeto_Final/install/custom_interfaces/share/custom_interfaces/hook/cmake_prefix_path.dsv'
[0.848s] INFO:colcon.colcon_core.shell:Creating environment hook '/root/Projeto_Final/install/custom_interfaces/share/custom_interfaces/hook/cmake_prefix_path.sh'
[0.850s] Level 1:colcon.colcon_core.environment:checking '/root/Projeto_Final/install/custom_interfaces/lib'
[0.850s] Level 1:colcon.colcon_core.shell:create_environment_hook('custom_interfaces', 'ld_library_path_lib')
[0.850s] INFO:colcon.colcon_core.shell:Creating environment hook '/root/Projeto_Final/install/custom_interfaces/share/custom_interfaces/hook/ld_library_path_lib.ps1'
[0.851s] INFO:colcon.colcon_core.shell:Creating environment descriptor '/root/Projeto_Final/install/custom_interfaces/share/custom_interfaces/hook/ld_library_path_lib.dsv'
[0.851s] INFO:colcon.colcon_core.shell:Creating environment hook '/root/Projeto_Final/install/custom_interfaces/share/custom_interfaces/hook/ld_library_path_lib.sh'
[0.852s] Level 1:colcon.colcon_core.environment:checking '/root/Projeto_Final/install/custom_interfaces/bin'
[0.852s] Level 1:colcon.colcon_core.environment:checking '/root/Projeto_Final/install/custom_interfaces/lib/pkgconfig/custom_interfaces.pc'
[0.852s] Level 1:colcon.colcon_core.environment:checking '/root/Projeto_Final/install/custom_interfaces/lib/python3.8/site-packages'
[0.852s] Level 1:colcon.colcon_core.shell:create_environment_hook('custom_interfaces', 'pythonpath')
[0.852s] INFO:colcon.colcon_core.shell:Creating environment hook '/root/Projeto_Final/install/custom_interfaces/share/custom_interfaces/hook/pythonpath.ps1'
[0.853s] INFO:colcon.colcon_core.shell:Creating environment descriptor '/root/Projeto_Final/install/custom_interfaces/share/custom_interfaces/hook/pythonpath.dsv'
[0.853s] INFO:colcon.colcon_core.shell:Creating environment hook '/root/Projeto_Final/install/custom_interfaces/share/custom_interfaces/hook/pythonpath.sh'
[0.854s] Level 1:colcon.colcon_core.environment:checking '/root/Projeto_Final/install/custom_interfaces/bin'
[0.854s] INFO:colcon.colcon_core.shell:Creating package script '/root/Projeto_Final/install/custom_interfaces/share/custom_interfaces/package.ps1'
[0.855s] INFO:colcon.colcon_core.shell:Creating package descriptor '/root/Projeto_Final/install/custom_interfaces/share/custom_interfaces/package.dsv'
[0.855s] INFO:colcon.colcon_core.shell:Creating package script '/root/Projeto_Final/install/custom_interfaces/share/custom_interfaces/package.sh'
[0.856s] INFO:colcon.colcon_core.shell:Creating package script '/root/Projeto_Final/install/custom_interfaces/share/custom_interfaces/package.bash'
[0.856s] INFO:colcon.colcon_core.shell:Creating package script '/root/Projeto_Final/install/custom_interfaces/share/custom_interfaces/package.zsh'
[0.856s] Level 1:colcon.colcon_core.environment:create_file_with_runtime_dependencies(/root/Projeto_Final/install/custom_interfaces/share/colcon-core/packages/custom_interfaces)
[0.862s] DEBUG:colcon.colcon_core.event_handler.log_command:Invoked command in '/root/Projeto_Final/build/robot_description' returned '0': CMAKE_PREFIX_PATH=${CMAKE_PREFIX_PATH}:/root/Projeto_Final/install/waypoint_navigation_pkg:/root/Projeto_Final/install/rm_navigation:/opt/ros/foxy /usr/bin/cmake --build /root/Projeto_Final/build/robot_description -- -j16 -l16
[0.863s] INFO:colcon.colcon_ros.task.ament_python.build:Building ROS package in '/root/Projeto_Final/src/waypoint_navigation_pkg' with build type 'ament_python'
[0.864s] Level 1:colcon.colcon_core.shell:create_environment_hook('waypoint_navigation_pkg', 'ament_prefix_path')
[0.864s] DEBUG:colcon.colcon_core.event_handler.log_command:Invoking command in '/root/Projeto_Final/build/robot_description': CMAKE_PREFIX_PATH=${CMAKE_PREFIX_PATH}:/root/Projeto_Final/install/waypoint_navigation_pkg:/root/Projeto_Final/install/rm_navigation:/opt/ros/foxy /usr/bin/cmake --install /root/Projeto_Final/build/robot_description
[0.865s] INFO:colcon.colcon_core.shell:Creating environment hook '/root/Projeto_Final/install/waypoint_navigation_pkg/share/waypoint_navigation_pkg/hook/ament_prefix_path.ps1'
[0.867s] INFO:colcon.colcon_core.shell:Creating environment descriptor '/root/Projeto_Final/install/waypoint_navigation_pkg/share/waypoint_navigation_pkg/hook/ament_prefix_path.dsv'
[0.868s] INFO:colcon.colcon_core.shell:Creating environment hook '/root/Projeto_Final/install/waypoint_navigation_pkg/share/waypoint_navigation_pkg/hook/ament_prefix_path.sh'
[0.869s] INFO:colcon.colcon_core.shell:Skip shell extension 'powershell' for command environment: Not usable outside of PowerShell
[0.869s] DEBUG:colcon.colcon_core.shell:Skip shell extension 'dsv' for command environment
[0.879s] Level 1:colcon.colcon_core.environment:create_environment_scripts_only(robot_description)
[0.880s] Level 1:colcon.colcon_core.environment:checking '/root/Projeto_Final/install/robot_description' for CMake module files
[0.888s] DEBUG:colcon.colcon_core.event_handler.log_command:Invoked command in '/root/Projeto_Final/build/robot_description' returned '0': CMAKE_PREFIX_PATH=${CMAKE_PREFIX_PATH}:/root/Projeto_Final/install/waypoint_navigation_pkg:/root/Projeto_Final/install/rm_navigation:/opt/ros/foxy /usr/bin/cmake --install /root/Projeto_Final/build/robot_description
[0.888s] Level 1:colcon.colcon_core.environment:checking '/root/Projeto_Final/install/robot_description' for CMake config files
[0.888s] Level 1:colcon.colcon_core.shell:create_environment_hook('robot_description', 'cmake_prefix_path')
[0.889s] INFO:colcon.colcon_core.shell:Creating environment hook '/root/Projeto_Final/install/robot_description/share/robot_description/hook/cmake_prefix_path.ps1'
[0.889s] INFO:colcon.colcon_core.shell:Creating environment descriptor '/root/Projeto_Final/install/robot_description/share/robot_description/hook/cmake_prefix_path.dsv'
[0.890s] INFO:colcon.colcon_core.shell:Creating environment hook '/root/Projeto_Final/install/robot_description/share/robot_description/hook/cmake_prefix_path.sh'
[0.891s] Level 1:colcon.colcon_core.environment:checking '/root/Projeto_Final/install/robot_description/bin'
[0.891s] Level 1:colcon.colcon_core.environment:checking '/root/Projeto_Final/install/robot_description/lib/pkgconfig/robot_description.pc'
[0.891s] Level 1:colcon.colcon_core.environment:checking '/root/Projeto_Final/install/robot_description/lib/python3.8/site-packages'
[0.891s] Level 1:colcon.colcon_core.environment:checking '/root/Projeto_Final/install/robot_description/bin'
[0.892s] INFO:colcon.colcon_core.shell:Creating package script '/root/Projeto_Final/install/robot_description/share/robot_description/package.ps1'
[0.893s] INFO:colcon.colcon_core.shell:Creating package descriptor '/root/Projeto_Final/install/robot_description/share/robot_description/package.dsv'
[0.893s] INFO:colcon.colcon_core.shell:Creating package script '/root/Projeto_Final/install/robot_description/share/robot_description/package.sh'
[0.894s] INFO:colcon.colcon_core.shell:Creating package script '/root/Projeto_Final/install/robot_description/share/robot_description/package.bash'
[0.894s] INFO:colcon.colcon_core.shell:Creating package script '/root/Projeto_Final/install/robot_description/share/robot_description/package.zsh'
[0.894s] Level 1:colcon.colcon_core.environment:create_file_with_runtime_dependencies(/root/Projeto_Final/install/robot_description/share/colcon-core/packages/robot_description)
[0.895s] Level 1:colcon.colcon_core.environment:create_environment_scripts_only(robot_description)
[0.895s] Level 1:colcon.colcon_core.environment:checking '/root/Projeto_Final/install/robot_description' for CMake module files
[0.896s] Level 1:colcon.colcon_core.environment:checking '/root/Projeto_Final/install/robot_description' for CMake config files
[0.896s] Level 1:colcon.colcon_core.shell:create_environment_hook('robot_description', 'cmake_prefix_path')
[0.896s] INFO:colcon.colcon_core.shell:Creating environment hook '/root/Projeto_Final/install/robot_description/share/robot_description/hook/cmake_prefix_path.ps1'
[0.897s] INFO:colcon.colcon_core.shell:Creating environment descriptor '/root/Projeto_Final/install/robot_description/share/robot_description/hook/cmake_prefix_path.dsv'
[0.897s] INFO:colcon.colcon_core.shell:Creating environment hook '/root/Projeto_Final/install/robot_description/share/robot_description/hook/cmake_prefix_path.sh'
[0.898s] Level 1:colcon.colcon_core.environment:checking '/root/Projeto_Final/install/robot_description/bin'
[0.898s] Level 1:colcon.colcon_core.environment:checking '/root/Projeto_Final/install/robot_description/lib/pkgconfig/robot_description.pc'
[0.898s] Level 1:colcon.colcon_core.environment:checking '/root/Projeto_Final/install/robot_description/lib/python3.8/site-packages'
[0.898s] Level 1:colcon.colcon_core.environment:checking '/root/Projeto_Final/install/robot_description/bin'
[0.898s] INFO:colcon.colcon_core.shell:Creating package script '/root/Projeto_Final/install/robot_description/share/robot_description/package.ps1'
[0.899s] INFO:colcon.colcon_core.shell:Creating package descriptor '/root/Projeto_Final/install/robot_description/share/robot_description/package.dsv'
[0.899s] INFO:colcon.colcon_core.shell:Creating package script '/root/Projeto_Final/install/robot_description/share/robot_description/package.sh'
[0.900s] INFO:colcon.colcon_core.shell:Creating package script '/root/Projeto_Final/install/robot_description/share/robot_description/package.bash'
[0.900s] INFO:colcon.colcon_core.shell:Creating package script '/root/Projeto_Final/install/robot_description/share/robot_description/package.zsh'
[0.901s] Level 1:colcon.colcon_core.environment:create_file_with_runtime_dependencies(/root/Projeto_Final/install/robot_description/share/colcon-core/packages/robot_description)
[1.181s] INFO:colcon.colcon_core.task.python.build:Building Python package in '/root/Projeto_Final/src/waypoint_navigation_pkg'
[1.182s] INFO:colcon.colcon_core.shell:Skip shell extension 'powershell' for command environment: Not usable outside of PowerShell
[1.182s] DEBUG:colcon.colcon_core.shell:Skip shell extension 'dsv' for command environment
[1.192s] DEBUG:colcon.colcon_core.event_handler.log_command:Invoking command in '/root/Projeto_Final/src/rm_navigation': PYTHONPATH=/root/Projeto_Final/build/rm_navigation/prefix_override:/usr/lib/python3/dist-packages/colcon_core/task/python/colcon_distutils_commands:/root/Projeto_Final/install/rm_navigation/lib/python3.8/site-packages:${PYTHONPATH} /usr/bin/python3 -W ignore:setup.py install is deprecated -W ignore:easy_install command is deprecated setup.py egg_info --egg-base ../../build/rm_navigation build --build-base /root/Projeto_Final/build/rm_navigation/build install --record /root/Projeto_Final/build/rm_navigation/install.log --install-scripts $base/lib/rm_navigation --single-version-externally-managed install_data
[1.466s] Level 1:colcon.colcon_core.environment:checking '/root/Projeto_Final/install/rm_navigation' for CMake module files
[1.467s] DEBUG:colcon.colcon_core.event_handler.log_command:Invoked command in '/root/Projeto_Final/src/rm_navigation' returned '0': PYTHONPATH=/root/Projeto_Final/build/rm_navigation/prefix_override:/usr/lib/python3/dist-packages/colcon_core/task/python/colcon_distutils_commands:/root/Projeto_Final/install/rm_navigation/lib/python3.8/site-packages:${PYTHONPATH} /usr/bin/python3 -W ignore:setup.py install is deprecated -W ignore:easy_install command is deprecated setup.py egg_info --egg-base ../../build/rm_navigation build --build-base /root/Projeto_Final/build/rm_navigation/build install --record /root/Projeto_Final/build/rm_navigation/install.log --install-scripts $base/lib/rm_navigation --single-version-externally-managed install_data
[1.467s] Level 1:colcon.colcon_core.environment:checking '/root/Projeto_Final/install/rm_navigation' for CMake config files
[1.468s] Level 1:colcon.colcon_core.environment:checking '/root/Projeto_Final/install/rm_navigation/lib'
[1.468s] Level 1:colcon.colcon_core.environment:checking '/root/Projeto_Final/install/rm_navigation/bin'
[1.468s] Level 1:colcon.colcon_core.environment:checking '/root/Projeto_Final/install/rm_navigation/lib/pkgconfig/rm_navigation.pc'
[1.468s] Level 1:colcon.colcon_core.environment:checking '/root/Projeto_Final/install/rm_navigation/lib/python3.8/site-packages'
[1.468s] Level 1:colcon.colcon_core.shell:create_environment_hook('rm_navigation', 'pythonpath')
[1.469s] INFO:colcon.colcon_core.shell:Creating environment hook '/root/Projeto_Final/install/rm_navigation/share/rm_navigation/hook/pythonpath.ps1'
[1.470s] INFO:colcon.colcon_core.shell:Creating environment descriptor '/root/Projeto_Final/install/rm_navigation/share/rm_navigation/hook/pythonpath.dsv'
[1.470s] INFO:colcon.colcon_core.shell:Creating environment hook '/root/Projeto_Final/install/rm_navigation/share/rm_navigation/hook/pythonpath.sh'
[1.471s] Level 1:colcon.colcon_core.environment:checking '/root/Projeto_Final/install/rm_navigation/bin'
[1.471s] Level 1:colcon.colcon_core.environment:create_environment_scripts_only(rm_navigation)
[1.471s] INFO:colcon.colcon_core.shell:Creating package script '/root/Projeto_Final/install/rm_navigation/share/rm_navigation/package.ps1'
[1.472s] INFO:colcon.colcon_core.shell:Creating package descriptor '/root/Projeto_Final/install/rm_navigation/share/rm_navigation/package.dsv'
[1.472s] INFO:colcon.colcon_core.shell:Creating package script '/root/Projeto_Final/install/rm_navigation/share/rm_navigation/package.sh'
[1.472s] INFO:colcon.colcon_core.shell:Creating package script '/root/Projeto_Final/install/rm_navigation/share/rm_navigation/package.bash'
[1.473s] INFO:colcon.colcon_core.shell:Creating package script '/root/Projeto_Final/install/rm_navigation/share/rm_navigation/package.zsh'
[1.473s] Level 1:colcon.colcon_core.environment:create_file_with_runtime_dependencies(/root/Projeto_Final/install/rm_navigation/share/colcon-core/packages/rm_navigation)
[1.636s] DEBUG:colcon.colcon_core.event_handler.log_command:Invoking command in '/root/Projeto_Final/src/waypoint_navigation_pkg': CMAKE_PREFIX_PATH=/root/Projeto_Final/install/custom_interfaces:/root/Projeto_Final/install/robot_description:/root/Projeto_Final/install/rm_localization PYTHONPATH=/root/Projeto_Final/build/waypoint_navigation_pkg/prefix_override:/usr/lib/python3/dist-packages/colcon_core/task/python/colcon_distutils_commands:/root/Projeto_Final/install/waypoint_navigation_pkg/lib/python3.8/site-packages:/root/Projeto_Final/install/custom_interfaces/lib/python3.8/site-packages:/root/Projeto_Final/install/waypoint_navigation_pkg/lib/python3.8/site-packages:/root/Projeto_Final/install/rm_navigation/lib/python3.8/site-packages:/opt/ros/foxy/lib/python3.8/site-packages /usr/bin/python3 -W ignore:setup.py install is deprecated -W ignore:easy_install command is deprecated setup.py egg_info --egg-base ../../build/waypoint_navigation_pkg build --build-base /root/Projeto_Final/build/waypoint_navigation_pkg/build install --record /root/Projeto_Final/build/waypoint_navigation_pkg/install.log --install-scripts $base/lib/waypoint_navigation_pkg --single-version-externally-managed install_data
[1.886s] Level 1:colcon.colcon_core.environment:checking '/root/Projeto_Final/install/waypoint_navigation_pkg' for CMake module files
[1.886s] DEBUG:colcon.colcon_core.event_handler.log_command:Invoked command in '/root/Projeto_Final/src/waypoint_navigation_pkg' returned '0': CMAKE_PREFIX_PATH=/root/Projeto_Final/install/custom_interfaces:/root/Projeto_Final/install/robot_description:/root/Projeto_Final/install/rm_localization PYTHONPATH=/root/Projeto_Final/build/waypoint_navigation_pkg/prefix_override:/usr/lib/python3/dist-packages/colcon_core/task/python/colcon_distutils_commands:/root/Projeto_Final/install/waypoint_navigation_pkg/lib/python3.8/site-packages:/root/Projeto_Final/install/custom_interfaces/lib/python3.8/site-packages:/root/Projeto_Final/install/waypoint_navigation_pkg/lib/python3.8/site-packages:/root/Projeto_Final/install/rm_navigation/lib/python3.8/site-packages:/opt/ros/foxy/lib/python3.8/site-packages /usr/bin/python3 -W ignore:setup.py install is deprecated -W ignore:easy_install command is deprecated setup.py egg_info --egg-base ../../build/waypoint_navigation_pkg build --build-base /root/Projeto_Final/build/waypoint_navigation_pkg/build install --record /root/Projeto_Final/build/waypoint_navigation_pkg/install.log --install-scripts $base/lib/waypoint_navigation_pkg --single-version-externally-managed install_data
[1.887s] Level 1:colcon.colcon_core.environment:checking '/root/Projeto_Final/install/waypoint_navigation_pkg' for CMake config files
[1.887s] Level 1:colcon.colcon_core.environment:checking '/root/Projeto_Final/install/waypoint_navigation_pkg/lib'
[1.887s] Level 1:colcon.colcon_core.environment:checking '/root/Projeto_Final/install/waypoint_navigation_pkg/bin'
[1.887s] Level 1:colcon.colcon_core.environment:checking '/root/Projeto_Final/install/waypoint_navigation_pkg/lib/pkgconfig/waypoint_navigation_pkg.pc'
[1.887s] Level 1:colcon.colcon_core.environment:checking '/root/Projeto_Final/install/waypoint_navigation_pkg/lib/python3.8/site-packages'
[1.888s] Level 1:colcon.colcon_core.shell:create_environment_hook('waypoint_navigation_pkg', 'pythonpath')
[1.888s] INFO:colcon.colcon_core.shell:Creating environment hook '/root/Projeto_Final/install/waypoint_navigation_pkg/share/waypoint_navigation_pkg/hook/pythonpath.ps1'
[1.888s] INFO:colcon.colcon_core.shell:Creating environment descriptor '/root/Projeto_Final/install/waypoint_navigation_pkg/share/waypoint_navigation_pkg/hook/pythonpath.dsv'
[1.889s] INFO:colcon.colcon_core.shell:Creating environment hook '/root/Projeto_Final/install/waypoint_navigation_pkg/share/waypoint_navigation_pkg/hook/pythonpath.sh'
[1.889s] Level 1:colcon.colcon_core.environment:checking '/root/Projeto_Final/install/waypoint_navigation_pkg/bin'
[1.889s] Level 1:colcon.colcon_core.environment:create_environment_scripts_only(waypoint_navigation_pkg)
[1.890s] INFO:colcon.colcon_core.shell:Creating package script '/root/Projeto_Final/install/waypoint_navigation_pkg/share/waypoint_navigation_pkg/package.ps1'
[1.890s] INFO:colcon.colcon_core.shell:Creating package descriptor '/root/Projeto_Final/install/waypoint_navigation_pkg/share/waypoint_navigation_pkg/package.dsv'
[1.890s] INFO:colcon.colcon_core.shell:Creating package script '/root/Projeto_Final/install/waypoint_navigation_pkg/share/waypoint_navigation_pkg/package.sh'
[1.891s] INFO:colcon.colcon_core.shell:Creating package script '/root/Projeto_Final/install/waypoint_navigation_pkg/share/waypoint_navigation_pkg/package.bash'
[1.892s] INFO:colcon.colcon_core.shell:Creating package script '/root/Projeto_Final/install/waypoint_navigation_pkg/share/waypoint_navigation_pkg/package.zsh'
[1.893s] Level 1:colcon.colcon_core.environment:create_file_with_runtime_dependencies(/root/Projeto_Final/install/waypoint_navigation_pkg/share/colcon-core/packages/waypoint_navigation_pkg)
[1.893s] DEBUG:colcon.colcon_parallel_executor.executor.parallel:closing loop
[1.894s] DEBUG:colcon.colcon_parallel_executor.executor.parallel:loop closed
[1.895s] DEBUG:colcon.colcon_parallel_executor.executor.parallel:run_until_complete finished with '0'
[1.895s] DEBUG:colcon.colcon_core.event_reactor:joining thread
[1.928s] INFO:colcon.colcon_core.plugin_system:Skipping extension 'colcon_notification.desktop_notification.notify_send': Could not find 'notify-send'
[1.928s] INFO:colcon.colcon_core.plugin_system:Skipping extension 'colcon_notification.desktop_notification.terminal_notifier': Not used on non-Darwin systems
[1.928s] INFO:colcon.colcon_core.plugin_system:Skipping extension 'colcon_notification.desktop_notification.win32': Not used on non-Windows systems
[1.928s] INFO:colcon.colcon_notification.desktop_notification:Sending desktop notification using 'notify2'
[1.930s] DEBUG:colcon.colcon_notification.desktop_notification.notify2:Failed to initialize notify2: org.freedesktop.DBus.Error.ServiceUnknown: The name org.freedesktop.Notifications was not provided by any .service files
[1.930s] DEBUG:colcon.colcon_core.event_reactor:joined thread
[1.930s] INFO:colcon.colcon_core.shell:Creating prefix script '/root/Projeto_Final/install/local_setup.ps1'
[1.932s] INFO:colcon.colcon_core.shell:Creating prefix util module '/root/Projeto_Final/install/_local_setup_util_ps1.py'
[1.933s] INFO:colcon.colcon_core.shell:Creating prefix chain script '/root/Projeto_Final/install/setup.ps1'
[1.934s] INFO:colcon.colcon_core.shell:Creating prefix script '/root/Projeto_Final/install/local_setup.sh'
[1.934s] INFO:colcon.colcon_core.shell:Creating prefix util module '/root/Projeto_Final/install/_local_setup_util_sh.py'
[1.935s] INFO:colcon.colcon_core.shell:Creating prefix chain script '/root/Projeto_Final/install/setup.sh'
[1.936s] INFO:colcon.colcon_core.shell:Creating prefix script '/root/Projeto_Final/install/local_setup.bash'
[1.936s] INFO:colcon.colcon_core.shell:Creating prefix chain script '/root/Projeto_Final/install/setup.bash'
[1.937s] INFO:colcon.colcon_core.shell:Creating prefix script '/root/Projeto_Final/install/local_setup.zsh'
[1.937s] INFO:colcon.colcon_core.shell:Creating prefix chain script '/root/Projeto_Final/install/setup.zsh'
