[0.663s] Invoking command in '/root/Projeto_Final/src/rm_navigation': PYTHONPATH=/root/Projeto_Final/build/rm_navigation/prefix_override:/usr/lib/python3/dist-packages/colcon_core/task/python/colcon_distutils_commands:/root/Projeto_Final/install/rm_navigation/lib/python3.8/site-packages:${PYTHONPATH} /usr/bin/python3 -W ignore:setup.py install is deprecated -W ignore:easy_install command is deprecated setup.py egg_info --egg-base ../../build/rm_navigation build --build-base /root/Projeto_Final/build/rm_navigation/build install --record /root/Projeto_Final/build/rm_navigation/install.log --install-scripts $base/lib/rm_navigation --single-version-externally-managed install_data
[0.842s] running egg_info
[0.843s] creating ../../build/rm_navigation/rm_navigation.egg-info
[0.844s] writing ../../build/rm_navigation/rm_navigation.egg-info/PKG-INFO
[0.845s] writing dependency_links to ../../build/rm_navigation/rm_navigation.egg-info/dependency_links.txt
[0.845s] writing entry points to ../../build/rm_navigation/rm_navigation.egg-info/entry_points.txt
[0.845s] writing requirements to ../../build/rm_navigation/rm_navigation.egg-info/requires.txt
[0.845s] writing top-level names to ../../build/rm_navigation/rm_navigation.egg-info/top_level.txt
[0.849s] writing manifest file '../../build/rm_navigation/rm_navigation.egg-info/SOURCES.txt'
[0.878s] reading manifest file '../../build/rm_navigation/rm_navigation.egg-info/SOURCES.txt'
[0.878s] writing manifest file '../../build/rm_navigation/rm_navigation.egg-info/SOURCES.txt'
[0.878s] running build
[0.878s] running build_py
[0.879s] creating /root/Projeto_Final/build/rm_navigation/build
[0.879s] creating /root/Projeto_Final/build/rm_navigation/build/lib
[0.880s] creating /root/Projeto_Final/build/rm_navigation/build/lib/rm_navigation
[0.880s] copying rm_navigation/__init__.py -> /root/Projeto_Final/build/rm_navigation/build/lib/rm_navigation
[0.880s] running install
[0.881s] running install_lib
[0.882s] creating /root/Projeto_Final/install/rm_navigation/lib/python3.8/site-packages/rm_navigation
[0.882s] copying /root/Projeto_Final/build/rm_navigation/build/lib/rm_navigation/__init__.py -> /root/Projeto_Final/install/rm_navigation/lib/python3.8/site-packages/rm_navigation
[0.883s] byte-compiling /root/Projeto_Final/install/rm_navigation/lib/python3.8/site-packages/rm_navigation/__init__.py to __init__.cpython-38.pyc
[0.885s] running install_data
[0.885s] creating /root/Projeto_Final/install/rm_navigation/share/ament_index
[0.885s] creating /root/Projeto_Final/install/rm_navigation/share/ament_index/resource_index
[0.885s] creating /root/Projeto_Final/install/rm_navigation/share/ament_index/resource_index/packages
[0.886s] copying resource/rm_navigation -> /root/Projeto_Final/install/rm_navigation/share/ament_index/resource_index/packages
[0.886s] copying package.xml -> /root/Projeto_Final/install/rm_navigation/share/rm_navigation
[0.886s] running install_egg_info
[0.888s] Copying ../../build/rm_navigation/rm_navigation.egg-info to /root/Projeto_Final/install/rm_navigation/lib/python3.8/site-packages/rm_navigation-0.0.0-py3.8.egg-info
[0.889s] running install_scripts
[0.905s] writing list of installed files to '/root/Projeto_Final/build/rm_navigation/install.log'
[0.929s] Invoked command in '/root/Projeto_Final/src/rm_navigation' returned '0': PYTHONPATH=/root/Projeto_Final/build/rm_navigation/prefix_override:/usr/lib/python3/dist-packages/colcon_core/task/python/colcon_distutils_commands:/root/Projeto_Final/install/rm_navigation/lib/python3.8/site-packages:${PYTHONPATH} /usr/bin/python3 -W ignore:setup.py install is deprecated -W ignore:easy_install command is deprecated setup.py egg_info --egg-base ../../build/rm_navigation build --build-base /root/Projeto_Final/build/rm_navigation/build install --record /root/Projeto_Final/build/rm_navigation/install.log --install-scripts $base/lib/rm_navigation --single-version-externally-managed install_data
