[0.067s] Invoking command in '/root/Projeto_Final/build/rm_localization': CMAKE_PREFIX_PATH=/opt/ros/foxy /usr/bin/cmake --build /root/Projeto_Final/build/rm_localization -- -j16 -l16
[0.506s] Invoked command in '/root/Projeto_Final/build/rm_localization' returned '0': CMAKE_PREFIX_PATH=/opt/ros/foxy /usr/bin/cmake --build /root/Projeto_Final/build/rm_localization -- -j16 -l16
[0.514s] Invoking command in '/root/Projeto_Final/build/rm_localization': CMAKE_PREFIX_PATH=/opt/ros/foxy /usr/bin/cmake --install /root/Projeto_Final/build/rm_localization
[0.559s] -- Install configuration: ""
[0.559s] -- Up-to-date: /root/Projeto_Final/install/rm_localization/share/rm_localization//map
[0.560s] -- Up-to-date: /root/Projeto_Final/install/rm_localization/share/rm_localization//map/meu_mapa.yaml
[0.560s] -- Up-to-date: /root/Projeto_Final/install/rm_localization/share/rm_localization//map/meu_mapa.pgm
[0.560s] -- Up-to-date: /root/Projeto_Final/install/rm_localization/share/rm_localization//launch
[0.561s] -- Up-to-date: /root/Projeto_Final/install/rm_localization/share/rm_localization//launch/amcl.launch.py
[0.561s] -- Up-to-date: /root/Projeto_Final/install/rm_localization/share/rm_localization//launch/ekf.launch.py
[0.561s] -- Up-to-date: /root/Projeto_Final/install/rm_localization/share/rm_localization//launch/localization.launch.py
[0.562s] -- Up-to-date: /root/Projeto_Final/install/rm_localization/share/rm_localization//config
[0.562s] -- Up-to-date: /root/Projeto_Final/install/rm_localization/share/rm_localization//config/amcl_params.yaml
[0.562s] -- Up-to-date: /root/Projeto_Final/install/rm_localization/share/rm_localization//config/ekf_config.yaml
[0.562s] -- Up-to-date: /root/Projeto_Final/install/rm_localization/share/ament_index/resource_index/package_run_dependencies/rm_localization
[0.563s] -- Up-to-date: /root/Projeto_Final/install/rm_localization/share/ament_index/resource_index/parent_prefix_path/rm_localization
[0.563s] -- Up-to-date: /root/Projeto_Final/install/rm_localization/share/rm_localization/environment/ament_prefix_path.sh
[0.564s] -- Up-to-date: /root/Projeto_Final/install/rm_localization/share/rm_localization/environment/ament_prefix_path.dsv
[0.564s] -- Up-to-date: /root/Projeto_Final/install/rm_localization/share/rm_localization/environment/path.sh
[0.564s] -- Up-to-date: /root/Projeto_Final/install/rm_localization/share/rm_localization/environment/path.dsv
[0.565s] -- Up-to-date: /root/Projeto_Final/install/rm_localization/share/rm_localization/local_setup.bash
[0.565s] -- Up-to-date: /root/Projeto_Final/install/rm_localization/share/rm_localization/local_setup.sh
[0.565s] -- Up-to-date: /root/Projeto_Final/install/rm_localization/share/rm_localization/local_setup.zsh
[0.565s] -- Up-to-date: /root/Projeto_Final/install/rm_localization/share/rm_localization/local_setup.dsv
[0.567s] -- Installing: /root/Projeto_Final/install/rm_localization/share/rm_localization/package.dsv
[0.568s] -- Up-to-date: /root/Projeto_Final/install/rm_localization/share/ament_index/resource_index/packages/rm_localization
[0.569s] -- Up-to-date: /root/Projeto_Final/install/rm_localization/share/rm_localization/cmake/rm_localizationConfig.cmake
[0.569s] -- Up-to-date: /root/Projeto_Final/install/rm_localization/share/rm_localization/cmake/rm_localizationConfig-version.cmake
[0.569s] -- Up-to-date: /root/Projeto_Final/install/rm_localization/share/rm_localization/package.xml
[0.569s] Invoked command in '/root/Projeto_Final/build/rm_localization' returned '0': CMAKE_PREFIX_PATH=/opt/ros/foxy /usr/bin/cmake --install /root/Projeto_Final/build/rm_localization
