[0.056s] Invoking command in '/root/Projeto_Final/build/custom_interfaces': CMAKE_PREFIX_PATH=${CMAKE_PREFIX_PATH}:/root/Projeto_Final/install/waypoint_navigation_pkg:/root/Projeto_Final/install/rm_navigation:/opt/ros/foxy /usr/bin/cmake --build /root/Projeto_Final/build/custom_interfaces -- -j16 -l16
[0.413s] [  9%] Built target custom_interfaces__rosidl_generator_c
[0.415s] [ 12%] Built target custom_interfaces__cpp
[0.418s] [ 41%] Built target custom_interfaces__rosidl_typesupport_introspection_c
[0.420s] [ 41%] Built target custom_interfaces__rosidl_typesupport_cpp
[0.420s] [ 41%] Built target custom_interfaces__rosidl_typesupport_c
[0.421s] [ 51%] Built target custom_interfaces__rosidl_typesupport_introspection_cpp
[0.421s] [ 61%] Built target custom_interfaces__rosidl_typesupport_fastrtps_cpp
[0.421s] [ 70%] Built target custom_interfaces__rosidl_typesupport_fastrtps_c
[0.422s] [ 70%] Built target custom_interfaces
[0.422s] [ 74%] Built target custom_interfaces__py
[0.422s] [ 80%] Built target custom_interfaces__python
[0.422s] [ 87%] Built target custom_interfaces__rosidl_typesupport_c__pyext
[0.422s] [ 93%] Built target custom_interfaces__rosidl_typesupport_fastrtps_c__pyext
[0.423s] [100%] Built target custom_interfaces__rosidl_typesupport_introspection_c__pyext
[0.434s] Invoked command in '/root/Projeto_Final/build/custom_interfaces' returned '0': CMAKE_PREFIX_PATH=${CMAKE_PREFIX_PATH}:/root/Projeto_Final/install/waypoint_navigation_pkg:/root/Projeto_Final/install/rm_navigation:/opt/ros/foxy /usr/bin/cmake --build /root/Projeto_Final/build/custom_interfaces -- -j16 -l16
[0.451s] Invoking command in '/root/Projeto_Final/build/custom_interfaces': CMAKE_PREFIX_PATH=${CMAKE_PREFIX_PATH}:/root/Projeto_Final/install/waypoint_navigation_pkg:/root/Projeto_Final/install/rm_navigation:/opt/ros/foxy /usr/bin/cmake --install /root/Projeto_Final/build/custom_interfaces
[0.463s] -- Install configuration: ""
[0.464s] -- Up-to-date: /root/Projeto_Final/install/custom_interfaces/share/ament_index/resource_index/rosidl_interfaces/custom_interfaces
[0.464s] -- Up-to-date: /root/Projeto_Final/install/custom_interfaces/include/custom_interfaces
[0.464s] -- Up-to-date: /root/Projeto_Final/install/custom_interfaces/include/custom_interfaces/srv
[0.465s] -- Up-to-date: /root/Projeto_Final/install/custom_interfaces/include/custom_interfaces/srv/detail
[0.465s] -- Up-to-date: /root/Projeto_Final/install/custom_interfaces/include/custom_interfaces/srv/detail/start_mission__type_support.h
[0.465s] -- Up-to-date: /root/Projeto_Final/install/custom_interfaces/include/custom_interfaces/srv/detail/start_mission__functions.h
[0.465s] -- Up-to-date: /root/Projeto_Final/install/custom_interfaces/include/custom_interfaces/srv/detail/start_mission__struct.h
[0.466s] -- Up-to-date: /root/Projeto_Final/install/custom_interfaces/include/custom_interfaces/srv/detail/start_mission__functions.c
[0.466s] -- Up-to-date: /root/Projeto_Final/install/custom_interfaces/include/custom_interfaces/srv/start_mission.h
[0.466s] -- Up-to-date: /root/Projeto_Final/install/custom_interfaces/include/custom_interfaces/msg
[0.467s] -- Up-to-date: /root/Projeto_Final/install/custom_interfaces/include/custom_interfaces/msg/rosidl_generator_c__visibility_control.h
[0.472s] -- Up-to-date: /root/Projeto_Final/install/custom_interfaces/share/custom_interfaces/environment/library_path.sh
[0.474s] -- Up-to-date: /root/Projeto_Final/install/custom_interfaces/share/custom_interfaces/environment/library_path.dsv
[0.476s] -- Up-to-date: /root/Projeto_Final/install/custom_interfaces/lib/libcustom_interfaces__rosidl_generator_c.so
[0.479s] -- Up-to-date: /root/Projeto_Final/install/custom_interfaces/include/custom_interfaces
[0.481s] -- Up-to-date: /root/Projeto_Final/install/custom_interfaces/include/custom_interfaces/srv
[0.481s] -- Up-to-date: /root/Projeto_Final/install/custom_interfaces/include/custom_interfaces/srv/detail
[0.481s] -- Up-to-date: /root/Projeto_Final/install/custom_interfaces/include/custom_interfaces/srv/detail/start_mission__rosidl_typesupport_fastrtps_c.h
[0.481s] -- Up-to-date: /root/Projeto_Final/install/custom_interfaces/include/custom_interfaces/msg
[0.483s] -- Up-to-date: /root/Projeto_Final/install/custom_interfaces/include/custom_interfaces/msg/rosidl_typesupport_fastrtps_c__visibility_control.h
[0.484s] -- Up-to-date: /root/Projeto_Final/install/custom_interfaces/lib/libcustom_interfaces__rosidl_typesupport_fastrtps_c.so
[0.486s] -- Up-to-date: /root/Projeto_Final/install/custom_interfaces/include/custom_interfaces
[0.486s] -- Up-to-date: /root/Projeto_Final/install/custom_interfaces/include/custom_interfaces/srv
[0.486s] -- Up-to-date: /root/Projeto_Final/install/custom_interfaces/include/custom_interfaces/srv/detail
[0.486s] -- Up-to-date: /root/Projeto_Final/install/custom_interfaces/include/custom_interfaces/srv/detail/start_mission__rosidl_typesupport_fastrtps_cpp.hpp
[0.486s] -- Up-to-date: /root/Projeto_Final/install/custom_interfaces/include/custom_interfaces/srv/detail/dds_fastrtps
[0.486s] -- Up-to-date: /root/Projeto_Final/install/custom_interfaces/include/custom_interfaces/msg
[0.487s] -- Up-to-date: /root/Projeto_Final/install/custom_interfaces/include/custom_interfaces/msg/rosidl_typesupport_fastrtps_cpp__visibility_control.h
[0.488s] -- Up-to-date: /root/Projeto_Final/install/custom_interfaces/lib/libcustom_interfaces__rosidl_typesupport_fastrtps_cpp.so
[0.489s] -- Up-to-date: /root/Projeto_Final/install/custom_interfaces/include/custom_interfaces
[0.489s] -- Up-to-date: /root/Projeto_Final/install/custom_interfaces/include/custom_interfaces/srv
[0.490s] -- Up-to-date: /root/Projeto_Final/install/custom_interfaces/include/custom_interfaces/srv/detail
[0.490s] -- Up-to-date: /root/Projeto_Final/install/custom_interfaces/include/custom_interfaces/srv/detail/start_mission__type_support.c
[0.490s] -- Up-to-date: /root/Projeto_Final/install/custom_interfaces/include/custom_interfaces/srv/detail/start_mission__rosidl_typesupport_introspection_c.h
[0.490s] -- Up-to-date: /root/Projeto_Final/install/custom_interfaces/include/custom_interfaces/msg
[0.491s] -- Up-to-date: /root/Projeto_Final/install/custom_interfaces/include/custom_interfaces/msg/rosidl_typesupport_introspection_c__visibility_control.h
[0.491s] -- Up-to-date: /root/Projeto_Final/install/custom_interfaces/lib/libcustom_interfaces__rosidl_typesupport_introspection_c.so
[0.491s] -- Up-to-date: /root/Projeto_Final/install/custom_interfaces/lib/libcustom_interfaces__rosidl_typesupport_c.so
[0.492s] -- Up-to-date: /root/Projeto_Final/install/custom_interfaces/include/custom_interfaces
[0.492s] -- Up-to-date: /root/Projeto_Final/install/custom_interfaces/include/custom_interfaces/srv
[0.492s] -- Up-to-date: /root/Projeto_Final/install/custom_interfaces/include/custom_interfaces/srv/start_mission.hpp
[0.493s] -- Up-to-date: /root/Projeto_Final/install/custom_interfaces/include/custom_interfaces/srv/detail
[0.493s] -- Up-to-date: /root/Projeto_Final/install/custom_interfaces/include/custom_interfaces/srv/detail/start_mission__builder.hpp
[0.493s] -- Up-to-date: /root/Projeto_Final/install/custom_interfaces/include/custom_interfaces/srv/detail/start_mission__struct.hpp
[0.493s] -- Up-to-date: /root/Projeto_Final/install/custom_interfaces/include/custom_interfaces/srv/detail/start_mission__type_support.hpp
[0.494s] -- Up-to-date: /root/Projeto_Final/install/custom_interfaces/include/custom_interfaces/srv/detail/start_mission__traits.hpp
[0.494s] -- Up-to-date: /root/Projeto_Final/install/custom_interfaces/include/custom_interfaces/msg
[0.494s] -- Up-to-date: /root/Projeto_Final/install/custom_interfaces/include/custom_interfaces/msg/rosidl_generator_cpp__visibility_control.hpp
[0.494s] -- Up-to-date: /root/Projeto_Final/install/custom_interfaces/include/custom_interfaces
[0.495s] -- Up-to-date: /root/Projeto_Final/install/custom_interfaces/include/custom_interfaces/srv
[0.495s] -- Up-to-date: /root/Projeto_Final/install/custom_interfaces/include/custom_interfaces/srv/detail
[0.495s] -- Up-to-date: /root/Projeto_Final/install/custom_interfaces/include/custom_interfaces/srv/detail/start_mission__rosidl_typesupport_introspection_cpp.hpp
[0.496s] -- Up-to-date: /root/Projeto_Final/install/custom_interfaces/include/custom_interfaces/srv/detail/start_mission__type_support.cpp
[0.496s] -- Up-to-date: /root/Projeto_Final/install/custom_interfaces/lib/libcustom_interfaces__rosidl_typesupport_introspection_cpp.so
[0.496s] -- Up-to-date: /root/Projeto_Final/install/custom_interfaces/lib/libcustom_interfaces__rosidl_typesupport_cpp.so
[0.497s] -- Up-to-date: /root/Projeto_Final/install/custom_interfaces/share/custom_interfaces/environment/pythonpath.sh
[0.497s] -- Up-to-date: /root/Projeto_Final/install/custom_interfaces/share/custom_interfaces/environment/pythonpath.dsv
[0.497s] -- Up-to-date: /root/Projeto_Final/install/custom_interfaces/lib/python3.8/site-packages/custom_interfaces/__init__.py
[0.513s] -- Up-to-date: /root/Projeto_Final/install/custom_interfaces/lib/python3.8/site-packages/custom_interfaces/srv
[0.513s] -- Up-to-date: /root/Projeto_Final/install/custom_interfaces/lib/python3.8/site-packages/custom_interfaces/srv/_start_mission.py
[0.514s] -- Up-to-date: /root/Projeto_Final/install/custom_interfaces/lib/python3.8/site-packages/custom_interfaces/srv/__init__.py
[0.514s] -- Up-to-date: /root/Projeto_Final/install/custom_interfaces/lib/python3.8/site-packages/custom_interfaces/srv/_start_mission_s.c
[0.514s] -- Up-to-date: /root/Projeto_Final/install/custom_interfaces/lib/python3.8/site-packages/custom_interfaces/custom_interfaces_s__rosidl_typesupport_fastrtps_c.cpython-38-x86_64-linux-gnu.so
[0.515s] -- Up-to-date: /root/Projeto_Final/install/custom_interfaces/lib/python3.8/site-packages/custom_interfaces/custom_interfaces_s__rosidl_typesupport_introspection_c.cpython-38-x86_64-linux-gnu.so
[0.516s] -- Up-to-date: /root/Projeto_Final/install/custom_interfaces/lib/python3.8/site-packages/custom_interfaces/custom_interfaces_s__rosidl_typesupport_c.cpython-38-x86_64-linux-gnu.so
[0.516s] -- Up-to-date: /root/Projeto_Final/install/custom_interfaces/lib/libcustom_interfaces__python.so
[0.516s] -- Up-to-date: /root/Projeto_Final/install/custom_interfaces/share/custom_interfaces/srv/StartMission.idl
[0.517s] -- Up-to-date: /root/Projeto_Final/install/custom_interfaces/share/custom_interfaces/srv/StartMission.srv
[0.517s] -- Up-to-date: /root/Projeto_Final/install/custom_interfaces/share/custom_interfaces/srv/StartMission_Request.msg
[0.518s] -- Up-to-date: /root/Projeto_Final/install/custom_interfaces/share/custom_interfaces/srv/StartMission_Response.msg
[0.519s] -- Up-to-date: /root/Projeto_Final/install/custom_interfaces/share/ament_index/resource_index/package_run_dependencies/custom_interfaces
[0.520s] -- Up-to-date: /root/Projeto_Final/install/custom_interfaces/share/ament_index/resource_index/parent_prefix_path/custom_interfaces
[0.520s] -- Up-to-date: /root/Projeto_Final/install/custom_interfaces/share/custom_interfaces/environment/ament_prefix_path.sh
[0.520s] -- Up-to-date: /root/Projeto_Final/install/custom_interfaces/share/custom_interfaces/environment/ament_prefix_path.dsv
[0.521s] -- Up-to-date: /root/Projeto_Final/install/custom_interfaces/share/custom_interfaces/environment/path.sh
[0.521s] -- Up-to-date: /root/Projeto_Final/install/custom_interfaces/share/custom_interfaces/environment/path.dsv
[0.523s] -- Up-to-date: /root/Projeto_Final/install/custom_interfaces/share/custom_interfaces/local_setup.bash
[0.523s] -- Up-to-date: /root/Projeto_Final/install/custom_interfaces/share/custom_interfaces/local_setup.sh
[0.524s] -- Up-to-date: /root/Projeto_Final/install/custom_interfaces/share/custom_interfaces/local_setup.zsh
[0.524s] -- Up-to-date: /root/Projeto_Final/install/custom_interfaces/share/custom_interfaces/local_setup.dsv
[0.524s] -- Installing: /root/Projeto_Final/install/custom_interfaces/share/custom_interfaces/package.dsv
[0.524s] -- Up-to-date: /root/Projeto_Final/install/custom_interfaces/share/ament_index/resource_index/packages/custom_interfaces
[0.524s] -- Up-to-date: /root/Projeto_Final/install/custom_interfaces/share/custom_interfaces/cmake/custom_interfaces__rosidl_generator_cExport.cmake
[0.524s] -- Up-to-date: /root/Projeto_Final/install/custom_interfaces/share/custom_interfaces/cmake/custom_interfaces__rosidl_generator_cExport-noconfig.cmake
[0.525s] -- Up-to-date: /root/Projeto_Final/install/custom_interfaces/share/custom_interfaces/cmake/custom_interfaces__rosidl_typesupport_introspection_cExport.cmake
[0.525s] -- Up-to-date: /root/Projeto_Final/install/custom_interfaces/share/custom_interfaces/cmake/custom_interfaces__rosidl_typesupport_introspection_cExport-noconfig.cmake
[0.525s] -- Up-to-date: /root/Projeto_Final/install/custom_interfaces/share/custom_interfaces/cmake/custom_interfaces__rosidl_typesupport_cExport.cmake
[0.526s] -- Up-to-date: /root/Projeto_Final/install/custom_interfaces/share/custom_interfaces/cmake/custom_interfaces__rosidl_typesupport_cExport-noconfig.cmake
[0.527s] -- Up-to-date: /root/Projeto_Final/install/custom_interfaces/share/custom_interfaces/cmake/custom_interfaces__rosidl_generator_cppExport.cmake
[0.528s] -- Up-to-date: /root/Projeto_Final/install/custom_interfaces/share/custom_interfaces/cmake/custom_interfaces__rosidl_typesupport_introspection_cppExport.cmake
[0.529s] -- Up-to-date: /root/Projeto_Final/install/custom_interfaces/share/custom_interfaces/cmake/custom_interfaces__rosidl_typesupport_introspection_cppExport-noconfig.cmake
[0.531s] -- Up-to-date: /root/Projeto_Final/install/custom_interfaces/share/custom_interfaces/cmake/custom_interfaces__rosidl_typesupport_cppExport.cmake
[0.532s] -- Up-to-date: /root/Projeto_Final/install/custom_interfaces/share/custom_interfaces/cmake/custom_interfaces__rosidl_typesupport_cppExport-noconfig.cmake
[0.532s] -- Up-to-date: /root/Projeto_Final/install/custom_interfaces/share/custom_interfaces/cmake/rosidl_cmake-extras.cmake
[0.532s] -- Up-to-date: /root/Projeto_Final/install/custom_interfaces/share/custom_interfaces/cmake/ament_cmake_export_dependencies-extras.cmake
[0.533s] -- Up-to-date: /root/Projeto_Final/install/custom_interfaces/share/custom_interfaces/cmake/ament_cmake_export_libraries-extras.cmake
[0.534s] -- Up-to-date: /root/Projeto_Final/install/custom_interfaces/share/custom_interfaces/cmake/ament_cmake_export_targets-extras.cmake
[0.535s] -- Up-to-date: /root/Projeto_Final/install/custom_interfaces/share/custom_interfaces/cmake/ament_cmake_export_include_directories-extras.cmake
[0.535s] -- Up-to-date: /root/Projeto_Final/install/custom_interfaces/share/custom_interfaces/cmake/rosidl_cmake_export_typesupport_libraries-extras.cmake
[0.535s] -- Up-to-date: /root/Projeto_Final/install/custom_interfaces/share/custom_interfaces/cmake/rosidl_cmake_export_typesupport_targets-extras.cmake
[0.536s] -- Up-to-date: /root/Projeto_Final/install/custom_interfaces/share/custom_interfaces/cmake/custom_interfacesConfig.cmake
[0.536s] -- Up-to-date: /root/Projeto_Final/install/custom_interfaces/share/custom_interfaces/cmake/custom_interfacesConfig-version.cmake
[0.536s] -- Up-to-date: /root/Projeto_Final/install/custom_interfaces/share/custom_interfaces/package.xml
[0.559s] Invoked command in '/root/Projeto_Final/build/custom_interfaces' returned '0': CMAKE_PREFIX_PATH=${CMAKE_PREFIX_PATH}:/root/Projeto_Final/install/waypoint_navigation_pkg:/root/Projeto_Final/install/rm_navigation:/opt/ros/foxy /usr/bin/cmake --install /root/Projeto_Final/build/custom_interfaces
