[0.067s] Invoking command in '/root/Projeto_Final/build/custom_interfaces': CMAKE_PREFIX_PATH=/opt/ros/foxy /usr/bin/cmake --build /root/Projeto_Final/build/custom_interfaces -- -j16 -l16
[0.474s] [  9%] Built target custom_interfaces__rosidl_generator_c
[0.477s] [ 12%] Built target custom_interfaces__cpp
[0.480s] [ 22%] Built target custom_interfaces__rosidl_typesupport_c
[0.480s] [ 32%] Built target custom_interfaces__rosidl_typesupport_introspection_c
[0.480s] [ 41%] Built target custom_interfaces__rosidl_typesupport_cpp
[0.481s] [ 51%] Built target custom_interfaces__rosidl_typesupport_introspection_cpp
[0.482s] [ 61%] Built target custom_interfaces__rosidl_typesupport_fastrtps_cpp
[0.483s] [ 70%] Built target custom_interfaces__rosidl_typesupport_fastrtps_c
[0.484s] [ 70%] Built target custom_interfaces
[0.484s] [ 74%] Built target custom_interfaces__py
[0.484s] [ 80%] Built target custom_interfaces__python
[0.485s] [ 87%] Built target custom_interfaces__rosidl_typesupport_fastrtps_c__pyext
[0.485s] [ 93%] Built target custom_interfaces__rosidl_typesupport_introspection_c__pyext
[0.485s] [100%] Built target custom_interfaces__rosidl_typesupport_c__pyext
[0.498s] Invoked command in '/root/Projeto_Final/build/custom_interfaces' returned '0': CMAKE_PREFIX_PATH=/opt/ros/foxy /usr/bin/cmake --build /root/Projeto_Final/build/custom_interfaces -- -j16 -l16
[0.515s] Invoking command in '/root/Projeto_Final/build/custom_interfaces': CMAKE_PREFIX_PATH=/opt/ros/foxy /usr/bin/cmake --install /root/Projeto_Final/build/custom_interfaces
[0.536s] -- Install configuration: ""
[0.537s] -- Up-to-date: /root/Projeto_Final/install/custom_interfaces/share/ament_index/resource_index/rosidl_interfaces/custom_interfaces
[0.537s] -- Up-to-date: /root/Projeto_Final/install/custom_interfaces/include/custom_interfaces
[0.538s] -- Up-to-date: /root/Projeto_Final/install/custom_interfaces/include/custom_interfaces/srv
[0.540s] -- Up-to-date: /root/Projeto_Final/install/custom_interfaces/include/custom_interfaces/srv/detail
[0.541s] -- Up-to-date: /root/Projeto_Final/install/custom_interfaces/include/custom_interfaces/srv/detail/start_mission__type_support.h
[0.545s] -- Up-to-date: /root/Projeto_Final/install/custom_interfaces/include/custom_interfaces/srv/detail/start_mission__functions.h
[0.546s] -- Up-to-date: /root/Projeto_Final/install/custom_interfaces/include/custom_interfaces/srv/detail/start_mission__struct.h
[0.549s] -- Up-to-date: /root/Projeto_Final/install/custom_interfaces/include/custom_interfaces/srv/detail/start_mission__functions.c
[0.552s] -- Up-to-date: /root/Projeto_Final/install/custom_interfaces/include/custom_interfaces/srv/start_mission.h
[0.554s] -- Up-to-date: /root/Projeto_Final/install/custom_interfaces/include/custom_interfaces/msg
[0.555s] -- Up-to-date: /root/Projeto_Final/install/custom_interfaces/include/custom_interfaces/msg/rosidl_generator_c__visibility_control.h
[0.555s] -- Up-to-date: /root/Projeto_Final/install/custom_interfaces/share/custom_interfaces/environment/library_path.sh
[0.556s] -- Up-to-date: /root/Projeto_Final/install/custom_interfaces/share/custom_interfaces/environment/library_path.dsv
[0.556s] -- Up-to-date: /root/Projeto_Final/install/custom_interfaces/lib/libcustom_interfaces__rosidl_generator_c.so
[0.557s] -- Up-to-date: /root/Projeto_Final/install/custom_interfaces/include/custom_interfaces
[0.557s] -- Up-to-date: /root/Projeto_Final/install/custom_interfaces/include/custom_interfaces/srv
[0.557s] -- Up-to-date: /root/Projeto_Final/install/custom_interfaces/include/custom_interfaces/srv/detail
[0.558s] -- Up-to-date: /root/Projeto_Final/install/custom_interfaces/include/custom_interfaces/srv/detail/start_mission__rosidl_typesupport_fastrtps_c.h
[0.558s] -- Up-to-date: /root/Projeto_Final/install/custom_interfaces/include/custom_interfaces/msg
[0.559s] -- Up-to-date: /root/Projeto_Final/install/custom_interfaces/include/custom_interfaces/msg/rosidl_typesupport_fastrtps_c__visibility_control.h
[0.560s] -- Up-to-date: /root/Projeto_Final/install/custom_interfaces/lib/libcustom_interfaces__rosidl_typesupport_fastrtps_c.so
[0.561s] -- Up-to-date: /root/Projeto_Final/install/custom_interfaces/include/custom_interfaces
[0.561s] -- Up-to-date: /root/Projeto_Final/install/custom_interfaces/include/custom_interfaces/srv
[0.561s] -- Up-to-date: /root/Projeto_Final/install/custom_interfaces/include/custom_interfaces/srv/detail
[0.562s] -- Up-to-date: /root/Projeto_Final/install/custom_interfaces/include/custom_interfaces/srv/detail/start_mission__rosidl_typesupport_fastrtps_cpp.hpp
[0.562s] -- Up-to-date: /root/Projeto_Final/install/custom_interfaces/include/custom_interfaces/srv/detail/dds_fastrtps
[0.562s] -- Up-to-date: /root/Projeto_Final/install/custom_interfaces/include/custom_interfaces/msg
[0.562s] -- Up-to-date: /root/Projeto_Final/install/custom_interfaces/include/custom_interfaces/msg/rosidl_typesupport_fastrtps_cpp__visibility_control.h
[0.562s] -- Up-to-date: /root/Projeto_Final/install/custom_interfaces/lib/libcustom_interfaces__rosidl_typesupport_fastrtps_cpp.so
[0.563s] -- Up-to-date: /root/Projeto_Final/install/custom_interfaces/include/custom_interfaces
[0.563s] -- Up-to-date: /root/Projeto_Final/install/custom_interfaces/include/custom_interfaces/srv
[0.563s] -- Up-to-date: /root/Projeto_Final/install/custom_interfaces/include/custom_interfaces/srv/detail
[0.564s] -- Up-to-date: /root/Projeto_Final/install/custom_interfaces/include/custom_interfaces/srv/detail/start_mission__type_support.c
[0.564s] -- Up-to-date: /root/Projeto_Final/install/custom_interfaces/include/custom_interfaces/srv/detail/start_mission__rosidl_typesupport_introspection_c.h
[0.564s] -- Up-to-date: /root/Projeto_Final/install/custom_interfaces/include/custom_interfaces/msg
[0.564s] -- Up-to-date: /root/Projeto_Final/install/custom_interfaces/include/custom_interfaces/msg/rosidl_typesupport_introspection_c__visibility_control.h
[0.564s] -- Up-to-date: /root/Projeto_Final/install/custom_interfaces/lib/libcustom_interfaces__rosidl_typesupport_introspection_c.so
[0.564s] -- Up-to-date: /root/Projeto_Final/install/custom_interfaces/lib/libcustom_interfaces__rosidl_typesupport_c.so
[0.564s] -- Up-to-date: /root/Projeto_Final/install/custom_interfaces/include/custom_interfaces
[0.565s] -- Up-to-date: /root/Projeto_Final/install/custom_interfaces/include/custom_interfaces/srv
[0.565s] -- Up-to-date: /root/Projeto_Final/install/custom_interfaces/include/custom_interfaces/srv/start_mission.hpp
[0.565s] -- Up-to-date: /root/Projeto_Final/install/custom_interfaces/include/custom_interfaces/srv/detail
[0.565s] -- Up-to-date: /root/Projeto_Final/install/custom_interfaces/include/custom_interfaces/srv/detail/start_mission__builder.hpp
[0.565s] -- Up-to-date: /root/Projeto_Final/install/custom_interfaces/include/custom_interfaces/srv/detail/start_mission__struct.hpp
[0.565s] -- Up-to-date: /root/Projeto_Final/install/custom_interfaces/include/custom_interfaces/srv/detail/start_mission__type_support.hpp
[0.565s] -- Up-to-date: /root/Projeto_Final/install/custom_interfaces/include/custom_interfaces/srv/detail/start_mission__traits.hpp
[0.566s] -- Up-to-date: /root/Projeto_Final/install/custom_interfaces/include/custom_interfaces/msg
[0.566s] -- Up-to-date: /root/Projeto_Final/install/custom_interfaces/include/custom_interfaces/msg/rosidl_generator_cpp__visibility_control.hpp
[0.567s] -- Up-to-date: /root/Projeto_Final/install/custom_interfaces/include/custom_interfaces
[0.567s] -- Up-to-date: /root/Projeto_Final/install/custom_interfaces/include/custom_interfaces/srv
[0.568s] -- Up-to-date: /root/Projeto_Final/install/custom_interfaces/include/custom_interfaces/srv/detail
[0.570s] -- Up-to-date: /root/Projeto_Final/install/custom_interfaces/include/custom_interfaces/srv/detail/start_mission__rosidl_typesupport_introspection_cpp.hpp
[0.570s] -- Up-to-date: /root/Projeto_Final/install/custom_interfaces/include/custom_interfaces/srv/detail/start_mission__type_support.cpp
[0.571s] -- Up-to-date: /root/Projeto_Final/install/custom_interfaces/lib/libcustom_interfaces__rosidl_typesupport_introspection_cpp.so
[0.571s] -- Up-to-date: /root/Projeto_Final/install/custom_interfaces/lib/libcustom_interfaces__rosidl_typesupport_cpp.so
[0.572s] -- Up-to-date: /root/Projeto_Final/install/custom_interfaces/share/custom_interfaces/environment/pythonpath.sh
[0.572s] -- Up-to-date: /root/Projeto_Final/install/custom_interfaces/share/custom_interfaces/environment/pythonpath.dsv
[0.572s] -- Up-to-date: /root/Projeto_Final/install/custom_interfaces/lib/python3.8/site-packages/custom_interfaces/__init__.py
[0.602s] -- Up-to-date: /root/Projeto_Final/install/custom_interfaces/lib/python3.8/site-packages/custom_interfaces/srv
[0.602s] -- Up-to-date: /root/Projeto_Final/install/custom_interfaces/lib/python3.8/site-packages/custom_interfaces/srv/_start_mission.py
[0.602s] -- Up-to-date: /root/Projeto_Final/install/custom_interfaces/lib/python3.8/site-packages/custom_interfaces/srv/__init__.py
[0.602s] -- Up-to-date: /root/Projeto_Final/install/custom_interfaces/lib/python3.8/site-packages/custom_interfaces/srv/_start_mission_s.c
[0.605s] -- Up-to-date: /root/Projeto_Final/install/custom_interfaces/lib/python3.8/site-packages/custom_interfaces/custom_interfaces_s__rosidl_typesupport_fastrtps_c.cpython-38-x86_64-linux-gnu.so
[0.605s] -- Up-to-date: /root/Projeto_Final/install/custom_interfaces/lib/python3.8/site-packages/custom_interfaces/custom_interfaces_s__rosidl_typesupport_introspection_c.cpython-38-x86_64-linux-gnu.so
[0.607s] -- Up-to-date: /root/Projeto_Final/install/custom_interfaces/lib/python3.8/site-packages/custom_interfaces/custom_interfaces_s__rosidl_typesupport_c.cpython-38-x86_64-linux-gnu.so
[0.609s] -- Up-to-date: /root/Projeto_Final/install/custom_interfaces/lib/libcustom_interfaces__python.so
[0.609s] -- Up-to-date: /root/Projeto_Final/install/custom_interfaces/share/custom_interfaces/srv/StartMission.idl
[0.609s] -- Up-to-date: /root/Projeto_Final/install/custom_interfaces/share/custom_interfaces/srv/StartMission.srv
[0.612s] -- Up-to-date: /root/Projeto_Final/install/custom_interfaces/share/custom_interfaces/srv/StartMission_Request.msg
[0.613s] -- Up-to-date: /root/Projeto_Final/install/custom_interfaces/share/custom_interfaces/srv/StartMission_Response.msg
[0.613s] -- Up-to-date: /root/Projeto_Final/install/custom_interfaces/share/ament_index/resource_index/package_run_dependencies/custom_interfaces
[0.613s] -- Up-to-date: /root/Projeto_Final/install/custom_interfaces/share/ament_index/resource_index/parent_prefix_path/custom_interfaces
[0.614s] -- Up-to-date: /root/Projeto_Final/install/custom_interfaces/share/custom_interfaces/environment/ament_prefix_path.sh
[0.614s] -- Up-to-date: /root/Projeto_Final/install/custom_interfaces/share/custom_interfaces/environment/ament_prefix_path.dsv
[0.615s] -- Up-to-date: /root/Projeto_Final/install/custom_interfaces/share/custom_interfaces/environment/path.sh
[0.615s] -- Up-to-date: /root/Projeto_Final/install/custom_interfaces/share/custom_interfaces/environment/path.dsv
[0.615s] -- Up-to-date: /root/Projeto_Final/install/custom_interfaces/share/custom_interfaces/local_setup.bash
[0.616s] -- Up-to-date: /root/Projeto_Final/install/custom_interfaces/share/custom_interfaces/local_setup.sh
[0.616s] -- Up-to-date: /root/Projeto_Final/install/custom_interfaces/share/custom_interfaces/local_setup.zsh
[0.616s] -- Up-to-date: /root/Projeto_Final/install/custom_interfaces/share/custom_interfaces/local_setup.dsv
[0.617s] -- Installing: /root/Projeto_Final/install/custom_interfaces/share/custom_interfaces/package.dsv
[0.617s] -- Up-to-date: /root/Projeto_Final/install/custom_interfaces/share/ament_index/resource_index/packages/custom_interfaces
[0.619s] -- Up-to-date: /root/Projeto_Final/install/custom_interfaces/share/custom_interfaces/cmake/custom_interfaces__rosidl_generator_cExport.cmake
[0.620s] -- Up-to-date: /root/Projeto_Final/install/custom_interfaces/share/custom_interfaces/cmake/custom_interfaces__rosidl_generator_cExport-noconfig.cmake
[0.620s] -- Up-to-date: /root/Projeto_Final/install/custom_interfaces/share/custom_interfaces/cmake/custom_interfaces__rosidl_typesupport_introspection_cExport.cmake
[0.621s] -- Up-to-date: /root/Projeto_Final/install/custom_interfaces/share/custom_interfaces/cmake/custom_interfaces__rosidl_typesupport_introspection_cExport-noconfig.cmake
[0.622s] -- Up-to-date: /root/Projeto_Final/install/custom_interfaces/share/custom_interfaces/cmake/custom_interfaces__rosidl_typesupport_cExport.cmake
[0.622s] -- Up-to-date: /root/Projeto_Final/install/custom_interfaces/share/custom_interfaces/cmake/custom_interfaces__rosidl_typesupport_cExport-noconfig.cmake
[0.623s] -- Up-to-date: /root/Projeto_Final/install/custom_interfaces/share/custom_interfaces/cmake/custom_interfaces__rosidl_generator_cppExport.cmake
[0.623s] -- Up-to-date: /root/Projeto_Final/install/custom_interfaces/share/custom_interfaces/cmake/custom_interfaces__rosidl_typesupport_introspection_cppExport.cmake
[0.623s] -- Up-to-date: /root/Projeto_Final/install/custom_interfaces/share/custom_interfaces/cmake/custom_interfaces__rosidl_typesupport_introspection_cppExport-noconfig.cmake
[0.623s] -- Up-to-date: /root/Projeto_Final/install/custom_interfaces/share/custom_interfaces/cmake/custom_interfaces__rosidl_typesupport_cppExport.cmake
[0.623s] -- Up-to-date: /root/Projeto_Final/install/custom_interfaces/share/custom_interfaces/cmake/custom_interfaces__rosidl_typesupport_cppExport-noconfig.cmake
[0.623s] -- Up-to-date: /root/Projeto_Final/install/custom_interfaces/share/custom_interfaces/cmake/rosidl_cmake-extras.cmake
[0.623s] -- Up-to-date: /root/Projeto_Final/install/custom_interfaces/share/custom_interfaces/cmake/ament_cmake_export_dependencies-extras.cmake
[0.624s] -- Up-to-date: /root/Projeto_Final/install/custom_interfaces/share/custom_interfaces/cmake/ament_cmake_export_libraries-extras.cmake
[0.625s] -- Up-to-date: /root/Projeto_Final/install/custom_interfaces/share/custom_interfaces/cmake/ament_cmake_export_targets-extras.cmake
[0.626s] -- Up-to-date: /root/Projeto_Final/install/custom_interfaces/share/custom_interfaces/cmake/ament_cmake_export_include_directories-extras.cmake
[0.626s] -- Up-to-date: /root/Projeto_Final/install/custom_interfaces/share/custom_interfaces/cmake/rosidl_cmake_export_typesupport_libraries-extras.cmake
[0.626s] -- Up-to-date: /root/Projeto_Final/install/custom_interfaces/share/custom_interfaces/cmake/rosidl_cmake_export_typesupport_targets-extras.cmake
[0.626s] -- Up-to-date: /root/Projeto_Final/install/custom_interfaces/share/custom_interfaces/cmake/custom_interfacesConfig.cmake
[0.626s] -- Up-to-date: /root/Projeto_Final/install/custom_interfaces/share/custom_interfaces/cmake/custom_interfacesConfig-version.cmake
[0.627s] -- Up-to-date: /root/Projeto_Final/install/custom_interfaces/share/custom_interfaces/package.xml
[0.644s] Invoked command in '/root/Projeto_Final/build/custom_interfaces' returned '0': CMAKE_PREFIX_PATH=/opt/ros/foxy /usr/bin/cmake --install /root/Projeto_Final/build/custom_interfaces
