-- Install configuration: ""
-- Up-to-date: /root/Projeto_Final/install/rm_localization/share/rm_localization//map
-- Up-to-date: /root/Projeto_Final/install/rm_localization/share/rm_localization//map/meu_mapa.yaml
-- Up-to-date: /root/Projeto_Final/install/rm_localization/share/rm_localization//map/meu_mapa.pgm
-- Up-to-date: /root/Projeto_Final/install/rm_localization/share/rm_localization//launch
-- Up-to-date: /root/Projeto_Final/install/rm_localization/share/rm_localization//launch/amcl.launch.py
-- Up-to-date: /root/Projeto_Final/install/rm_localization/share/rm_localization//launch/ekf.launch.py
-- Up-to-date: /root/Projeto_Final/install/rm_localization/share/rm_localization//config
-- Up-to-date: /root/Projeto_Final/install/rm_localization/share/rm_localization//config/amcl_params.yaml
-- Up-to-date: /root/Projeto_Final/install/rm_localization/share/rm_localization//config/ekf_config.yaml
-- Up-to-date: /root/Projeto_Final/install/rm_localization/share/ament_index/resource_index/package_run_dependencies/rm_localization
-- Up-to-date: /root/Projeto_Final/install/rm_localization/share/ament_index/resource_index/parent_prefix_path/rm_localization
-- Up-to-date: /root/Projeto_Final/install/rm_localization/share/rm_localization/environment/ament_prefix_path.sh
-- Up-to-date: /root/Projeto_Final/install/rm_localization/share/rm_localization/environment/ament_prefix_path.dsv
-- Up-to-date: /root/Projeto_Final/install/rm_localization/share/rm_localization/environment/path.sh
-- Up-to-date: /root/Projeto_Final/install/rm_localization/share/rm_localization/environment/path.dsv
-- Up-to-date: /root/Projeto_Final/install/rm_localization/share/rm_localization/local_setup.bash
-- Up-to-date: /root/Projeto_Final/install/rm_localization/share/rm_localization/local_setup.sh
-- Up-to-date: /root/Projeto_Final/install/rm_localization/share/rm_localization/local_setup.zsh
-- Up-to-date: /root/Projeto_Final/install/rm_localization/share/rm_localization/local_setup.dsv
-- Installing: /root/Projeto_Final/install/rm_localization/share/rm_localization/package.dsv
-- Up-to-date: /root/Projeto_Final/install/rm_localization/share/ament_index/resource_index/packages/rm_localization
-- Up-to-date: /root/Projeto_Final/install/rm_localization/share/rm_localization/cmake/rm_localizationConfig.cmake
-- Up-to-date: /root/Projeto_Final/install/rm_localization/share/rm_localization/cmake/rm_localizationConfig-version.cmake
-- Up-to-date: /root/Projeto_Final/install/rm_localization/share/rm_localization/package.xml
