[0.222s] DEBUG:colcon:Command line arguments: ['/usr/bin/colcon', 'build']
[0.222s] DEBUG:colcon:Parsed command line arguments: Namespace(allow_overriding=[], ament_cmake_args=None, base_paths=['.'], build_base='build', catkin_cmake_args=None, catkin_skip_building_tests=False, cmake_args=None, cmake_clean_cache=False, cmake_clean_first=False, cmake_force_configure=False, cmake_target=None, cmake_target_skip_unavailable=False, continue_on_error=False, event_handlers=None, executor='parallel', ignore_user_meta=False, install_base='install', log_base=None, log_level=None, main=<bound method BuildVerb.main of <colcon_core.verb.build.BuildVerb object at 0x7fb89d3ef1f0>>, merge_install=False, metas=['./colcon.meta'], mixin=None, mixin_files=None, mixin_verb=('build',), packages_above=None, packages_above_and_dependencies=None, packages_above_depth=None, packages_end=None, packages_ignore=None, packages_ignore_regex=None, packages_select=None, packages_select_build_failed=False, packages_select_by_dep=None, packages_select_regex=None, packages_select_test_failures=False, packages_skip=None, packages_skip_build_finished=False, packages_skip_by_dep=None, packages_skip_regex=None, packages_skip_test_passed=False, packages_skip_up_to=None, packages_start=None, packages_up_to=None, packages_up_to_regex=None, parallel_workers=16, paths=None, symlink_install=False, test_result_base=None, verb_extension=<colcon_core.verb.build.BuildVerb object at 0x7fb89d3ef1f0>, verb_name='build', verb_parser=<colcon_mixin.mixin.mixin_argument.MixinArgumentDecorator object at 0x7fb89d341850>)
[0.345s] Level 1:colcon.colcon_core.package_discovery:discover_packages(colcon_meta) check parameters
[0.345s] Level 1:colcon.colcon_core.package_discovery:discover_packages(recursive) check parameters
[0.345s] Level 1:colcon.colcon_core.package_discovery:discover_packages(ignore) check parameters
[0.345s] Level 1:colcon.colcon_core.package_discovery:discover_packages(path) check parameters
[0.345s] Level 1:colcon.colcon_core.package_discovery:discover_packages(colcon_meta) discover
[0.345s] Level 1:colcon.colcon_core.package_discovery:discover_packages(recursive) discover
[0.345s] INFO:colcon.colcon_core.package_discovery:Crawling recursively for packages in '/root/Projeto_Final'
[0.345s] Level 1:colcon.colcon_core.package_identification:_identify(.) by extensions ['ignore', 'ignore_ament_install']
[0.345s] Level 1:colcon.colcon_core.package_identification:_identify(.) by extension 'ignore'
[0.345s] Level 1:colcon.colcon_core.package_identification:_identify(.) by extension 'ignore_ament_install'
[0.345s] Level 1:colcon.colcon_core.package_identification:_identify(.) by extensions ['colcon_pkg']
[0.345s] Level 1:colcon.colcon_core.package_identification:_identify(.) by extension 'colcon_pkg'
[0.345s] Level 1:colcon.colcon_core.package_identification:_identify(.) by extensions ['colcon_meta']
[0.346s] Level 1:colcon.colcon_core.package_identification:_identify(.) by extension 'colcon_meta'
[0.346s] Level 1:colcon.colcon_core.package_identification:_identify(.) by extensions ['ros']
[0.346s] Level 1:colcon.colcon_core.package_identification:_identify(.) by extension 'ros'
[0.355s] Level 1:colcon.colcon_core.package_identification:_identify(.) by extensions ['cmake', 'python']
[0.355s] Level 1:colcon.colcon_core.package_identification:_identify(.) by extension 'cmake'
[0.355s] Level 1:colcon.colcon_core.package_identification:_identify(.) by extension 'python'
[0.355s] Level 1:colcon.colcon_core.package_identification:_identify(.) by extensions ['python_setup_py']
[0.355s] Level 1:colcon.colcon_core.package_identification:_identify(.) by extension 'python_setup_py'
[0.355s] Level 1:colcon.colcon_core.package_identification:_identify(build) by extensions ['ignore', 'ignore_ament_install']
[0.355s] Level 1:colcon.colcon_core.package_identification:_identify(build) by extension 'ignore'
[0.356s] Level 1:colcon.colcon_core.package_identification:_identify(build) ignored
[0.356s] Level 1:colcon.colcon_core.package_identification:_identify(install) by extensions ['ignore', 'ignore_ament_install']
[0.356s] Level 1:colcon.colcon_core.package_identification:_identify(install) by extension 'ignore'
[0.356s] Level 1:colcon.colcon_core.package_identification:_identify(install) ignored
[0.356s] Level 1:colcon.colcon_core.package_identification:_identify(log) by extensions ['ignore', 'ignore_ament_install']
[0.356s] Level 1:colcon.colcon_core.package_identification:_identify(log) by extension 'ignore'
[0.356s] Level 1:colcon.colcon_core.package_identification:_identify(log) ignored
[0.357s] Level 1:colcon.colcon_core.package_identification:_identify(src) by extensions ['ignore', 'ignore_ament_install']
[0.357s] Level 1:colcon.colcon_core.package_identification:_identify(src) by extension 'ignore'
[0.357s] Level 1:colcon.colcon_core.package_identification:_identify(src) by extension 'ignore_ament_install'
[0.357s] Level 1:colcon.colcon_core.package_identification:_identify(src) by extensions ['colcon_pkg']
[0.357s] Level 1:colcon.colcon_core.package_identification:_identify(src) by extension 'colcon_pkg'
[0.357s] Level 1:colcon.colcon_core.package_identification:_identify(src) by extensions ['colcon_meta']
[0.357s] Level 1:colcon.colcon_core.package_identification:_identify(src) by extension 'colcon_meta'
[0.357s] Level 1:colcon.colcon_core.package_identification:_identify(src) by extensions ['ros']
[0.357s] Level 1:colcon.colcon_core.package_identification:_identify(src) by extension 'ros'
[0.357s] Level 1:colcon.colcon_core.package_identification:_identify(src) by extensions ['cmake', 'python']
[0.357s] Level 1:colcon.colcon_core.package_identification:_identify(src) by extension 'cmake'
[0.357s] Level 1:colcon.colcon_core.package_identification:_identify(src) by extension 'python'
[0.357s] Level 1:colcon.colcon_core.package_identification:_identify(src) by extensions ['python_setup_py']
[0.357s] Level 1:colcon.colcon_core.package_identification:_identify(src) by extension 'python_setup_py'
[0.357s] Level 1:colcon.colcon_core.package_identification:_identify(src/custom_interfaces) by extensions ['ignore', 'ignore_ament_install']
[0.357s] Level 1:colcon.colcon_core.package_identification:_identify(src/custom_interfaces) by extension 'ignore'
[0.357s] Level 1:colcon.colcon_core.package_identification:_identify(src/custom_interfaces) by extension 'ignore_ament_install'
[0.357s] Level 1:colcon.colcon_core.package_identification:_identify(src/custom_interfaces) by extensions ['colcon_pkg']
[0.357s] Level 1:colcon.colcon_core.package_identification:_identify(src/custom_interfaces) by extension 'colcon_pkg'
[0.357s] Level 1:colcon.colcon_core.package_identification:_identify(src/custom_interfaces) by extensions ['colcon_meta']
[0.357s] Level 1:colcon.colcon_core.package_identification:_identify(src/custom_interfaces) by extension 'colcon_meta'
[0.357s] Level 1:colcon.colcon_core.package_identification:_identify(src/custom_interfaces) by extensions ['ros']
[0.357s] Level 1:colcon.colcon_core.package_identification:_identify(src/custom_interfaces) by extension 'ros'
[0.360s] DEBUG:colcon.colcon_core.package_identification:Package 'src/custom_interfaces' with type 'ros.ament_cmake' and name 'custom_interfaces'
[0.360s] Level 1:colcon.colcon_core.package_identification:_identify(src/rm_localization) by extensions ['ignore', 'ignore_ament_install']
[0.361s] Level 1:colcon.colcon_core.package_identification:_identify(src/rm_localization) by extension 'ignore'
[0.361s] Level 1:colcon.colcon_core.package_identification:_identify(src/rm_localization) by extension 'ignore_ament_install'
[0.361s] Level 1:colcon.colcon_core.package_identification:_identify(src/rm_localization) by extensions ['colcon_pkg']
[0.361s] Level 1:colcon.colcon_core.package_identification:_identify(src/rm_localization) by extension 'colcon_pkg'
[0.361s] Level 1:colcon.colcon_core.package_identification:_identify(src/rm_localization) by extensions ['colcon_meta']
[0.361s] Level 1:colcon.colcon_core.package_identification:_identify(src/rm_localization) by extension 'colcon_meta'
[0.361s] Level 1:colcon.colcon_core.package_identification:_identify(src/rm_localization) by extensions ['ros']
[0.361s] Level 1:colcon.colcon_core.package_identification:_identify(src/rm_localization) by extension 'ros'
[0.361s] DEBUG:colcon.colcon_core.package_identification:Package 'src/rm_localization' with type 'ros.ament_cmake' and name 'rm_localization'
[0.361s] Level 1:colcon.colcon_core.package_identification:_identify(src/rm_navigation) by extensions ['ignore', 'ignore_ament_install']
[0.361s] Level 1:colcon.colcon_core.package_identification:_identify(src/rm_navigation) by extension 'ignore'
[0.361s] Level 1:colcon.colcon_core.package_identification:_identify(src/rm_navigation) by extension 'ignore_ament_install'
[0.362s] Level 1:colcon.colcon_core.package_identification:_identify(src/rm_navigation) by extensions ['colcon_pkg']
[0.362s] Level 1:colcon.colcon_core.package_identification:_identify(src/rm_navigation) by extension 'colcon_pkg'
[0.362s] Level 1:colcon.colcon_core.package_identification:_identify(src/rm_navigation) by extensions ['colcon_meta']
[0.362s] Level 1:colcon.colcon_core.package_identification:_identify(src/rm_navigation) by extension 'colcon_meta'
[0.362s] Level 1:colcon.colcon_core.package_identification:_identify(src/rm_navigation) by extensions ['ros']
[0.362s] Level 1:colcon.colcon_core.package_identification:_identify(src/rm_navigation) by extension 'ros'
[0.362s] DEBUG:colcon.colcon_core.package_identification:Package 'src/rm_navigation' with type 'ros.ament_python' and name 'rm_navigation'
[0.362s] Level 1:colcon.colcon_core.package_identification:_identify(src/robot_description) by extensions ['ignore', 'ignore_ament_install']
[0.362s] Level 1:colcon.colcon_core.package_identification:_identify(src/robot_description) by extension 'ignore'
[0.362s] Level 1:colcon.colcon_core.package_identification:_identify(src/robot_description) by extension 'ignore_ament_install'
[0.362s] Level 1:colcon.colcon_core.package_identification:_identify(src/robot_description) by extensions ['colcon_pkg']
[0.362s] Level 1:colcon.colcon_core.package_identification:_identify(src/robot_description) by extension 'colcon_pkg'
[0.362s] Level 1:colcon.colcon_core.package_identification:_identify(src/robot_description) by extensions ['colcon_meta']
[0.362s] Level 1:colcon.colcon_core.package_identification:_identify(src/robot_description) by extension 'colcon_meta'
[0.363s] Level 1:colcon.colcon_core.package_identification:_identify(src/robot_description) by extensions ['ros']
[0.363s] Level 1:colcon.colcon_core.package_identification:_identify(src/robot_description) by extension 'ros'
[0.363s] DEBUG:colcon.colcon_core.package_identification:Package 'src/robot_description' with type 'ros.ament_cmake' and name 'robot_description'
[0.363s] Level 1:colcon.colcon_core.package_identification:_identify(src/waypoint_navigation_pkg) by extensions ['ignore', 'ignore_ament_install']
[0.363s] Level 1:colcon.colcon_core.package_identification:_identify(src/waypoint_navigation_pkg) by extension 'ignore'
[0.363s] Level 1:colcon.colcon_core.package_identification:_identify(src/waypoint_navigation_pkg) by extension 'ignore_ament_install'
[0.363s] Level 1:colcon.colcon_core.package_identification:_identify(src/waypoint_navigation_pkg) by extensions ['colcon_pkg']
[0.364s] Level 1:colcon.colcon_core.package_identification:_identify(src/waypoint_navigation_pkg) by extension 'colcon_pkg'
[0.364s] Level 1:colcon.colcon_core.package_identification:_identify(src/waypoint_navigation_pkg) by extensions ['colcon_meta']
[0.364s] Level 1:colcon.colcon_core.package_identification:_identify(src/waypoint_navigation_pkg) by extension 'colcon_meta'
[0.364s] Level 1:colcon.colcon_core.package_identification:_identify(src/waypoint_navigation_pkg) by extensions ['ros']
[0.364s] Level 1:colcon.colcon_core.package_identification:_identify(src/waypoint_navigation_pkg) by extension 'ros'
[0.364s] DEBUG:colcon.colcon_core.package_identification:Package 'src/waypoint_navigation_pkg' with type 'ros.ament_python' and name 'waypoint_navigation_pkg'
[0.364s] Level 1:colcon.colcon_core.package_discovery:discover_packages(recursive) using defaults
[0.364s] Level 1:colcon.colcon_core.package_discovery:discover_packages(ignore) discover
[0.364s] Level 1:colcon.colcon_core.package_discovery:discover_packages(ignore) using defaults
[0.364s] Level 1:colcon.colcon_core.package_discovery:discover_packages(path) discover
[0.365s] Level 1:colcon.colcon_core.package_discovery:discover_packages(path) using defaults
[0.382s] Level 1:colcon.colcon_core.package_discovery:discover_packages(prefix_path) check parameters
[0.383s] Level 1:colcon.colcon_core.package_discovery:discover_packages(prefix_path) discover
[0.384s] DEBUG:colcon.colcon_installed_package_information.package_discovery:Found 5 installed packages in /root/Projeto_Final/install
[0.386s] DEBUG:colcon.colcon_installed_package_information.package_discovery:Found 375 installed packages in /opt/ros/foxy
[0.403s] Level 1:colcon.colcon_core.package_discovery:discover_packages(prefix_path) using defaults
[0.461s] Level 5:colcon.colcon_core.verb:set package 'custom_interfaces' build argument 'cmake_args' from command line to 'None'
[0.461s] Level 5:colcon.colcon_core.verb:set package 'custom_interfaces' build argument 'cmake_target' from command line to 'None'
[0.461s] Level 5:colcon.colcon_core.verb:set package 'custom_interfaces' build argument 'cmake_target_skip_unavailable' from command line to 'False'
[0.461s] Level 5:colcon.colcon_core.verb:set package 'custom_interfaces' build argument 'cmake_clean_cache' from command line to 'False'
[0.461s] Level 5:colcon.colcon_core.verb:set package 'custom_interfaces' build argument 'cmake_clean_first' from command line to 'False'
[0.461s] Level 5:colcon.colcon_core.verb:set package 'custom_interfaces' build argument 'cmake_force_configure' from command line to 'False'
[0.461s] Level 5:colcon.colcon_core.verb:set package 'custom_interfaces' build argument 'ament_cmake_args' from command line to 'None'
[0.461s] Level 5:colcon.colcon_core.verb:set package 'custom_interfaces' build argument 'catkin_cmake_args' from command line to 'None'
[0.461s] Level 5:colcon.colcon_core.verb:set package 'custom_interfaces' build argument 'catkin_skip_building_tests' from command line to 'False'
[0.461s] DEBUG:colcon.colcon_core.verb:Building package 'custom_interfaces' with the following arguments: {'ament_cmake_args': None, 'build_base': '/root/Projeto_Final/build/custom_interfaces', 'catkin_cmake_args': None, 'catkin_skip_building_tests': False, 'cmake_args': None, 'cmake_clean_cache': False, 'cmake_clean_first': False, 'cmake_force_configure': False, 'cmake_target': None, 'cmake_target_skip_unavailable': False, 'install_base': '/root/Projeto_Final/install/custom_interfaces', 'merge_install': False, 'path': '/root/Projeto_Final/src/custom_interfaces', 'symlink_install': False, 'test_result_base': None}
[0.462s] Level 5:colcon.colcon_core.verb:set package 'rm_localization' build argument 'cmake_args' from command line to 'None'
[0.462s] Level 5:colcon.colcon_core.verb:set package 'rm_localization' build argument 'cmake_target' from command line to 'None'
[0.462s] Level 5:colcon.colcon_core.verb:set package 'rm_localization' build argument 'cmake_target_skip_unavailable' from command line to 'False'
[0.462s] Level 5:colcon.colcon_core.verb:set package 'rm_localization' build argument 'cmake_clean_cache' from command line to 'False'
[0.462s] Level 5:colcon.colcon_core.verb:set package 'rm_localization' build argument 'cmake_clean_first' from command line to 'False'
[0.462s] Level 5:colcon.colcon_core.verb:set package 'rm_localization' build argument 'cmake_force_configure' from command line to 'False'
[0.462s] Level 5:colcon.colcon_core.verb:set package 'rm_localization' build argument 'ament_cmake_args' from command line to 'None'
[0.462s] Level 5:colcon.colcon_core.verb:set package 'rm_localization' build argument 'catkin_cmake_args' from command line to 'None'
[0.462s] Level 5:colcon.colcon_core.verb:set package 'rm_localization' build argument 'catkin_skip_building_tests' from command line to 'False'
[0.462s] DEBUG:colcon.colcon_core.verb:Building package 'rm_localization' with the following arguments: {'ament_cmake_args': None, 'build_base': '/root/Projeto_Final/build/rm_localization', 'catkin_cmake_args': None, 'catkin_skip_building_tests': False, 'cmake_args': None, 'cmake_clean_cache': False, 'cmake_clean_first': False, 'cmake_force_configure': False, 'cmake_target': None, 'cmake_target_skip_unavailable': False, 'install_base': '/root/Projeto_Final/install/rm_localization', 'merge_install': False, 'path': '/root/Projeto_Final/src/rm_localization', 'symlink_install': False, 'test_result_base': None}
[0.463s] Level 5:colcon.colcon_core.verb:set package 'rm_navigation' build argument 'cmake_args' from command line to 'None'
[0.463s] Level 5:colcon.colcon_core.verb:set package 'rm_navigation' build argument 'cmake_target' from command line to 'None'
[0.463s] Level 5:colcon.colcon_core.verb:set package 'rm_navigation' build argument 'cmake_target_skip_unavailable' from command line to 'False'
[0.463s] Level 5:colcon.colcon_core.verb:set package 'rm_navigation' build argument 'cmake_clean_cache' from command line to 'False'
[0.463s] Level 5:colcon.colcon_core.verb:set package 'rm_navigation' build argument 'cmake_clean_first' from command line to 'False'
[0.463s] Level 5:colcon.colcon_core.verb:set package 'rm_navigation' build argument 'cmake_force_configure' from command line to 'False'
[0.463s] Level 5:colcon.colcon_core.verb:set package 'rm_navigation' build argument 'ament_cmake_args' from command line to 'None'
[0.463s] Level 5:colcon.colcon_core.verb:set package 'rm_navigation' build argument 'catkin_cmake_args' from command line to 'None'
[0.463s] Level 5:colcon.colcon_core.verb:set package 'rm_navigation' build argument 'catkin_skip_building_tests' from command line to 'False'
[0.463s] DEBUG:colcon.colcon_core.verb:Building package 'rm_navigation' with the following arguments: {'ament_cmake_args': None, 'build_base': '/root/Projeto_Final/build/rm_navigation', 'catkin_cmake_args': None, 'catkin_skip_building_tests': False, 'cmake_args': None, 'cmake_clean_cache': False, 'cmake_clean_first': False, 'cmake_force_configure': False, 'cmake_target': None, 'cmake_target_skip_unavailable': False, 'install_base': '/root/Projeto_Final/install/rm_navigation', 'merge_install': False, 'path': '/root/Projeto_Final/src/rm_navigation', 'symlink_install': False, 'test_result_base': None}
[0.463s] Level 5:colcon.colcon_core.verb:set package 'robot_description' build argument 'cmake_args' from command line to 'None'
[0.463s] Level 5:colcon.colcon_core.verb:set package 'robot_description' build argument 'cmake_target' from command line to 'None'
[0.463s] Level 5:colcon.colcon_core.verb:set package 'robot_description' build argument 'cmake_target_skip_unavailable' from command line to 'False'
[0.463s] Level 5:colcon.colcon_core.verb:set package 'robot_description' build argument 'cmake_clean_cache' from command line to 'False'
[0.463s] Level 5:colcon.colcon_core.verb:set package 'robot_description' build argument 'cmake_clean_first' from command line to 'False'
[0.463s] Level 5:colcon.colcon_core.verb:set package 'robot_description' build argument 'cmake_force_configure' from command line to 'False'
[0.463s] Level 5:colcon.colcon_core.verb:set package 'robot_description' build argument 'ament_cmake_args' from command line to 'None'
[0.463s] Level 5:colcon.colcon_core.verb:set package 'robot_description' build argument 'catkin_cmake_args' from command line to 'None'
[0.463s] Level 5:colcon.colcon_core.verb:set package 'robot_description' build argument 'catkin_skip_building_tests' from command line to 'False'
[0.463s] DEBUG:colcon.colcon_core.verb:Building package 'robot_description' with the following arguments: {'ament_cmake_args': None, 'build_base': '/root/Projeto_Final/build/robot_description', 'catkin_cmake_args': None, 'catkin_skip_building_tests': False, 'cmake_args': None, 'cmake_clean_cache': False, 'cmake_clean_first': False, 'cmake_force_configure': False, 'cmake_target': None, 'cmake_target_skip_unavailable': False, 'install_base': '/root/Projeto_Final/install/robot_description', 'merge_install': False, 'path': '/root/Projeto_Final/src/robot_description', 'symlink_install': False, 'test_result_base': None}
[0.464s] Level 5:colcon.colcon_core.verb:set package 'waypoint_navigation_pkg' build argument 'cmake_args' from command line to 'None'
[0.464s] Level 5:colcon.colcon_core.verb:set package 'waypoint_navigation_pkg' build argument 'cmake_target' from command line to 'None'
[0.464s] Level 5:colcon.colcon_core.verb:set package 'waypoint_navigation_pkg' build argument 'cmake_target_skip_unavailable' from command line to 'False'
[0.464s] Level 5:colcon.colcon_core.verb:set package 'waypoint_navigation_pkg' build argument 'cmake_clean_cache' from command line to 'False'
[0.464s] Level 5:colcon.colcon_core.verb:set package 'waypoint_navigation_pkg' build argument 'cmake_clean_first' from command line to 'False'
[0.464s] Level 5:colcon.colcon_core.verb:set package 'waypoint_navigation_pkg' build argument 'cmake_force_configure' from command line to 'False'
[0.464s] Level 5:colcon.colcon_core.verb:set package 'waypoint_navigation_pkg' build argument 'ament_cmake_args' from command line to 'None'
[0.464s] Level 5:colcon.colcon_core.verb:set package 'waypoint_navigation_pkg' build argument 'catkin_cmake_args' from command line to 'None'
[0.464s] Level 5:colcon.colcon_core.verb:set package 'waypoint_navigation_pkg' build argument 'catkin_skip_building_tests' from command line to 'False'
[0.464s] DEBUG:colcon.colcon_core.verb:Building package 'waypoint_navigation_pkg' with the following arguments: {'ament_cmake_args': None, 'build_base': '/root/Projeto_Final/build/waypoint_navigation_pkg', 'catkin_cmake_args': None, 'catkin_skip_building_tests': False, 'cmake_args': None, 'cmake_clean_cache': False, 'cmake_clean_first': False, 'cmake_force_configure': False, 'cmake_target': None, 'cmake_target_skip_unavailable': False, 'install_base': '/root/Projeto_Final/install/waypoint_navigation_pkg', 'merge_install': False, 'path': '/root/Projeto_Final/src/waypoint_navigation_pkg', 'symlink_install': False, 'test_result_base': None}
[0.464s] INFO:colcon.colcon_core.executor:Executing jobs using 'parallel' executor
[0.466s] DEBUG:colcon.colcon_parallel_executor.executor.parallel:run_until_complete
[0.466s] INFO:colcon.colcon_ros.task.ament_cmake.build:Building ROS package in '/root/Projeto_Final/src/custom_interfaces' with build type 'ament_cmake'
[0.466s] INFO:colcon.colcon_cmake.task.cmake.build:Building CMake package in '/root/Projeto_Final/src/custom_interfaces'
[0.469s] INFO:colcon.colcon_core.plugin_system:Skipping extension 'colcon_core.shell.bat': Not used on non-Windows systems
[0.470s] INFO:colcon.colcon_core.shell:Skip shell extension 'powershell' for command environment: Not usable outside of PowerShell
[0.470s] DEBUG:colcon.colcon_core.shell:Skip shell extension 'dsv' for command environment
[0.476s] INFO:colcon.colcon_ros.task.ament_cmake.build:Building ROS package in '/root/Projeto_Final/src/rm_localization' with build type 'ament_cmake'
[0.476s] INFO:colcon.colcon_cmake.task.cmake.build:Building CMake package in '/root/Projeto_Final/src/rm_localization'
[0.477s] INFO:colcon.colcon_core.shell:Skip shell extension 'powershell' for command environment: Not usable outside of PowerShell
[0.478s] DEBUG:colcon.colcon_core.shell:Skip shell extension 'dsv' for command environment
[0.484s] INFO:colcon.colcon_ros.task.ament_python.build:Building ROS package in '/root/Projeto_Final/src/rm_navigation' with build type 'ament_python'
[0.485s] Level 1:colcon.colcon_core.shell:create_environment_hook('rm_navigation', 'ament_prefix_path')
[0.486s] INFO:colcon.colcon_core.shell:Creating environment hook '/root/Projeto_Final/install/rm_navigation/share/rm_navigation/hook/ament_prefix_path.ps1'
[0.487s] INFO:colcon.colcon_core.shell:Creating environment descriptor '/root/Projeto_Final/install/rm_navigation/share/rm_navigation/hook/ament_prefix_path.dsv'
[0.488s] INFO:colcon.colcon_core.shell:Creating environment hook '/root/Projeto_Final/install/rm_navigation/share/rm_navigation/hook/ament_prefix_path.sh'
[0.490s] INFO:colcon.colcon_core.shell:Skip shell extension 'powershell' for command environment: Not usable outside of PowerShell
[0.490s] DEBUG:colcon.colcon_core.shell:Skip shell extension 'dsv' for command environment
[0.496s] INFO:colcon.colcon_ros.task.ament_cmake.build:Building ROS package in '/root/Projeto_Final/src/robot_description' with build type 'ament_cmake'
[0.496s] INFO:colcon.colcon_cmake.task.cmake.build:Building CMake package in '/root/Projeto_Final/src/robot_description'
[0.497s] INFO:colcon.colcon_core.shell:Skip shell extension 'powershell' for command environment: Not usable outside of PowerShell
[0.497s] DEBUG:colcon.colcon_core.shell:Skip shell extension 'dsv' for command environment
[0.514s] DEBUG:colcon.colcon_core.event_handler.log_command:Invoking command in '/root/Projeto_Final/build/custom_interfaces': CMAKE_PREFIX_PATH=${CMAKE_PREFIX_PATH}:/root/Projeto_Final/install/waypoint_navigation_pkg:/root/Projeto_Final/install/rm_navigation:/opt/ros/foxy /usr/bin/cmake --build /root/Projeto_Final/build/custom_interfaces -- -j16 -l16
[0.523s] DEBUG:colcon.colcon_core.event_handler.log_command:Invoking command in '/root/Projeto_Final/build/rm_localization': CMAKE_PREFIX_PATH=${CMAKE_PREFIX_PATH}:/root/Projeto_Final/install/waypoint_navigation_pkg:/root/Projeto_Final/install/rm_navigation:/opt/ros/foxy /usr/bin/cmake --build /root/Projeto_Final/build/rm_localization -- -j16 -l16
[0.748s] INFO:colcon.colcon_core.task.python.build:Building Python package in '/root/Projeto_Final/src/rm_navigation'
[0.748s] INFO:colcon.colcon_core.shell:Skip shell extension 'powershell' for command environment: Not usable outside of PowerShell
[0.748s] DEBUG:colcon.colcon_core.shell:Skip shell extension 'dsv' for command environment
[0.766s] DEBUG:colcon.colcon_core.event_handler.log_command:Invoking command in '/root/Projeto_Final/build/robot_description': CMAKE_PREFIX_PATH=${CMAKE_PREFIX_PATH}:/root/Projeto_Final/install/waypoint_navigation_pkg:/root/Projeto_Final/install/rm_navigation:/opt/ros/foxy /usr/bin/cmake --build /root/Projeto_Final/build/robot_description -- -j16 -l16
[0.769s] DEBUG:colcon.colcon_core.event_handler.log_command:Invoked command in '/root/Projeto_Final/build/custom_interfaces' returned '0': CMAKE_PREFIX_PATH=${CMAKE_PREFIX_PATH}:/root/Projeto_Final/install/waypoint_navigation_pkg:/root/Projeto_Final/install/rm_navigation:/opt/ros/foxy /usr/bin/cmake --build /root/Projeto_Final/build/custom_interfaces -- -j16 -l16
[0.779s] DEBUG:colcon.colcon_core.event_handler.log_command:Invoking command in '/root/Projeto_Final/build/custom_interfaces': CMAKE_PREFIX_PATH=${CMAKE_PREFIX_PATH}:/root/Projeto_Final/install/waypoint_navigation_pkg:/root/Projeto_Final/install/rm_navigation:/opt/ros/foxy /usr/bin/cmake --install /root/Projeto_Final/build/custom_interfaces
[0.781s] DEBUG:colcon.colcon_core.event_handler.log_command:Invoked command in '/root/Projeto_Final/build/rm_localization' returned '0': CMAKE_PREFIX_PATH=${CMAKE_PREFIX_PATH}:/root/Projeto_Final/install/waypoint_navigation_pkg:/root/Projeto_Final/install/rm_navigation:/opt/ros/foxy /usr/bin/cmake --build /root/Projeto_Final/build/rm_localization -- -j16 -l16
[0.790s] DEBUG:colcon.colcon_core.event_handler.log_command:Invoking command in '/root/Projeto_Final/build/rm_localization': CMAKE_PREFIX_PATH=${CMAKE_PREFIX_PATH}:/root/Projeto_Final/install/waypoint_navigation_pkg:/root/Projeto_Final/install/rm_navigation:/opt/ros/foxy /usr/bin/cmake --install /root/Projeto_Final/build/rm_localization
[0.806s] Level 1:colcon.colcon_core.environment:create_environment_scripts_only(rm_localization)
[0.819s] DEBUG:colcon.colcon_core.event_handler.log_command:Invoked command in '/root/Projeto_Final/build/rm_localization' returned '0': CMAKE_PREFIX_PATH=${CMAKE_PREFIX_PATH}:/root/Projeto_Final/install/waypoint_navigation_pkg:/root/Projeto_Final/install/rm_navigation:/opt/ros/foxy /usr/bin/cmake --install /root/Projeto_Final/build/rm_localization
[0.820s] Level 1:colcon.colcon_core.environment:checking '/root/Projeto_Final/install/rm_localization' for CMake module files
[0.821s] Level 1:colcon.colcon_core.environment:checking '/root/Projeto_Final/install/rm_localization' for CMake config files
[0.821s] Level 1:colcon.colcon_core.shell:create_environment_hook('rm_localization', 'cmake_prefix_path')
[0.821s] INFO:colcon.colcon_core.shell:Creating environment hook '/root/Projeto_Final/install/rm_localization/share/rm_localization/hook/cmake_prefix_path.ps1'
[0.822s] INFO:colcon.colcon_core.shell:Creating environment descriptor '/root/Projeto_Final/install/rm_localization/share/rm_localization/hook/cmake_prefix_path.dsv'
[0.822s] INFO:colcon.colcon_core.shell:Creating environment hook '/root/Projeto_Final/install/rm_localization/share/rm_localization/hook/cmake_prefix_path.sh'
[0.823s] Level 1:colcon.colcon_core.environment:checking '/root/Projeto_Final/install/rm_localization/bin'
[0.823s] Level 1:colcon.colcon_core.environment:checking '/root/Projeto_Final/install/rm_localization/lib/pkgconfig/rm_localization.pc'
[0.824s] Level 1:colcon.colcon_core.environment:checking '/root/Projeto_Final/install/rm_localization/lib/python3.8/site-packages'
[0.824s] Level 1:colcon.colcon_core.environment:checking '/root/Projeto_Final/install/rm_localization/bin'
[0.824s] INFO:colcon.colcon_core.shell:Creating package script '/root/Projeto_Final/install/rm_localization/share/rm_localization/package.ps1'
[0.825s] INFO:colcon.colcon_core.shell:Creating package descriptor '/root/Projeto_Final/install/rm_localization/share/rm_localization/package.dsv'
[0.825s] INFO:colcon.colcon_core.shell:Creating package script '/root/Projeto_Final/install/rm_localization/share/rm_localization/package.sh'
[0.827s] INFO:colcon.colcon_core.shell:Creating package script '/root/Projeto_Final/install/rm_localization/share/rm_localization/package.bash'
[0.828s] INFO:colcon.colcon_core.shell:Creating package script '/root/Projeto_Final/install/rm_localization/share/rm_localization/package.zsh'
[0.828s] Level 1:colcon.colcon_core.environment:create_file_with_runtime_dependencies(/root/Projeto_Final/install/rm_localization/share/colcon-core/packages/rm_localization)
[0.829s] Level 1:colcon.colcon_core.environment:create_environment_scripts_only(rm_localization)
[0.830s] Level 1:colcon.colcon_core.environment:checking '/root/Projeto_Final/install/rm_localization' for CMake module files
[0.832s] Level 1:colcon.colcon_core.environment:checking '/root/Projeto_Final/install/rm_localization' for CMake config files
[0.839s] Level 1:colcon.colcon_core.shell:create_environment_hook('rm_localization', 'cmake_prefix_path')
[0.840s] INFO:colcon.colcon_core.shell:Creating environment hook '/root/Projeto_Final/install/rm_localization/share/rm_localization/hook/cmake_prefix_path.ps1'
[0.845s] INFO:colcon.colcon_core.shell:Creating environment descriptor '/root/Projeto_Final/install/rm_localization/share/rm_localization/hook/cmake_prefix_path.dsv'
[0.846s] INFO:colcon.colcon_core.shell:Creating environment hook '/root/Projeto_Final/install/rm_localization/share/rm_localization/hook/cmake_prefix_path.sh'
[0.848s] Level 1:colcon.colcon_core.environment:checking '/root/Projeto_Final/install/rm_localization/bin'
[0.848s] Level 1:colcon.colcon_core.environment:checking '/root/Projeto_Final/install/rm_localization/lib/pkgconfig/rm_localization.pc'
[0.848s] Level 1:colcon.colcon_core.environment:checking '/root/Projeto_Final/install/rm_localization/lib/python3.8/site-packages'
[0.849s] Level 1:colcon.colcon_core.environment:checking '/root/Projeto_Final/install/rm_localization/bin'
[0.850s] INFO:colcon.colcon_core.shell:Creating package script '/root/Projeto_Final/install/rm_localization/share/rm_localization/package.ps1'
[0.851s] INFO:colcon.colcon_core.shell:Creating package descriptor '/root/Projeto_Final/install/rm_localization/share/rm_localization/package.dsv'
[0.852s] INFO:colcon.colcon_core.shell:Creating package script '/root/Projeto_Final/install/rm_localization/share/rm_localization/package.sh'
[0.853s] INFO:colcon.colcon_core.shell:Creating package script '/root/Projeto_Final/install/rm_localization/share/rm_localization/package.bash'
[0.853s] INFO:colcon.colcon_core.shell:Creating package script '/root/Projeto_Final/install/rm_localization/share/rm_localization/package.zsh'
[0.854s] Level 1:colcon.colcon_core.environment:create_file_with_runtime_dependencies(/root/Projeto_Final/install/rm_localization/share/colcon-core/packages/rm_localization)
[0.858s] DEBUG:colcon.colcon_core.event_handler.log_command:Invoked command in '/root/Projeto_Final/build/robot_description' returned '0': CMAKE_PREFIX_PATH=${CMAKE_PREFIX_PATH}:/root/Projeto_Final/install/waypoint_navigation_pkg:/root/Projeto_Final/install/rm_navigation:/opt/ros/foxy /usr/bin/cmake --build /root/Projeto_Final/build/robot_description -- -j16 -l16
[0.871s] DEBUG:colcon.colcon_core.event_handler.log_command:Invoking command in '/root/Projeto_Final/build/robot_description': CMAKE_PREFIX_PATH=${CMAKE_PREFIX_PATH}:/root/Projeto_Final/install/waypoint_navigation_pkg:/root/Projeto_Final/install/rm_navigation:/opt/ros/foxy /usr/bin/cmake --install /root/Projeto_Final/build/robot_description
[0.874s] Level 1:colcon.colcon_core.environment:create_environment_scripts_only(custom_interfaces)
[0.876s] DEBUG:colcon.colcon_core.event_handler.log_command:Invoked command in '/root/Projeto_Final/build/custom_interfaces' returned '0': CMAKE_PREFIX_PATH=${CMAKE_PREFIX_PATH}:/root/Projeto_Final/install/waypoint_navigation_pkg:/root/Projeto_Final/install/rm_navigation:/opt/ros/foxy /usr/bin/cmake --install /root/Projeto_Final/build/custom_interfaces
[0.877s] Level 1:colcon.colcon_core.environment:checking '/root/Projeto_Final/install/custom_interfaces' for CMake module files
[0.882s] Level 1:colcon.colcon_core.environment:checking '/root/Projeto_Final/install/custom_interfaces' for CMake config files
[0.883s] Level 1:colcon.colcon_core.shell:create_environment_hook('custom_interfaces', 'cmake_prefix_path')
[0.884s] INFO:colcon.colcon_core.shell:Creating environment hook '/root/Projeto_Final/install/custom_interfaces/share/custom_interfaces/hook/cmake_prefix_path.ps1'
[0.895s] INFO:colcon.colcon_core.shell:Creating environment descriptor '/root/Projeto_Final/install/custom_interfaces/share/custom_interfaces/hook/cmake_prefix_path.dsv'
[0.896s] INFO:colcon.colcon_core.shell:Creating environment hook '/root/Projeto_Final/install/custom_interfaces/share/custom_interfaces/hook/cmake_prefix_path.sh'
[0.899s] Level 1:colcon.colcon_core.environment:checking '/root/Projeto_Final/install/custom_interfaces/lib'
[0.902s] Level 1:colcon.colcon_core.shell:create_environment_hook('custom_interfaces', 'ld_library_path_lib')
[0.902s] INFO:colcon.colcon_core.shell:Creating environment hook '/root/Projeto_Final/install/custom_interfaces/share/custom_interfaces/hook/ld_library_path_lib.ps1'
[0.903s] INFO:colcon.colcon_core.shell:Creating environment descriptor '/root/Projeto_Final/install/custom_interfaces/share/custom_interfaces/hook/ld_library_path_lib.dsv'
[0.903s] INFO:colcon.colcon_core.shell:Creating environment hook '/root/Projeto_Final/install/custom_interfaces/share/custom_interfaces/hook/ld_library_path_lib.sh'
[0.904s] Level 1:colcon.colcon_core.environment:checking '/root/Projeto_Final/install/custom_interfaces/bin'
[0.904s] Level 1:colcon.colcon_core.environment:checking '/root/Projeto_Final/install/custom_interfaces/lib/pkgconfig/custom_interfaces.pc'
[0.904s] Level 1:colcon.colcon_core.environment:checking '/root/Projeto_Final/install/custom_interfaces/lib/python3.8/site-packages'
[0.904s] Level 1:colcon.colcon_core.shell:create_environment_hook('custom_interfaces', 'pythonpath')
[0.905s] INFO:colcon.colcon_core.shell:Creating environment hook '/root/Projeto_Final/install/custom_interfaces/share/custom_interfaces/hook/pythonpath.ps1'
[0.906s] INFO:colcon.colcon_core.shell:Creating environment descriptor '/root/Projeto_Final/install/custom_interfaces/share/custom_interfaces/hook/pythonpath.dsv'
[0.906s] INFO:colcon.colcon_core.shell:Creating environment hook '/root/Projeto_Final/install/custom_interfaces/share/custom_interfaces/hook/pythonpath.sh'
[0.907s] Level 1:colcon.colcon_core.environment:checking '/root/Projeto_Final/install/custom_interfaces/bin'
[0.908s] INFO:colcon.colcon_core.shell:Creating package script '/root/Projeto_Final/install/custom_interfaces/share/custom_interfaces/package.ps1'
[0.909s] INFO:colcon.colcon_core.shell:Creating package descriptor '/root/Projeto_Final/install/custom_interfaces/share/custom_interfaces/package.dsv'
[0.909s] INFO:colcon.colcon_core.shell:Creating package script '/root/Projeto_Final/install/custom_interfaces/share/custom_interfaces/package.sh'
[0.910s] INFO:colcon.colcon_core.shell:Creating package script '/root/Projeto_Final/install/custom_interfaces/share/custom_interfaces/package.bash'
[0.911s] INFO:colcon.colcon_core.shell:Creating package script '/root/Projeto_Final/install/custom_interfaces/share/custom_interfaces/package.zsh'
[0.911s] Level 1:colcon.colcon_core.environment:create_file_with_runtime_dependencies(/root/Projeto_Final/install/custom_interfaces/share/colcon-core/packages/custom_interfaces)
[0.912s] Level 1:colcon.colcon_core.environment:create_environment_scripts_only(custom_interfaces)
[0.913s] Level 1:colcon.colcon_core.environment:checking '/root/Projeto_Final/install/custom_interfaces' for CMake module files
[0.913s] Level 1:colcon.colcon_core.environment:checking '/root/Projeto_Final/install/custom_interfaces' for CMake config files
[0.914s] Level 1:colcon.colcon_core.shell:create_environment_hook('custom_interfaces', 'cmake_prefix_path')
[0.914s] INFO:colcon.colcon_core.shell:Creating environment hook '/root/Projeto_Final/install/custom_interfaces/share/custom_interfaces/hook/cmake_prefix_path.ps1'
[0.916s] INFO:colcon.colcon_core.shell:Creating environment descriptor '/root/Projeto_Final/install/custom_interfaces/share/custom_interfaces/hook/cmake_prefix_path.dsv'
[0.917s] INFO:colcon.colcon_core.shell:Creating environment hook '/root/Projeto_Final/install/custom_interfaces/share/custom_interfaces/hook/cmake_prefix_path.sh'
[0.918s] Level 1:colcon.colcon_core.environment:checking '/root/Projeto_Final/install/custom_interfaces/lib'
[0.918s] Level 1:colcon.colcon_core.shell:create_environment_hook('custom_interfaces', 'ld_library_path_lib')
[0.919s] INFO:colcon.colcon_core.shell:Creating environment hook '/root/Projeto_Final/install/custom_interfaces/share/custom_interfaces/hook/ld_library_path_lib.ps1'
[0.919s] INFO:colcon.colcon_core.shell:Creating environment descriptor '/root/Projeto_Final/install/custom_interfaces/share/custom_interfaces/hook/ld_library_path_lib.dsv'
[0.920s] INFO:colcon.colcon_core.shell:Creating environment hook '/root/Projeto_Final/install/custom_interfaces/share/custom_interfaces/hook/ld_library_path_lib.sh'
[0.920s] Level 1:colcon.colcon_core.environment:checking '/root/Projeto_Final/install/custom_interfaces/bin'
[0.920s] Level 1:colcon.colcon_core.environment:checking '/root/Projeto_Final/install/custom_interfaces/lib/pkgconfig/custom_interfaces.pc'
[0.920s] Level 1:colcon.colcon_core.environment:checking '/root/Projeto_Final/install/custom_interfaces/lib/python3.8/site-packages'
[0.921s] Level 1:colcon.colcon_core.shell:create_environment_hook('custom_interfaces', 'pythonpath')
[0.921s] INFO:colcon.colcon_core.shell:Creating environment hook '/root/Projeto_Final/install/custom_interfaces/share/custom_interfaces/hook/pythonpath.ps1'
[0.921s] INFO:colcon.colcon_core.shell:Creating environment descriptor '/root/Projeto_Final/install/custom_interfaces/share/custom_interfaces/hook/pythonpath.dsv'
[0.922s] INFO:colcon.colcon_core.shell:Creating environment hook '/root/Projeto_Final/install/custom_interfaces/share/custom_interfaces/hook/pythonpath.sh'
[0.923s] Level 1:colcon.colcon_core.environment:checking '/root/Projeto_Final/install/custom_interfaces/bin'
[0.924s] INFO:colcon.colcon_core.shell:Creating package script '/root/Projeto_Final/install/custom_interfaces/share/custom_interfaces/package.ps1'
[0.925s] INFO:colcon.colcon_core.shell:Creating package descriptor '/root/Projeto_Final/install/custom_interfaces/share/custom_interfaces/package.dsv'
[0.925s] INFO:colcon.colcon_core.shell:Creating package script '/root/Projeto_Final/install/custom_interfaces/share/custom_interfaces/package.sh'
[0.927s] INFO:colcon.colcon_core.shell:Creating package script '/root/Projeto_Final/install/custom_interfaces/share/custom_interfaces/package.bash'
[0.928s] INFO:colcon.colcon_core.shell:Creating package script '/root/Projeto_Final/install/custom_interfaces/share/custom_interfaces/package.zsh'
[0.929s] Level 1:colcon.colcon_core.environment:create_file_with_runtime_dependencies(/root/Projeto_Final/install/custom_interfaces/share/colcon-core/packages/custom_interfaces)
[0.931s] INFO:colcon.colcon_ros.task.ament_python.build:Building ROS package in '/root/Projeto_Final/src/waypoint_navigation_pkg' with build type 'ament_python'
[0.932s] Level 1:colcon.colcon_core.shell:create_environment_hook('waypoint_navigation_pkg', 'ament_prefix_path')
[0.933s] INFO:colcon.colcon_core.shell:Creating environment hook '/root/Projeto_Final/install/waypoint_navigation_pkg/share/waypoint_navigation_pkg/hook/ament_prefix_path.ps1'
[0.934s] INFO:colcon.colcon_core.shell:Creating environment descriptor '/root/Projeto_Final/install/waypoint_navigation_pkg/share/waypoint_navigation_pkg/hook/ament_prefix_path.dsv'
[0.935s] INFO:colcon.colcon_core.shell:Creating environment hook '/root/Projeto_Final/install/waypoint_navigation_pkg/share/waypoint_navigation_pkg/hook/ament_prefix_path.sh'
[0.936s] INFO:colcon.colcon_core.shell:Skip shell extension 'powershell' for command environment: Not usable outside of PowerShell
[0.936s] DEBUG:colcon.colcon_core.shell:Skip shell extension 'dsv' for command environment
[0.944s] Level 1:colcon.colcon_core.environment:create_environment_scripts_only(robot_description)
[0.945s] Level 1:colcon.colcon_core.environment:checking '/root/Projeto_Final/install/robot_description' for CMake module files
[0.947s] DEBUG:colcon.colcon_core.event_handler.log_command:Invoked command in '/root/Projeto_Final/build/robot_description' returned '0': CMAKE_PREFIX_PATH=${CMAKE_PREFIX_PATH}:/root/Projeto_Final/install/waypoint_navigation_pkg:/root/Projeto_Final/install/rm_navigation:/opt/ros/foxy /usr/bin/cmake --install /root/Projeto_Final/build/robot_description
[0.947s] Level 1:colcon.colcon_core.environment:checking '/root/Projeto_Final/install/robot_description' for CMake config files
[0.948s] Level 1:colcon.colcon_core.shell:create_environment_hook('robot_description', 'cmake_prefix_path')
[0.948s] INFO:colcon.colcon_core.shell:Creating environment hook '/root/Projeto_Final/install/robot_description/share/robot_description/hook/cmake_prefix_path.ps1'
[0.949s] INFO:colcon.colcon_core.shell:Creating environment descriptor '/root/Projeto_Final/install/robot_description/share/robot_description/hook/cmake_prefix_path.dsv'
[0.950s] INFO:colcon.colcon_core.shell:Creating environment hook '/root/Projeto_Final/install/robot_description/share/robot_description/hook/cmake_prefix_path.sh'
[0.951s] Level 1:colcon.colcon_core.environment:checking '/root/Projeto_Final/install/robot_description/bin'
[0.951s] Level 1:colcon.colcon_core.environment:checking '/root/Projeto_Final/install/robot_description/lib/pkgconfig/robot_description.pc'
[0.951s] Level 1:colcon.colcon_core.environment:checking '/root/Projeto_Final/install/robot_description/lib/python3.8/site-packages'
[0.952s] Level 1:colcon.colcon_core.environment:checking '/root/Projeto_Final/install/robot_description/bin'
[0.952s] INFO:colcon.colcon_core.shell:Creating package script '/root/Projeto_Final/install/robot_description/share/robot_description/package.ps1'
[0.953s] INFO:colcon.colcon_core.shell:Creating package descriptor '/root/Projeto_Final/install/robot_description/share/robot_description/package.dsv'
[0.954s] INFO:colcon.colcon_core.shell:Creating package script '/root/Projeto_Final/install/robot_description/share/robot_description/package.sh'
[0.954s] INFO:colcon.colcon_core.shell:Creating package script '/root/Projeto_Final/install/robot_description/share/robot_description/package.bash'
[0.955s] INFO:colcon.colcon_core.shell:Creating package script '/root/Projeto_Final/install/robot_description/share/robot_description/package.zsh'
[0.955s] Level 1:colcon.colcon_core.environment:create_file_with_runtime_dependencies(/root/Projeto_Final/install/robot_description/share/colcon-core/packages/robot_description)
[0.956s] Level 1:colcon.colcon_core.environment:create_environment_scripts_only(robot_description)
[0.957s] Level 1:colcon.colcon_core.environment:checking '/root/Projeto_Final/install/robot_description' for CMake module files
[0.957s] Level 1:colcon.colcon_core.environment:checking '/root/Projeto_Final/install/robot_description' for CMake config files
[0.958s] Level 1:colcon.colcon_core.shell:create_environment_hook('robot_description', 'cmake_prefix_path')
[0.958s] INFO:colcon.colcon_core.shell:Creating environment hook '/root/Projeto_Final/install/robot_description/share/robot_description/hook/cmake_prefix_path.ps1'
[0.960s] INFO:colcon.colcon_core.shell:Creating environment descriptor '/root/Projeto_Final/install/robot_description/share/robot_description/hook/cmake_prefix_path.dsv'
[0.961s] INFO:colcon.colcon_core.shell:Creating environment hook '/root/Projeto_Final/install/robot_description/share/robot_description/hook/cmake_prefix_path.sh'
[0.962s] Level 1:colcon.colcon_core.environment:checking '/root/Projeto_Final/install/robot_description/bin'
[0.963s] Level 1:colcon.colcon_core.environment:checking '/root/Projeto_Final/install/robot_description/lib/pkgconfig/robot_description.pc'
[0.963s] Level 1:colcon.colcon_core.environment:checking '/root/Projeto_Final/install/robot_description/lib/python3.8/site-packages'
[0.963s] Level 1:colcon.colcon_core.environment:checking '/root/Projeto_Final/install/robot_description/bin'
[0.964s] INFO:colcon.colcon_core.shell:Creating package script '/root/Projeto_Final/install/robot_description/share/robot_description/package.ps1'
[0.965s] INFO:colcon.colcon_core.shell:Creating package descriptor '/root/Projeto_Final/install/robot_description/share/robot_description/package.dsv'
[0.965s] INFO:colcon.colcon_core.shell:Creating package script '/root/Projeto_Final/install/robot_description/share/robot_description/package.sh'
[0.966s] INFO:colcon.colcon_core.shell:Creating package script '/root/Projeto_Final/install/robot_description/share/robot_description/package.bash'
[0.967s] INFO:colcon.colcon_core.shell:Creating package script '/root/Projeto_Final/install/robot_description/share/robot_description/package.zsh'
[0.968s] Level 1:colcon.colcon_core.environment:create_file_with_runtime_dependencies(/root/Projeto_Final/install/robot_description/share/colcon-core/packages/robot_description)
[1.508s] DEBUG:colcon.colcon_parallel_executor.executor.parallel:closing loop
[1.508s] DEBUG:colcon.colcon_parallel_executor.executor.parallel:loop closed
[1.509s] DEBUG:colcon.colcon_parallel_executor.executor.parallel:run_until_complete finished with 'Command '['/usr/bin/python3', '-c', 'import sys;from contextlib import suppress;exec("with suppress(ImportError):    from setuptools.extern.packaging.specifiers    import SpecifierSet");exec("with suppress(ImportError):    from packaging.specifiers import SpecifierSet");from distutils.core import run_setup;dist = run_setup(    \'setup.py\', script_args=(\'--dry-run\',), stop_after=\'config\');skip_keys = (\'cmdclass\', \'distclass\', \'ext_modules\', \'metadata\');data = {    key: value for key, value in dist.__dict__.items()     if (        not key.startswith(\'_\') and         not callable(value) and         key not in skip_keys and         key not in dist.display_option_names    )};data[\'metadata\'] = {    k: v for k, v in dist.metadata.__dict__.items()     if k not in (\'license_files\', \'provides_extras\')};sys.stdout.buffer.write(repr(data).encode(\'utf-8\'))']' returned non-zero exit status 1.'
[1.509s] DEBUG:colcon.colcon_core.event_reactor:joining thread
[1.548s] INFO:colcon.colcon_core.plugin_system:Skipping extension 'colcon_notification.desktop_notification.notify_send': Could not find 'notify-send'
[1.548s] INFO:colcon.colcon_core.plugin_system:Skipping extension 'colcon_notification.desktop_notification.terminal_notifier': Not used on non-Darwin systems
[1.549s] INFO:colcon.colcon_core.plugin_system:Skipping extension 'colcon_notification.desktop_notification.win32': Not used on non-Windows systems
[1.549s] INFO:colcon.colcon_notification.desktop_notification:Sending desktop notification using 'notify2'
[1.550s] DEBUG:colcon.colcon_notification.desktop_notification.notify2:Failed to initialize notify2: org.freedesktop.DBus.Error.ServiceUnknown: The name org.freedesktop.Notifications was not provided by any .service files
[1.550s] DEBUG:colcon.colcon_core.event_reactor:joined thread
[1.551s] INFO:colcon.colcon_core.shell:Creating prefix script '/root/Projeto_Final/install/local_setup.ps1'
[1.552s] INFO:colcon.colcon_core.shell:Creating prefix util module '/root/Projeto_Final/install/_local_setup_util_ps1.py'
[1.553s] INFO:colcon.colcon_core.shell:Creating prefix chain script '/root/Projeto_Final/install/setup.ps1'
[1.554s] INFO:colcon.colcon_core.shell:Creating prefix script '/root/Projeto_Final/install/local_setup.sh'
[1.555s] INFO:colcon.colcon_core.shell:Creating prefix util module '/root/Projeto_Final/install/_local_setup_util_sh.py'
[1.555s] INFO:colcon.colcon_core.shell:Creating prefix chain script '/root/Projeto_Final/install/setup.sh'
[1.556s] INFO:colcon.colcon_core.shell:Creating prefix script '/root/Projeto_Final/install/local_setup.bash'
[1.557s] INFO:colcon.colcon_core.shell:Creating prefix chain script '/root/Projeto_Final/install/setup.bash'
[1.558s] INFO:colcon.colcon_core.shell:Creating prefix script '/root/Projeto_Final/install/local_setup.zsh'
[1.558s] INFO:colcon.colcon_core.shell:Creating prefix chain script '/root/Projeto_Final/install/setup.zsh'
