[0.872s] Invoking command in '/root/Projeto_Final/src/rm_navigation': PYTHONPATH=/root/Projeto_Final/build/rm_navigation/prefix_override:/usr/lib/python3/dist-packages/colcon_core/task/python/colcon_distutils_commands:/root/Projeto_Final/install/rm_navigation/lib/python3.8/site-packages:${PYTHONPATH} /usr/bin/python3 -W ignore:setup.py install is deprecated -W ignore:easy_install command is deprecated setup.py egg_info --egg-base ../../build/rm_navigation build --build-base /root/Projeto_Final/build/rm_navigation/build install --record /root/Projeto_Final/build/rm_navigation/install.log --install-scripts $base/lib/rm_navigation --single-version-externally-managed install_data
[1.107s] running egg_info
[1.107s] writing ../../build/rm_navigation/rm_navigation.egg-info/PKG-INFO
[1.108s] writing dependency_links to ../../build/rm_navigation/rm_navigation.egg-info/dependency_links.txt
[1.108s] writing entry points to ../../build/rm_navigation/rm_navigation.egg-info/entry_points.txt
[1.108s] writing requirements to ../../build/rm_navigation/rm_navigation.egg-info/requires.txt
[1.108s] writing top-level names to ../../build/rm_navigation/rm_navigation.egg-info/top_level.txt
[1.149s] reading manifest file '../../build/rm_navigation/rm_navigation.egg-info/SOURCES.txt'
[1.151s] writing manifest file '../../build/rm_navigation/rm_navigation.egg-info/SOURCES.txt'
[1.151s] running build
[1.151s] running build_py
[1.152s] running install
[1.153s] running install_lib
[1.155s] running install_data
[1.155s] copying launch/nav2.launch.py -> /root/Projeto_Final/install/rm_navigation/share/rm_navigation/launch
[1.155s] running install_egg_info
[1.158s] removing '/root/Projeto_Final/install/rm_navigation/lib/python3.8/site-packages/rm_navigation-0.0.0-py3.8.egg-info' (and everything under it)
[1.159s] Copying ../../build/rm_navigation/rm_navigation.egg-info to /root/Projeto_Final/install/rm_navigation/lib/python3.8/site-packages/rm_navigation-0.0.0-py3.8.egg-info
[1.160s] running install_scripts
[1.185s] writing list of installed files to '/root/Projeto_Final/build/rm_navigation/install.log'
[1.230s] Invoked command in '/root/Projeto_Final/src/rm_navigation' returned '0': PYTHONPATH=/root/Projeto_Final/build/rm_navigation/prefix_override:/usr/lib/python3/dist-packages/colcon_core/task/python/colcon_distutils_commands:/root/Projeto_Final/install/rm_navigation/lib/python3.8/site-packages:${PYTHONPATH} /usr/bin/python3 -W ignore:setup.py install is deprecated -W ignore:easy_install command is deprecated setup.py egg_info --egg-base ../../build/rm_navigation build --build-base /root/Projeto_Final/build/rm_navigation/build install --record /root/Projeto_Final/build/rm_navigation/install.log --install-scripts $base/lib/rm_navigation --single-version-externally-managed install_data
